{"/Users/fasihuddinahmer/Projects/AMAIOP/src/api/middleware/auditLog.js": {"path":"/Users/fasihuddinahmer/Projects/AMAIOP/src/api/middleware/auditLog.js","statementMap":{"0":{"start":{"line":4,"column":15},"end":{"line":4,"column":36}},"1":{"start":{"line":28,"column":23},"end":{"line":28,"column":31}},"2":{"start":{"line":31,"column":2},"end":{"line":52,"column":4}},"3":{"start":{"line":33,"column":23},"end":{"line":33,"column":27}},"4":{"start":{"line":34,"column":4},"end":{"line":40,"column":5}},"5":{"start":{"line":35,"column":6},"end":{"line":39,"column":7}},"6":{"start":{"line":36,"column":8},"end":{"line":36,"column":40}},"7":{"start":{"line":43,"column":28},"end":{"line":43,"column":74}},"8":{"start":{"line":44,"column":4},"end":{"line":48,"column":5}},"9":{"start":{"line":45,"column":6},"end":{"line":47,"column":9}},"10":{"start":{"line":46,"column":8},"end":{"line":46,"column":61}},"11":{"start":{"line":51,"column":4},"end":{"line":51,"column":34}},"12":{"start":{"line":54,"column":2},"end":{"line":54,"column":9}},"13":{"start":{"line":65,"column":2},"end":{"line":96,"column":3}},"14":{"start":{"line":67,"column":22},"end":{"line":67,"column":57}},"15":{"start":{"line":68,"column":21},"end":{"line":68,"column":46}},"16":{"start":{"line":70,"column":6},"end":{"line":70,"column":81}},"17":{"start":{"line":73,"column":19},"end":{"line":73,"column":61}},"18":{"start":{"line":76,"column":4},"end":{"line":88,"column":7}},"19":{"start":{"line":90,"column":4},"end":{"line":92,"column":6}},"20":{"start":{"line":94,"column":4},"end":{"line":94,"column":57}},"21":{"start":{"line":107,"column":20},"end":{"line":111,"column":3}},"22":{"start":{"line":113,"column":2},"end":{"line":113,"column":39}},"23":{"start":{"line":130,"column":62},"end":{"line":130,"column":69}},"24":{"start":{"line":132,"column":16},"end":{"line":132,"column":25}},"25":{"start":{"line":133,"column":2},"end":{"line":133,"column":36}},"26":{"start":{"line":133,"column":14},"end":{"line":133,"column":36}},"27":{"start":{"line":134,"column":2},"end":{"line":134,"column":36}},"28":{"start":{"line":134,"column":14},"end":{"line":134,"column":36}},"29":{"start":{"line":135,"column":2},"end":{"line":139,"column":3}},"30":{"start":{"line":136,"column":4},"end":{"line":136,"column":25}},"31":{"start":{"line":137,"column":4},"end":{"line":137,"column":51}},"32":{"start":{"line":137,"column":19},"end":{"line":137,"column":51}},"33":{"start":{"line":138,"column":4},"end":{"line":138,"column":47}},"34":{"start":{"line":138,"column":17},"end":{"line":138,"column":47}},"35":{"start":{"line":141,"column":2},"end":{"line":146,"column":5}},"36":{"start":{"line":159,"column":15},"end":{"line":159,"column":78}},"37":{"start":{"line":161,"column":2},"end":{"line":169,"column":4}},"38":{"start":{"line":176,"column":2},"end":{"line":181,"column":9}},"39":{"start":{"line":177,"column":18},"end":{"line":177,"column":27}},"40":{"start":{"line":178,"column":4},"end":{"line":178,"column":36}},"41":{"start":{"line":178,"column":21},"end":{"line":178,"column":36}},"42":{"start":{"line":179,"column":4},"end":{"line":179,"column":17}},"43":{"start":{"line":180,"column":4},"end":{"line":180,"column":15}}},"fnMap":{"0":{"name":"auditLogMiddleware","decl":{"start":{"line":26,"column":16},"end":{"line":26,"column":34}},"loc":{"start":{"line":26,"column":51},"end":{"line":55,"column":1}},"line":26},"1":{"name":"(anonymous_1)","decl":{"start":{"line":31,"column":13},"end":{"line":31,"column":14}},"loc":{"start":{"line":31,"column":29},"end":{"line":52,"column":3}},"line":31},"2":{"name":"(anonymous_2)","decl":{"start":{"line":45,"column":46},"end":{"line":45,"column":47}},"loc":{"start":{"line":45,"column":55},"end":{"line":47,"column":7}},"line":45},"3":{"name":"logAction","decl":{"start":{"line":64,"column":15},"end":{"line":64,"column":24}},"loc":{"start":{"line":64,"column":49},"end":{"line":97,"column":1}},"line":64},"4":{"name":"getActionDescription","decl":{"start":{"line":106,"column":9},"end":{"line":106,"column":29}},"loc":{"start":{"line":106,"column":48},"end":{"line":114,"column":1}},"line":106},"5":{"name":"getAuditLogs","decl":{"start":{"line":129,"column":22},"end":{"line":129,"column":34}},"loc":{"start":{"line":129,"column":56},"end":{"line":147,"column":1}},"line":129},"6":{"name":"generateAuditReport","decl":{"start":{"line":158,"column":22},"end":{"line":158,"column":41}},"loc":{"start":{"line":158,"column":69},"end":{"line":170,"column":1}},"line":158},"7":{"name":"groupBy","decl":{"start":{"line":175,"column":9},"end":{"line":175,"column":16}},"loc":{"start":{"line":175,"column":27},"end":{"line":182,"column":1}},"line":175},"8":{"name":"(anonymous_8)","decl":{"start":{"line":176,"column":20},"end":{"line":176,"column":21}},"loc":{"start":{"line":176,"column":35},"end":{"line":181,"column":3}},"line":176}},"branchMap":{"0":{"loc":{"start":{"line":34,"column":4},"end":{"line":40,"column":5}},"type":"if","locations":[{"start":{"line":34,"column":4},"end":{"line":40,"column":5}},{"start":{},"end":{}}],"line":34},"1":{"loc":{"start":{"line":44,"column":4},"end":{"line":48,"column":5}},"type":"if","locations":[{"start":{"line":44,"column":4},"end":{"line":48,"column":5}},{"start":{},"end":{}}],"line":44},"2":{"loc":{"start":{"line":44,"column":8},"end":{"line":44,"column":61}},"type":"binary-expr","locations":[{"start":{"line":44,"column":8},"end":{"line":44,"column":23}},{"start":{"line":44,"column":27},"end":{"line":44,"column":37}},{"start":{"line":44,"column":41},"end":{"line":44,"column":61}}],"line":44},"3":{"loc":{"start":{"line":68,"column":21},"end":{"line":68,"column":46}},"type":"binary-expr","locations":[{"start":{"line":68,"column":21},"end":{"line":68,"column":33}},{"start":{"line":68,"column":37},"end":{"line":68,"column":46}}],"line":68},"4":{"loc":{"start":{"line":70,"column":6},"end":{"line":70,"column":81}},"type":"binary-expr","locations":[{"start":{"line":70,"column":6},"end":{"line":70,"column":18}},{"start":{"line":70,"column":22},"end":{"line":70,"column":36}},{"start":{"line":70,"column":40},"end":{"line":70,"column":53}},{"start":{"line":70,"column":57},"end":{"line":70,"column":73}},{"start":{"line":70,"column":77},"end":{"line":70,"column":81}}],"line":70},"5":{"loc":{"start":{"line":83,"column":19},"end":{"line":83,"column":57}},"type":"binary-expr","locations":[{"start":{"line":83,"column":19},"end":{"line":83,"column":25}},{"start":{"line":83,"column":29},"end":{"line":83,"column":57}}],"line":83},"6":{"loc":{"start":{"line":91,"column":46},"end":{"line":91,"column":80}},"type":"cond-expr","locations":[{"start":{"line":91,"column":59},"end":{"line":91,"column":75}},{"start":{"line":91,"column":78},"end":{"line":91,"column":80}}],"line":91},"7":{"loc":{"start":{"line":113,"column":9},"end":{"line":113,"column":38}},"type":"binary-expr","locations":[{"start":{"line":113,"column":9},"end":{"line":113,"column":26}},{"start":{"line":113,"column":30},"end":{"line":113,"column":38}}],"line":113},"8":{"loc":{"start":{"line":129,"column":42},"end":{"line":129,"column":54}},"type":"default-arg","locations":[{"start":{"line":129,"column":52},"end":{"line":129,"column":54}}],"line":129},"9":{"loc":{"start":{"line":130,"column":46},"end":{"line":130,"column":57}},"type":"default-arg","locations":[{"start":{"line":130,"column":54},"end":{"line":130,"column":57}}],"line":130},"10":{"loc":{"start":{"line":133,"column":2},"end":{"line":133,"column":36}},"type":"if","locations":[{"start":{"line":133,"column":2},"end":{"line":133,"column":36}},{"start":{},"end":{}}],"line":133},"11":{"loc":{"start":{"line":134,"column":2},"end":{"line":134,"column":36}},"type":"if","locations":[{"start":{"line":134,"column":2},"end":{"line":134,"column":36}},{"start":{},"end":{}}],"line":134},"12":{"loc":{"start":{"line":135,"column":2},"end":{"line":139,"column":3}},"type":"if","locations":[{"start":{"line":135,"column":2},"end":{"line":139,"column":3}},{"start":{},"end":{}}],"line":135},"13":{"loc":{"start":{"line":135,"column":6},"end":{"line":135,"column":26}},"type":"binary-expr","locations":[{"start":{"line":135,"column":6},"end":{"line":135,"column":15}},{"start":{"line":135,"column":19},"end":{"line":135,"column":26}}],"line":135},"14":{"loc":{"start":{"line":137,"column":4},"end":{"line":137,"column":51}},"type":"if","locations":[{"start":{"line":137,"column":4},"end":{"line":137,"column":51}},{"start":{},"end":{}}],"line":137},"15":{"loc":{"start":{"line":138,"column":4},"end":{"line":138,"column":47}},"type":"if","locations":[{"start":{"line":138,"column":4},"end":{"line":138,"column":47}},{"start":{},"end":{}}],"line":138},"16":{"loc":{"start":{"line":178,"column":4},"end":{"line":178,"column":36}},"type":"if","locations":[{"start":{"line":178,"column":4},"end":{"line":178,"column":36}},{"start":{},"end":{}}],"line":178}},"s":{"0":0,"1":0,"2":0,"3":0,"4":0,"5":0,"6":0,"7":0,"8":0,"9":0,"10":0,"11":0,"12":0,"13":0,"14":0,"15":0,"16":0,"17":0,"18":0,"19":0,"20":0,"21":0,"22":0,"23":0,"24":0,"25":0,"26":0,"27":0,"28":0,"29":0,"30":0,"31":0,"32":0,"33":0,"34":0,"35":0,"36":0,"37":0,"38":0,"39":0,"40":0,"41":0,"42":0,"43":0},"f":{"0":0,"1":0,"2":0,"3":0,"4":0,"5":0,"6":0,"7":0,"8":0},"b":{"0":[0,0],"1":[0,0],"2":[0,0,0],"3":[0,0],"4":[0,0,0,0,0],"5":[0,0],"6":[0,0],"7":[0,0],"8":[0],"9":[0],"10":[0,0],"11":[0,0],"12":[0,0],"13":[0,0],"14":[0,0],"15":[0,0],"16":[0,0]}}
,"/Users/fasihuddinahmer/Projects/AMAIOP/src/api/middleware/rateLimiter.js": {"path":"/Users/fasihuddinahmer/Projects/AMAIOP/src/api/middleware/rateLimiter.js","statementMap":{"0":{"start":{"line":13,"column":15},"end":{"line":13,"column":41}},"1":{"start":{"line":16,"column":2},"end":{"line":16,"column":67}},"2":{"start":{"line":21,"column":27},"end":{"line":31,"column":2}},"3":{"start":{"line":28,"column":4},"end":{"line":28,"column":38}},"4":{"start":{"line":29,"column":4},"end":{"line":29,"column":57}},"5":{"start":{"line":35,"column":29},"end":{"line":45,"column":2}},"6":{"start":{"line":42,"column":4},"end":{"line":42,"column":38}},"7":{"start":{"line":43,"column":4},"end":{"line":43,"column":57}},"8":{"start":{"line":49,"column":26},"end":{"line":60,"column":2}},"9":{"start":{"line":56,"column":4},"end":{"line":56,"column":38}},"10":{"start":{"line":57,"column":4},"end":{"line":57,"column":57}},"11":{"start":{"line":59,"column":17},"end":{"line":59,"column":48}}},"fnMap":{"0":{"name":"onLimitReached","decl":{"start":{"line":15,"column":9},"end":{"line":15,"column":23}},"loc":{"start":{"line":15,"column":43},"end":{"line":17,"column":1}},"line":15},"1":{"name":"(anonymous_1)","decl":{"start":{"line":27,"column":2},"end":{"line":27,"column":3}},"loc":{"start":{"line":27,"column":35},"end":{"line":30,"column":3}},"line":27},"2":{"name":"(anonymous_2)","decl":{"start":{"line":41,"column":2},"end":{"line":41,"column":3}},"loc":{"start":{"line":41,"column":35},"end":{"line":44,"column":3}},"line":41},"3":{"name":"(anonymous_3)","decl":{"start":{"line":55,"column":2},"end":{"line":55,"column":3}},"loc":{"start":{"line":55,"column":35},"end":{"line":58,"column":3}},"line":55},"4":{"name":"(anonymous_4)","decl":{"start":{"line":59,"column":8},"end":{"line":59,"column":9}},"loc":{"start":{"line":59,"column":17},"end":{"line":59,"column":48}},"line":59}},"branchMap":{},"s":{"0":0,"1":0,"2":0,"3":0,"4":0,"5":0,"6":0,"7":0,"8":0,"9":0,"10":0,"11":0},"f":{"0":0,"1":0,"2":0,"3":0,"4":0},"b":{}}
,"/Users/fasihuddinahmer/Projects/AMAIOP/src/api/middleware/requireActiveSubscription.js": {"path":"/Users/fasihuddinahmer/Projects/AMAIOP/src/api/middleware/requireActiveSubscription.js","statementMap":{"0":{"start":{"line":11,"column":20},"end":{"line":11,"column":30}},"1":{"start":{"line":13,"column":14},"end":{"line":16,"column":4}},"2":{"start":{"line":18,"column":2},"end":{"line":23,"column":3}},"3":{"start":{"line":19,"column":4},"end":{"line":22,"column":7}},"4":{"start":{"line":25,"column":2},"end":{"line":25,"column":9}}},"fnMap":{"0":{"name":"requireActiveSubscription","decl":{"start":{"line":10,"column":22},"end":{"line":10,"column":47}},"loc":{"start":{"line":10,"column":64},"end":{"line":26,"column":1}},"line":10}},"branchMap":{"0":{"loc":{"start":{"line":18,"column":2},"end":{"line":23,"column":3}},"type":"if","locations":[{"start":{"line":18,"column":2},"end":{"line":23,"column":3}},{"start":{},"end":{}}],"line":18},"1":{"loc":{"start":{"line":18,"column":6},"end":{"line":18,"column":68}},"type":"binary-expr","locations":[{"start":{"line":18,"column":6},"end":{"line":18,"column":10}},{"start":{"line":18,"column":14},"end":{"line":18,"column":40}},{"start":{"line":18,"column":44},"end":{"line":18,"column":68}}],"line":18}},"s":{"0":0,"1":0,"2":0,"3":0,"4":0},"f":{"0":0},"b":{"0":[0,0],"1":[0,0,0]}}
,"/Users/fasihuddinahmer/Projects/AMAIOP/src/api/middleware/requireAuth.js": {"path":"/Users/fasihuddinahmer/Projects/AMAIOP/src/api/middleware/requireAuth.js","statementMap":{"0":{"start":{"line":5,"column":15},"end":{"line":5,"column":35}},"1":{"start":{"line":7,"column":19},"end":{"line":16,"column":4}},"2":{"start":{"line":8,"column":17},"end":{"line":8,"column":43}},"3":{"start":{"line":9,"column":2},"end":{"line":14,"column":3}},"4":{"start":{"line":10,"column":4},"end":{"line":13,"column":6}},"5":{"start":{"line":15,"column":2},"end":{"line":15,"column":16}},"6":{"start":{"line":18,"column":20},"end":{"line":18,"column":31}},"7":{"start":{"line":32,"column":16},"end":{"line":32,"column":42}},"8":{"start":{"line":33,"column":2},"end":{"line":35,"column":3}},"9":{"start":{"line":34,"column":4},"end":{"line":34,"column":59}},"10":{"start":{"line":37,"column":2},"end":{"line":71,"column":3}},"11":{"start":{"line":39,"column":20},"end":{"line":39,"column":49}},"12":{"start":{"line":42,"column":17},"end":{"line":44,"column":6}},"13":{"start":{"line":46,"column":4},"end":{"line":49,"column":5}},"14":{"start":{"line":47,"column":6},"end":{"line":47,"column":76}},"15":{"start":{"line":48,"column":6},"end":{"line":48,"column":86}},"16":{"start":{"line":52,"column":4},"end":{"line":58,"column":6}},"17":{"start":{"line":60,"column":4},"end":{"line":60,"column":11}},"18":{"start":{"line":62,"column":4},"end":{"line":64,"column":5}},"19":{"start":{"line":63,"column":6},"end":{"line":63,"column":86}},"20":{"start":{"line":65,"column":4},"end":{"line":68,"column":5}},"21":{"start":{"line":66,"column":6},"end":{"line":66,"column":55}},"22":{"start":{"line":67,"column":6},"end":{"line":67,"column":61}},"23":{"start":{"line":69,"column":4},"end":{"line":69,"column":58}},"24":{"start":{"line":70,"column":4},"end":{"line":70,"column":60}}},"fnMap":{"0":{"name":"(anonymous_0)","decl":{"start":{"line":7,"column":20},"end":{"line":7,"column":21}},"loc":{"start":{"line":7,"column":26},"end":{"line":16,"column":1}},"line":7},"1":{"name":"requireAuth","decl":{"start":{"line":31,"column":22},"end":{"line":31,"column":33}},"loc":{"start":{"line":31,"column":50},"end":{"line":72,"column":1}},"line":31}},"branchMap":{"0":{"loc":{"start":{"line":9,"column":2},"end":{"line":14,"column":3}},"type":"if","locations":[{"start":{"line":9,"column":2},"end":{"line":14,"column":3}},{"start":{},"end":{}}],"line":9},"1":{"loc":{"start":{"line":33,"column":2},"end":{"line":35,"column":3}},"type":"if","locations":[{"start":{"line":33,"column":2},"end":{"line":35,"column":3}},{"start":{},"end":{}}],"line":33},"2":{"loc":{"start":{"line":46,"column":4},"end":{"line":49,"column":5}},"type":"if","locations":[{"start":{"line":46,"column":4},"end":{"line":49,"column":5}},{"start":{},"end":{}}],"line":46},"3":{"loc":{"start":{"line":57,"column":19},"end":{"line":57,"column":46}},"type":"binary-expr","locations":[{"start":{"line":57,"column":19},"end":{"line":57,"column":38}},{"start":{"line":57,"column":42},"end":{"line":57,"column":46}}],"line":57},"4":{"loc":{"start":{"line":62,"column":4},"end":{"line":64,"column":5}},"type":"if","locations":[{"start":{"line":62,"column":4},"end":{"line":64,"column":5}},{"start":{},"end":{}}],"line":62},"5":{"loc":{"start":{"line":65,"column":4},"end":{"line":68,"column":5}},"type":"if","locations":[{"start":{"line":65,"column":4},"end":{"line":68,"column":5}},{"start":{},"end":{}}],"line":65}},"s":{"0":2,"1":2,"2":2,"3":2,"4":0,"5":2,"6":2,"7":17,"8":17,"9":5,"10":12,"11":12,"12":5,"13":5,"14":1,"15":1,"16":4,"17":4,"18":7,"19":1,"20":6,"21":6,"22":6,"23":0,"24":0},"f":{"0":2,"1":17},"b":{"0":[0,2],"1":[5,12],"2":[1,4],"3":[4,4],"4":[1,6],"5":[6,0]},"_coverageSchema":"1a1c01bbd47fc00a2c39e90264f33305004495a9","hash":"069e763cb5f53934bf0475df19cb20cd27faec01"}
,"/Users/fasihuddinahmer/Projects/AMAIOP/src/api/middleware/requireRole.js": {"path":"/Users/fasihuddinahmer/Projects/AMAIOP/src/api/middleware/requireRole.js","statementMap":{"0":{"start":{"line":16,"column":20},"end":{"line":16,"column":54}},"1":{"start":{"line":22,"column":2},"end":{"line":24,"column":3}},"2":{"start":{"line":23,"column":4},"end":{"line":23,"column":93}},"3":{"start":{"line":26,"column":2},"end":{"line":40,"column":4}},"4":{"start":{"line":27,"column":21},"end":{"line":27,"column":37}},"5":{"start":{"line":29,"column":4},"end":{"line":31,"column":5}},"6":{"start":{"line":30,"column":6},"end":{"line":30,"column":83}},"7":{"start":{"line":33,"column":4},"end":{"line":37,"column":5}},"8":{"start":{"line":34,"column":6},"end":{"line":36,"column":9}},"9":{"start":{"line":39,"column":4},"end":{"line":39,"column":11}}},"fnMap":{"0":{"name":"requireRole","decl":{"start":{"line":21,"column":16},"end":{"line":21,"column":27}},"loc":{"start":{"line":21,"column":37},"end":{"line":41,"column":1}},"line":21},"1":{"name":"(anonymous_1)","decl":{"start":{"line":26,"column":9},"end":{"line":26,"column":10}},"loc":{"start":{"line":26,"column":29},"end":{"line":40,"column":3}},"line":26}},"branchMap":{"0":{"loc":{"start":{"line":22,"column":2},"end":{"line":24,"column":3}},"type":"if","locations":[{"start":{"line":22,"column":2},"end":{"line":24,"column":3}},{"start":{},"end":{}}],"line":22},"1":{"loc":{"start":{"line":29,"column":4},"end":{"line":31,"column":5}},"type":"if","locations":[{"start":{"line":29,"column":4},"end":{"line":31,"column":5}},{"start":{},"end":{}}],"line":29},"2":{"loc":{"start":{"line":33,"column":4},"end":{"line":37,"column":5}},"type":"if","locations":[{"start":{"line":33,"column":4},"end":{"line":37,"column":5}},{"start":{},"end":{}}],"line":33}},"s":{"0":2,"1":15,"2":3,"3":12,"4":12,"5":12,"6":2,"7":10,"8":4,"9":6},"f":{"0":15,"1":12},"b":{"0":[3,12],"1":[2,10],"2":[4,6]},"_coverageSchema":"1a1c01bbd47fc00a2c39e90264f33305004495a9","hash":"b43197bd5ac2ebc73575ab7527d0aa641eece7a5"}
,"/Users/fasihuddinahmer/Projects/AMAIOP/src/api/middleware/tenantFilter.js": {"path":"/Users/fasihuddinahmer/Projects/AMAIOP/src/api/middleware/tenantFilter.js","statementMap":{"0":{"start":{"line":3,"column":15},"end":{"line":3,"column":44}},"1":{"start":{"line":35,"column":2},"end":{"line":37,"column":3}},"2":{"start":{"line":36,"column":4},"end":{"line":36,"column":94}},"3":{"start":{"line":39,"column":2},"end":{"line":41,"column":4}},"4":{"start":{"line":53,"column":2},"end":{"line":55,"column":3}},"5":{"start":{"line":54,"column":4},"end":{"line":54,"column":42}},"6":{"start":{"line":57,"column":2},"end":{"line":62,"column":3}},"7":{"start":{"line":58,"column":4},"end":{"line":60,"column":6}},"8":{"start":{"line":61,"column":4},"end":{"line":61,"column":37}},"9":{"start":{"line":64,"column":2},"end":{"line":64,"column":14}},"10":{"start":{"line":80,"column":2},"end":{"line":83,"column":4}},"11":{"start":{"line":102,"column":2},"end":{"line":104,"column":3}},"12":{"start":{"line":103,"column":4},"end":{"line":103,"column":18}},"13":{"start":{"line":107,"column":2},"end":{"line":107,"column":49}},"14":{"start":{"line":107,"column":29},"end":{"line":107,"column":48}},"15":{"start":{"line":108,"column":2},"end":{"line":108,"column":81}},"16":{"start":{"line":108,"column":44},"end":{"line":108,"column":80}},"17":{"start":{"line":109,"column":2},"end":{"line":109,"column":79}},"18":{"start":{"line":109,"column":43},"end":{"line":109,"column":78}},"19":{"start":{"line":111,"column":2},"end":{"line":111,"column":9}}},"fnMap":{"0":{"name":"getTenantScope","decl":{"start":{"line":34,"column":16},"end":{"line":34,"column":30}},"loc":{"start":{"line":34,"column":36},"end":{"line":42,"column":1}},"line":34},"1":{"name":"validateTenantAccess","decl":{"start":{"line":52,"column":16},"end":{"line":52,"column":36}},"loc":{"start":{"line":52,"column":52},"end":{"line":65,"column":1}},"line":52},"2":{"name":"extendTenantFilter","decl":{"start":{"line":79,"column":16},"end":{"line":79,"column":34}},"loc":{"start":{"line":79,"column":58},"end":{"line":84,"column":1}},"line":79},"3":{"name":"tenantFilterMiddleware","decl":{"start":{"line":101,"column":16},"end":{"line":101,"column":38}},"loc":{"start":{"line":101,"column":55},"end":{"line":112,"column":1}},"line":101},"4":{"name":"(anonymous_4)","decl":{"start":{"line":107,"column":23},"end":{"line":107,"column":24}},"loc":{"start":{"line":107,"column":29},"end":{"line":107,"column":48}},"line":107},"5":{"name":"(anonymous_5)","decl":{"start":{"line":108,"column":27},"end":{"line":108,"column":28}},"loc":{"start":{"line":108,"column":44},"end":{"line":108,"column":80}},"line":108},"6":{"name":"(anonymous_6)","decl":{"start":{"line":109,"column":29},"end":{"line":109,"column":30}},"loc":{"start":{"line":109,"column":43},"end":{"line":109,"column":78}},"line":109}},"branchMap":{"0":{"loc":{"start":{"line":35,"column":2},"end":{"line":37,"column":3}},"type":"if","locations":[{"start":{"line":35,"column":2},"end":{"line":37,"column":3}},{"start":{},"end":{}}],"line":35},"1":{"loc":{"start":{"line":53,"column":2},"end":{"line":55,"column":3}},"type":"if","locations":[{"start":{"line":53,"column":2},"end":{"line":55,"column":3}},{"start":{},"end":{}}],"line":53},"2":{"loc":{"start":{"line":57,"column":2},"end":{"line":62,"column":3}},"type":"if","locations":[{"start":{"line":57,"column":2},"end":{"line":62,"column":3}},{"start":{},"end":{}}],"line":57},"3":{"loc":{"start":{"line":79,"column":35},"end":{"line":79,"column":51}},"type":"default-arg","locations":[{"start":{"line":79,"column":49},"end":{"line":79,"column":51}}],"line":79},"4":{"loc":{"start":{"line":102,"column":2},"end":{"line":104,"column":3}},"type":"if","locations":[{"start":{"line":102,"column":2},"end":{"line":104,"column":3}},{"start":{},"end":{}}],"line":102}},"s":{"0":0,"1":0,"2":0,"3":0,"4":0,"5":0,"6":0,"7":0,"8":0,"9":0,"10":0,"11":0,"12":0,"13":0,"14":0,"15":0,"16":0,"17":0,"18":0,"19":0},"f":{"0":0,"1":0,"2":0,"3":0,"4":0,"5":0,"6":0},"b":{"0":[0,0],"1":[0,0],"2":[0,0],"3":[0],"4":[0,0]}}
,"/Users/fasihuddinahmer/Projects/AMAIOP/src/api/middleware/withAmazonCredentials.js": {"path":"/Users/fasihuddinahmer/Projects/AMAIOP/src/api/middleware/withAmazonCredentials.js","statementMap":{"0":{"start":{"line":22,"column":15},"end":{"line":22,"column":39}},"1":{"start":{"line":25,"column":2},"end":{"line":69,"column":3}},"2":{"start":{"line":26,"column":18},"end":{"line":26,"column":35}},"3":{"start":{"line":27,"column":4},"end":{"line":27,"column":30}},"4":{"start":{"line":27,"column":16},"end":{"line":27,"column":30}},"5":{"start":{"line":29,"column":17},"end":{"line":29,"column":47}},"6":{"start":{"line":31,"column":4},"end":{"line":60,"column":5}},"7":{"start":{"line":35,"column":6},"end":{"line":42,"column":27}},"8":{"start":{"line":44,"column":6},"end":{"line":51,"column":9}},"9":{"start":{"line":53,"column":6},"end":{"line":53,"column":73}},"10":{"start":{"line":56,"column":6},"end":{"line":56,"column":39}},"11":{"start":{"line":57,"column":6},"end":{"line":57,"column":38}},"12":{"start":{"line":59,"column":6},"end":{"line":59,"column":79}},"13":{"start":{"line":62,"column":4},"end":{"line":62,"column":11}},"14":{"start":{"line":64,"column":4},"end":{"line":64,"column":64}},"15":{"start":{"line":66,"column":4},"end":{"line":66,"column":37}},"16":{"start":{"line":67,"column":4},"end":{"line":67,"column":36}},"17":{"start":{"line":68,"column":4},"end":{"line":68,"column":11}}},"fnMap":{"0":{"name":"withAmazonCredentials","decl":{"start":{"line":24,"column":22},"end":{"line":24,"column":43}},"loc":{"start":{"line":24,"column":60},"end":{"line":70,"column":1}},"line":24}},"branchMap":{"0":{"loc":{"start":{"line":27,"column":4},"end":{"line":27,"column":30}},"type":"if","locations":[{"start":{"line":27,"column":4},"end":{"line":27,"column":30}},{"start":{},"end":{}}],"line":27},"1":{"loc":{"start":{"line":31,"column":4},"end":{"line":60,"column":5}},"type":"if","locations":[{"start":{"line":31,"column":4},"end":{"line":60,"column":5}},{"start":{"line":54,"column":11},"end":{"line":60,"column":5}}],"line":31},"2":{"loc":{"start":{"line":35,"column":22},"end":{"line":42,"column":26}},"type":"cond-expr","locations":[{"start":{"line":36,"column":10},"end":{"line":41,"column":12}},{"start":{"line":42,"column":10},"end":{"line":42,"column":26}}],"line":35}},"s":{"0":0,"1":0,"2":0,"3":0,"4":0,"5":0,"6":0,"7":0,"8":0,"9":0,"10":0,"11":0,"12":0,"13":0,"14":0,"15":0,"16":0,"17":0},"f":{"0":0},"b":{"0":[0,0],"1":[0,0],"2":[0,0]}}
,"/Users/fasihuddinahmer/Projects/AMAIOP/src/api/middleware/withTenant.js": {"path":"/Users/fasihuddinahmer/Projects/AMAIOP/src/api/middleware/withTenant.js","statementMap":{"0":{"start":{"line":4,"column":15},"end":{"line":4,"column":37}},"1":{"start":{"line":28,"column":2},"end":{"line":82,"column":3}},"2":{"start":{"line":30,"column":16},"end":{"line":30,"column":77}},"3":{"start":{"line":33,"column":4},"end":{"line":46,"column":5}},"4":{"start":{"line":34,"column":30},"end":{"line":37,"column":8}},"5":{"start":{"line":39,"column":6},"end":{"line":45,"column":7}},"6":{"start":{"line":40,"column":8},"end":{"line":40,"column":38}},"7":{"start":{"line":42,"column":8},"end":{"line":44,"column":11}},"8":{"start":{"line":49,"column":23},"end":{"line":55,"column":6}},"9":{"start":{"line":57,"column":4},"end":{"line":64,"column":5}},"10":{"start":{"line":58,"column":6},"end":{"line":60,"column":8}},"11":{"start":{"line":61,"column":6},"end":{"line":63,"column":9}},"12":{"start":{"line":67,"column":4},"end":{"line":72,"column":6}},"13":{"start":{"line":74,"column":4},"end":{"line":76,"column":6}},"14":{"start":{"line":78,"column":4},"end":{"line":78,"column":11}},"15":{"start":{"line":80,"column":4},"end":{"line":80,"column":60}},"16":{"start":{"line":81,"column":4},"end":{"line":81,"column":66}}},"fnMap":{"0":{"name":"withTenant","decl":{"start":{"line":27,"column":22},"end":{"line":27,"column":32}},"loc":{"start":{"line":27,"column":49},"end":{"line":83,"column":1}},"line":27}},"branchMap":{"0":{"loc":{"start":{"line":30,"column":16},"end":{"line":30,"column":77}},"type":"binary-expr","locations":[{"start":{"line":30,"column":16},"end":{"line":30,"column":33}},{"start":{"line":30,"column":37},"end":{"line":30,"column":53}},{"start":{"line":30,"column":57},"end":{"line":30,"column":77}}],"line":30},"1":{"loc":{"start":{"line":33,"column":4},"end":{"line":46,"column":5}},"type":"if","locations":[{"start":{"line":33,"column":4},"end":{"line":46,"column":5}},{"start":{},"end":{}}],"line":33},"2":{"loc":{"start":{"line":39,"column":6},"end":{"line":45,"column":7}},"type":"if","locations":[{"start":{"line":39,"column":6},"end":{"line":45,"column":7}},{"start":{"line":41,"column":13},"end":{"line":45,"column":7}}],"line":39},"3":{"loc":{"start":{"line":57,"column":4},"end":{"line":64,"column":5}},"type":"if","locations":[{"start":{"line":57,"column":4},"end":{"line":64,"column":5}},{"start":{},"end":{}}],"line":57}},"s":{"0":1,"1":8,"2":8,"3":8,"4":2,"5":2,"6":1,"7":1,"8":7,"9":6,"10":1,"11":1,"12":5,"13":5,"14":5,"15":1,"16":1},"f":{"0":8},"b":{"0":[8,6,5],"1":[2,6],"2":[1,1],"3":[1,5]},"_coverageSchema":"1a1c01bbd47fc00a2c39e90264f33305004495a9","hash":"a241b938c325dee31586781198e5f1081c73488e"}
,"/Users/fasihuddinahmer/Projects/AMAIOP/src/api/routes/auth.js": {"path":"/Users/fasihuddinahmer/Projects/AMAIOP/src/api/routes/auth.js","statementMap":{"0":{"start":{"line":13,"column":15},"end":{"line":13,"column":31}},"1":{"start":{"line":14,"column":15},"end":{"line":14,"column":35}},"2":{"start":{"line":16,"column":19},"end":{"line":16,"column":45}},"3":{"start":{"line":17,"column":20},"end":{"line":17,"column":31}},"4":{"start":{"line":18,"column":20},"end":{"line":22,"column":1}},"5":{"start":{"line":25,"column":0},"end":{"line":28,"column":1}},"6":{"start":{"line":26,"column":2},"end":{"line":26,"column":66}},"7":{"start":{"line":27,"column":2},"end":{"line":27,"column":69}},"8":{"start":{"line":37,"column":0},"end":{"line":119,"column":3}},"9":{"start":{"line":38,"column":2},"end":{"line":118,"column":3}},"10":{"start":{"line":39,"column":63},"end":{"line":39,"column":71}},"11":{"start":{"line":42,"column":4},"end":{"line":44,"column":5}},"12":{"start":{"line":43,"column":6},"end":{"line":43,"column":80}},"13":{"start":{"line":46,"column":4},"end":{"line":48,"column":5}},"14":{"start":{"line":47,"column":6},"end":{"line":47,"column":87}},"15":{"start":{"line":51,"column":23},"end":{"line":51,"column":51}},"16":{"start":{"line":52,"column":4},"end":{"line":54,"column":5}},"17":{"start":{"line":53,"column":6},"end":{"line":53,"column":83}},"18":{"start":{"line":57,"column":25},"end":{"line":57,"column":75}},"19":{"start":{"line":58,"column":4},"end":{"line":60,"column":5}},"20":{"start":{"line":59,"column":6},"end":{"line":59,"column":73}},"21":{"start":{"line":63,"column":25},"end":{"line":63,"column":53}},"22":{"start":{"line":66,"column":17},"end":{"line":75,"column":6}},"23":{"start":{"line":77,"column":4},"end":{"line":77,"column":55}},"24":{"start":{"line":80,"column":24},"end":{"line":80,"column":55}},"25":{"start":{"line":81,"column":4},"end":{"line":87,"column":23}},"26":{"start":{"line":88,"column":4},"end":{"line":90,"column":6}},"27":{"start":{"line":89,"column":6},"end":{"line":89,"column":83}},"28":{"start":{"line":93,"column":18},"end":{"line":100,"column":5}},"29":{"start":{"line":103,"column":19},"end":{"line":103,"column":56}},"30":{"start":{"line":104,"column":4},"end":{"line":104,"column":71}},"31":{"start":{"line":106,"column":4},"end":{"line":114,"column":7}},"32":{"start":{"line":116,"column":4},"end":{"line":116,"column":47}},"33":{"start":{"line":117,"column":4},"end":{"line":117,"column":64}},"34":{"start":{"line":128,"column":0},"end":{"line":193,"column":3}},"35":{"start":{"line":129,"column":2},"end":{"line":192,"column":3}},"36":{"start":{"line":130,"column":32},"end":{"line":130,"column":40}},"37":{"start":{"line":133,"column":4},"end":{"line":135,"column":5}},"38":{"start":{"line":134,"column":6},"end":{"line":134,"column":80}},"39":{"start":{"line":138,"column":17},"end":{"line":138,"column":67}},"40":{"start":{"line":139,"column":4},"end":{"line":142,"column":5}},"41":{"start":{"line":140,"column":6},"end":{"line":140,"column":69}},"42":{"start":{"line":141,"column":6},"end":{"line":141,"column":74}},"43":{"start":{"line":145,"column":20},"end":{"line":145,"column":69}},"44":{"start":{"line":146,"column":4},"end":{"line":149,"column":5}},"45":{"start":{"line":147,"column":6},"end":{"line":147,"column":71}},"46":{"start":{"line":148,"column":6},"end":{"line":148,"column":74}},"47":{"start":{"line":152,"column":4},"end":{"line":155,"column":7}},"48":{"start":{"line":157,"column":4},"end":{"line":157,"column":57}},"49":{"start":{"line":160,"column":28},"end":{"line":163,"column":6}},"50":{"start":{"line":166,"column":18},"end":{"line":174,"column":5}},"51":{"start":{"line":177,"column":19},"end":{"line":177,"column":56}},"52":{"start":{"line":178,"column":4},"end":{"line":178,"column":71}},"53":{"start":{"line":180,"column":4},"end":{"line":188,"column":7}},"54":{"start":{"line":190,"column":4},"end":{"line":190,"column":46}},"55":{"start":{"line":191,"column":4},"end":{"line":191,"column":55}},"56":{"start":{"line":201,"column":0},"end":{"line":250,"column":3}},"57":{"start":{"line":202,"column":2},"end":{"line":249,"column":3}},"58":{"start":{"line":203,"column":17},"end":{"line":212,"column":6}},"59":{"start":{"line":214,"column":4},"end":{"line":216,"column":5}},"60":{"start":{"line":215,"column":6},"end":{"line":215,"column":63}},"61":{"start":{"line":219,"column":24},"end":{"line":219,"column":44}},"62":{"start":{"line":220,"column":29},"end":{"line":222,"column":26}},"63":{"start":{"line":221,"column":36},"end":{"line":221,"column":60}},"64":{"start":{"line":224,"column":4},"end":{"line":245,"column":7}},"65":{"start":{"line":233,"column":48},"end":{"line":238,"column":7}},"66":{"start":{"line":247,"column":4},"end":{"line":247,"column":49}},"67":{"start":{"line":248,"column":4},"end":{"line":248,"column":60}},"68":{"start":{"line":258,"column":0},"end":{"line":263,"column":3}},"69":{"start":{"line":259,"column":17},"end":{"line":259,"column":54}},"70":{"start":{"line":260,"column":2},"end":{"line":260,"column":67}},"71":{"start":{"line":261,"column":2},"end":{"line":261,"column":33}},"72":{"start":{"line":262,"column":2},"end":{"line":262,"column":25}},"73":{"start":{"line":271,"column":0},"end":{"line":300,"column":3}},"74":{"start":{"line":272,"column":20},"end":{"line":272,"column":28}},"75":{"start":{"line":273,"column":2},"end":{"line":273,"column":74}},"76":{"start":{"line":273,"column":14},"end":{"line":273,"column":74}},"77":{"start":{"line":275,"column":2},"end":{"line":299,"column":3}},"78":{"start":{"line":276,"column":23},"end":{"line":279,"column":6}},"79":{"start":{"line":281,"column":4},"end":{"line":283,"column":5}},"80":{"start":{"line":282,"column":6},"end":{"line":282,"column":90}},"81":{"start":{"line":285,"column":18},"end":{"line":289,"column":5}},"82":{"start":{"line":291,"column":19},"end":{"line":291,"column":56}},"83":{"start":{"line":292,"column":4},"end":{"line":292,"column":71}},"84":{"start":{"line":294,"column":4},"end":{"line":294,"column":68}},"85":{"start":{"line":295,"column":4},"end":{"line":295,"column":115}},"86":{"start":{"line":297,"column":4},"end":{"line":297,"column":53}},"87":{"start":{"line":298,"column":4},"end":{"line":298,"column":69}},"88":{"start":{"line":305,"column":0},"end":{"line":337,"column":3}},"89":{"start":{"line":306,"column":2},"end":{"line":336,"column":3}},"90":{"start":{"line":307,"column":17},"end":{"line":309,"column":6}},"91":{"start":{"line":311,"column":4},"end":{"line":313,"column":5}},"92":{"start":{"line":312,"column":6},"end":{"line":312,"column":63}},"93":{"start":{"line":316,"column":18},"end":{"line":324,"column":5}},"94":{"start":{"line":327,"column":19},"end":{"line":327,"column":56}},"95":{"start":{"line":328,"column":4},"end":{"line":328,"column":71}},"96":{"start":{"line":330,"column":4},"end":{"line":330,"column":56}},"97":{"start":{"line":332,"column":4},"end":{"line":332,"column":27}},"98":{"start":{"line":334,"column":4},"end":{"line":334,"column":54}},"99":{"start":{"line":335,"column":4},"end":{"line":335,"column":63}},"100":{"start":{"line":345,"column":0},"end":{"line":364,"column":3}},"101":{"start":{"line":346,"column":20},"end":{"line":346,"column":29}},"102":{"start":{"line":347,"column":2},"end":{"line":347,"column":74}},"103":{"start":{"line":347,"column":14},"end":{"line":347,"column":74}},"104":{"start":{"line":349,"column":17},"end":{"line":349,"column":85}},"105":{"start":{"line":351,"column":2},"end":{"line":351,"column":118}},"106":{"start":{"line":351,"column":38},"end":{"line":351,"column":118}},"107":{"start":{"line":352,"column":2},"end":{"line":352,"column":130}},"108":{"start":{"line":352,"column":38},"end":{"line":352,"column":130}},"109":{"start":{"line":354,"column":2},"end":{"line":360,"column":5}},"110":{"start":{"line":362,"column":2},"end":{"line":362,"column":58}},"111":{"start":{"line":363,"column":2},"end":{"line":363,"column":66}},"112":{"start":{"line":370,"column":0},"end":{"line":388,"column":3}},"113":{"start":{"line":371,"column":15},"end":{"line":371,"column":79}},"114":{"start":{"line":372,"column":2},"end":{"line":372,"column":83}},"115":{"start":{"line":372,"column":26},"end":{"line":372,"column":83}},"116":{"start":{"line":373,"column":2},"end":{"line":373,"column":95}},"117":{"start":{"line":373,"column":26},"end":{"line":373,"column":95}},"118":{"start":{"line":376,"column":2},"end":{"line":376,"column":81}},"119":{"start":{"line":378,"column":16},"end":{"line":378,"column":47}},"120":{"start":{"line":379,"column":2},"end":{"line":381,"column":5}},"121":{"start":{"line":383,"column":2},"end":{"line":385,"column":4}},"122":{"start":{"line":384,"column":4},"end":{"line":384,"column":71}},"123":{"start":{"line":387,"column":2},"end":{"line":387,"column":62}},"124":{"start":{"line":396,"column":0},"end":{"line":420,"column":3}},"125":{"start":{"line":397,"column":20},"end":{"line":397,"column":28}},"126":{"start":{"line":398,"column":2},"end":{"line":398,"column":74}},"127":{"start":{"line":398,"column":14},"end":{"line":398,"column":74}},"128":{"start":{"line":401,"column":2},"end":{"line":401,"column":94}},"129":{"start":{"line":404,"column":2},"end":{"line":419,"column":7}},"130":{"start":{"line":405,"column":17},"end":{"line":405,"column":67}},"131":{"start":{"line":406,"column":4},"end":{"line":406,"column":22}},"132":{"start":{"line":406,"column":15},"end":{"line":406,"column":22}},"133":{"start":{"line":409,"column":4},"end":{"line":409,"column":79}},"134":{"start":{"line":411,"column":18},"end":{"line":411,"column":49}},"135":{"start":{"line":412,"column":4},"end":{"line":414,"column":7}},"136":{"start":{"line":416,"column":4},"end":{"line":418,"column":6}},"137":{"start":{"line":417,"column":6},"end":{"line":417,"column":85}},"138":{"start":{"line":426,"column":0},"end":{"line":445,"column":3}},"139":{"start":{"line":427,"column":30},"end":{"line":427,"column":38}},"140":{"start":{"line":428,"column":2},"end":{"line":428,"column":101}},"141":{"start":{"line":428,"column":27},"end":{"line":428,"column":101}},"142":{"start":{"line":429,"column":2},"end":{"line":429,"column":109}},"143":{"start":{"line":429,"column":28},"end":{"line":429,"column":109}},"144":{"start":{"line":431,"column":17},"end":{"line":431,"column":81}},"145":{"start":{"line":433,"column":2},"end":{"line":433,"column":115}},"146":{"start":{"line":433,"column":37},"end":{"line":433,"column":115}},"147":{"start":{"line":434,"column":2},"end":{"line":434,"column":122}},"148":{"start":{"line":434,"column":37},"end":{"line":434,"column":122}},"149":{"start":{"line":436,"column":23},"end":{"line":436,"column":51}},"150":{"start":{"line":438,"column":2},"end":{"line":441,"column":5}},"151":{"start":{"line":443,"column":2},"end":{"line":443,"column":58}},"152":{"start":{"line":444,"column":2},"end":{"line":444,"column":88}},"153":{"start":{"line":449,"column":22},"end":{"line":449,"column":54}},"154":{"start":{"line":450,"column":22},"end":{"line":450,"column":58}},"155":{"start":{"line":453,"column":23},"end":{"line":459,"column":1}},"156":{"start":{"line":454,"column":18},"end":{"line":454,"column":100}},"157":{"start":{"line":455,"column":2},"end":{"line":457,"column":3}},"158":{"start":{"line":456,"column":4},"end":{"line":456,"column":85}},"159":{"start":{"line":458,"column":2},"end":{"line":458,"column":47}},"160":{"start":{"line":461,"column":0},"end":{"line":465,"column":3}},"161":{"start":{"line":462,"column":22},"end":{"line":462,"column":41}},"162":{"start":{"line":463,"column":18},"end":{"line":463,"column":177}},"163":{"start":{"line":464,"column":2},"end":{"line":464,"column":24}},"164":{"start":{"line":467,"column":0},"end":{"line":491,"column":3}},"165":{"start":{"line":468,"column":19},"end":{"line":468,"column":28}},"166":{"start":{"line":469,"column":2},"end":{"line":469,"column":75}},"167":{"start":{"line":469,"column":13},"end":{"line":469,"column":75}},"168":{"start":{"line":471,"column":2},"end":{"line":490,"column":3}},"169":{"start":{"line":472,"column":24},"end":{"line":472,"column":43}},"170":{"start":{"line":473,"column":21},"end":{"line":476,"column":77}},"171":{"start":{"line":478,"column":30},"end":{"line":478,"column":43}},"172":{"start":{"line":479,"column":4},"end":{"line":479,"column":50}},"173":{"start":{"line":483,"column":4},"end":{"line":487,"column":7}},"174":{"start":{"line":489,"column":4},"end":{"line":489,"column":50}}},"fnMap":{"0":{"name":"(anonymous_0)","decl":{"start":{"line":37,"column":36},"end":{"line":37,"column":37}},"loc":{"start":{"line":37,"column":56},"end":{"line":119,"column":1}},"line":37},"1":{"name":"(anonymous_1)","decl":{"start":{"line":87,"column":13},"end":{"line":87,"column":14}},"loc":{"start":{"line":87,"column":19},"end":{"line":87,"column":21}},"line":87},"2":{"name":"(anonymous_2)","decl":{"start":{"line":88,"column":52},"end":{"line":88,"column":53}},"loc":{"start":{"line":89,"column":6},"end":{"line":89,"column":83}},"line":89},"3":{"name":"(anonymous_3)","decl":{"start":{"line":128,"column":35},"end":{"line":128,"column":36}},"loc":{"start":{"line":128,"column":55},"end":{"line":193,"column":1}},"line":128},"4":{"name":"(anonymous_4)","decl":{"start":{"line":201,"column":31},"end":{"line":201,"column":32}},"loc":{"start":{"line":201,"column":51},"end":{"line":250,"column":1}},"line":201},"5":{"name":"(anonymous_5)","decl":{"start":{"line":221,"column":29},"end":{"line":221,"column":30}},"loc":{"start":{"line":221,"column":36},"end":{"line":221,"column":60}},"line":221},"6":{"name":"(anonymous_6)","decl":{"start":{"line":233,"column":41},"end":{"line":233,"column":42}},"loc":{"start":{"line":233,"column":48},"end":{"line":238,"column":7}},"line":233},"7":{"name":"(anonymous_7)","decl":{"start":{"line":258,"column":23},"end":{"line":258,"column":24}},"loc":{"start":{"line":258,"column":37},"end":{"line":263,"column":1}},"line":258},"8":{"name":"(anonymous_8)","decl":{"start":{"line":271,"column":40},"end":{"line":271,"column":41}},"loc":{"start":{"line":271,"column":60},"end":{"line":300,"column":1}},"line":271},"9":{"name":"(anonymous_9)","decl":{"start":{"line":305,"column":37},"end":{"line":305,"column":38}},"loc":{"start":{"line":305,"column":57},"end":{"line":337,"column":1}},"line":305},"10":{"name":"(anonymous_10)","decl":{"start":{"line":345,"column":28},"end":{"line":345,"column":29}},"loc":{"start":{"line":345,"column":48},"end":{"line":364,"column":1}},"line":345},"11":{"name":"(anonymous_11)","decl":{"start":{"line":370,"column":64},"end":{"line":370,"column":65}},"loc":{"start":{"line":370,"column":84},"end":{"line":388,"column":1}},"line":370},"12":{"name":"(anonymous_12)","decl":{"start":{"line":383,"column":49},"end":{"line":383,"column":50}},"loc":{"start":{"line":384,"column":4},"end":{"line":384,"column":71}},"line":384},"13":{"name":"(anonymous_13)","decl":{"start":{"line":396,"column":45},"end":{"line":396,"column":46}},"loc":{"start":{"line":396,"column":65},"end":{"line":420,"column":1}},"line":396},"14":{"name":"(anonymous_14)","decl":{"start":{"line":404,"column":3},"end":{"line":404,"column":4}},"loc":{"start":{"line":404,"column":15},"end":{"line":419,"column":3}},"line":404},"15":{"name":"(anonymous_15)","decl":{"start":{"line":416,"column":47},"end":{"line":416,"column":48}},"loc":{"start":{"line":417,"column":6},"end":{"line":417,"column":85}},"line":417},"16":{"name":"(anonymous_16)","decl":{"start":{"line":426,"column":46},"end":{"line":426,"column":47}},"loc":{"start":{"line":426,"column":66},"end":{"line":445,"column":1}},"line":426},"17":{"name":"(anonymous_17)","decl":{"start":{"line":453,"column":23},"end":{"line":453,"column":24}},"loc":{"start":{"line":453,"column":32},"end":{"line":459,"column":1}},"line":453},"18":{"name":"(anonymous_18)","decl":{"start":{"line":461,"column":32},"end":{"line":461,"column":33}},"loc":{"start":{"line":461,"column":46},"end":{"line":465,"column":1}},"line":461},"19":{"name":"(anonymous_19)","decl":{"start":{"line":467,"column":31},"end":{"line":467,"column":32}},"loc":{"start":{"line":467,"column":51},"end":{"line":491,"column":1}},"line":467}},"branchMap":{"0":{"loc":{"start":{"line":25,"column":0},"end":{"line":28,"column":1}},"type":"if","locations":[{"start":{"line":25,"column":0},"end":{"line":28,"column":1}},{"start":{},"end":{}}],"line":25},"1":{"loc":{"start":{"line":39,"column":29},"end":{"line":39,"column":43}},"type":"default-arg","locations":[{"start":{"line":39,"column":41},"end":{"line":39,"column":43}}],"line":39},"2":{"loc":{"start":{"line":39,"column":45},"end":{"line":39,"column":58}},"type":"default-arg","locations":[{"start":{"line":39,"column":56},"end":{"line":39,"column":58}}],"line":39},"3":{"loc":{"start":{"line":42,"column":4},"end":{"line":44,"column":5}},"type":"if","locations":[{"start":{"line":42,"column":4},"end":{"line":44,"column":5}},{"start":{},"end":{}}],"line":42},"4":{"loc":{"start":{"line":42,"column":8},"end":{"line":42,"column":27}},"type":"binary-expr","locations":[{"start":{"line":42,"column":8},"end":{"line":42,"column":14}},{"start":{"line":42,"column":18},"end":{"line":42,"column":27}}],"line":42},"5":{"loc":{"start":{"line":46,"column":4},"end":{"line":48,"column":5}},"type":"if","locations":[{"start":{"line":46,"column":4},"end":{"line":48,"column":5}},{"start":{},"end":{}}],"line":46},"6":{"loc":{"start":{"line":52,"column":4},"end":{"line":54,"column":5}},"type":"if","locations":[{"start":{"line":52,"column":4},"end":{"line":54,"column":5}},{"start":{},"end":{}}],"line":52},"7":{"loc":{"start":{"line":58,"column":4},"end":{"line":60,"column":5}},"type":"if","locations":[{"start":{"line":58,"column":4},"end":{"line":60,"column":5}},{"start":{},"end":{}}],"line":58},"8":{"loc":{"start":{"line":133,"column":4},"end":{"line":135,"column":5}},"type":"if","locations":[{"start":{"line":133,"column":4},"end":{"line":135,"column":5}},{"start":{},"end":{}}],"line":133},"9":{"loc":{"start":{"line":133,"column":8},"end":{"line":133,"column":27}},"type":"binary-expr","locations":[{"start":{"line":133,"column":8},"end":{"line":133,"column":14}},{"start":{"line":133,"column":18},"end":{"line":133,"column":27}}],"line":133},"10":{"loc":{"start":{"line":139,"column":4},"end":{"line":142,"column":5}},"type":"if","locations":[{"start":{"line":139,"column":4},"end":{"line":142,"column":5}},{"start":{},"end":{}}],"line":139},"11":{"loc":{"start":{"line":146,"column":4},"end":{"line":149,"column":5}},"type":"if","locations":[{"start":{"line":146,"column":4},"end":{"line":149,"column":5}},{"start":{},"end":{}}],"line":146},"12":{"loc":{"start":{"line":170,"column":21},"end":{"line":170,"column":51}},"type":"binary-expr","locations":[{"start":{"line":170,"column":21},"end":{"line":170,"column":43}},{"start":{"line":170,"column":47},"end":{"line":170,"column":51}}],"line":170},"13":{"loc":{"start":{"line":214,"column":4},"end":{"line":216,"column":5}},"type":"if","locations":[{"start":{"line":214,"column":4},"end":{"line":216,"column":5}},{"start":{},"end":{}}],"line":214},"14":{"loc":{"start":{"line":220,"column":29},"end":{"line":222,"column":26}},"type":"cond-expr","locations":[{"start":{"line":221,"column":8},"end":{"line":221,"column":83}},{"start":{"line":222,"column":8},"end":{"line":222,"column":26}}],"line":220},"15":{"loc":{"start":{"line":221,"column":8},"end":{"line":221,"column":83}},"type":"binary-expr","locations":[{"start":{"line":221,"column":8},"end":{"line":221,"column":61}},{"start":{"line":221,"column":65},"end":{"line":221,"column":83}}],"line":221},"16":{"loc":{"start":{"line":231,"column":14},"end":{"line":231,"column":44}},"type":"binary-expr","locations":[{"start":{"line":231,"column":14},"end":{"line":231,"column":36}},{"start":{"line":231,"column":40},"end":{"line":231,"column":44}}],"line":231},"17":{"loc":{"start":{"line":239,"column":18},"end":{"line":244,"column":14}},"type":"cond-expr","locations":[{"start":{"line":239,"column":37},"end":{"line":244,"column":7}},{"start":{"line":244,"column":10},"end":{"line":244,"column":14}}],"line":239},"18":{"loc":{"start":{"line":273,"column":2},"end":{"line":273,"column":74}},"type":"if","locations":[{"start":{"line":273,"column":2},"end":{"line":273,"column":74}},{"start":{},"end":{}}],"line":273},"19":{"loc":{"start":{"line":281,"column":4},"end":{"line":283,"column":5}},"type":"if","locations":[{"start":{"line":281,"column":4},"end":{"line":283,"column":5}},{"start":{},"end":{}}],"line":281},"20":{"loc":{"start":{"line":311,"column":4},"end":{"line":313,"column":5}},"type":"if","locations":[{"start":{"line":311,"column":4},"end":{"line":313,"column":5}},{"start":{},"end":{}}],"line":311},"21":{"loc":{"start":{"line":320,"column":21},"end":{"line":320,"column":49}},"type":"binary-expr","locations":[{"start":{"line":320,"column":21},"end":{"line":320,"column":41}},{"start":{"line":320,"column":45},"end":{"line":320,"column":49}}],"line":320},"22":{"loc":{"start":{"line":347,"column":2},"end":{"line":347,"column":74}},"type":"if","locations":[{"start":{"line":347,"column":2},"end":{"line":347,"column":74}},{"start":{},"end":{}}],"line":347},"23":{"loc":{"start":{"line":351,"column":2},"end":{"line":351,"column":118}},"type":"if","locations":[{"start":{"line":351,"column":2},"end":{"line":351,"column":118}},{"start":{},"end":{}}],"line":351},"24":{"loc":{"start":{"line":352,"column":2},"end":{"line":352,"column":130}},"type":"if","locations":[{"start":{"line":352,"column":2},"end":{"line":352,"column":130}},{"start":{},"end":{}}],"line":352},"25":{"loc":{"start":{"line":372,"column":2},"end":{"line":372,"column":83}},"type":"if","locations":[{"start":{"line":372,"column":2},"end":{"line":372,"column":83}},{"start":{},"end":{}}],"line":372},"26":{"loc":{"start":{"line":373,"column":2},"end":{"line":373,"column":95}},"type":"if","locations":[{"start":{"line":373,"column":2},"end":{"line":373,"column":95}},{"start":{},"end":{}}],"line":373},"27":{"loc":{"start":{"line":398,"column":2},"end":{"line":398,"column":74}},"type":"if","locations":[{"start":{"line":398,"column":2},"end":{"line":398,"column":74}},{"start":{},"end":{}}],"line":398},"28":{"loc":{"start":{"line":406,"column":4},"end":{"line":406,"column":22}},"type":"if","locations":[{"start":{"line":406,"column":4},"end":{"line":406,"column":22}},{"start":{},"end":{}}],"line":406},"29":{"loc":{"start":{"line":428,"column":2},"end":{"line":428,"column":101}},"type":"if","locations":[{"start":{"line":428,"column":2},"end":{"line":428,"column":101}},{"start":{},"end":{}}],"line":428},"30":{"loc":{"start":{"line":428,"column":6},"end":{"line":428,"column":25}},"type":"binary-expr","locations":[{"start":{"line":428,"column":6},"end":{"line":428,"column":12}},{"start":{"line":428,"column":16},"end":{"line":428,"column":25}}],"line":428},"31":{"loc":{"start":{"line":429,"column":2},"end":{"line":429,"column":109}},"type":"if","locations":[{"start":{"line":429,"column":2},"end":{"line":429,"column":109}},{"start":{},"end":{}}],"line":429},"32":{"loc":{"start":{"line":433,"column":2},"end":{"line":433,"column":115}},"type":"if","locations":[{"start":{"line":433,"column":2},"end":{"line":433,"column":115}},{"start":{},"end":{}}],"line":433},"33":{"loc":{"start":{"line":433,"column":6},"end":{"line":433,"column":30}},"type":"binary-expr","locations":[{"start":{"line":433,"column":6},"end":{"line":433,"column":13}},{"start":{"line":433,"column":17},"end":{"line":433,"column":30}}],"line":433},"34":{"loc":{"start":{"line":434,"column":2},"end":{"line":434,"column":122}},"type":"if","locations":[{"start":{"line":434,"column":2},"end":{"line":434,"column":122}},{"start":{},"end":{}}],"line":434},"35":{"loc":{"start":{"line":454,"column":18},"end":{"line":454,"column":100}},"type":"binary-expr","locations":[{"start":{"line":454,"column":18},"end":{"line":454,"column":38}},{"start":{"line":454,"column":43},"end":{"line":454,"column":99}}],"line":454},"36":{"loc":{"start":{"line":454,"column":43},"end":{"line":454,"column":99}},"type":"cond-expr","locations":[{"start":{"line":454,"column":49},"end":{"line":454,"column":87}},{"start":{"line":454,"column":90},"end":{"line":454,"column":99}}],"line":454},"37":{"loc":{"start":{"line":455,"column":2},"end":{"line":457,"column":3}},"type":"if","locations":[{"start":{"line":455,"column":2},"end":{"line":457,"column":3}},{"start":{},"end":{}}],"line":455},"38":{"loc":{"start":{"line":469,"column":2},"end":{"line":469,"column":75}},"type":"if","locations":[{"start":{"line":469,"column":2},"end":{"line":469,"column":75}},{"start":{},"end":{}}],"line":469}},"s":{"0":0,"1":0,"2":0,"3":0,"4":0,"5":0,"6":0,"7":0,"8":0,"9":0,"10":0,"11":0,"12":0,"13":0,"14":0,"15":0,"16":0,"17":0,"18":0,"19":0,"20":0,"21":0,"22":0,"23":0,"24":0,"25":0,"26":0,"27":0,"28":0,"29":0,"30":0,"31":0,"32":0,"33":0,"34":0,"35":0,"36":0,"37":0,"38":0,"39":0,"40":0,"41":0,"42":0,"43":0,"44":0,"45":0,"46":0,"47":0,"48":0,"49":0,"50":0,"51":0,"52":0,"53":0,"54":0,"55":0,"56":0,"57":0,"58":0,"59":0,"60":0,"61":0,"62":0,"63":0,"64":0,"65":0,"66":0,"67":0,"68":0,"69":0,"70":0,"71":0,"72":0,"73":0,"74":0,"75":0,"76":0,"77":0,"78":0,"79":0,"80":0,"81":0,"82":0,"83":0,"84":0,"85":0,"86":0,"87":0,"88":0,"89":0,"90":0,"91":0,"92":0,"93":0,"94":0,"95":0,"96":0,"97":0,"98":0,"99":0,"100":0,"101":0,"102":0,"103":0,"104":0,"105":0,"106":0,"107":0,"108":0,"109":0,"110":0,"111":0,"112":0,"113":0,"114":0,"115":0,"116":0,"117":0,"118":0,"119":0,"120":0,"121":0,"122":0,"123":0,"124":0,"125":0,"126":0,"127":0,"128":0,"129":0,"130":0,"131":0,"132":0,"133":0,"134":0,"135":0,"136":0,"137":0,"138":0,"139":0,"140":0,"141":0,"142":0,"143":0,"144":0,"145":0,"146":0,"147":0,"148":0,"149":0,"150":0,"151":0,"152":0,"153":0,"154":0,"155":0,"156":0,"157":0,"158":0,"159":0,"160":0,"161":0,"162":0,"163":0,"164":0,"165":0,"166":0,"167":0,"168":0,"169":0,"170":0,"171":0,"172":0,"173":0,"174":0},"f":{"0":0,"1":0,"2":0,"3":0,"4":0,"5":0,"6":0,"7":0,"8":0,"9":0,"10":0,"11":0,"12":0,"13":0,"14":0,"15":0,"16":0,"17":0,"18":0,"19":0},"b":{"0":[0,0],"1":[0],"2":[0],"3":[0,0],"4":[0,0],"5":[0,0],"6":[0,0],"7":[0,0],"8":[0,0],"9":[0,0],"10":[0,0],"11":[0,0],"12":[0,0],"13":[0,0],"14":[0,0],"15":[0,0],"16":[0,0],"17":[0,0],"18":[0,0],"19":[0,0],"20":[0,0],"21":[0,0],"22":[0,0],"23":[0,0],"24":[0,0],"25":[0,0],"26":[0,0],"27":[0,0],"28":[0,0],"29":[0,0],"30":[0,0],"31":[0,0],"32":[0,0],"33":[0,0],"34":[0,0],"35":[0,0],"36":[0,0],"37":[0,0],"38":[0,0]}}
,"/Users/fasihuddinahmer/Projects/AMAIOP/src/api/routes/automation.js": {"path":"/Users/fasihuddinahmer/Projects/AMAIOP/src/api/routes/automation.js","statementMap":{"0":{"start":{"line":6,"column":15},"end":{"line":6,"column":31}},"1":{"start":{"line":7,"column":15},"end":{"line":7,"column":41}},"2":{"start":{"line":9,"column":25},"end":{"line":9,"column":82}},"3":{"start":{"line":10,"column":25},"end":{"line":10,"column":51}},"4":{"start":{"line":11,"column":25},"end":{"line":11,"column":82}},"5":{"start":{"line":14,"column":94},"end":{"line":14,"column":98}},"6":{"start":{"line":15,"column":2},"end":{"line":15,"column":67}},"7":{"start":{"line":15,"column":41},"end":{"line":15,"column":67}},"8":{"start":{"line":16,"column":2},"end":{"line":16,"column":72}},"9":{"start":{"line":16,"column":41},"end":{"line":16,"column":72}},"10":{"start":{"line":17,"column":2},"end":{"line":17,"column":101}},"11":{"start":{"line":17,"column":41},"end":{"line":17,"column":101}},"12":{"start":{"line":18,"column":2},"end":{"line":18,"column":111}},"13":{"start":{"line":18,"column":45},"end":{"line":18,"column":111}},"14":{"start":{"line":19,"column":2},"end":{"line":19,"column":89}},"15":{"start":{"line":19,"column":53},"end":{"line":19,"column":89}},"16":{"start":{"line":20,"column":2},"end":{"line":20,"column":101}},"17":{"start":{"line":20,"column":41},"end":{"line":20,"column":101}},"18":{"start":{"line":21,"column":2},"end":{"line":24,"column":3}},"19":{"start":{"line":22,"column":16},"end":{"line":22,"column":34}},"20":{"start":{"line":23,"column":4},"end":{"line":23,"column":85}},"21":{"start":{"line":23,"column":41},"end":{"line":23,"column":85}},"22":{"start":{"line":25,"column":2},"end":{"line":27,"column":3}},"23":{"start":{"line":26,"column":4},"end":{"line":26,"column":39}},"24":{"start":{"line":28,"column":2},"end":{"line":28,"column":14}},"25":{"start":{"line":34,"column":0},"end":{"line":60,"column":3}},"26":{"start":{"line":35,"column":14},"end":{"line":35,"column":36}},"27":{"start":{"line":36,"column":2},"end":{"line":36,"column":55}},"28":{"start":{"line":36,"column":11},"end":{"line":36,"column":55}},"29":{"start":{"line":38,"column":104},"end":{"line":38,"column":112}},"30":{"start":{"line":40,"column":2},"end":{"line":59,"column":3}},"31":{"start":{"line":41,"column":17},"end":{"line":53,"column":6}},"32":{"start":{"line":54,"column":4},"end":{"line":54,"column":70}},"33":{"start":{"line":55,"column":4},"end":{"line":55,"column":31}},"34":{"start":{"line":57,"column":4},"end":{"line":57,"column":52}},"35":{"start":{"line":58,"column":4},"end":{"line":58,"column":61}},"36":{"start":{"line":65,"column":0},"end":{"line":78,"column":3}},"37":{"start":{"line":66,"column":16},"end":{"line":76,"column":4}},"38":{"start":{"line":77,"column":2},"end":{"line":77,"column":18}},"39":{"start":{"line":83,"column":0},"end":{"line":104,"column":3}},"40":{"start":{"line":84,"column":15},"end":{"line":86,"column":4}},"41":{"start":{"line":87,"column":2},"end":{"line":87,"column":70}},"42":{"start":{"line":87,"column":13},"end":{"line":87,"column":70}},"43":{"start":{"line":89,"column":18},"end":{"line":89,"column":114}},"44":{"start":{"line":90,"column":18},"end":{"line":90,"column":20}},"45":{"start":{"line":91,"column":2},"end":{"line":97,"column":3}},"46":{"start":{"line":92,"column":4},"end":{"line":96,"column":5}},"47":{"start":{"line":93,"column":6},"end":{"line":95,"column":24}},"48":{"start":{"line":99,"column":18},"end":{"line":102,"column":4}},"49":{"start":{"line":103,"column":2},"end":{"line":103,"column":20}},"50":{"start":{"line":109,"column":0},"end":{"line":117,"column":3}},"51":{"start":{"line":110,"column":15},"end":{"line":112,"column":4}},"52":{"start":{"line":113,"column":2},"end":{"line":113,"column":70}},"53":{"start":{"line":113,"column":13},"end":{"line":113,"column":70}},"54":{"start":{"line":115,"column":2},"end":{"line":115,"column":63}},"55":{"start":{"line":116,"column":2},"end":{"line":116,"column":30}},"56":{"start":{"line":122,"column":0},"end":{"line":148,"column":3}},"57":{"start":{"line":123,"column":15},"end":{"line":125,"column":4}},"58":{"start":{"line":126,"column":2},"end":{"line":126,"column":70}},"59":{"start":{"line":126,"column":13},"end":{"line":126,"column":70}},"60":{"start":{"line":128,"column":17},"end":{"line":128,"column":55}},"61":{"start":{"line":130,"column":2},"end":{"line":139,"column":5}},"62":{"start":{"line":141,"column":2},"end":{"line":144,"column":5}},"63":{"start":{"line":146,"column":2},"end":{"line":146,"column":110}},"64":{"start":{"line":147,"column":2},"end":{"line":147,"column":19}},"65":{"start":{"line":153,"column":0},"end":{"line":157,"column":3}},"66":{"start":{"line":154,"column":18},"end":{"line":154,"column":72}},"67":{"start":{"line":155,"column":2},"end":{"line":155,"column":88}},"68":{"start":{"line":156,"column":2},"end":{"line":156,"column":24}},"69":{"start":{"line":162,"column":0},"end":{"line":174,"column":3}},"70":{"start":{"line":163,"column":15},"end":{"line":165,"column":4}},"71":{"start":{"line":166,"column":2},"end":{"line":166,"column":70}},"72":{"start":{"line":166,"column":13},"end":{"line":166,"column":70}},"73":{"start":{"line":168,"column":18},"end":{"line":172,"column":4}},"74":{"start":{"line":173,"column":2},"end":{"line":173,"column":20}}},"fnMap":{"0":{"name":"validateRule","decl":{"start":{"line":13,"column":9},"end":{"line":13,"column":21}},"loc":{"start":{"line":13,"column":28},"end":{"line":29,"column":1}},"line":13},"1":{"name":"(anonymous_1)","decl":{"start":{"line":34,"column":22},"end":{"line":34,"column":23}},"loc":{"start":{"line":34,"column":42},"end":{"line":60,"column":1}},"line":34},"2":{"name":"(anonymous_2)","decl":{"start":{"line":65,"column":21},"end":{"line":65,"column":22}},"loc":{"start":{"line":65,"column":41},"end":{"line":78,"column":1}},"line":65},"3":{"name":"(anonymous_3)","decl":{"start":{"line":83,"column":27},"end":{"line":83,"column":28}},"loc":{"start":{"line":83,"column":47},"end":{"line":104,"column":1}},"line":83},"4":{"name":"(anonymous_4)","decl":{"start":{"line":109,"column":28},"end":{"line":109,"column":29}},"loc":{"start":{"line":109,"column":48},"end":{"line":117,"column":1}},"line":109},"5":{"name":"(anonymous_5)","decl":{"start":{"line":122,"column":30},"end":{"line":122,"column":31}},"loc":{"start":{"line":122,"column":50},"end":{"line":148,"column":1}},"line":122},"6":{"name":"(anonymous_6)","decl":{"start":{"line":153,"column":24},"end":{"line":153,"column":25}},"loc":{"start":{"line":153,"column":44},"end":{"line":157,"column":1}},"line":153},"7":{"name":"(anonymous_7)","decl":{"start":{"line":162,"column":33},"end":{"line":162,"column":34}},"loc":{"start":{"line":162,"column":53},"end":{"line":174,"column":1}},"line":162}},"branchMap":{"0":{"loc":{"start":{"line":15,"column":2},"end":{"line":15,"column":67}},"type":"if","locations":[{"start":{"line":15,"column":2},"end":{"line":15,"column":67}},{"start":{},"end":{}}],"line":15},"1":{"loc":{"start":{"line":16,"column":2},"end":{"line":16,"column":72}},"type":"if","locations":[{"start":{"line":16,"column":2},"end":{"line":16,"column":72}},{"start":{},"end":{}}],"line":16},"2":{"loc":{"start":{"line":17,"column":2},"end":{"line":17,"column":101}},"type":"if","locations":[{"start":{"line":17,"column":2},"end":{"line":17,"column":101}},{"start":{},"end":{}}],"line":17},"3":{"loc":{"start":{"line":18,"column":2},"end":{"line":18,"column":111}},"type":"if","locations":[{"start":{"line":18,"column":2},"end":{"line":18,"column":111}},{"start":{},"end":{}}],"line":18},"4":{"loc":{"start":{"line":19,"column":2},"end":{"line":19,"column":89}},"type":"if","locations":[{"start":{"line":19,"column":2},"end":{"line":19,"column":89}},{"start":{},"end":{}}],"line":19},"5":{"loc":{"start":{"line":19,"column":6},"end":{"line":19,"column":51}},"type":"binary-expr","locations":[{"start":{"line":19,"column":6},"end":{"line":19,"column":23}},{"start":{"line":19,"column":27},"end":{"line":19,"column":51}}],"line":19},"6":{"loc":{"start":{"line":20,"column":2},"end":{"line":20,"column":101}},"type":"if","locations":[{"start":{"line":20,"column":2},"end":{"line":20,"column":101}},{"start":{},"end":{}}],"line":20},"7":{"loc":{"start":{"line":21,"column":2},"end":{"line":24,"column":3}},"type":"if","locations":[{"start":{"line":21,"column":2},"end":{"line":24,"column":3}},{"start":{},"end":{}}],"line":21},"8":{"loc":{"start":{"line":23,"column":4},"end":{"line":23,"column":85}},"type":"if","locations":[{"start":{"line":23,"column":4},"end":{"line":23,"column":85}},{"start":{},"end":{}}],"line":23},"9":{"loc":{"start":{"line":23,"column":8},"end":{"line":23,"column":37}},"type":"binary-expr","locations":[{"start":{"line":23,"column":8},"end":{"line":23,"column":12}},{"start":{"line":23,"column":16},"end":{"line":23,"column":24}},{"start":{"line":23,"column":28},"end":{"line":23,"column":37}}],"line":23},"10":{"loc":{"start":{"line":25,"column":2},"end":{"line":27,"column":3}},"type":"if","locations":[{"start":{"line":25,"column":2},"end":{"line":27,"column":3}},{"start":{},"end":{}}],"line":25},"11":{"loc":{"start":{"line":25,"column":6},"end":{"line":25,"column":98}},"type":"binary-expr","locations":[{"start":{"line":25,"column":6},"end":{"line":25,"column":32}},{"start":{"line":25,"column":37},"end":{"line":25,"column":56}},{"start":{"line":25,"column":60},"end":{"line":25,"column":76}},{"start":{"line":25,"column":80},"end":{"line":25,"column":97}}],"line":25},"12":{"loc":{"start":{"line":36,"column":2},"end":{"line":36,"column":55}},"type":"if","locations":[{"start":{"line":36,"column":2},"end":{"line":36,"column":55}},{"start":{},"end":{}}],"line":36},"13":{"loc":{"start":{"line":38,"column":65},"end":{"line":38,"column":80}},"type":"default-arg","locations":[{"start":{"line":38,"column":78},"end":{"line":38,"column":80}}],"line":38},"14":{"loc":{"start":{"line":38,"column":82},"end":{"line":38,"column":99}},"type":"default-arg","locations":[{"start":{"line":38,"column":97},"end":{"line":38,"column":99}}],"line":38},"15":{"loc":{"start":{"line":87,"column":2},"end":{"line":87,"column":70}},"type":"if","locations":[{"start":{"line":87,"column":2},"end":{"line":87,"column":70}},{"start":{},"end":{}}],"line":87},"16":{"loc":{"start":{"line":92,"column":4},"end":{"line":96,"column":5}},"type":"if","locations":[{"start":{"line":92,"column":4},"end":{"line":96,"column":5}},{"start":{},"end":{}}],"line":92},"17":{"loc":{"start":{"line":93,"column":21},"end":{"line":95,"column":23}},"type":"cond-expr","locations":[{"start":{"line":94,"column":10},"end":{"line":94,"column":31}},{"start":{"line":95,"column":10},"end":{"line":95,"column":23}}],"line":93},"18":{"loc":{"start":{"line":113,"column":2},"end":{"line":113,"column":70}},"type":"if","locations":[{"start":{"line":113,"column":2},"end":{"line":113,"column":70}},{"start":{},"end":{}}],"line":113},"19":{"loc":{"start":{"line":126,"column":2},"end":{"line":126,"column":70}},"type":"if","locations":[{"start":{"line":126,"column":2},"end":{"line":126,"column":70}},{"start":{},"end":{}}],"line":126},"20":{"loc":{"start":{"line":137,"column":21},"end":{"line":137,"column":41}},"type":"binary-expr","locations":[{"start":{"line":137,"column":21},"end":{"line":137,"column":33}},{"start":{"line":137,"column":37},"end":{"line":137,"column":41}}],"line":137},"21":{"loc":{"start":{"line":166,"column":2},"end":{"line":166,"column":70}},"type":"if","locations":[{"start":{"line":166,"column":2},"end":{"line":166,"column":70}},{"start":{},"end":{}}],"line":166}},"s":{"0":0,"1":0,"2":0,"3":0,"4":0,"5":0,"6":0,"7":0,"8":0,"9":0,"10":0,"11":0,"12":0,"13":0,"14":0,"15":0,"16":0,"17":0,"18":0,"19":0,"20":0,"21":0,"22":0,"23":0,"24":0,"25":0,"26":0,"27":0,"28":0,"29":0,"30":0,"31":0,"32":0,"33":0,"34":0,"35":0,"36":0,"37":0,"38":0,"39":0,"40":0,"41":0,"42":0,"43":0,"44":0,"45":0,"46":0,"47":0,"48":0,"49":0,"50":0,"51":0,"52":0,"53":0,"54":0,"55":0,"56":0,"57":0,"58":0,"59":0,"60":0,"61":0,"62":0,"63":0,"64":0,"65":0,"66":0,"67":0,"68":0,"69":0,"70":0,"71":0,"72":0,"73":0,"74":0},"f":{"0":0,"1":0,"2":0,"3":0,"4":0,"5":0,"6":0,"7":0},"b":{"0":[0,0],"1":[0,0],"2":[0,0],"3":[0,0],"4":[0,0],"5":[0,0],"6":[0,0],"7":[0,0],"8":[0,0],"9":[0,0,0],"10":[0,0],"11":[0,0,0,0],"12":[0,0],"13":[0],"14":[0],"15":[0,0],"16":[0,0],"17":[0,0],"18":[0,0],"19":[0,0],"20":[0,0],"21":[0,0]}}
,"/Users/fasihuddinahmer/Projects/AMAIOP/src/api/routes/billing.js": {"path":"/Users/fasihuddinahmer/Projects/AMAIOP/src/api/routes/billing.js","statementMap":{"0":{"start":{"line":30,"column":15},"end":{"line":30,"column":31}},"1":{"start":{"line":31,"column":15},"end":{"line":31,"column":38}},"2":{"start":{"line":34,"column":2},"end":{"line":36,"column":3}},"3":{"start":{"line":35,"column":4},"end":{"line":35,"column":88}},"4":{"start":{"line":37,"column":2},"end":{"line":37,"column":9}},"5":{"start":{"line":44,"column":0},"end":{"line":77,"column":3}},"6":{"start":{"line":45,"column":20},"end":{"line":45,"column":30}},"7":{"start":{"line":47,"column":32},"end":{"line":61,"column":4}},"8":{"start":{"line":56,"column":20},"end":{"line":56,"column":30}},"9":{"start":{"line":57,"column":10},"end":{"line":57,"column":26}},"10":{"start":{"line":57,"column":27},"end":{"line":57,"column":53}},"11":{"start":{"line":57,"column":54},"end":{"line":57,"column":63}},"12":{"start":{"line":63,"column":2},"end":{"line":76,"column":5}},"13":{"start":{"line":75,"column":18},"end":{"line":75,"column":26}},"14":{"start":{"line":85,"column":0},"end":{"line":135,"column":3}},"15":{"start":{"line":86,"column":19},"end":{"line":86,"column":27}},"16":{"start":{"line":87,"column":2},"end":{"line":91,"column":3}},"17":{"start":{"line":88,"column":4},"end":{"line":90,"column":7}},"18":{"start":{"line":89,"column":71},"end":{"line":89,"column":82}},"19":{"start":{"line":93,"column":20},"end":{"line":93,"column":30}},"20":{"start":{"line":96,"column":22},"end":{"line":96,"column":80}},"21":{"start":{"line":97,"column":2},"end":{"line":99,"column":3}},"22":{"start":{"line":98,"column":4},"end":{"line":98,"column":119}},"23":{"start":{"line":101,"column":26},"end":{"line":109,"column":4}},"24":{"start":{"line":112,"column":2},"end":{"line":128,"column":5}},"25":{"start":{"line":130,"column":2},"end":{"line":130,"column":108}},"26":{"start":{"line":131,"column":2},"end":{"line":134,"column":5}},"27":{"start":{"line":143,"column":0},"end":{"line":169,"column":3}},"28":{"start":{"line":144,"column":80},"end":{"line":144,"column":88}},"29":{"start":{"line":146,"column":2},"end":{"line":148,"column":3}},"30":{"start":{"line":147,"column":4},"end":{"line":147,"column":130}},"31":{"start":{"line":150,"column":16},"end":{"line":150,"column":105}},"32":{"start":{"line":151,"column":2},"end":{"line":154,"column":3}},"33":{"start":{"line":152,"column":4},"end":{"line":152,"column":92}},"34":{"start":{"line":153,"column":4},"end":{"line":153,"column":76}},"35":{"start":{"line":157,"column":14},"end":{"line":159,"column":4}},"36":{"start":{"line":160,"column":2},"end":{"line":165,"column":3}},"37":{"start":{"line":161,"column":4},"end":{"line":164,"column":7}},"38":{"start":{"line":167,"column":2},"end":{"line":167,"column":99}},"39":{"start":{"line":168,"column":2},"end":{"line":168,"column":31}},"40":{"start":{"line":176,"column":0},"end":{"line":197,"column":3}},"41":{"start":{"line":177,"column":20},"end":{"line":177,"column":30}},"42":{"start":{"line":179,"column":23},"end":{"line":179,"column":81}},"43":{"start":{"line":180,"column":2},"end":{"line":182,"column":3}},"44":{"start":{"line":181,"column":4},"end":{"line":181,"column":98}},"45":{"start":{"line":185,"column":2},"end":{"line":185,"column":99}},"46":{"start":{"line":187,"column":2},"end":{"line":193,"column":5}},"47":{"start":{"line":195,"column":2},"end":{"line":195,"column":88}},"48":{"start":{"line":196,"column":2},"end":{"line":196,"column":32}},"49":{"start":{"line":204,"column":0},"end":{"line":229,"column":3}},"50":{"start":{"line":205,"column":48},"end":{"line":205,"column":56}},"51":{"start":{"line":207,"column":2},"end":{"line":209,"column":3}},"52":{"start":{"line":208,"column":4},"end":{"line":208,"column":86}},"53":{"start":{"line":211,"column":2},"end":{"line":228,"column":3}},"54":{"start":{"line":212,"column":18},"end":{"line":216,"column":6}},"55":{"start":{"line":218,"column":4},"end":{"line":218,"column":76}},"56":{"start":{"line":219,"column":4},"end":{"line":224,"column":7}},"57":{"start":{"line":226,"column":4},"end":{"line":226,"column":56}},"58":{"start":{"line":227,"column":4},"end":{"line":227,"column":106}},"59":{"start":{"line":235,"column":0},"end":{"line":250,"column":3}},"60":{"start":{"line":236,"column":73},"end":{"line":236,"column":81}},"61":{"start":{"line":238,"column":2},"end":{"line":240,"column":3}},"62":{"start":{"line":239,"column":4},"end":{"line":239,"column":123}},"63":{"start":{"line":242,"column":16},"end":{"line":242,"column":96}},"64":{"start":{"line":243,"column":2},"end":{"line":246,"column":3}},"65":{"start":{"line":244,"column":4},"end":{"line":244,"column":90}},"66":{"start":{"line":245,"column":4},"end":{"line":245,"column":76}},"67":{"start":{"line":248,"column":2},"end":{"line":248,"column":95}},"68":{"start":{"line":249,"column":2},"end":{"line":249,"column":93}},"69":{"start":{"line":257,"column":20},"end":{"line":257,"column":55}},"70":{"start":{"line":258,"column":20},"end":{"line":258,"column":55}},"71":{"start":{"line":260,"column":2},"end":{"line":263,"column":3}},"72":{"start":{"line":261,"column":4},"end":{"line":261,"column":71}},"73":{"start":{"line":262,"column":4},"end":{"line":262,"column":65}},"74":{"start":{"line":265,"column":18},"end":{"line":265,"column":79}},"75":{"start":{"line":268,"column":2},"end":{"line":272,"column":3}},"76":{"start":{"line":269,"column":4},"end":{"line":269,"column":63}},"77":{"start":{"line":271,"column":4},"end":{"line":271,"column":73}},"78":{"start":{"line":274,"column":2},"end":{"line":277,"column":3}},"79":{"start":{"line":275,"column":4},"end":{"line":275,"column":55}},"80":{"start":{"line":276,"column":4},"end":{"line":276,"column":61}},"81":{"start":{"line":280,"column":2},"end":{"line":284,"column":3}},"82":{"start":{"line":281,"column":4},"end":{"line":281,"column":45}},"83":{"start":{"line":283,"column":4},"end":{"line":283,"column":56}},"84":{"start":{"line":286,"column":43},"end":{"line":286,"column":50}},"85":{"start":{"line":287,"column":2},"end":{"line":287,"column":51}},"86":{"start":{"line":289,"column":2},"end":{"line":311,"column":3}},"87":{"start":{"line":290,"column":4},"end":{"line":307,"column":5}},"88":{"start":{"line":297,"column":8},"end":{"line":297,"column":79}},"89":{"start":{"line":298,"column":8},"end":{"line":298,"column":14}},"90":{"start":{"line":301,"column":8},"end":{"line":301,"column":69}},"91":{"start":{"line":302,"column":8},"end":{"line":302,"column":14}},"92":{"start":{"line":306,"column":8},"end":{"line":306,"column":14}},"93":{"start":{"line":309,"column":4},"end":{"line":309,"column":77}},"94":{"start":{"line":310,"column":4},"end":{"line":310,"column":60}},"95":{"start":{"line":313,"column":2},"end":{"line":313,"column":31}}},"fnMap":{"0":{"name":"razorpayRequired","decl":{"start":{"line":33,"column":9},"end":{"line":33,"column":25}},"loc":{"start":{"line":33,"column":42},"end":{"line":38,"column":1}},"line":33},"1":{"name":"(anonymous_1)","decl":{"start":{"line":44,"column":35},"end":{"line":44,"column":36}},"loc":{"start":{"line":44,"column":55},"end":{"line":77,"column":1}},"line":44},"2":{"name":"(anonymous_2)","decl":{"start":{"line":55,"column":16},"end":{"line":55,"column":17}},"loc":{"start":{"line":55,"column":22},"end":{"line":58,"column":9}},"line":55},"3":{"name":"(anonymous_3)","decl":{"start":{"line":75,"column":13},"end":{"line":75,"column":14}},"loc":{"start":{"line":75,"column":18},"end":{"line":75,"column":26}},"line":75},"4":{"name":"(anonymous_4)","decl":{"start":{"line":85,"column":78},"end":{"line":85,"column":79}},"loc":{"start":{"line":85,"column":98},"end":{"line":135,"column":1}},"line":85},"5":{"name":"(anonymous_5)","decl":{"start":{"line":89,"column":66},"end":{"line":89,"column":67}},"loc":{"start":{"line":89,"column":71},"end":{"line":89,"column":82}},"line":89},"6":{"name":"(anonymous_6)","decl":{"start":{"line":143,"column":76},"end":{"line":143,"column":77}},"loc":{"start":{"line":143,"column":96},"end":{"line":169,"column":1}},"line":143},"7":{"name":"(anonymous_7)","decl":{"start":{"line":176,"column":76},"end":{"line":176,"column":77}},"loc":{"start":{"line":176,"column":96},"end":{"line":197,"column":1}},"line":176},"8":{"name":"(anonymous_8)","decl":{"start":{"line":204,"column":60},"end":{"line":204,"column":61}},"loc":{"start":{"line":204,"column":80},"end":{"line":229,"column":1}},"line":204},"9":{"name":"(anonymous_9)","decl":{"start":{"line":235,"column":60},"end":{"line":235,"column":61}},"loc":{"start":{"line":235,"column":80},"end":{"line":250,"column":1}},"line":235},"10":{"name":"razorpayWebhookHandler","decl":{"start":{"line":256,"column":22},"end":{"line":256,"column":44}},"loc":{"start":{"line":256,"column":55},"end":{"line":314,"column":1}},"line":256}},"branchMap":{"0":{"loc":{"start":{"line":34,"column":2},"end":{"line":36,"column":3}},"type":"if","locations":[{"start":{"line":34,"column":2},"end":{"line":36,"column":3}},{"start":{},"end":{}}],"line":34},"1":{"loc":{"start":{"line":64,"column":18},"end":{"line":64,"column":38}},"type":"binary-expr","locations":[{"start":{"line":64,"column":18},"end":{"line":64,"column":30}},{"start":{"line":64,"column":34},"end":{"line":64,"column":38}}],"line":64},"2":{"loc":{"start":{"line":65,"column":23},"end":{"line":70,"column":5}},"type":"binary-expr","locations":[{"start":{"line":65,"column":23},"end":{"line":65,"column":28}},{"start":{"line":65,"column":32},"end":{"line":70,"column":5}}],"line":65},"3":{"loc":{"start":{"line":87,"column":2},"end":{"line":91,"column":3}},"type":"if","locations":[{"start":{"line":87,"column":2},"end":{"line":91,"column":3}},{"start":{},"end":{}}],"line":87},"4":{"loc":{"start":{"line":87,"column":6},"end":{"line":87,"column":30}},"type":"binary-expr","locations":[{"start":{"line":87,"column":6},"end":{"line":87,"column":11}},{"start":{"line":87,"column":15},"end":{"line":87,"column":30}}],"line":87},"5":{"loc":{"start":{"line":97,"column":2},"end":{"line":99,"column":3}},"type":"if","locations":[{"start":{"line":97,"column":2},"end":{"line":99,"column":3}},{"start":{},"end":{}}],"line":97},"6":{"loc":{"start":{"line":97,"column":6},"end":{"line":97,"column":68}},"type":"binary-expr","locations":[{"start":{"line":97,"column":6},"end":{"line":97,"column":33}},{"start":{"line":97,"column":37},"end":{"line":97,"column":68}}],"line":97},"7":{"loc":{"start":{"line":146,"column":2},"end":{"line":148,"column":3}},"type":"if","locations":[{"start":{"line":146,"column":2},"end":{"line":148,"column":3}},{"start":{},"end":{}}],"line":146},"8":{"loc":{"start":{"line":146,"column":6},"end":{"line":146,"column":78}},"type":"binary-expr","locations":[{"start":{"line":146,"column":6},"end":{"line":146,"column":26}},{"start":{"line":146,"column":30},"end":{"line":146,"column":55}},{"start":{"line":146,"column":59},"end":{"line":146,"column":78}}],"line":146},"9":{"loc":{"start":{"line":151,"column":2},"end":{"line":154,"column":3}},"type":"if","locations":[{"start":{"line":151,"column":2},"end":{"line":154,"column":3}},{"start":{},"end":{}}],"line":151},"10":{"loc":{"start":{"line":160,"column":2},"end":{"line":165,"column":3}},"type":"if","locations":[{"start":{"line":160,"column":2},"end":{"line":165,"column":3}},{"start":{},"end":{}}],"line":160},"11":{"loc":{"start":{"line":180,"column":2},"end":{"line":182,"column":3}},"type":"if","locations":[{"start":{"line":180,"column":2},"end":{"line":182,"column":3}},{"start":{},"end":{}}],"line":180},"12":{"loc":{"start":{"line":205,"column":18},"end":{"line":205,"column":34}},"type":"default-arg","locations":[{"start":{"line":205,"column":29},"end":{"line":205,"column":34}}],"line":205},"13":{"loc":{"start":{"line":207,"column":2},"end":{"line":209,"column":3}},"type":"if","locations":[{"start":{"line":207,"column":2},"end":{"line":209,"column":3}},{"start":{},"end":{}}],"line":207},"14":{"loc":{"start":{"line":207,"column":6},"end":{"line":207,"column":37}},"type":"binary-expr","locations":[{"start":{"line":207,"column":6},"end":{"line":207,"column":13}},{"start":{"line":207,"column":17},"end":{"line":207,"column":37}}],"line":207},"15":{"loc":{"start":{"line":215,"column":16},"end":{"line":215,"column":47}},"type":"binary-expr","locations":[{"start":{"line":215,"column":16},"end":{"line":215,"column":23}},{"start":{"line":215,"column":27},"end":{"line":215,"column":47}}],"line":215},"16":{"loc":{"start":{"line":227,"column":78},"end":{"line":227,"column":102}},"type":"binary-expr","locations":[{"start":{"line":227,"column":78},"end":{"line":227,"column":87}},{"start":{"line":227,"column":91},"end":{"line":227,"column":102}}],"line":227},"17":{"loc":{"start":{"line":238,"column":2},"end":{"line":240,"column":3}},"type":"if","locations":[{"start":{"line":238,"column":2},"end":{"line":240,"column":3}},{"start":{},"end":{}}],"line":238},"18":{"loc":{"start":{"line":238,"column":6},"end":{"line":238,"column":71}},"type":"binary-expr","locations":[{"start":{"line":238,"column":6},"end":{"line":238,"column":24}},{"start":{"line":238,"column":28},"end":{"line":238,"column":48}},{"start":{"line":238,"column":52},"end":{"line":238,"column":71}}],"line":238},"19":{"loc":{"start":{"line":243,"column":
[...]
,"/Users/fasihuddinahmer/Projects/AMAIOP/src/workers/bulk-listing.worker.js": {"path":"/Users/fasihuddinahmer/Projects/AMAIOP/src/workers/bulk-listing.worker.js","statementMap":{"0":{"start":{"line":18,"column":15},"end":{"line":18,"column":42}},"1":{"start":{"line":21,"column":2},"end":{"line":26,"column":5}},"2":{"start":{"line":25,"column":4},"end":{"line":25,"column":84}},"3":{"start":{"line":30,"column":16},"end":{"line":30,"column":86}},"4":{"start":{"line":31,"column":2},"end":{"line":31,"column":21}},"5":{"start":{"line":31,"column":14},"end":{"line":31,"column":21}},"6":{"start":{"line":32,"column":2},"end":{"line":41,"column":3}},"7":{"start":{"line":33,"column":24},"end":{"line":35,"column":66}},"8":{"start":{"line":36,"column":4},"end":{"line":39,"column":104}},"9":{"start":{"line":39,"column":22},"end":{"line":39,"column":102}},"10":{"start":{"line":40,"column":4},"end":{"line":40,"column":128}},"11":{"start":{"line":45,"column":54},"end":{"line":45,"column":62}},"12":{"start":{"line":46,"column":84},"end":{"line":46,"column":88}},"13":{"start":{"line":48,"column":2},"end":{"line":48,"column":107}},"14":{"start":{"line":50,"column":15},"end":{"line":50,"column":19}},"15":{"start":{"line":51,"column":21},"end":{"line":51,"column":25}},"16":{"start":{"line":53,"column":2},"end":{"line":61,"column":3}},"17":{"start":{"line":54,"column":4},"end":{"line":57,"column":6}},"18":{"start":{"line":59,"column":4},"end":{"line":59,"column":31}},"19":{"start":{"line":60,"column":4},"end":{"line":60,"column":91}},"20":{"start":{"line":64,"column":2},"end":{"line":83,"column":5}},"21":{"start":{"line":82,"column":4},"end":{"line":82,"column":82}},"22":{"start":{"line":86,"column":2},"end":{"line":92,"column":3}},"23":{"start":{"line":87,"column":4},"end":{"line":87,"column":56}},"24":{"start":{"line":89,"column":4},"end":{"line":89,"column":53}},"25":{"start":{"line":91,"column":4},"end":{"line":91,"column":67}},"26":{"start":{"line":95,"column":2},"end":{"line":95,"column":38}}},"fnMap":{"0":{"name":"incrementBatchCounter","decl":{"start":{"line":20,"column":15},"end":{"line":20,"column":36}},"loc":{"start":{"line":20,"column":55},"end":{"line":27,"column":1}},"line":20},"1":{"name":"(anonymous_1)","decl":{"start":{"line":24,"column":11},"end":{"line":24,"column":12}},"loc":{"start":{"line":24,"column":20},"end":{"line":26,"column":3}},"line":24},"2":{"name":"maybeCompleteBatch","decl":{"start":{"line":29,"column":15},"end":{"line":29,"column":33}},"loc":{"start":{"line":29,"column":45},"end":{"line":42,"column":1}},"line":29},"3":{"name":"(anonymous_3)","decl":{"start":{"line":39,"column":13},"end":{"line":39,"column":14}},"loc":{"start":{"line":39,"column":22},"end":{"line":39,"column":102}},"line":39},"4":{"name":"bulkListingProcessor","decl":{"start":{"line":44,"column":22},"end":{"line":44,"column":42}},"loc":{"start":{"line":44,"column":48},"end":{"line":96,"column":1}},"line":44},"5":{"name":"(anonymous_5)","decl":{"start":{"line":81,"column":11},"end":{"line":81,"column":12}},"loc":{"start":{"line":81,"column":22},"end":{"line":83,"column":3}},"line":81}},"branchMap":{"0":{"loc":{"start":{"line":31,"column":2},"end":{"line":31,"column":21}},"type":"if","locations":[{"start":{"line":31,"column":2},"end":{"line":31,"column":21}},{"start":{},"end":{}}],"line":31},"1":{"loc":{"start":{"line":32,"column":2},"end":{"line":41,"column":3}},"type":"if","locations":[{"start":{"line":32,"column":2},"end":{"line":41,"column":3}},{"start":{},"end":{}}],"line":32},"2":{"loc":{"start":{"line":33,"column":24},"end":{"line":35,"column":66}},"type":"cond-expr","locations":[{"start":{"line":33,"column":55},"end":{"line":33,"column":63}},{"start":{"line":34,"column":24},"end":{"line":35,"column":66}}],"line":33},"3":{"loc":{"start":{"line":34,"column":24},"end":{"line":35,"column":66}},"type":"cond-expr","locations":[{"start":{"line":34,"column":55},"end":{"line":34,"column":66}},{"start":{"line":35,"column":55},"end":{"line":35,"column":66}}],"line":34},"4":{"loc":{"start":{"line":48,"column":68},"end":{"line":48,"column":81}},"type":"binary-expr","locations":[{"start":{"line":48,"column":68},"end":{"line":48,"column":72}},{"start":{"line":48,"column":76},"end":{"line":48,"column":81}}],"line":48},"5":{"loc":{"start":{"line":48,"column":91},"end":{"line":48,"column":103}},"type":"binary-expr","locations":[{"start":{"line":48,"column":91},"end":{"line":48,"column":94}},{"start":{"line":48,"column":98},"end":{"line":48,"column":103}}],"line":48},"6":{"loc":{"start":{"line":56,"column":6},"end":{"line":56,"column":23}},"type":"binary-expr","locations":[{"start":{"line":56,"column":6},"end":{"line":56,"column":11}},{"start":{"line":56,"column":15},"end":{"line":56,"column":23}}],"line":56},"7":{"loc":{"start":{"line":68,"column":28},"end":{"line":68,"column":38}},"type":"binary-expr","locations":[{"start":{"line":68,"column":28},"end":{"line":68,"column":32}},{"start":{"line":68,"column":36},"end":{"line":68,"column":38}}],"line":68},"8":{"loc":{"start":{"line":69,"column":28},"end":{"line":69,"column":38}},"type":"binary-expr","locations":[{"start":{"line":69,"column":28},"end":{"line":69,"column":31}},{"start":{"line":69,"column":36},"end":{"line":69,"column":38}}],"line":69},"9":{"loc":{"start":{"line":70,"column":27},"end":{"line":70,"column":38}},"type":"binary-expr","locations":[{"start":{"line":70,"column":27},"end":{"line":70,"column":32}},{"start":{"line":70,"column":36},"end":{"line":70,"column":38}}],"line":70},"10":{"loc":{"start":{"line":71,"column":27},"end":{"line":71,"column":54}},"type":"binary-expr","locations":[{"start":{"line":71,"column":27},"end":{"line":71,"column":40}},{"start":{"line":71,"column":50},"end":{"line":71,"column":54}}],"line":71},"11":{"loc":{"start":{"line":72,"column":27},"end":{"line":72,"column":52}},"type":"binary-expr","locations":[{"start":{"line":72,"column":27},"end":{"line":72,"column":34}},{"start":{"line":72,"column":50},"end":{"line":72,"column":52}}],"line":72},"12":{"loc":{"start":{"line":73,"column":27},"end":{"line":73,"column":52}},"type":"binary-expr","locations":[{"start":{"line":73,"column":27},"end":{"line":73,"column":42}},{"start":{"line":73,"column":50},"end":{"line":73,"column":52}}],"line":73},"13":{"loc":{"start":{"line":74,"column":27},"end":{"line":74,"column":52}},"type":"binary-expr","locations":[{"start":{"line":74,"column":27},"end":{"line":74,"column":38}},{"start":{"line":74,"column":50},"end":{"line":74,"column":52}}],"line":74},"14":{"loc":{"start":{"line":75,"column":28},"end":{"line":75,"column":55}},"type":"binary-expr","locations":[{"start":{"line":75,"column":28},"end":{"line":75,"column":47}},{"start":{"line":75,"column":51},"end":{"line":75,"column":55}}],"line":75},"15":{"loc":{"start":{"line":76,"column":27},"end":{"line":76,"column":64}},"type":"binary-expr","locations":[{"start":{"line":76,"column":27},"end":{"line":76,"column":38}},{"start":{"line":76,"column":42},"end":{"line":76,"column":58}},{"start":{"line":76,"column":62},"end":{"line":76,"column":64}}],"line":76},"16":{"loc":{"start":{"line":77,"column":27},"end":{"line":77,"column":44}},"type":"binary-expr","locations":[{"start":{"line":77,"column":27},"end":{"line":77,"column":32}},{"start":{"line":77,"column":36},"end":{"line":77,"column":44}}],"line":77},"17":{"loc":{"start":{"line":78,"column":27},"end":{"line":78,"column":58}},"type":"cond-expr","locations":[{"start":{"line":78,"column":36},"end":{"line":78,"column":47}},{"start":{"line":78,"column":50},"end":{"line":78,"column":58}}],"line":78},"18":{"loc":{"start":{"line":79,"column":27},"end":{"line":79,"column":47}},"type":"binary-expr","locations":[{"start":{"line":79,"column":27},"end":{"line":79,"column":39}},{"start":{"line":79,"column":43},"end":{"line":79,"column":47}}],"line":79},"19":{"loc":{"start":{"line":86,"column":2},"end":{"line":92,"column":3}},"type":"if","locations":[{"start":{"line":86,"column":2},"end":{"line":92,"column":3}},{"start":{"line":88,"column":9},"end":{"line":92,"column":3}}],"line":86},"20":{"loc":{"start":{"line":91,"column":20},"end":{"line":91,"column":65}},"type":"binary-expr","locations":[{"start":{"line":91,"column":20},"end":{"line":91,"column":32}},{"start":{"line":91,"column":36},"end":{"line":91,"column":65}}],"line":91}},"s":{"0":1,"1":11,"2":0,"3":7,"4":7,"5":0,"6":7,"7":1,"8":1,"9":0,"10":1,"11":11,"12":11,"13":11,"14":11,"15":11,"16":11,"17":11,"18":4,"19":4,"20":11,"21":0,"22":11,"23":7,"24":4,"25":4,"26":7},"f":{"0":11,"1":0,"2":7,"3":0,"4":11,"5":0},"b":{"0":[0,7],"1":[1,6],"2":[0,1],"3":[0,1],"4":[11,1],"5":[11,1],"6":[11,0],"7":[11,1],"8":[11,1],"9":[11,0],"10":[11,4],"11":[11,0],"12":[11,4],"13":[11,0],"14":[11,4],"15":[11,1,0],"16":[11,0],"17":[7,4],"18":[11,7],"19":[7,4],"20":[4,0]},"_coverageSchema":"1a1c01bbd47fc00a2c39e90264f33305004495a9","hash":"3e3d05c51337e007aef7444dfe74d8dfc4997524"}
,"/Users/fasihuddinahmer/Projects/AMAIOP/src/workers/reporting.worker.js": {"path":"/Users/fasihuddinahmer/Projects/AMAIOP/src/workers/reporting.worker.js","statementMap":{"0":{"start":{"line":25,"column":15},"end":{"line":25,"column":37}},"1":{"start":{"line":32,"column":22},"end":{"line":34,"column":3}},"2":{"start":{"line":33,"column":26},"end":{"line":33,"column":51}},"3":{"start":{"line":36,"column":2},"end":{"line":60,"column":5}},"4":{"start":{"line":37,"column":15},"end":{"line":37,"column":49}},"5":{"start":{"line":38,"column":15},"end":{"line":38,"column":36}},"6":{"start":{"line":39,"column":4},"end":{"line":59,"column":6}},"7":{"start":{"line":64,"column":2},"end":{"line":66,"column":5}},"8":{"start":{"line":65,"column":4},"end":{"line":65,"column":74}},"9":{"start":{"line":74,"column":86},"end":{"line":74,"column":94}},"10":{"start":{"line":76,"column":2},"end":{"line":76,"column":92}},"11":{"start":{"line":78,"column":2},"end":{"line":78,"column":49}},"12":{"start":{"line":79,"column":2},"end":{"line":79,"column":30}},"13":{"start":{"line":82,"column":18},"end":{"line":82,"column":34}},"14":{"start":{"line":83,"column":15},"end":{"line":83,"column":45}},"15":{"start":{"line":84,"column":2},"end":{"line":94,"column":3}},"16":{"start":{"line":85,"column":4},"end":{"line":90,"column":7}},"17":{"start":{"line":91,"column":4},"end":{"line":91,"column":76}},"18":{"start":{"line":93,"column":4},"end":{"line":93,"column":79}},"19":{"start":{"line":97,"column":2},"end":{"line":97,"column":31}},"20":{"start":{"line":99,"column":50},"end":{"line":111,"column":4}},"21":{"start":{"line":103,"column":6},"end":{"line":103,"column":76}},"22":{"start":{"line":104,"column":6},"end":{"line":104,"column":16}},"23":{"start":{"line":108,"column":6},"end":{"line":108,"column":78}},"24":{"start":{"line":109,"column":6},"end":{"line":109,"column":16}},"25":{"start":{"line":113,"column":2},"end":{"line":113,"column":31}},"26":{"start":{"line":114,"column":2},"end":{"line":114,"column":138}},"27":{"start":{"line":117,"column":28},"end":{"line":117,"column":63}},"28":{"start":{"line":118,"column":28},"end":{"line":118,"column":63}},"29":{"start":{"line":121,"column":2},"end":{"line":121,"column":31}},"30":{"start":{"line":122,"column":17},"end":{"line":129,"column":4}},"31":{"start":{"line":132,"column":2},"end":{"line":136,"column":5}},"32":{"start":{"line":138,"column":2},"end":{"line":138,"column":32}},"33":{"start":{"line":139,"column":2},"end":{"line":139,"column":53}}},"fnMap":{"0":{"name":"mergeMetrics","decl":{"start":{"line":31,"column":9},"end":{"line":31,"column":21}},"loc":{"start":{"line":31,"column":45},"end":{"line":61,"column":1}},"line":31},"1":{"name":"(anonymous_1)","decl":{"start":{"line":33,"column":19},"end":{"line":33,"column":20}},"loc":{"start":{"line":33,"column":26},"end":{"line":33,"column":51}},"line":33},"2":{"name":"(anonymous_2)","decl":{"start":{"line":36,"column":23},"end":{"line":36,"column":24}},"loc":{"start":{"line":36,"column":30},"end":{"line":60,"column":3}},"line":36},"3":{"name":"patch","decl":{"start":{"line":63,"column":15},"end":{"line":63,"column":20}},"loc":{"start":{"line":63,"column":36},"end":{"line":67,"column":1}},"line":63},"4":{"name":"(anonymous_4)","decl":{"start":{"line":64,"column":72},"end":{"line":64,"column":73}},"loc":{"start":{"line":64,"column":81},"end":{"line":66,"column":3}},"line":64},"5":{"name":"reportingProcessor","decl":{"start":{"line":73,"column":22},"end":{"line":73,"column":40}},"loc":{"start":{"line":73,"column":46},"end":{"line":140,"column":1}},"line":73},"6":{"name":"(anonymous_6)","decl":{"start":{"line":102,"column":70},"end":{"line":102,"column":71}},"loc":{"start":{"line":102,"column":79},"end":{"line":105,"column":5}},"line":102},"7":{"name":"(anonymous_7)","decl":{"start":{"line":107,"column":71},"end":{"line":107,"column":72}},"loc":{"start":{"line":107,"column":80},"end":{"line":110,"column":5}},"line":107}},"branchMap":{"0":{"loc":{"start":{"line":37,"column":22},"end":{"line":37,"column":48}},"type":"binary-expr","locations":[{"start":{"line":37,"column":22},"end":{"line":37,"column":34}},{"start":{"line":37,"column":38},"end":{"line":37,"column":42}},{"start":{"line":37,"column":46},"end":{"line":37,"column":48}}],"line":37},"1":{"loc":{"start":{"line":38,"column":15},"end":{"line":38,"column":36}},"type":"binary-expr","locations":[{"start":{"line":38,"column":15},"end":{"line":38,"column":30}},{"start":{"line":38,"column":34},"end":{"line":38,"column":36}}],"line":38},"2":{"loc":{"start":{"line":41,"column":19},"end":{"line":41,"column":56}},"type":"binary-expr","locations":[{"start":{"line":41,"column":19},"end":{"line":41,"column":25}},{"start":{"line":41,"column":29},"end":{"line":41,"column":43}},{"start":{"line":41,"column":47},"end":{"line":41,"column":56}}],"line":41},"3":{"loc":{"start":{"line":42,"column":20},"end":{"line":42,"column":54}},"type":"binary-expr","locations":[{"start":{"line":42,"column":20},"end":{"line":42,"column":36}},{"start":{"line":42,"column":40},"end":{"line":42,"column":48}},{"start":{"line":42,"column":52},"end":{"line":42,"column":54}}],"line":42},"4":{"loc":{"start":{"line":45,"column":21},"end":{"line":45,"column":60}},"type":"binary-expr","locations":[{"start":{"line":45,"column":21},"end":{"line":45,"column":29}},{"start":{"line":45,"column":33},"end":{"line":45,"column":55}},{"start":{"line":45,"column":59},"end":{"line":45,"column":60}}],"line":45},"5":{"loc":{"start":{"line":46,"column":19},"end":{"line":46,"column":71}},"type":"binary-expr","locations":[{"start":{"line":46,"column":19},"end":{"line":46,"column":44}},{"start":{"line":46,"column":48},"end":{"line":46,"column":65}},{"start":{"line":46,"column":69},"end":{"line":46,"column":71}}],"line":46},"6":{"loc":{"start":{"line":47,"column":21},"end":{"line":47,"column":58}},"type":"binary-expr","locations":[{"start":{"line":47,"column":21},"end":{"line":47,"column":34}},{"start":{"line":47,"column":39},"end":{"line":47,"column":52}},{"start":{"line":47,"column":57},"end":{"line":47,"column":58}}],"line":47},"7":{"loc":{"start":{"line":48,"column":21},"end":{"line":48,"column":58}},"type":"binary-expr","locations":[{"start":{"line":48,"column":21},"end":{"line":48,"column":29}},{"start":{"line":48,"column":39},"end":{"line":48,"column":47}},{"start":{"line":48,"column":57},"end":{"line":48,"column":58}}],"line":48},"8":{"loc":{"start":{"line":49,"column":19},"end":{"line":50,"column":74}},"type":"cond-expr","locations":[{"start":{"line":50,"column":23},"end":{"line":50,"column":67}},{"start":{"line":50,"column":70},"end":{"line":50,"column":74}}],"line":49},"9":{"loc":{"start":{"line":51,"column":21},"end":{"line":51,"column":58}},"type":"binary-expr","locations":[{"start":{"line":51,"column":21},"end":{"line":51,"column":27}},{"start":{"line":51,"column":39},"end":{"line":51,"column":46}},{"start":{"line":51,"column":57},"end":{"line":51,"column":58}}],"line":51},"10":{"loc":{"start":{"line":52,"column":21},"end":{"line":52,"column":58}},"type":"binary-expr","locations":[{"start":{"line":52,"column":21},"end":{"line":52,"column":35}},{"start":{"line":52,"column":39},"end":{"line":52,"column":44}},{"start":{"line":52,"column":57},"end":{"line":52,"column":58}}],"line":52},"11":{"loc":{"start":{"line":53,"column":21},"end":{"line":53,"column":58}},"type":"binary-expr","locations":[{"start":{"line":53,"column":21},"end":{"line":53,"column":35}},{"start":{"line":53,"column":39},"end":{"line":53,"column":50}},{"start":{"line":53,"column":57},"end":{"line":53,"column":58}}],"line":53},"12":{"loc":{"start":{"line":54,"column":21},"end":{"line":54,"column":58}},"type":"binary-expr","locations":[{"start":{"line":54,"column":21},"end":{"line":54,"column":31}},{"start":{"line":54,"column":39},"end":{"line":54,"column":46}},{"start":{"line":54,"column":57},"end":{"line":54,"column":58}}],"line":54},"13":{"loc":{"start":{"line":55,"column":19},"end":{"line":56,"column":65}},"type":"cond-expr","locations":[{"start":{"line":56,"column":23},"end":{"line":56,"column":58}},{"start":{"line":56,"column":61},"end":{"line":56,"column":65}}],"line":55},"14":{"loc":{"start":{"line":57,"column":21},"end":{"line":57,"column":58}},"type":"binary-expr","locations":[{"start":{"line":57,"column":21},"end":{"line":57,"column":36}},{"start":{"line":57,"column":40},"end":{"line":57,"column":46}},{"start":{"line":57,"column":57},"end":{"line":57,"column":58}}],"line":57},"15":{"loc":{"start":{"line":58,"column":21},"end":{"line":58,"column":54}},"type":"binary-expr","locations":[{"start":{"line":58,"column":21},"end":{"line":58,"column":49}},{"start":{"line":58,"column":53},"end":{"line":58,"column":54}}],"line":58},"16":{"loc":{"start":{"line":84,"column":2},"end":{"line":94,"column":3}},"type":"if","locations":[{"start":{"line":84,"column":2},"end":{"line":94,"column":3}},{"start":{"line":92,"column":9},"end":{"line":94,"column":3}}],"line":84}},"s":{"0":0,"1":0,"2":0,"3":0,"4":0,"5":0,"6":0,"7":0,"8":0,"9":0,"10":0,"11":0,"12":0,"13":0,"14":0,"15":0,"16":0,"17":0,"18":0,"19":0,"20":0,"21":0,"22":0,"23":0,"24":0,"25":0,"26":0,"27":0,"28":0,"29":0,"30":0,"31":0,"32":0,"33":0},"f":{"0":0,"1":0,"2":0,"3":0,"4":0,"5":0,"6":0,"7":0},"b":{"0":[0,0,0],"1":[0,0],"2":[0,0,0],"3":[0,0,0],"4":[0,0,0],"5":[0,0,0],"6":[0,0,0],"7":[0,0,0],"8":[0,0],"9":[0,0,0],"10":[0,0,0],"11":[0,0,0],"12":[0,0,0],"13":[0,0],"14":[0,0,0],"15":[0,0],"16":[0,0]}}
,"/Users/fasihuddinahmer/Projects/AMAIOP/src/workers/token-cleanup.worker.js": {"path":"/Users/fasihuddinahmer/Projects/AMAIOP/src/workers/token-cleanup.worker.js","statementMap":{"0":{"start":{"line":4,"column":15},"end":{"line":4,"column":44}},"1":{"start":{"line":7,"column":14},"end":{"line":7,"column":24}},"2":{"start":{"line":9,"column":46},"end":{"line":22,"column":4}},"3":{"start":{"line":24,"column":2},"end":{"line":27,"column":5}}},"fnMap":{"0":{"name":"tokenCleanupProcessor","decl":{"start":{"line":6,"column":22},"end":{"line":6,"column":43}},"loc":{"start":{"line":6,"column":50},"end":{"line":28,"column":1}},"line":6}},"branchMap":{},"s":{"0":0,"1":0,"2":0,"3":0},"f":{"0":0},"b":{}}
}
