{"total": {"lines":{"total":4240,"covered":940,"skipped":0,"pct":22.16},"statements":{"total":4775,"covered":1003,"skipped":0,"pct":21},"functions":{"total":778,"covered":182,"skipped":0,"pct":23.39},"branches":{"total":3472,"covered":692,"skipped":0,"pct":19.93},"branchesTrue":{"total":0,"covered":0,"skipped":0,"pct":100}}
,"/Users/fasihuddinahmer/Projects/AMAIOP/src/api/middleware/auditLog.js": {"lines":{"total":39,"covered":0,"skipped":0,"pct":0},"functions":{"total":9,"covered":0,"skipped":0,"pct":0},"statements":{"total":44,"covered":0,"skipped":0,"pct":0},"branches":{"total":36,"covered":0,"skipped":0,"pct":0}}
,"/Users/fasihuddinahmer/Projects/AMAIOP/src/api/middleware/rateLimiter.js": {"lines":{"total":19,"covered":0,"skipped":0,"pct":0},"functions":{"total":9,"covered":0,"skipped":0,"pct":0},"statements":{"total":19,"covered":0,"skipped":0,"pct":0},"branches":{"total":0,"covered":0,"skipped":0,"pct":100}}
,"/Users/fasihuddinahmer/Projects/AMAIOP/src/api/middleware/requireActiveSubscription.js": {"lines":{"total":9,"covered":9,"skipped":0,"pct":100},"functions":{"total":1,"covered":1,"skipped":0,"pct":100},"statements":{"total":9,"covered":9,"skipped":0,"pct":100},"branches":{"total":17,"covered":17,"skipped":0,"pct":100}}
,"/Users/fasihuddinahmer/Projects/AMAIOP/src/api/middleware/requireAuth.js": {"lines":{"total":25,"covered":22,"skipped":0,"pct":88},"functions":{"total":2,"covered":2,"skipped":0,"pct":100},"statements":{"total":25,"covered":22,"skipped":0,"pct":88},"branches":{"total":12,"covered":10,"skipped":0,"pct":83.33}}
,"/Users/fasihuddinahmer/Projects/AMAIOP/src/api/middleware/requireRole.js": {"lines":{"total":10,"covered":10,"skipped":0,"pct":100},"functions":{"total":2,"covered":2,"skipped":0,"pct":100},"statements":{"total":10,"covered":10,"skipped":0,"pct":100},"branches":{"total":6,"covered":6,"skipped":0,"pct":100}}
,"/Users/fasihuddinahmer/Projects/AMAIOP/src/api/middleware/tenantFilter.js": {"lines":{"total":17,"covered":0,"skipped":0,"pct":0},"functions":{"total":7,"covered":0,"skipped":0,"pct":0},"statements":{"total":20,"covered":0,"skipped":0,"pct":0},"branches":{"total":9,"covered":0,"skipped":0,"pct":0}}
,"/Users/fasihuddinahmer/Projects/AMAIOP/src/api/middleware/withAmazonCredentials.js": {"lines":{"total":43,"covered":0,"skipped":0,"pct":0},"functions":{"total":4,"covered":0,"skipped":0,"pct":0},"statements":{"total":45,"covered":0,"skipped":0,"pct":0},"branches":{"total":25,"covered":0,"skipped":0,"pct":0}}
,"/Users/fasihuddinahmer/Projects/AMAIOP/src/api/middleware/withTenant.js": {"lines":{"total":19,"covered":19,"skipped":0,"pct":100},"functions":{"total":4,"covered":4,"skipped":0,"pct":100},"statements":{"total":20,"covered":20,"skipped":0,"pct":100},"branches":{"total":9,"covered":9,"skipped":0,"pct":100}}
,"/Users/fasihuddinahmer/Projects/AMAIOP/src/api/routes/alerts.js": {"lines":{"total":113,"covered":0,"skipped":0,"pct":0},"functions":{"total":15,"covered":0,"skipped":0,"pct":0},"statements":{"total":129,"covered":0,"skipped":0,"pct":0},"branches":{"total":70,"covered":0,"skipped":0,"pct":0}}
,"/Users/fasihuddinahmer/Projects/AMAIOP/src/api/routes/auth.js": {"lines":{"total":301,"covered":0,"skipped":0,"pct":0},"functions":{"total":27,"covered":0,"skipped":0,"pct":0},"statements":{"total":325,"covered":0,"skipped":0,"pct":0},"branches":{"total":177,"covered":0,"skipped":0,"pct":0}}
,"/Users/fasihuddinahmer/Projects/AMAIOP/src/api/routes/automation.js": {"lines":{"total":70,"covered":0,"skipped":0,"pct":0},"functions":{"total":8,"covered":0,"skipped":0,"pct":0},"statements":{"total":82,"covered":0,"skipped":0,"pct":0},"branches":{"total":57,"covered":0,"skipped":0,"pct":0}}
,"/Users/fasihuddinahmer/Projects/AMAIOP/src/api/routes/billing.js": {"lines":{"total":147,"covered":45,"skipped":0,"pct":30.61},"functions":{"total":18,"covered":2,"skipped":0,"pct":11.11},"statements":{"total":150,"covered":45,"skipped":0,"pct":30},"branches":{"total":90,"covered":19,"skipped":0,"pct":21.11}}
,"/Users/fasihuddinahmer/Projects/AMAIOP/src/api/routes/brand-analytics.js": {"lines":{"total":140,"covered":0,"skipped":0,"pct":0},"functions":{"total":20,"covered":0,"skipped":0,"pct":0},"statements":{"total":145,"covered":0,"skipped":0,"pct":0},"branches":{"total":88,"covered":0,"skipped":0,"pct":0}}
,"/Users/fasihuddinahmer/Projects/AMAIOP/src/api/routes/campaigns.js": {"lines":{"total":54,"covered":0,"skipped":0,"pct":0},"functions":{"total":12,"covered":0,"skipped":0,"pct":0},"statements":{"total":68,"covered":0,"skipped":0,"pct":0},"branches":{"total":42,"covered":0,"skipped":0,"pct":0}}
,"/Users/fasihuddinahmer/Projects/AMAIOP/src/api/routes/credentials.js": {"lines":{"total":23,"covered":0,"skipped":0,"pct":0},"functions":{"total":3,"covered":0,"skipped":0,"pct":0},"statements":{"total":23,"covered":0,"skipped":0,"pct":0},"branches":{"total":10,"covered":0,"skipped":0,"pct":0}}
,"/Users/fasihuddinahmer/Projects/AMAIOP/src/api/routes/image-optimizer.js": {"lines":{"total":14,"covered":0,"skipped":0,"pct":0},"functions":{"total":2,"covered":0,"skipped":0,"pct":0},"statements":{"total":14,"covered":0,"skipped":0,"pct":0},"branches":{"total":8,"covered":0,"skipped":0,"pct":0}}
,"/Users/fasihuddinahmer/Projects/AMAIOP/src/api/routes/index.js": {"lines":{"total":29,"covered":0,"skipped":0,"pct":0},"functions":{"total":0,"covered":0,"skipped":0,"pct":100},"statements":{"total":29,"covered":0,"skipped":0,"pct":0},"branches":{"total":0,"covered":0,"skipped":0,"pct":100}}
,"/Users/fasihuddinahmer/Projects/AMAIOP/src/api/routes/keepa.js": {"lines":{"total":72,"covered":0,"skipped":0,"pct":0},"functions":{"total":13,"covered":0,"skipped":0,"pct":0},"statements":{"total":74,"covered":0,"skipped":0,"pct":0},"branches":{"total":26,"covered":0,"skipped":0,"pct":0}}
,"/Users/fasihuddinahmer/Projects/AMAIOP/src/api/routes/keywords.js": {"lines":{"total":88,"covered":0,"skipped":0,"pct":0},"functions":{"total":19,"covered":0,"skipped":0,"pct":0},"statements":{"total":101,"covered":0,"skipped":0,"pct":0},"branches":{"total":86,"covered":0,"skipped":0,"pct":0}}
,"/Users/fasihuddinahmer/Projects/AMAIOP/src/api/routes/listings.js": {"lines":{"total":157,"covered":0,"skipped":0,"pct":0},"functions":{"total":17,"covered":0,"skipped":0,"pct":0},"statements":{"total":208,"covered":0,"skipped":0,"pct":0},"branches":{"total":152,"covered":0,"skipped":0,"pct":0}}
,"/Users/fasihuddinahmer/Projects/AMAIOP/src/api/routes/mcp.js": {"lines":{"total":14,"covered":0,"skipped":0,"pct":0},"functions":{"total":2,"covered":0,"skipped":0,"pct":0},"statements":{"total":15,"covered":0,"skipped":0,"pct":0},"branches":{"total":17,"covered":0,"skipped":0,"pct":0}}
,"/Users/fasihuddinahmer/Projects/AMAIOP/src/api/routes/onboarding.js": {"lines":{"total":9,"covered":9,"skipped":0,"pct":100},"functions":{"total":1,"covered":1,"skipped":0,"pct":100},"statements":{"total":9,"covered":9,"skipped":0,"pct":100},"branches":{"total":11,"covered":11,"skipped":0,"pct":100}}
,"/Users/fasihuddinahmer/Projects/AMAIOP/src/api/routes/orgs.js": {"lines":{"total":122,"covered":92,"skipped":0,"pct":75.4},"functions":{"total":19,"covered":17,"skipped":0,"pct":89.47},"statements":{"total":140,"covered":101,"skipped":0,"pct":72.14},"branches":{"total":62,"covered":38,"skipped":0,"pct":61.29}}
,"/Users/fasihuddinahmer/Projects/AMAIOP/src/api/routes/profiles.js": {"lines":{"total":36,"covered":0,"skipped":0,"pct":0},"functions":{"total":5,"covered":0,"skipped":0,"pct":0},"statements":{"total":37,"covered":0,"skipped":0,"pct":0},"branches":{"total":38,"covered":0,"skipped":0,"pct":0}}
,"/Users/fasihuddinahmer/Projects/AMAIOP/src/api/routes/public-stats.js": {"lines":{"total":16,"covered":0,"skipped":0,"pct":0},"functions":{"total":1,"covered":0,"skipped":0,"pct":0},"statements":{"total":16,"covered":0,"skipped":0,"pct":0},"branches":{"total":2,"covered":0,"skipped":0,"pct":0}}
,"/Users/fasihuddinahmer/Projects/AMAIOP/src/api/routes/reporting-agent.js": {"lines":{"total":39,"covered":0,"skipped":0,"pct":0},"functions":{"total":6,"covered":0,"skipped":0,"pct":0},"statements":{"total":44,"covered":0,"skipped":0,"pct":0},"branches":{"total":46,"covered":0,"skipped":0,"pct":0}}
,"/Users/fasihuddinahmer/Projects/AMAIOP/src/api/routes/reports.js": {"lines":{"total":75,"covered":0,"skipped":0,"pct":0},"functions":{"total":15,"covered":0,"skipped":0,"pct":0},"statements":{"total":88,"covered":0,"skipped":0,"pct":0},"branches":{"total":60,"covered":0,"skipped":0,"pct":0}}
,"/Users/fasihuddinahmer/Projects/AMAIOP/src/api/routes/sales.js": {"lines":{"total":26,"covered":0,"skipped":0,"pct":0},"functions":{"total":3,"covered":0,"skipped":0,"pct":0},"statements":{"total":28,"covered":0,"skipped":0,"pct":0},"branches":{"total":14,"covered":0,"skipped":0,"pct":0}}
,"/Users/fasihuddinahmer/Projects/AMAIOP/src/api/routes/search-terms.js": {"lines":{"total":118,"covered":0,"skipped":0,"pct":0},"functions":{"total":24,"covered":0,"skipped":0,"pct":0},"statements":{"total":158,"covered":0,"skipped":0,"pct":0},"branches":{"total":95,"covered":0,"skipped":0,"pct":0}}
,"/Users/fasihuddinahmer/Projects/AMAIOP/src/api/routes/sp-oauth.js": {"lines":{"total":107,"covered":69,"skipped":0,"pct":64.48},"functions":{"total":10,"covered":8,"skipped":0,"pct":80},"statements":{"total":116,"covered":74,"skipped":0,"pct":63.79},"branches":{"total":56,"covered":28,"skipped":0,"pct":50}}
,"/Users/fasihuddinahmer/Projects/AMAIOP/src/api/utils/dates.js": {"lines":{"total":10,"covered":10,"skipped":0,"pct":100},"functions":{"total":5,"covered":5,"skipped":0,"pct":100},"statements":{"total":10,"covered":10,"skipped":0,"pct":100},"branches":{"total":0,"covered":0,"skipped":0,"pct":100}}
,"/Users/fasihuddinahmer/Projects/AMAIOP/src/api/utils/listingKeywords.js": {"lines":{"total":3,"covered":3,"skipped":0,"pct":100},"functions":{"total":3,"covered":3,"skipped":0,"pct":100},"statements":{"total":3,"covered":3,"skipped":0,"pct":100},"branches":{"total":7,"covered":2,"skipped":0,"pct":28.57}}
,"/Users/fasihuddinahmer/Projects/AMAIOP/src/api/utils/logger.js": {"lines":{"total":26,"covered":19,"skipped":0,"pct":73.07},"functions":{"total":12,"covered":9,"skipped":0,"pct":75},"statements":{"total":26,"covered":19,"skipped":0,"pct":73.07},"branches":{"total":21,"covered":14,"skipped":0,"pct":66.66}}
,"/Users/fasihuddinahmer/Projects/AMAIOP/src/api/utils/marketplaces.js": {"lines":{"total":4,"covered":0,"skipped":0,"pct":0},"functions":{"total":2,"covered":0,"skipped":0,"pct":0},"statements":{"total":4,"covered":0,"skipped":0,"pct":0},"branches":{"total":4,"covered":0,"skipped":0,"pct":0}}
,"/Users/fasihuddinahmer/Projects/AMAIOP/src/api/utils/pruneProfile.js": {"lines":{"total":41,"covered":0,"skipped":0,"pct":0},"functions":{"total":7,"covered":0,"skipped":0,"pct":0},"statements":{"total":49,"covered":0,"skipped":0,"pct":0},"branches":{"total":66,"covered":0,"skipped":0,"pct":0}}
,"/Users/fasihuddinahmer/Projects/AMAIOP/src/api/utils/rateLimit.js": {"lines":{"total":27,"covered":0,"skipped":0,"pct":0},"functions":{"total":5,"covered":0,"skipped":0,"pct":0},"statements":{"total":28,"covered":0,"skipped":0,"pct":0},"branches":{"total":21,"covered":0,"skipped":0,"pct":0}}
,"/Users/fasihuddinahmer/Projects/AMAIOP/src/api/utils/retry.js": {"lines":{"total":26,"covered":25,"skipped":0,"pct":96.15},"functions":{"total":6,"covered":6,"skipped":0,"pct":100},"statements":{"total":28,"covered":26,"skipped":0,"pct":92.85},"branches":{"total":28,"covered":23,"skipped":0,"pct":82.14}}
,"/Users/fasihuddinahmer/Projects/AMAIOP/src/api/utils/validation.js": {"lines":{"total":27,"covered":27,"skipped":0,"pct":100},"functions":{"total":6,"covered":6,"skipped":0,"pct":100},"statements":{"total":29,"covered":29,"skipped":0,"pct":100},"branches":{"total":30,"covered":30,"skipped":0,"pct":100}}
,"/Users/fasihuddinahmer/Projects/AMAIOP/src/config/paths.js": {"lines":{"total":4,"covered":4,"skipped":0,"pct":100},"functions":{"total":1,"covered":1,"skipped":0,"pct":100},"statements":{"total":4,"covered":4,"skipped":0,"pct":100},"branches":{"total":4,"covered":3,"skipped":0,"pct":75}}
,"/Users/fasihuddinahmer/Projects/AMAIOP/src/config/pricing.js": {"lines":{"total":2,"covered":2,"skipped":0,"pct":100},"functions":{"total":0,"covered":0,"skipped":0,"pct":100},"statements":{"total":2,"covered":2,"skipped":0,"pct":100},"branches":{"total":0,"covered":0,"skipped":0,"pct":100}}
,"/Users/fasihuddinahmer/Projects/AMAIOP/src/db/encryption.js": {"lines":{"total":54,"covered":54,"skipped":0,"pct":100},"functions":{"total":7,"covered":7,"skipped":0,"pct":100},"statements":{"total":57,"covered":56,"skipped":0,"pct":98.24},"branches":{"total":17,"covered":16,"skipped":0,"pct":94.11}}
,"/Users/fasihuddinahmer/Projects/AMAIOP/src/db/password.js": {"lines":{"total":8,"covered":8,"skipped":0,"pct":100},"functions":{"total":3,"covered":3,"skipped":0,"pct":100},"statements":{"total":8,"covered":8,"skipped":0,"pct":100},"branches":{"total":10,"covered":10,"skipped":0,"pct":100}}
,"/Users/fasihuddinahmer/Projects/AMAIOP/src/db/prisma.js": {"lines":{"total":6,"covered":6,"skipped":0,"pct":100},"functions":{"total":0,"covered":0,"skipped":0,"pct":100},"statements":{"total":6,"covered":6,"skipped":0,"pct":100},"branches":{"total":8,"covered":6,"skipped":0,"pct":75}}
,"/Users/fasihuddinahmer/Projects/AMAIOP/src/db/tenant-context.js": {"lines":{"total":6,"covered":5,"skipped":0,"pct":83.33},"functions":{"total":3,"covered":3,"skipped":0,"pct":100},"statements":{"total":6,"covered":5,"skipped":0,"pct":83.33},"branches":{"total":2,"covered":1,"skipped":0,"pct":50}}
,"/Users/fasihuddinahmer/Projects/AMAIOP/src/db/tenant-guard.js": {"lines":{"total":53,"covered":46,"skipped":0,"pct":86.79},"functions":{"total":7,"covered":6,"skipped":0,"pct":85.71},"statements":{"total":58,"covered":50,"skipped":0,"pct":86.2},"branches":{"total":48,"covered":39,"skipped":0,"pct":81.25}}
,"/Users/fasihuddinahmer/Projects/AMAIOP/src/services/alert-evaluator.js": {"lines":{"total":43,"covered":30,"skipped":0,"pct":69.76},"functions":{"total":7,"covered":3,"skipped":0,"pct":42.85},"statements":{"total":57,"covered":38,"skipped":0,"pct":66.66},"branches":{"total":42,"covered":31,"skipped":0,"pct":73.8}}
,"/Users/fasihuddinahmer/Projects/AMAIOP/src/services/amazon-ads.js": {"lines":{"total":194,"covered":61,"skipped":0,"pct":31.44},"functions":{"total":35,"covered":11,"skipped":0,"pct":31.42},"statements":{"total":222,"covered":64,"skipped":0,"pct":28.82},"branches":{"total":132,"covered":30,"skipped":0,"pct":22.72}}
,"/Users/fasihuddinahmer/Projects/AMAIOP/src/services/amazon-brand-analytics-api.js": {"lines":{"total":126,"covered":61,"skipped":0,"pct":48.41},"functions":{"total":36,"covered":25,"skipped":0,"pct":69.44},"statements":{"total":144,"covered":66,"skipped":0,"pct":45.83},"branches":{"total":165,"covered":96,"skipped":0,"pct":58.18}}
,"/Users/fasihuddinahmer/Projects/AMAIOP/src/services/amazon-sp-api.js": {"lines":{"total":164,"covered":0,"skipped":0,"pct":0},"functions":{"total":22,"covered":0,"skipped":0,"pct":0},"statements":{"total":181,"covered":0,"skipped":0,"pct":0},"branches":{"total":171,"covered":0,"skipped":0,"pct":0}}
,"/Users/fasihuddinahmer/Projects/AMAIOP/src/services/apple-auth.js": {"lines":{"total":31,"covered":31,"skipped":0,"pct":100},"functions":{"total":5,"covered":5,"skipped":0,"pct":100},"statements":{"total":36,"covered":35,"skipped":0,"pct":97.22},"branches":{"total":18,"covered":15,"skipped":0,"pct":83.33}}
,"/Users/fasihuddinahmer/Projects/AMAIOP/src/services/auth-utils.js": {"lines":{"total":27,"covered":26,"skipped":0,"pct":96.29},"functions":{"total":6,"covered":6,"skipped":0,"pct":100},"statements":{"total":27,"covered":26,"skipped":0,"pct":96.29},"branches":{"total":13,"covered":10,"skipped":0,"pct":76.92}}
,"/Users/fasihuddinahmer/Projects/AMAIOP/src/services/brand-analytics-scheduler.js": {"lines":{"total":67,"covered":40,"skipped":0,"pct":59.7},"functions":{"total":7,"covered":3,"skipped":0,"pct":42.85},"statements":{"total":72,"covered":43,"skipped":0,"pct":59.72},"branches":{"total":41,"covered":23,"skipped":0,"pct":56.09}}
,"/Users/fasihuddinahmer/Projects/AMAIOP/src/services/claude-mcp.js": {"lines":{"total":116,"covered":0,"skipped":0,"pct":0},"functions":{"total":43,"covered":0,"skipped":0,"pct":0},"statements":{"total":141,"covered":0,"skipped":0,"pct":0},"branches":{"total":175,"covered":0,"skipped":0,"pct":0}}
,"/Users/fasihuddinahmer/Projects/AMAIOP/src/services/credentials.js": {"lines":{"total":39,"covered":31,"skipped":0,"pct":79.48},"functions":{"total":5,"covered":3,"skipped":0,"pct":60},"statements":{"total":45,"covered":35,"skipped":0,"pct":77.77},"branches":{"total":34,"covered":27,"skipped":0,"pct":79.41}}
,"/Users/fasihuddinahmer/Projects/AMAIOP/src/services/dead-letter.js": {"lines":{"total":14,"covered":14,"skipped":0,"pct":100},"functions":{"total":6,"covered":4,"skipped":0,"pct":66.66},"statements":{"total":15,"covered":15,"skipped":0,"pct":100},"branches":{"total":20,"covered":14,"skipped":0,"pct":70}}
,"/Users/fasihuddinahmer/Projects/AMAIOP/src/services/email.js": {"lines":{"total":43,"covered":42,"skipped":0,"pct":97.67},"functions":{"total":16,"covered":16,"skipped":0,"pct":100},"statements":{"total":55,"covered":51,"skipped":0,"pct":92.72},"branches":{"total":44,"covered":29,"skipped":0,"pct":65.9}}
,"/Users/fasihuddinahmer/Projects/AMAIOP/src/services/image-optimizer.js": {"lines":{"total":89,"covered":0,"skipped":0,"pct":0},"functions":{"total":13,"covered":0,"skipped":0,"pct":0},"statements":{"total":107,"covered":0,"skipped":0,"pct":0},"branches":{"total":114,"covered":0,"skipped":0,"pct":0}}
,"/Users/fasihuddinahmer/Projects/AMAIOP/src/services/keepa.js": {"lines":{"total":176,"covered":0,"skipped":0,"pct":0},"functions":{"total":30,"covered":0,"skipped":0,"pct":0},"statements":{"total":203,"covered":0,"skipped":0,"pct":0},"branches":{"total":165,"covered":0,"skipped":0,"pct":0}}
,"/Users/fasihuddinahmer/Projects/AMAIOP/src/services/queue.js": {"lines":{"total":81,"covered":20,"skipped":0,"pct":24.69},"functions":{"total":27,"covered":1,"skipped":0,"pct":3.7},"statements":{"total":83,"covered":20,"skipped":0,"pct":24.09},"branches":{"total":4,"covered":2,"skipped":0,"pct":50}}
,"/Users/fasihuddinahmer/Projects/AMAIOP/src/services/razorpay.js": {"lines":{"total":62,"covered":36,"skipped":0,"pct":58.06},"functions":{"total":13,"covered":8,"skipped":0,"pct":61.53},"statements":{"total":66,"covered":37,"skipped":0,"pct":56.06},"branches":{"total":47,"covered":29,"skipped":0,"pct":61.7}}
,"/Users/fasihuddinahmer/Projects/AMAIOP/src/services/rule-engine.js": {"lines":{"total":50,"covered":0,"skipped":0,"pct":0},"functions":{"total":7,"covered":0,"skipped":0,"pct":0},"statements":{"total":54,"covered":0,"skipped":0,"pct":0},"branches":{"total":40,"covered":0,"skipped":0,"pct":0}}
,"/Users/fasihuddinahmer/Projects/AMAIOP/src/services/search-term-classifier.js": {"lines":{"total":14,"covered":14,"skipped":0,"pct":100},"functions":{"total":2,"covered":2,"skipped":0,"pct":100},"statements":{"total":14,"covered":14,"skipped":0,"pct":100},"branches":{"total":60,"covered":58,"skipped":0,"pct":96.66}}
,"/Users/fasihuddinahmer/Projects/AMAIOP/src/services/search-term-windows.js": {"lines":{"total":26,"covered":2,"skipped":0,"pct":7.69},"functions":{"total":4,"covered":0,"skipped":0,"pct":0},"statements":{"total":30,"covered":2,"skipped":0,"pct":6.66},"branches":{"total":26,"covered":0,"skipped":0,"pct":0}}
,"/Users/fasihuddinahmer/Projects/AMAIOP/src/services/slack.js": {"lines":{"total":33,"covered":2,"skipped":0,"pct":6.06},"functions":{"total":8,"covered":0,"skipped":0,"pct":0},"statements":{"total":41,"covered":2,"skipped":0,"pct":4.87},"branches":{"total":31,"covered":0,"skipped":0,"pct":0}}
,"/Users/fasihuddinahmer/Projects/AMAIOP/src/services/brand-analytics/analytics.js": {"lines":{"total":62,"covered":0,"skipped":0,"pct":0},"functions":{"total":31,"covered":0,"skipped":0,"pct":0},"statements":{"total":76,"covered":0,"skipped":0,"pct":0},"branches":{"total":51,"covered":0,"skipped":0,"pct":0}}
,"/Users/fasihuddinahmer/Projects/AMAIOP/src/services/brand-analytics/insights.js": {"lines":{"total":65,"covered":0,"skipped":0,"pct":0},"functions":{"total":23,"covered":0,"skipped":0,"pct":0},"statements":{"total":80,"covered":0,"skipped":0,"pct":0},"branches":{"total":124,"covered":0,"skipped":0,"pct":0}}
,"/Users/fasihuddinahmer/Projects/AMAIOP/src/services/brand-analytics/loader.js": {"lines":{"total":122,"covered":20,"skipped":0,"pct":16.39},"functions":{"total":19,"covered":6,"skipped":0,"pct":31.57},"statements":{"total":132,"covered":21,"skipped":0,"pct":15.9},"branches":{"total":100,"covered":9,"skipped":0,"pct":9}}
,"/Users/fasihuddinahmer/Projects/AMAIOP/src/services/brand-analytics/parser.js": {"lines":{"total":152,"covered":3,"skipped":0,"pct":1.97},"functions":{"total":39,"covered":0,"skipped":0,"pct":0},"statements":{"total":174,"covered":3,"skipped":0,"pct":1.72},"branches":{"total":107,"covered":0,"skipped":0,"pct":0}}
,"/Users/fasihuddinahmer/Projects/AMAIOP/src/workers/alert-evaluation.worker.js": {"lines":{"total":47,"covered":0,"skipped":0,"pct":0},"functions":{"total":6,"covered":0,"skipped":0,"pct":0},"statements":{"total":51,"covered":0,"skipped":0,"pct":0},"branches":{"total":24,"covered":0,"skipped":0,"pct":0}}
,"/Users/fasihuddinahmer/Projects/AMAIOP/src/workers/automation.worker.js": {"lines":{"total":31,"covered":0,"skipped":0,"pct":0},"functions":{"total":2,"covered":0,"skipped":0,"pct":0},"statements":{"total":32,"covered":0,"skipped":0,"pct":0},"branches":{"total":10,"covered":0,"skipped":0,"pct":0}}
,"/Users/fasihuddinahmer/Projects/AMAIOP/src/workers/billing-reconcile.worker.js": {"lines":{"total":4,"covered":0,"skipped":0,"pct":0},"functions":{"total":1,"covered":0,"skipped":0,"pct":0},"statements":{"total":4,"covered":0,"skipped":0,"pct":0},"branches":{"total":0,"covered":0,"skipped":0,"pct":100}}
,"/Users/fasihuddinahmer/Projects/AMAIOP/src/workers/brand-analytics-fetch.worker.js": {"lines":{"total":42,"covered":0,"skipped":0,"pct":0},"functions":{"total":5,"covered":0,"skipped":0,"pct":0},"statements":{"total":51,"covered":0,"skipped":0,"pct":0},"branches":{"total":27,"covered":0,"skipped":0,"pct":0}}
,"/Users/fasihuddinahmer/Projects/AMAIOP/src/workers/bulk-listing.worker.js": {"lines":{"total":26,"covered":23,"skipped":0,"pct":88.46},"functions":{"total":6,"covered":3,"skipped":0,"pct":50},"statements":{"total":27,"covered":23,"skipped":0,"pct":85.18},"branches":{"total":46,"covered":37,"skipped":0,"pct":80.43}}
,"/Users/fasihuddinahmer/Projects/AMAIOP/src/workers/reporting.worker.js": {"lines":{"total":42,"covered":0,"skipped":0,"pct":0},"functions":{"total":8,"covered":0,"skipped":0,"pct":0},"statements":{"total":42,"covered":0,"skipped":0,"pct":0},"branches":{"total":54,"covered":0,"skipped":0,"pct":0}}
,"/Users/fasihuddinahmer/Projects/AMAIOP/src/workers/token-cleanup.worker.js": {"lines":{"total":4,"covered":0,"skipped":0,"pct":0},"functions":{"total":1,"covered":0,"skipped":0,"pct":0},"statements":{"total":4,"covered":0,"skipped":0,"pct":0},"branches":{"total":0,"covered":0,"skipped":0,"pct":100}}
}
