{"/Users/fasihuddinahmer/Projects/hive-mind-ad-optimizer/.claude/worktrees/relaxed-wilson/src/api/middleware/requireAuth.js": {"path":"/Users/fasihuddinahmer/Projects/hive-mind-ad-optimizer/.claude/worktrees/relaxed-wilson/src/api/middleware/requireAuth.js","statementMap":{"0":{"start":{"line":3,"column":19},"end":{"line":12,"column":4}},"1":{"start":{"line":4,"column":17},"end":{"line":4,"column":43}},"2":{"start":{"line":5,"column":2},"end":{"line":10,"column":3}},"3":{"start":{"line":6,"column":4},"end":{"line":9,"column":6}},"4":{"start":{"line":11,"column":2},"end":{"line":11,"column":16}},"5":{"start":{"line":14,"column":20},"end":{"line":14,"column":31}},"6":{"start":{"line":22,"column":16},"end":{"line":22,"column":42}},"7":{"start":{"line":23,"column":2},"end":{"line":23,"column":69}},"8":{"start":{"line":23,"column":14},"end":{"line":23,"column":69}},"9":{"start":{"line":25,"column":2},"end":{"line":30,"column":3}},"10":{"start":{"line":26,"column":4},"end":{"line":26,"column":45}},"11":{"start":{"line":27,"column":4},"end":{"line":27,"column":11}},"12":{"start":{"line":29,"column":4},"end":{"line":29,"column":77}}},"fnMap":{"0":{"name":"(anonymous_0)","decl":{"start":{"line":3,"column":20},"end":{"line":3,"column":21}},"loc":{"start":{"line":3,"column":26},"end":{"line":12,"column":1}},"line":3},"1":{"name":"requireAuth","decl":{"start":{"line":21,"column":16},"end":{"line":21,"column":27}},"loc":{"start":{"line":21,"column":44},"end":{"line":31,"column":1}},"line":21}},"branchMap":{"0":{"loc":{"start":{"line":5,"column":2},"end":{"line":10,"column":3}},"type":"if","locations":[{"start":{"line":5,"column":2},"end":{"line":10,"column":3}},{"start":{},"end":{}}],"line":5},"1":{"loc":{"start":{"line":23,"column":2},"end":{"line":23,"column":69}},"type":"if","locations":[{"start":{"line":23,"column":2},"end":{"line":23,"column":69}},{"start":{},"end":{}}],"line":23}},"s":{"0":1,"1":1,"2":1,"3":0,"4":1,"5":1,"6":19,"7":19,"8":6,"9":13,"10":13,"11":6,"12":7},"f":{"0":1,"1":19},"b":{"0":[0,1],"1":[6,13]},"_coverageSchema":"1a1c01bbd47fc00a2c39e90264f33305004495a9","hash":"c9091d8519626914d93a84e0d2c6c6a56ed9ba02"}
,"/Users/fasihuddinahmer/Projects/hive-mind-ad-optimizer/.claude/worktrees/relaxed-wilson/src/api/routes/auth.js": {"path":"/Users/fasihuddinahmer/Projects/hive-mind-ad-optimizer/.claude/worktrees/relaxed-wilson/src/api/routes/auth.js","statementMap":{"0":{"start":{"line":5,"column":15},"end":{"line":5,"column":31}},"1":{"start":{"line":7,"column":20},"end":{"line":7,"column":75}},"2":{"start":{"line":8,"column":20},"end":{"line":8,"column":31}},"3":{"start":{"line":9,"column":20},"end":{"line":14,"column":1}},"4":{"start":{"line":23,"column":0},"end":{"line":40,"column":3}},"5":{"start":{"line":24,"column":30},"end":{"line":24,"column":38}},"6":{"start":{"line":25,"column":24},"end":{"line":25,"column":47}},"7":{"start":{"line":26,"column":24},"end":{"line":26,"column":50}},"8":{"start":{"line":28,"column":2},"end":{"line":30,"column":3}},"9":{"start":{"line":29,"column":4},"end":{"line":29,"column":125}},"10":{"start":{"line":32,"column":2},"end":{"line":37,"column":3}},"11":{"start":{"line":33,"column":18},"end":{"line":33,"column":70}},"12":{"start":{"line":34,"column":19},"end":{"line":34,"column":56}},"13":{"start":{"line":35,"column":4},"end":{"line":35,"column":71}},"14":{"start":{"line":36,"column":4},"end":{"line":36,"column":41}},"15":{"start":{"line":39,"column":2},"end":{"line":39,"column":63}},"16":{"start":{"line":46,"column":0},"end":{"line":56,"column":3}},"17":{"start":{"line":47,"column":16},"end":{"line":47,"column":42}},"18":{"start":{"line":48,"column":2},"end":{"line":48,"column":74}},"19":{"start":{"line":48,"column":14},"end":{"line":48,"column":74}},"20":{"start":{"line":50,"column":2},"end":{"line":55,"column":3}},"21":{"start":{"line":51,"column":20},"end":{"line":51,"column":49}},"22":{"start":{"line":52,"column":4},"end":{"line":52,"column":39}},"23":{"start":{"line":54,"column":4},"end":{"line":54,"column":77}},"24":{"start":{"line":62,"column":0},"end":{"line":65,"column":3}},"25":{"start":{"line":63,"column":2},"end":{"line":63,"column":31}},"26":{"start":{"line":64,"column":2},"end":{"line":64,"column":25}},"27":{"start":{"line":69,"column":22},"end":{"line":69,"column":54}},"28":{"start":{"line":70,"column":22},"end":{"line":70,"column":58}},"29":{"start":{"line":73,"column":23},"end":{"line":79,"column":1}},"30":{"start":{"line":74,"column":18},"end":{"line":74,"column":100}},"31":{"start":{"line":75,"column":2},"end":{"line":77,"column":3}},"32":{"start":{"line":76,"column":4},"end":{"line":76,"column":85}},"33":{"start":{"line":78,"column":2},"end":{"line":78,"column":47}},"34":{"start":{"line":81,"column":0},"end":{"line":85,"column":3}},"35":{"start":{"line":82,"column":22},"end":{"line":82,"column":41}},"36":{"start":{"line":83,"column":18},"end":{"line":83,"column":177}},"37":{"start":{"line":84,"column":2},"end":{"line":84,"column":24}},"38":{"start":{"line":87,"column":0},"end":{"line":111,"column":3}},"39":{"start":{"line":88,"column":19},"end":{"line":88,"column":28}},"40":{"start":{"line":89,"column":2},"end":{"line":89,"column":75}},"41":{"start":{"line":89,"column":13},"end":{"line":89,"column":75}},"42":{"start":{"line":91,"column":2},"end":{"line":110,"column":3}},"43":{"start":{"line":92,"column":24},"end":{"line":92,"column":43}},"44":{"start":{"line":93,"column":21},"end":{"line":96,"column":77}},"45":{"start":{"line":98,"column":30},"end":{"line":98,"column":43}},"46":{"start":{"line":99,"column":4},"end":{"line":99,"column":50}},"47":{"start":{"line":103,"column":4},"end":{"line":107,"column":7}},"48":{"start":{"line":109,"column":4},"end":{"line":109,"column":50}}},"fnMap":{"0":{"name":"(anonymous_0)","decl":{"start":{"line":23,"column":22},"end":{"line":23,"column":23}},"loc":{"start":{"line":23,"column":36},"end":{"line":40,"column":1}},"line":23},"1":{"name":"(anonymous_1)","decl":{"start":{"line":46,"column":18},"end":{"line":46,"column":19}},"loc":{"start":{"line":46,"column":32},"end":{"line":56,"column":1}},"line":46},"2":{"name":"(anonymous_2)","decl":{"start":{"line":62,"column":23},"end":{"line":62,"column":24}},"loc":{"start":{"line":62,"column":37},"end":{"line":65,"column":1}},"line":62},"3":{"name":"(anonymous_3)","decl":{"start":{"line":73,"column":23},"end":{"line":73,"column":24}},"loc":{"start":{"line":73,"column":32},"end":{"line":79,"column":1}},"line":73},"4":{"name":"(anonymous_4)","decl":{"start":{"line":81,"column":32},"end":{"line":81,"column":33}},"loc":{"start":{"line":81,"column":46},"end":{"line":85,"column":1}},"line":81},"5":{"name":"(anonymous_5)","decl":{"start":{"line":87,"column":31},"end":{"line":87,"column":32}},"loc":{"start":{"line":87,"column":51},"end":{"line":111,"column":1}},"line":87}},"branchMap":{"0":{"loc":{"start":{"line":7,"column":20},"end":{"line":7,"column":75}},"type":"binary-expr","locations":[{"start":{"line":7,"column":20},"end":{"line":7,"column":46}},{"start":{"line":7,"column":50},"end":{"line":7,"column":75}}],"line":7},"1":{"loc":{"start":{"line":28,"column":2},"end":{"line":30,"column":3}},"type":"if","locations":[{"start":{"line":28,"column":2},"end":{"line":30,"column":3}},{"start":{},"end":{}}],"line":28},"2":{"loc":{"start":{"line":28,"column":6},"end":{"line":28,"column":35}},"type":"binary-expr","locations":[{"start":{"line":28,"column":6},"end":{"line":28,"column":17}},{"start":{"line":28,"column":21},"end":{"line":28,"column":35}}],"line":28},"3":{"loc":{"start":{"line":32,"column":2},"end":{"line":37,"column":3}},"type":"if","locations":[{"start":{"line":32,"column":2},"end":{"line":37,"column":3}},{"start":{},"end":{}}],"line":32},"4":{"loc":{"start":{"line":32,"column":6},"end":{"line":32,"column":56}},"type":"binary-expr","locations":[{"start":{"line":32,"column":6},"end":{"line":32,"column":26}},{"start":{"line":32,"column":30},"end":{"line":32,"column":56}}],"line":32},"5":{"loc":{"start":{"line":48,"column":2},"end":{"line":48,"column":74}},"type":"if","locations":[{"start":{"line":48,"column":2},"end":{"line":48,"column":74}},{"start":{},"end":{}}],"line":48},"6":{"loc":{"start":{"line":74,"column":18},"end":{"line":74,"column":100}},"type":"binary-expr","locations":[{"start":{"line":74,"column":18},"end":{"line":74,"column":38}},{"start":{"line":74,"column":43},"end":{"line":74,"column":99}}],"line":74},"7":{"loc":{"start":{"line":74,"column":43},"end":{"line":74,"column":99}},"type":"cond-expr","locations":[{"start":{"line":74,"column":49},"end":{"line":74,"column":87}},{"start":{"line":74,"column":90},"end":{"line":74,"column":99}}],"line":74},"8":{"loc":{"start":{"line":75,"column":2},"end":{"line":77,"column":3}},"type":"if","locations":[{"start":{"line":75,"column":2},"end":{"line":77,"column":3}},{"start":{},"end":{}}],"line":75},"9":{"loc":{"start":{"line":89,"column":2},"end":{"line":89,"column":75}},"type":"if","locations":[{"start":{"line":89,"column":2},"end":{"line":89,"column":75}},{"start":{},"end":{}}],"line":89}},"s":{"0":0,"1":0,"2":0,"3":0,"4":0,"5":0,"6":0,"7":0,"8":0,"9":0,"10":0,"11":0,"12":0,"13":0,"14":0,"15":0,"16":0,"17":0,"18":0,"19":0,"20":0,"21":0,"22":0,"23":0,"24":0,"25":0,"26":0,"27":0,"28":0,"29":0,"30":0,"31":0,"32":0,"33":0,"34":0,"35":0,"36":0,"37":0,"38":0,"39":0,"40":0,"41":0,"42":0,"43":0,"44":0,"45":0,"46":0,"47":0,"48":0},"f":{"0":0,"1":0,"2":0,"3":0,"4":0,"5":0},"b":{"0":[0,0],"1":[0,0],"2":[0,0],"3":[0,0],"4":[0,0],"5":[0,0],"6":[0,0],"7":[0,0],"8":[0,0],"9":[0,0]}}
,"/Users/fasihuddinahmer/Projects/hive-mind-ad-optimizer/.claude/worktrees/relaxed-wilson/src/api/routes/campaigns.js": {"path":"/Users/fasihuddinahmer/Projects/hive-mind-ad-optimizer/.claude/worktrees/relaxed-wilson/src/api/routes/campaigns.js","statementMap":{"0":{"start":{"line":5,"column":15},"end":{"line":5,"column":31}},"1":{"start":{"line":8,"column":0},"end":{"line":48,"column":3}},"2":{"start":{"line":9,"column":20},"end":{"line":9,"column":80}},"3":{"start":{"line":11,"column":2},"end":{"line":47,"column":3}},"4":{"start":{"line":12,"column":4},"end":{"line":35,"column":5}},"5":{"start":{"line":13,"column":6},"end":{"line":13,"column":73}},"6":{"start":{"line":14,"column":24},"end":{"line":14,"column":59}},"7":{"start":{"line":16,"column":24},"end":{"line":32,"column":9}},"8":{"start":{"line":16,"column":44},"end":{"line":32,"column":7}},"9":{"start":{"line":34,"column":6},"end":{"line":34,"column":33}},"10":{"start":{"line":38,"column":4},"end":{"line":38,"column":75}},"11":{"start":{"line":39,"column":4},"end":{"line":39,"column":28}},"12":{"start":{"line":42,"column":4},"end":{"line":42,"column":51}},"13":{"start":{"line":43,"column":4},"end":{"line":46,"column":7}},"14":{"start":{"line":51,"column":0},"end":{"line":59,"column":3}},"15":{"start":{"line":52,"column":19},"end":{"line":52,"column":66}},"16":{"start":{"line":52,"column":43},"end":{"line":52,"column":65}},"17":{"start":{"line":54,"column":2},"end":{"line":56,"column":3}},"18":{"start":{"line":55,"column":4},"end":{"line":55,"column":65}},"19":{"start":{"line":58,"column":2},"end":{"line":58,"column":21}}},"fnMap":{"0":{"name":"(anonymous_0)","decl":{"start":{"line":8,"column":16},"end":{"line":8,"column":17}},"loc":{"start":{"line":8,"column":36},"end":{"line":48,"column":1}},"line":8},"1":{"name":"(anonymous_1)","decl":{"start":{"line":16,"column":38},"end":{"line":16,"column":39}},"loc":{"start":{"line":16,"column":44},"end":{"line":32,"column":7}},"line":16},"2":{"name":"(anonymous_2)","decl":{"start":{"line":51,"column":19},"end":{"line":51,"column":20}},"loc":{"start":{"line":51,"column":33},"end":{"line":59,"column":1}},"line":51},"3":{"name":"(anonymous_3)","decl":{"start":{"line":52,"column":38},"end":{"line":52,"column":39}},"loc":{"start":{"line":52,"column":43},"end":{"line":52,"column":65}},"line":52}},"branchMap":{"0":{"loc":{"start":{"line":9,"column":20},"end":{"line":9,"column":80}},"type":"binary-expr","locations":[{"start":{"line":9,"column":20},"end":{"line":9,"column":39}},{"start":{"line":9,"column":43},"end":{"line":9,"column":80}}],"line":9},"1":{"loc":{"start":{"line":12,"column":4},"end":{"line":35,"column":5}},"type":"if","locations":[{"start":{"line":12,"column":4},"end":{"line":35,"column":5}},{"start":{},"end":{}}],"line":12},"2":{"loc":{"start":{"line":20,"column":16},"end":{"line":20,"column":34}},"type":"binary-expr","locations":[{"start":{"line":20,"column":16},"end":{"line":20,"column":29}},{"start":{"line":20,"column":33},"end":{"line":20,"column":34}}],"line":20},"3":{"loc":{"start":{"line":54,"column":2},"end":{"line":56,"column":3}},"type":"if","locations":[{"start":{"line":54,"column":2},"end":{"line":56,"column":3}},{"start":{},"end":{}}],"line":54}},"s":{"0":0,"1":0,"2":0,"3":0,"4":0,"5":0,"6":0,"7":0,"8":0,"9":0,"10":0,"11":0,"12":0,"13":0,"14":0,"15":0,"16":0,"17":0,"18":0,"19":0},"f":{"0":0,"1":0,"2":0,"3":0},"b":{"0":[0,0],"1":[0,0],"2":[0,0],"3":[0,0]}}
,"/Users/fasihuddinahmer/Projects/hive-mind-ad-optimizer/.claude/worktrees/relaxed-wilson/src/api/routes/index.js": {"path":"/Users/fasihuddinahmer/Projects/hive-mind-ad-optimizer/.claude/worktrees/relaxed-wilson/src/api/routes/index.js","statementMap":{"0":{"start":{"line":13,"column":19},"end":{"line":13,"column":26}},"1":{"start":{"line":14,"column":15},"end":{"line":14,"column":23}},"2":{"start":{"line":17,"column":0},"end":{"line":17,"column":32}},"3":{"start":{"line":20,"column":0},"end":{"line":20,"column":24}},"4":{"start":{"line":22,"column":0},"end":{"line":22,"column":40}},"5":{"start":{"line":23,"column":0},"end":{"line":23,"column":30}},"6":{"start":{"line":24,"column":0},"end":{"line":24,"column":42}},"7":{"start":{"line":25,"column":0},"end":{"line":25,"column":38}},"8":{"start":{"line":26,"column":0},"end":{"line":26,"column":47}},"9":{"start":{"line":27,"column":0},"end":{"line":27,"column":40}},"10":{"start":{"line":28,"column":0},"end":{"line":28,"column":39}},"11":{"start":{"line":29,"column":0},"end":{"line":29,"column":53}},"12":{"start":{"line":31,"column":0},"end":{"line":31,"column":132}}},"fnMap":{},"branchMap":{},"s":{"0":0,"1":0,"2":0,"3":0,"4":0,"5":0,"6":0,"7":0,"8":0,"9":0,"10":0,"11":0,"12":0},"f":{},"b":{}}
,"/Users/fasihuddinahmer/Projects/hive-mind-ad-optimizer/.claude/worktrees/relaxed-wilson/src/api/routes/listings.js": {"path":"/Users/fasihuddinahmer/Projects/hive-mind-ad-optimizer/.claude/worktrees/relaxed-wilson/src/api/routes/listings.js","statementMap":{"0":{"start":{"line":5,"column":15},"end":{"line":5,"column":31}},"1":{"start":{"line":13,"column":0},"end":{"line":26,"column":3}},"2":{"start":{"line":14,"column":24},"end":{"line":14,"column":33}},"3":{"start":{"line":15,"column":2},"end":{"line":15,"column":96}},"4":{"start":{"line":15,"column":21},"end":{"line":15,"column":96}},"5":{"start":{"line":17,"column":2},"end":{"line":25,"column":3}},"6":{"start":{"line":18,"column":20},"end":{"line":20,"column":41}},"7":{"start":{"line":21,"column":4},"end":{"line":21,"column":22}},"8":{"start":{"line":23,"column":4},"end":{"line":23,"column":57}},"9":{"start":{"line":24,"column":4},"end":{"line":24,"column":49}},"10":{"start":{"line":34,"column":0},"end":{"line":51,"column":3}},"11":{"start":{"line":35,"column":86},"end":{"line":35,"column":94}},"12":{"start":{"line":37,"column":2},"end":{"line":39,"column":3}},"13":{"start":{"line":38,"column":4},"end":{"line":38,"column":105}},"14":{"start":{"line":41,"column":2},"end":{"line":50,"column":3}},"15":{"start":{"line":42,"column":19},"end":{"line":45,"column":5}},"16":{"start":{"line":46,"column":4},"end":{"line":46,"column":21}},"17":{"start":{"line":48,"column":4},"end":{"line":48,"column":58}},"18":{"start":{"line":49,"column":4},"end":{"line":49,"column":49}},"19":{"start":{"line":59,"column":0},"end":{"line":92,"column":3}},"20":{"start":{"line":60,"column":47},"end":{"line":60,"column":55}},"21":{"start":{"line":61,"column":24},"end":{"line":61,"column":32}},"22":{"start":{"line":63,"column":2},"end":{"line":63,"column":90}},"23":{"start":{"line":63,"column":12},"end":{"line":63,"column":90}},"24":{"start":{"line":64,"column":2},"end":{"line":65,"column":102}},"25":{"start":{"line":65,"column":4},"end":{"line":65,"column":102}},"26":{"start":{"line":70,"column":2},"end":{"line":79,"column":3}},"27":{"start":{"line":71,"column":4},"end":{"line":78,"column":5}},"28":{"start":{"line":72,"column":6},"end":{"line":72,"column":85}},"29":{"start":{"line":73,"column":22},"end":{"line":73,"column":48}},"30":{"start":{"line":74,"column":6},"end":{"line":74,"column":40}},"31":{"start":{"line":75,"column":6},"end":{"line":75,"column":63}},"32":{"start":{"line":77,"column":6},"end":{"line":77,"column":74}},"33":{"start":{"line":81,"column":2},"end":{"line":83,"column":3}},"34":{"start":{"line":82,"column":4},"end":{"line":82,"column":135}},"35":{"start":{"line":85,"column":2},"end":{"line":91,"column":3}},"36":{"start":{"line":86,"column":19},"end":{"line":86,"column":94}},"37":{"start":{"line":87,"column":4},"end":{"line":87,"column":21}},"38":{"start":{"line":89,"column":4},"end":{"line":89,"column":56}},"39":{"start":{"line":90,"column":4},"end":{"line":90,"column":49}}},"fnMap":{"0":{"name":"(anonymous_0)","decl":{"start":{"line":13,"column":22},"end":{"line":13,"column":23}},"loc":{"start":{"line":13,"column":42},"end":{"line":26,"column":1}},"line":13},"1":{"name":"(anonymous_1)","decl":{"start":{"line":34,"column":25},"end":{"line":34,"column":26}},"loc":{"start":{"line":34,"column":45},"end":{"line":51,"column":1}},"line":34},"2":{"name":"(anonymous_2)","decl":{"start":{"line":59,"column":22},"end":{"line":59,"column":23}},"loc":{"start":{"line":59,"column":42},"end":{"line":92,"column":1}},"line":59}},"branchMap":{"0":{"loc":{"start":{"line":15,"column":2},"end":{"line":15,"column":96}},"type":"if","locations":[{"start":{"line":15,"column":2},"end":{"line":15,"column":96}},{"start":{},"end":{}}],"line":15},"1":{"loc":{"start":{"line":15,"column":6},"end":{"line":15,"column":19}},"type":"binary-expr","locations":[{"start":{"line":15,"column":6},"end":{"line":15,"column":11}},{"start":{"line":15,"column":15},"end":{"line":15,"column":19}}],"line":15},"2":{"loc":{"start":{"line":18,"column":20},"end":{"line":20,"column":41}},"type":"cond-expr","locations":[{"start":{"line":19,"column":8},"end":{"line":19,"column":57}},{"start":{"line":20,"column":8},"end":{"line":20,"column":41}}],"line":18},"3":{"loc":{"start":{"line":37,"column":2},"end":{"line":39,"column":3}},"type":"if","locations":[{"start":{"line":37,"column":2},"end":{"line":39,"column":3}},{"start":{},"end":{}}],"line":37},"4":{"loc":{"start":{"line":37,"column":6},"end":{"line":37,"column":48}},"type":"binary-expr","locations":[{"start":{"line":37,"column":6},"end":{"line":37,"column":12}},{"start":{"line":37,"column":16},"end":{"line":37,"column":32}},{"start":{"line":37,"column":36},"end":{"line":37,"column":48}}],"line":37},"5":{"loc":{"start":{"line":44,"column":6},"end":{"line":44,"column":23}},"type":"binary-expr","locations":[{"start":{"line":44,"column":6},"end":{"line":44,"column":11}},{"start":{"line":44,"column":15},"end":{"line":44,"column":23}}],"line":44},"6":{"loc":{"start":{"line":63,"column":2},"end":{"line":63,"column":90}},"type":"if","locations":[{"start":{"line":63,"column":2},"end":{"line":63,"column":90}},{"start":{},"end":{}}],"line":63},"7":{"loc":{"start":{"line":64,"column":2},"end":{"line":65,"column":102}},"type":"if","locations":[{"start":{"line":64,"column":2},"end":{"line":65,"column":102}},{"start":{},"end":{}}],"line":64},"8":{"loc":{"start":{"line":64,"column":6},"end":{"line":64,"column":48}},"type":"binary-expr","locations":[{"start":{"line":64,"column":6},"end":{"line":64,"column":12}},{"start":{"line":64,"column":16},"end":{"line":64,"column":32}},{"start":{"line":64,"column":36},"end":{"line":64,"column":48}}],"line":64},"9":{"loc":{"start":{"line":70,"column":2},"end":{"line":79,"column":3}},"type":"if","locations":[{"start":{"line":70,"column":2},"end":{"line":79,"column":3}},{"start":{},"end":{}}],"line":70},"10":{"loc":{"start":{"line":81,"column":2},"end":{"line":83,"column":3}},"type":"if","locations":[{"start":{"line":81,"column":2},"end":{"line":83,"column":3}},{"start":{},"end":{}}],"line":81}},"s":{"0":0,"1":0,"2":0,"3":0,"4":0,"5":0,"6":0,"7":0,"8":0,"9":0,"10":0,"11":0,"12":0,"13":0,"14":0,"15":0,"16":0,"17":0,"18":0,"19":0,"20":0,"21":0,"22":0,"23":0,"24":0,"25":0,"26":0,"27":0,"28":0,"29":0,"30":0,"31":0,"32":0,"33":0,"34":0,"35":0,"36":0,"37":0,"38":0,"39":0},"f":{"0":0,"1":0,"2":0},"b":{"0":[0,0],"1":[0,0],"2":[0,0],"3":[0,0],"4":[0,0,0],"5":[0,0],"6":[0,0],"7":[0,0],"8":[0,0,0],"9":[0,0],"10":[0,0]}}
,"/Users/fasihuddinahmer/Projects/hive-mind-ad-optimizer/.claude/worktrees/relaxed-wilson/src/api/routes/mcp.js": {"path":"/Users/fasihuddinahmer/Projects/hive-mind-ad-optimizer/.claude/worktrees/relaxed-wilson/src/api/routes/mcp.js","statementMap":{"0":{"start":{"line":6,"column":15},"end":{"line":6,"column":31}},"1":{"start":{"line":10,"column":21},"end":{"line":10,"column":85}},"2":{"start":{"line":10,"column":59},"end":{"line":10,"column":84}},"3":{"start":{"line":24,"column":0},"end":{"line":38,"column":3}},"4":{"start":{"line":25,"column":38},"end":{"line":25,"column":46}},"5":{"start":{"line":27,"column":2},"end":{"line":29,"column":3}},"6":{"start":{"line":28,"column":4},"end":{"line":28,"column":66}},"7":{"start":{"line":31,"column":2},"end":{"line":37,"column":3}},"8":{"start":{"line":32,"column":19},"end":{"line":32,"column":85}},"9":{"start":{"line":33,"column":4},"end":{"line":33,"column":28}},"10":{"start":{"line":35,"column":4},"end":{"line":35,"column":51}},"11":{"start":{"line":36,"column":4},"end":{"line":36,"column":56}}},"fnMap":{"0":{"name":"(anonymous_0)","decl":{"start":{"line":10,"column":52},"end":{"line":10,"column":53}},"loc":{"start":{"line":10,"column":59},"end":{"line":10,"column":84}},"line":10},"1":{"name":"(anonymous_1)","decl":{"start":{"line":24,"column":38},"end":{"line":24,"column":39}},"loc":{"start":{"line":24,"column":58},"end":{"line":38,"column":1}},"line":24}},"branchMap":{"0":{"loc":{"start":{"line":10,"column":59},"end":{"line":10,"column":84}},"type":"binary-expr","locations":[{"start":{"line":10,"column":59},"end":{"line":10,"column":74}},{"start":{"line":10,"column":78},"end":{"line":10,"column":84}}],"line":10},"1":{"loc":{"start":{"line":27,"column":2},"end":{"line":29,"column":3}},"type":"if","locations":[{"start":{"line":27,"column":2},"end":{"line":29,"column":3}},{"start":{},"end":{}}],"line":27},"2":{"loc":{"start":{"line":32,"column":52},"end":{"line":32,"column":65}},"type":"binary-expr","locations":[{"start":{"line":32,"column":52},"end":{"line":32,"column":59}},{"start":{"line":32,"column":63},"end":{"line":32,"column":65}}],"line":32},"3":{"loc":{"start":{"line":32,"column":67},"end":{"line":32,"column":84}},"type":"binary-expr","locations":[{"start":{"line":32,"column":67},"end":{"line":32,"column":72}},{"start":{"line":32,"column":76},"end":{"line":32,"column":84}}],"line":32}},"s":{"0":0,"1":0,"2":0,"3":0,"4":0,"5":0,"6":0,"7":0,"8":0,"9":0,"10":0,"11":0},"f":{"0":0,"1":0},"b":{"0":[0,0],"1":[0,0],"2":[0,0],"3":[0,0]}}
,"/Users/fasihuddinahmer/Projects/hive-mind-ad-optimizer/.claude/worktrees/relaxed-wilson/src/api/routes/profiles.js": {"path":"/Users/fasihuddinahmer/Projects/hive-mind-ad-optimizer/.claude/worktrees/relaxed-wilson/src/api/routes/profiles.js","statementMap":{"0":{"start":{"line":4,"column":15},"end":{"line":4,"column":31}},"1":{"start":{"line":7,"column":0},"end":{"line":18,"column":3}},"2":{"start":{"line":8,"column":2},"end":{"line":17,"column":3}},"3":{"start":{"line":9,"column":21},"end":{"line":9,"column":40}},"4":{"start":{"line":10,"column":4},"end":{"line":10,"column":23}},"5":{"start":{"line":12,"column":4},"end":{"line":12,"column":50}},"6":{"start":{"line":13,"column":4},"end":{"line":16,"column":7}}},"fnMap":{"0":{"name":"(anonymous_0)","decl":{"start":{"line":7,"column":16},"end":{"line":7,"column":17}},"loc":{"start":{"line":7,"column":36},"end":{"line":18,"column":1}},"line":7}},"branchMap":{},"s":{"0":0,"1":0,"2":0,"3":0,"4":0,"5":0,"6":0},"f":{"0":0},"b":{}}
,"/Users/fasihuddinahmer/Projects/hive-mind-ad-optimizer/.claude/worktrees/relaxed-wilson/src/api/routes/reporting-agent.js": {"path":"/Users/fasihuddinahmer/Projects/hive-mind-ad-optimizer/.claude/worktrees/relaxed-wilson/src/api/routes/reporting-agent.js","statementMap":{"0":{"start":{"line":7,"column":15},"end":{"line":7,"column":31}},"1":{"start":{"line":13,"column":13},"end":{"line":13,"column":22}},"2":{"start":{"line":16,"column":14},"end":{"line":16,"column":29}},"3":{"start":{"line":17,"column":2},"end":{"line":17,"column":37}},"4":{"start":{"line":17,"column":11},"end":{"line":17,"column":37}},"5":{"start":{"line":26,"column":2},"end":{"line":108,"column":3}},"6":{"start":{"line":27,"column":4},"end":{"line":30,"column":7}},"7":{"start":{"line":32,"column":52},"end":{"line":44,"column":6}},"8":{"start":{"line":36,"column":8},"end":{"line":36,"column":79}},"9":{"start":{"line":37,"column":8},"end":{"line":37,"column":18}},"10":{"start":{"line":41,"column":8},"end":{"line":41,"column":81}},"11":{"start":{"line":42,"column":8},"end":{"line":42,"column":18}},"12":{"start":{"line":46,"column":4},"end":{"line":49,"column":7}},"13":{"start":{"line":52,"column":24},"end":{"line":54,"column":5}},"14":{"start":{"line":53,"column":26},"end":{"line":53,"column":51}},"15":{"start":{"line":56,"column":30},"end":{"line":79,"column":6}},"16":{"start":{"line":57,"column":17},"end":{"line":57,"column":51}},"17":{"start":{"line":58,"column":17},"end":{"line":58,"column":38}},"18":{"start":{"line":59,"column":6},"end":{"line":78,"column":8}},"19":{"start":{"line":81,"column":28},"end":{"line":81,"column":63}},"20":{"start":{"line":83,"column":4},"end":{"line":86,"column":7}},"21":{"start":{"line":88,"column":19},"end":{"line":95,"column":6}},"22":{"start":{"line":97,"column":4},"end":{"line":103,"column":7}},"23":{"start":{"line":106,"column":4},"end":{"line":106,"column":57}},"24":{"start":{"line":107,"column":4},"end":{"line":107,"column":77}},"25":{"start":{"line":116,"column":0},"end":{"line":146,"column":3}},"26":{"start":{"line":117,"column":74},"end":{"line":117,"column":82}},"27":{"start":{"line":119,"column":2},"end":{"line":119,"column":84}},"28":{"start":{"line":119,"column":19},"end":{"line":119,"column":84}},"29":{"start":{"line":121,"column":14},"end":{"line":121,"column":64}},"30":{"start":{"line":122,"column":2},"end":{"line":122,"column":76}},"31":{"start":{"line":122,"column":12},"end":{"line":122,"column":76}},"32":{"start":{"line":124,"column":16},"end":{"line":124,"column":66}},"33":{"start":{"line":125,"column":16},"end":{"line":125,"column":92}},"34":{"start":{"line":127,"column":16},"end":{"line":127,"column":28}},"35":{"start":{"line":128,"column":2},"end":{"line":135,"column":5}},"36":{"start":{"line":138,"column":2},"end":{"line":140,"column":3}},"37":{"start":{"line":139,"column":4},"end":{"line":139,"column":64}},"38":{"start":{"line":139,"column":48},"end":{"line":139,"column":64}},"39":{"start":{"line":143,"column":2},"end":{"line":143,"column":91}},"40":{"start":{"line":145,"column":2},"end":{"line":145,"column":54}},"41":{"start":{"line":152,"column":0},"end":{"line":166,"column":3}},"42":{"start":{"line":153,"column":20},"end":{"line":153,"column":29}},"43":{"start":{"line":154,"column":2},"end":{"line":154,"column":71}},"44":{"start":{"line":154,"column":14},"end":{"line":154,"column":71}},"45":{"start":{"line":156,"column":14},"end":{"line":156,"column":29}},"46":{"start":{"line":157,"column":2},"end":{"line":157,"column":79}},"47":{"start":{"line":157,"column":12},"end":{"line":157,"column":79}},"48":{"start":{"line":159,"column":2},"end":{"line":165,"column":5}}},"fnMap":{"0":{"name":"updateJob","decl":{"start":{"line":15,"column":9},"end":{"line":15,"column":18}},"loc":{"start":{"line":15,"column":33},"end":{"line":18,"column":1}},"line":15},"1":{"name":"executeJob","decl":{"start":{"line":25,"column":15},"end":{"line":25,"column":25}},"loc":{"start":{"line":25,"column":87},"end":{"line":109,"column":1}},"line":25},"2":{"name":"(anonymous_2)","decl":{"start":{"line":35,"column":62},"end":{"line":35,"column":63}},"loc":{"start":{"line":35,"column":69},"end":{"line":38,"column":7}},"line":35},"3":{"name":"(anonymous_3)","decl":{"start":{"line":40,"column":63},"end":{"line":40,"column":64}},"loc":{"start":{"line":40,"column":70},"end":{"line":43,"column":7}},"line":40},"4":{"name":"(anonymous_4)","decl":{"start":{"line":53,"column":21},"end":{"line":53,"column":22}},"loc":{"start":{"line":53,"column":26},"end":{"line":53,"column":51}},"line":53},"5":{"name":"(anonymous_5)","decl":{"start":{"line":56,"column":44},"end":{"line":56,"column":45}},"loc":{"start":{"line":56,"column":49},"end":{"line":79,"column":5}},"line":56},"6":{"name":"(anonymous_6)","decl":{"start":{"line":116,"column":22},"end":{"line":116,"column":23}},"loc":{"start":{"line":116,"column":36},"end":{"line":146,"column":1}},"line":116},"7":{"name":"(anonymous_7)","decl":{"start":{"line":152,"column":20},"end":{"line":152,"column":21}},"loc":{"start":{"line":152,"column":34},"end":{"line":166,"column":1}},"line":152}},"branchMap":{"0":{"loc":{"start":{"line":17,"column":2},"end":{"line":17,"column":37}},"type":"if","locations":[{"start":{"line":17,"column":2},"end":{"line":17,"column":37}},{"start":{},"end":{}}],"line":17},"1":{"loc":{"start":{"line":57,"column":24},"end":{"line":57,"column":50}},"type":"binary-expr","locations":[{"start":{"line":57,"column":24},"end":{"line":57,"column":36}},{"start":{"line":57,"column":40},"end":{"line":57,"column":44}},{"start":{"line":57,"column":48},"end":{"line":57,"column":50}}],"line":57},"2":{"loc":{"start":{"line":58,"column":17},"end":{"line":58,"column":38}},"type":"binary-expr","locations":[{"start":{"line":58,"column":17},"end":{"line":58,"column":32}},{"start":{"line":58,"column":36},"end":{"line":58,"column":38}}],"line":58},"3":{"loc":{"start":{"line":61,"column":21},"end":{"line":61,"column":58}},"type":"binary-expr","locations":[{"start":{"line":61,"column":21},"end":{"line":61,"column":27}},{"start":{"line":61,"column":31},"end":{"line":61,"column":45}},{"start":{"line":61,"column":49},"end":{"line":61,"column":58}}],"line":61},"4":{"loc":{"start":{"line":62,"column":22},"end":{"line":62,"column":56}},"type":"binary-expr","locations":[{"start":{"line":62,"column":22},"end":{"line":62,"column":38}},{"start":{"line":62,"column":42},"end":{"line":62,"column":50}},{"start":{"line":62,"column":54},"end":{"line":62,"column":56}}],"line":62},"5":{"loc":{"start":{"line":64,"column":23},"end":{"line":64,"column":62}},"type":"binary-expr","locations":[{"start":{"line":64,"column":23},"end":{"line":64,"column":31}},{"start":{"line":64,"column":35},"end":{"line":64,"column":57}},{"start":{"line":64,"column":61},"end":{"line":64,"column":62}}],"line":64},"6":{"loc":{"start":{"line":65,"column":21},"end":{"line":65,"column":73}},"type":"binary-expr","locations":[{"start":{"line":65,"column":21},"end":{"line":65,"column":46}},{"start":{"line":65,"column":50},"end":{"line":65,"column":67}},{"start":{"line":65,"column":71},"end":{"line":65,"column":73}}],"line":65},"7":{"loc":{"start":{"line":66,"column":23},"end":{"line":66,"column":60}},"type":"binary-expr","locations":[{"start":{"line":66,"column":23},"end":{"line":66,"column":36}},{"start":{"line":66,"column":41},"end":{"line":66,"column":54}},{"start":{"line":66,"column":59},"end":{"line":66,"column":60}}],"line":66},"8":{"loc":{"start":{"line":67,"column":23},"end":{"line":67,"column":60}},"type":"binary-expr","locations":[{"start":{"line":67,"column":23},"end":{"line":67,"column":31}},{"start":{"line":67,"column":41},"end":{"line":67,"column":49}},{"start":{"line":67,"column":59},"end":{"line":67,"column":60}}],"line":67},"9":{"loc":{"start":{"line":68,"column":21},"end":{"line":69,"column":76}},"type":"cond-expr","locations":[{"start":{"line":69,"column":25},"end":{"line":69,"column":69}},{"start":{"line":69,"column":72},"end":{"line":69,"column":76}}],"line":68},"10":{"loc":{"start":{"line":70,"column":23},"end":{"line":70,"column":61}},"type":"binary-expr","locations":[{"start":{"line":70,"column":23},"end":{"line":70,"column":29}},{"start":{"line":70,"column":42},"end":{"line":70,"column":49}},{"start":{"line":70,"column":60},"end":{"line":70,"column":61}}],"line":70},"11":{"loc":{"start":{"line":71,"column":23},"end":{"line":71,"column":61}},"type":"binary-expr","locations":[{"start":{"line":71,"column":23},"end":{"line":71,"column":37}},{"start":{"line":71,"column":42},"end":{"line":71,"column":47}},{"start":{"line":71,"column":60},"end":{"line":71,"column":61}}],"line":71},"12":{"loc":{"start":{"line":72,"column":23},"end":{"line":72,"column":61}},"type":"binary-expr","locations":[{"start":{"line":72,"column":23},"end":{"line":72,"column":37}},{"start":{"line":72,"column":42},"end":{"line":72,"column":53}},{"start":{"line":72,"column":60},"end":{"line":72,"column":61}}],"line":72},"13":{"loc":{"start":{"line":73,"column":23},"end":{"line":73,"column":61}},"type":"binary-expr","locations":[{"start":{"line":73,"column":23},"end":{"line":73,"column":33}},{"start":{"line":73,"column":42},"end":{"line":73,"column":49}},{"start":{"line":73,"column":60},"end":{"line":73,"column":61}}],"line":73},"14":{"loc":{"start":{"line":74,"column":21},"end":{"line":75,"column":67}},"type":"cond-expr","locations":[{"start":{"line":75,"column":25},"end":{"line":75,"column":60}},{"start":{"line":75,"column":63},"end":{"line":75,"column":67}}],"line":74},"15":{"loc":{"start":{"line":76,"column":23},"end":{"line":76,"column":61}},"type":"binary-expr","locations":[{"start":{"line":76,"column":23},"end":{"line":76,"column":38}},{"start":{"line":76,"column":42},"end":{"line":76,"column":48}},{"start":{"line":76,"column":60},"end":{"line":76,"column":61}}],"line":76},"16":{"loc":{"start":{"line":77,"column":23},"end":{"line":77,"column":56}},"type":"binary-expr","locations":[{"start":{"line":77,"column":23},"end":{"line":77,"column":51}},{"start":{"line":77,"column":55},"end":{"line":77,"column":56}}],"line":77},"17":{"loc":{"start":{"line":117,"column":53},"end":{"line":117,"column":69}},"type":"default-arg","locations":[{"start":{"line":117,"column":61},"end":{"line":117,"column":69}}],"line":117},"18":{"loc":{"start":{"line":119,"column":2},"end":{"line":119,"column":84}},"type":"if","locations":[{"start":{"line":119,"column":2},"end":{"line":119,"column":84}},{"start":{},"end":{}}],"line":119},"19":{"loc":{"start":{"line":121,"column":14},"end":{"line":121,"column":64}},"type":"binary-expr","locations":[{"start":{"line":121,"column":14},"end":{"line":121,"column":23}},{"start":{"line":121,"column":27},"end":{"line":121,"column":64}}],"line":121},"20":{"loc":{"start":{"line":122,"column":2},"end":{"line":122,"column":76}},"type":"if","locations":[{"start":{"line":122,"column":2},"end":{"line":122,"column":76}},{"start":{},"end":{}}],"line":122},"21":{"loc":{"start":{"line":124,"column":16},"end":{"line":124,"column":66}},"type":"binary-expr","locations":[{"start":{"line":124,"column":16},"end":{"line":124,"column":23}},{"start":{"line":124,"column":29},"end":{"line":124,"column":66}}],"line":124},"22":{"loc":{"start":{"line":125,"column":16},"end":{"line":125,"column":92}},"type":"binary-expr","locations":[{"start":{"line":125,"column":16},"end":{"line":125,"column":25}},{"start":{"line":125,"column":29},"end":{"line":125,"column":92}}],"line":125},"23":{"loc":{"start":{"line":139,"column":4},"end":{"line":139,"column":64}},"type":"if","locations":[{"start":{"line":139,"column":4},"end":{"line":139,"column":64}},{"start":{},"end":{}}],"line":139},"24":{"loc":{"start":{"line":154,"column":2},"end":{"line":154,"column":71}},"type":"if","locations":[{"start":{"line":154,"column":2},"end":{"line":154,"column":71}},{"start":{},"end":{}}],"line":154},"25":{"loc":{"start":{"line":157,"column":2},"end":{"line":157,"column":79}},"type":"if","locations":[{"start":{"line":157,"column":2},"end":{"line":157,"column":79}},{"start":{},"end":{}}],"line":157},"26":{"loc":{"start":{"line":163,"column":14},"end":{"line":163,"column":33}},"type":"binary-expr","locations":[{"start":{"line":163,"column":14},"end":{"line":163,"column":24}},{"start":{"line":163,"column":29},"end":{"line":163,"column":33}}],"line":163},"27":{"loc":{"start":{"line":164,"column":14},"end":{"line":164,"column":33}},"type":"binary-expr","locations":[{"start":{"line":164,"column":14},"end":{"line":164,"column":23}},{"start":{"line":164,"column":29},"end":{"line":164,"column":33}}],"line":164}},"s":{"0":0,"1":0,"2":0,"3":0,"4":0,"5":0,"6":0,"7":0,"8":0,"9":0,"10":0,"11":0,"12":0,"13":0,"14":0,"15":0,"16":0,"17":0,"18":0,"19":0,"20":0,"21":0,"22":0,"23":0,"24":0,"25":0,"26":0,"27":0,"28":0,"29":0,"30":0,"31":0,"32":0,"33":0,"34":0,"35":0,"36":0,"37":0,"38":0,"39":0,"40":0,"41":0,"42":0,"43":0,"44":0,"45":0,"46":0,"47":0,"48":0},"f":{"0":0,"1":0,"2":0,"3":0,"4":0,"5":0,"6":0,"7":0},"b":{"0":[0,0],"1":[0,0,0],"2":[0,0],"3":[0,0,0],"4":[0,0,0],"5":[0,0,0],"6":[0,0,0],"7":[0,0,0],"8":[0,0,0],"9":[0,0],"10":[0,0,0],"11":[0,0,0],"12":[0,0,0],"13":[0,0,0],"14":[0,0],"15":[0,0,0],"16":[0,0],"17":[0],"18":[0,0],"19":[0,0],"20":[0,0],"21":[0,0],"22":[0,0],"23":[0,0],"24":[0,0],"25":[0,0],"26":[0,0],"27":[0,0]}}
,"/Users/fasihuddinahmer/Projects/hive-mind-ad-optimizer/.claude/worktrees/relaxed-wilson/src/api/routes/reports.js": {"path":"/Users/fasihuddinahmer/Projects/hive-mind-ad-optimizer/.claude/worktrees/relaxed-wilson/src/api/routes/reports.js","statementMap":{"0":{"start":{"line":4,"column":15},"end":{"line":4,"column":31}},"1":{"start":{"line":7,"column":19},"end":{"line":7,"column":71}},"2":{"start":{"line":8,"column":2},"end":{"line":11,"column":3}},"3":{"start":{"line":9,"column":4},"end":{"line":9,"column":112}},"4":{"start":{"line":10,"column":4},"end":{"line":10,"column":17}},"5":{"start":{"line":12,"column":23},"end":{"line":12,"column":86}},"6":{"start":{"line":13,"column":2},"end":{"line":16,"column":3}},"7":{"start":{"line":14,"column":4},"end":{"line":14,"column":121}},"8":{"start":{"line":15,"column":4},"end":{"line":15,"column":17}},"9":{"start":{"line":17,"column":2},"end":{"line":17,"column":14}},"10":{"start":{"line":26,"column":0},"end":{"line":45,"column":3}},"11":{"start":{"line":27,"column":20},"end":{"line":27,"column":80}},"12":{"start":{"line":28,"column":2},"end":{"line":28,"column":79}},"13":{"start":{"line":28,"column":18},"end":{"line":28,"column":79}},"14":{"start":{"line":30,"column":20},"end":{"line":30,"column":80}},"15":{"start":{"line":31,"column":20},"end":{"line":31,"column":106}},"16":{"start":{"line":33,"column":2},"end":{"line":33,"column":54}},"17":{"start":{"line":33,"column":47},"end":{"line":33,"column":54}},"18":{"start":{"line":35,"column":2},"end":{"line":44,"column":3}},"19":{"start":{"line":36,"column":34},"end":{"line":39,"column":6}},"20":{"start":{"line":40,"column":4},"end":{"line":40,"column":58}},"21":{"start":{"line":42,"column":4},"end":{"line":42,"column":55}},"22":{"start":{"line":43,"column":4},"end":{"line":43,"column":49}},"23":{"start":{"line":54,"column":0},"end":{"line":67,"column":3}},"24":{"start":{"line":55,"column":23},"end":{"line":55,"column":32}},"25":{"start":{"line":56,"column":20},"end":{"line":56,"column":80}},"26":{"start":{"line":57,"column":2},"end":{"line":57,"column":78}},"27":{"start":{"line":57,"column":18},"end":{"line":57,"column":78}},"28":{"start":{"line":58,"column":2},"end":{"line":58,"column":79}},"29":{"start":{"line":58,"column":18},"end":{"line":58,"column":79}},"30":{"start":{"line":60,"column":2},"end":{"line":66,"column":3}},"31":{"start":{"line":61,"column":19},"end":{"line":61,"column":63}},"32":{"start":{"line":62,"column":4},"end":{"line":62,"column":21}},"33":{"start":{"line":64,"column":4},"end":{"line":64,"column":56}},"34":{"start":{"line":65,"column":4},"end":{"line":65,"column":49}}},"fnMap":{"0":{"name":"validateDates","decl":{"start":{"line":6,"column":9},"end":{"line":6,"column":22}},"loc":{"start":{"line":6,"column":48},"end":{"line":18,"column":1}},"line":6},"1":{"name":"(anonymous_1)","decl":{"start":{"line":26,"column":21},"end":{"line":26,"column":22}},"loc":{"start":{"line":26,"column":41},"end":{"line":45,"column":1}},"line":26},"2":{"name":"(anonymous_2)","decl":{"start":{"line":54,"column":22},"end":{"line":54,"column":23}},"loc":{"start":{"line":54,"column":42},"end":{"line":67,"column":1}},"line":54}},"branchMap":{"0":{"loc":{"start":{"line":8,"column":2},"end":{"line":11,"column":3}},"type":"if","locations":[{"start":{"line":8,"column":2},"end":{"line":11,"column":3}},{"start":{},"end":{}}],"line":8},"1":{"loc":{"start":{"line":13,"column":2},"end":{"line":16,"column":3}},"type":"if","locations":[{"start":{"line":13,"column":2},"end":{"line":16,"column":3}},{"start":{},"end":{}}],"line":13},"2":{"loc":{"start":{"line":27,"column":20},"end":{"line":27,"column":80}},"type":"binary-expr","locations":[{"start":{"line":27,"column":20},"end":{"line":27,"column":39}},{"start":{"line":27,"column":43},"end":{"line":27,"column":80}}],"line":27},"3":{"loc":{"start":{"line":28,"column":2},"end":{"line":28,"column":79}},"type":"if","locations":[{"start":{"line":28,"column":2},"end":{"line":28,"column":79}},{"start":{},"end":{}}],"line":28},"4":{"loc":{"start":{"line":30,"column":20},"end":{"line":30,"column":80}},"type":"binary-expr","locations":[{"start":{"line":30,"column":20},"end":{"line":30,"column":37}},{"start":{"line":30,"column":43},"end":{"line":30,"column":80}}],"line":30},"5":{"loc":{"start":{"line":31,"column":20},"end":{"line":31,"column":106}},"type":"binary-expr","locations":[{"start":{"line":31,"column":20},"end":{"line":31,"column":39}},{"start":{"line":31,"column":43},"end":{"line":31,"column":106}}],"line":31},"6":{"loc":{"start":{"line":33,"column":2},"end":{"line":33,"column":54}},"type":"if","locations":[{"start":{"line":33,"column":2},"end":{"line":33,"column":54}},{"start":{},"end":{}}],"line":33},"7":{"loc":{"start":{"line":56,"column":20},"end":{"line":56,"column":80}},"type":"binary-expr","locations":[{"start":{"line":56,"column":20},"end":{"line":56,"column":39}},{"start":{"line":56,"column":43},"end":{"line":56,"column":80}}],"line":56},"8":{"loc":{"start":{"line":57,"column":2},"end":{"line":57,"column":78}},"type":"if","locations":[{"start":{"line":57,"column":2},"end":{"line":57,"column":78}},{"start":{},"end":{}}],"line":57},"9":{"loc":{"start":{"line":58,"column":2},"end":{"line":58,"column":79}},"type":"if","locations":[{"start":{"line":58,"column":2},"end":{"line":58,"column":79}},{"start":{},"end":{}}],"line":58}},"s":{"0":0,"1":0,"2":0,"3":0,"4":0,"5":0,"6":0,"7":0,"8":0,"9":0,"10":0,"11":0,"12":0,"13":0,"14":0,"15":0,"16":0,"17":0,"18":0,"19":0,"20":0,"21":0,"22":0,"23":0,"24":0,"25":0,"26":0,"27":0,"28":0,"29":0,"30":0,"31":0,"32":0,"33":0,"34":0},"f":{"0":0,"1":0,"2":0},"b":{"0":[0,0],"1":[0,0],"2":[0,0],"3":[0,0],"4":[0,0],"5":[0,0],"6":[0,0],"7":[0,0],"8":[0,0],"9":[0,0]}}
,"/Users/fasihuddinahmer/Projects/hive-mind-ad-optimizer/.claude/worktrees/relaxed-wilson/src/api/routes/search-terms.js": {"path":"/Users/fasihuddinahmer/Projects/hive-mind-ad-optimizer/.claude/worktrees/relaxed-wilson/src/api/routes/search-terms.js","statementMap":{"0":{"start":{"line":6,"column":15},"end":{"line":6,"column":31}},"1":{"start":{"line":21,"column":0},"end":{"line":89,"column":3}},"2":{"start":{"line":22,"column":20},"end":{"line":22,"column":80}},"3":{"start":{"line":23,"column":2},"end":{"line":23,"column":79}},"4":{"start":{"line":23,"column":18},"end":{"line":23,"column":79}},"5":{"start":{"line":25,"column":20},"end":{"line":25,"column":80}},"6":{"start":{"line":26,"column":20},"end":{"line":26,"column":106}},"7":{"start":{"line":27,"column":24},"end":{"line":27,"column":33}},"8":{"start":{"line":30,"column":25},"end":{"line":30,"column":61}},"9":{"start":{"line":31,"column":2},"end":{"line":33,"column":3}},"10":{"start":{"line":32,"column":4},"end":{"line":32,"column":65}},"11":{"start":{"line":36,"column":19},"end":{"line":36,"column":71}},"12":{"start":{"line":37,"column":2},"end":{"line":39,"column":3}},"13":{"start":{"line":38,"column":4},"end":{"line":38,"column":119}},"14":{"start":{"line":42,"column":23},"end":{"line":42,"column":86}},"15":{"start":{"line":43,"column":2},"end":{"line":45,"column":3}},"16":{"start":{"line":44,"column":4},"end":{"line":44,"column":128}},"17":{"start":{"line":48,"column":2},"end":{"line":51,"column":3}},"18":{"start":{"line":49,"column":26},"end":{"line":49,"column":51}},"19":{"start":{"line":50,"column":4},"end":{"line":50,"column":90}},"20":{"start":{"line":50,"column":30},"end":{"line":50,"column":90}},"21":{"start":{"line":52,"column":2},"end":{"line":55,"column":3}},"22":{"start":{"line":53,"column":27},"end":{"line":53,"column":54}},"23":{"start":{"line":54,"column":4},"end":{"line":54,"column":92}},"24":{"start":{"line":54,"column":31},"end":{"line":54,"column":92}},"25":{"start":{"line":57,"column":2},"end":{"line":88,"column":3}},"26":{"start":{"line":58,"column":22},"end":{"line":58,"column":24}},"27":{"start":{"line":61,"column":4},"end":{"line":75,"column":5}},"28":{"start":{"line":62,"column":6},"end":{"line":62,"column":88}},"29":{"start":{"line":63,"column":6},"end":{"line":74,"column":7}},"30":{"start":{"line":64,"column":8},"end":{"line":64,"column":76}},"31":{"start":{"line":65,"column":8},"end":{"line":69,"column":9}},"32":{"start":{"line":66,"column":10},"end":{"line":66,"column":98}},"33":{"start":{"line":68,"column":10},"end":{"line":68,"column":84}},"34":{"start":{"line":72,"column":8},"end":{"line":72,"column":108}},"35":{"start":{"line":73,"column":8},"end":{"line":73,"column":25}},"36":{"start":{"line":77,"column":21},"end":{"line":77,"column":90}},"37":{"start":{"line":78,"column":21},"end":{"line":78,"column":45}},"38":{"start":{"line":79,"column":4},"end":{"line":84,"column":7}},"39":{"start":{"line":86,"column":4},"end":{"line":86,"column":60}},"40":{"start":{"line":87,"column":4},"end":{"line":87,"column":49}}},"fnMap":{"0":{"name":"(anonymous_0)","decl":{"start":{"line":21,"column":16},"end":{"line":21,"column":17}},"loc":{"start":{"line":21,"column":36},"end":{"line":89,"column":1}},"line":21}},"branchMap":{"0":{"loc":{"start":{"line":22,"column":20},"end":{"line":22,"column":80}},"type":"binary-expr","locations":[{"start":{"line":22,"column":20},"end":{"line":22,"column":39}},{"start":{"line":22,"column":43},"end":{"line":22,"column":80}}],"line":22},"1":{"loc":{"start":{"line":23,"column":2},"end":{"line":23,"column":79}},"type":"if","locations":[{"start":{"line":23,"column":2},"end":{"line":23,"column":79}},{"start":{},"end":{}}],"line":23},"2":{"loc":{"start":{"line":25,"column":20},"end":{"line":25,"column":80}},"type":"binary-expr","locations":[{"start":{"line":25,"column":20},"end":{"line":25,"column":37}},{"start":{"line":25,"column":43},"end":{"line":25,"column":80}}],"line":25},"3":{"loc":{"start":{"line":26,"column":20},"end":{"line":26,"column":106}},"type":"binary-expr","locations":[{"start":{"line":26,"column":20},"end":{"line":26,"column":39}},{"start":{"line":26,"column":43},"end":{"line":26,"column":106}}],"line":26},"4":{"loc":{"start":{"line":31,"column":2},"end":{"line":33,"column":3}},"type":"if","locations":[{"start":{"line":31,"column":2},"end":{"line":33,"column":3}},{"start":{},"end":{}}],"line":31},"5":{"loc":{"start":{"line":37,"column":2},"end":{"line":39,"column":3}},"type":"if","locations":[{"start":{"line":37,"column":2},"end":{"line":39,"column":3}},{"start":{},"end":{}}],"line":37},"6":{"loc":{"start":{"line":43,"column":2},"end":{"line":45,"column":3}},"type":"if","locations":[{"start":{"line":43,"column":2},"end":{"line":45,"column":3}},{"start":{},"end":{}}],"line":43},"7":{"loc":{"start":{"line":48,"column":2},"end":{"line":51,"column":3}},"type":"if","locations":[{"start":{"line":48,"column":2},"end":{"line":51,"column":3}},{"start":{},"end":{}}],"line":48},"8":{"loc":{"start":{"line":50,"column":4},"end":{"line":50,"column":90}},"type":"if","locations":[{"start":{"line":50,"column":4},"end":{"line":50,"column":90}},{"start":{},"end":{}}],"line":50},"9":{"loc":{"start":{"line":52,"column":2},"end":{"line":55,"column":3}},"type":"if","locations":[{"start":{"line":52,"column":2},"end":{"line":55,"column":3}},{"start":{},"end":{}}],"line":52},"10":{"loc":{"start":{"line":54,"column":4},"end":{"line":54,"column":92}},"type":"if","locations":[{"start":{"line":54,"column":4},"end":{"line":54,"column":92}},{"start":{},"end":{}}],"line":54},"11":{"loc":{"start":{"line":61,"column":4},"end":{"line":75,"column":5}},"type":"if","locations":[{"start":{"line":61,"column":4},"end":{"line":75,"column":5}},{"start":{},"end":{}}],"line":61},"12":{"loc":{"start":{"line":61,"column":8},"end":{"line":61,"column":19}},"type":"binary-expr","locations":[{"start":{"line":61,"column":8},"end":{"line":61,"column":11}},{"start":{"line":61,"column":15},"end":{"line":61,"column":19}}],"line":61},"13":{"loc":{"start":{"line":62,"column":46},"end":{"line":62,"column":83}},"type":"cond-expr","locations":[{"start":{"line":62,"column":52},"end":{"line":62,"column":65}},{"start":{"line":62,"column":68},"end":{"line":62,"column":83}}],"line":62},"14":{"loc":{"start":{"line":65,"column":8},"end":{"line":69,"column":9}},"type":"if","locations":[{"start":{"line":65,"column":8},"end":{"line":69,"column":9}},{"start":{"line":67,"column":15},"end":{"line":69,"column":9}}],"line":65},"15":{"loc":{"start":{"line":66,"column":48},"end":{"line":66,"column":59}},"type":"binary-expr","locations":[{"start":{"line":66,"column":48},"end":{"line":66,"column":51}},{"start":{"line":66,"column":55},"end":{"line":66,"column":59}}],"line":66},"16":{"loc":{"start":{"line":83,"column":10},"end":{"line":83,"column":105}},"type":"cond-expr","locations":[{"start":{"line":83,"column":35},"end":{"line":83,"column":100}},{"start":{"line":83,"column":103},"end":{"line":83,"column":105}}],"line":83},"17":{"loc":{"start":{"line":83,"column":87},"end":{"line":83,"column":98}},"type":"binary-expr","locations":[{"start":{"line":83,"column":87},"end":{"line":83,"column":90}},{"start":{"line":83,"column":94},"end":{"line":83,"column":98}}],"line":83}},"s":{"0":0,"1":0,"2":0,"3":0,"4":0,"5":0,"6":0,"7":0,"8":0,"9":0,"10":0,"11":0,"12":0,"13":0,"14":0,"15":0,"16":0,"17":0,"18":0,"19":0,"20":0,"21":0,"22":0,"23":0,"24":0,"25":0,"26":0,"27":0,"28":0,"29":0,"30":0,"31":0,"32":0,"33":0,"34":0,"35":0,"36":0,"37":0,"38":0,"39":0,"40":0},"f":{"0":0},"b":{"0":[0,0],"1":[0,0],"2":[0,0],"3":[0,0],"4":[0,0],"5":[0,0],"6":[0,0],"7":[0,0],"8":[0,0],"9":[0,0],"10":[0,0],"11":[0,0],"12":[0,0],"13":[0,0],"14":[0,0],"15":[0,0],"16":[0,0],"17":[0,0]}}
,"/Users/fasihuddinahmer/Projects/hive-mind-ad-optimizer/.claude/worktrees/relaxed-wilson/src/api/routes/sp-oauth.js": {"path":"/Users/fasihuddinahmer/Projects/hive-mind-ad-optimizer/.claude/worktrees/relaxed-wilson/src/api/routes/sp-oauth.js","statementMap":{"0":{"start":{"line":23,"column":0},"end":{"line":23,"column":34}},"1":{"start":{"line":25,"column":15},"end":{"line":25,"column":31}},"2":{"start":{"line":29,"column":21},"end":{"line":29,"column":103}},"3":{"start":{"line":33,"column":2},"end":{"line":37,"column":4}},"4":{"start":{"line":41,"column":0},"end":{"line":51,"column":3}},"5":{"start":{"line":42,"column":49},"end":{"line":42,"column":54}},"6":{"start":{"line":43,"column":2},"end":{"line":50,"column":5}},"7":{"start":{"line":54,"column":0},"end":{"line":69,"column":3}},"8":{"start":{"line":55,"column":49},"end":{"line":55,"column":54}},"9":{"start":{"line":56,"column":2},"end":{"line":56,"column":81}},"10":{"start":{"line":56,"column":17},"end":{"line":56,"column":81}},"11":{"start":{"line":57,"column":2},"end":{"line":57,"column":89}},"12":{"start":{"line":57,"column":21},"end":{"line":57,"column":89}},"13":{"start":{"line":59,"column":16},"end":{"line":59,"column":55}},"14":{"start":{"line":60,"column":14},"end":{"line":60,"column":80}},"15":{"start":{"line":61,"column":2},"end":{"line":61,"column":53}},"16":{"start":{"line":62,"column":2},"end":{"line":62,"column":39}},"17":{"start":{"line":63,"column":2},"end":{"line":63,"column":42}},"18":{"start":{"line":65,"column":2},"end":{"line":65,"column":72}},"19":{"start":{"line":66,"column":2},"end":{"line":66,"column":50}},"20":{"start":{"line":67,"column":2},"end":{"line":67,"column":52}},"21":{"start":{"line":68,"column":2},"end":{"line":68,"column":31}},"22":{"start":{"line":73,"column":0},"end":{"line":187,"column":3}},"23":{"start":{"line":74,"column":74},"end":{"line":74,"column":83}},"24":{"start":{"line":76,"column":2},"end":{"line":80,"column":5}},"25":{"start":{"line":82,"column":2},"end":{"line":98,"column":3}},"26":{"start":{"line":83,"column":4},"end":{"line":97,"column":17}},"27":{"start":{"line":100,"column":37},"end":{"line":100,"column":42}},"28":{"start":{"line":101,"column":2},"end":{"line":186,"column":3}},"29":{"start":{"line":103,"column":21},"end":{"line":113,"column":5}},"30":{"start":{"line":115,"column":56},"end":{"line":115,"column":69}},"31":{"start":{"line":116,"column":4},"end":{"line":116,"column":85}},"32":{"start":{"line":118,"column":23},"end":{"line":118,"column":102}},"33":{"start":{"line":120,"column":4},"end":{"line":166,"column":10}},"34":{"start":{"line":169,"column":19},"end":{"line":169,"column":52}},"35":{"start":{"line":170,"column":4},"end":{"line":170,"column":61}},"36":{"start":{"line":171,"column":4},"end":{"line":185,"column":17}}},"fnMap":{"0":{"name":"cfg","decl":{"start":{"line":32,"column":9},"end":{"line":32,"column":12}},"loc":{"start":{"line":32,"column":15},"end":{"line":38,"column":1}},"line":32},"1":{"name":"(anonymous_1)","decl":{"start":{"line":41,"column":20},"end":{"line":41,"column":21}},"loc":{"start":{"line":41,"column":34},"end":{"line":51,"column":1}},"line":41},"2":{"name":"(anonymous_2)","decl":{"start":{"line":54,"column":21},"end":{"line":54,"column":22}},"loc":{"start":{"line":54,"column":35},"end":{"line":69,"column":1}},"line":54},"3":{"name":"(anonymous_3)","decl":{"start":{"line":73,"column":24},"end":{"line":73,"column":25}},"loc":{"start":{"line":73,"column":44},"end":{"line":187,"column":1}},"line":73}},"branchMap":{"0":{"loc":{"start":{"line":29,"column":21},"end":{"line":29,"column":103}},"type":"binary-expr","locations":[{"start":{"line":29,"column":21},"end":{"line":29,"column":54}},{"start":{"line":29,"column":58},"end":{"line":29,"column":103}}],"line":29},"1":{"loc":{"start":{"line":36,"column":17},"end":{"line":36,"column":75}},"type":"binary-expr","locations":[{"start":{"line":36,"column":17},"end":{"line":36,"column":43}},{"start":{"line":36,"column":47},"end":{"line":36,"column":75}}],"line":36},"2":{"loc":{"start":{"line":56,"column":2},"end":{"line":56,"column":81}},"type":"if","locations":[{"start":{"line":56,"column":2},"end":{"line":56,"column":81}},{"start":{},"end":{}}],"line":56},"3":{"loc":{"start":{"line":57,"column":2},"end":{"line":57,"column":89}},"type":"if","locations":[{"start":{"line":57,"column":2},"end":{"line":57,"column":89}},{"start":{},"end":{}}],"line":57},"4":{"loc":{"start":{"line":82,"column":2},"end":{"line":98,"column":3}},"type":"if","locations":[{"start":{"line":82,"column":2},"end":{"line":98,"column":3}},{"start":{},"end":{}}],"line":82},"5":{"loc":{"start":{"line":169,"column":19},"end":{"line":169,"column":52}},"type":"binary-expr","locations":[{"start":{"line":169,"column":19},"end":{"line":169,"column":37}},{"start":{"line":169,"column":41},"end":{"line":169,"column":52}}],"line":169}},"s":{"0":0,"1":0,"2":0,"3":0,"4":0,"5":0,"6":0,"7":0,"8":0,"9":0,"10":0,"11":0,"12":0,"13":0,"14":0,"15":0,"16":0,"17":0,"18":0,"19":0,"20":0,"21":0,"22":0,"23":0,"24":0,"25":0,"26":0,"27":0,"28":0,"29":0,"30":0,"31":0,"32":0,"33":0,"34":0,"35":0,"36":0},"f":{"0":0,"1":0,"2":0,"3":0},"b":{"0":[0,0],"1":[0,0],"2":[0,0],"3":[0,0],"4":[0,0],"5":[0,0]}}
,"/Users/fasihuddinahmer/Projects/hive-mind-ad-optimizer/.claude/worktrees/relaxed-wilson/src/api/utils/dates.js": {"path":"/Users/fasihuddinahmer/Projects/hive-mind-ad-optimizer/.claude/worktrees/relaxed-wilson/src/api/utils/dates.js","statementMap":{"0":{"start":{"line":6,"column":33},"end":{"line":6,"column":46}},"1":{"start":{"line":7,"column":40},"end":{"line":7,"column":53}},"2":{"start":{"line":8,"column":30},"end":{"line":8,"column":32}},"3":{"start":{"line":14,"column":2},"end":{"line":14,"column":47}},"4":{"start":{"line":21,"column":2},"end":{"line":21,"column":78}},"5":{"start":{"line":28,"column":18},"end":{"line":28,"column":31}},"6":{"start":{"line":29,"column":20},"end":{"line":29,"column":37}},"7":{"start":{"line":30,"column":2},"end":{"line":30,"column":32}},"8":{"start":{"line":37,"column":2},"end":{"line":37,"column":27}},"9":{"start":{"line":44,"column":2},"end":{"line":44,"column":68}}},"fnMap":{"0":{"name":"getTodayISO","decl":{"start":{"line":13,"column":16},"end":{"line":13,"column":27}},"loc":{"start":{"line":13,"column":30},"end":{"line":15,"column":1}},"line":13},"1":{"name":"getDaysAgoISO","decl":{"start":{"line":20,"column":16},"end":{"line":20,"column":29}},"loc":{"start":{"line":20,"column":39},"end":{"line":22,"column":1}},"line":20},"2":{"name":"getDefaultDateRange","decl":{"start":{"line":27,"column":16},"end":{"line":27,"column":35}},"loc":{"start":{"line":27,"column":38},"end":{"line":31,"column":1}},"line":27},"3":{"name":"getOldestAllowedDate","decl":{"start":{"line":36,"column":16},"end":{"line":36,"column":36}},"loc":{"start":{"line":36,"column":39},"end":{"line":38,"column":1}},"line":36},"4":{"name":"getDaysDifference","decl":{"start":{"line":43,"column":16},"end":{"line":43,"column":33}},"loc":{"start":{"line":43,"column":60},"end":{"line":45,"column":1}},"line":43}},"branchMap":{},"s":{"0":0,"1":0,"2":0,"3":0,"4":0,"5":0,"6":0,"7":0,"8":0,"9":0},"f":{"0":0,"1":0,"2":0,"3":0,"4":0},"b":{}}
,"/Users/fasihuddinahmer/Projects/hive-mind-ad-optimizer/.claude/worktrees/relaxed-wilson/src/api/utils/logger.js": {"path":"/Users/fasihuddinahmer/Projects/hive-mind-ad-optimizer/.claude/worktrees/relaxed-wilson/src/api/utils/logger.js","statementMap":{"0":{"start":{"line":9,"column":21},"end":{"line":9,"column":30}},"1":{"start":{"line":15,"column":2},"end":{"line":15,"column":22}},"2":{"start":{"line":22,"column":2},"end":{"line":22,"column":63}},"3":{"start":{"line":29,"column":2},"end":{"line":29,"column":66}},"4":{"start":{"line":36,"column":24},"end":{"line":36,"column":82}},"5":{"start":{"line":37,"column":2},"end":{"line":37,"column":34}},"6":{"start":{"line":38,"column":2},"end":{"line":38,"column":51}},"7":{"start":{"line":39,"column":2},"end":{"line":39,"column":9}},"8":{"start":{"line":47,"column":4},"end":{"line":47,"column":31}},"9":{"start":{"line":51,"column":22},"end":{"line":51,"column":46}},"10":{"start":{"line":52,"column":26},"end":{"line":52,"column":44}},"11":{"start":{"line":53,"column":4},"end":{"line":60,"column":6}},"12":{"start":{"line":64,"column":21},"end":{"line":64,"column":55}},"13":{"start":{"line":65,"column":19},"end":{"line":65,"column":43}},"14":{"start":{"line":67,"column":4},"end":{"line":73,"column":5}},"15":{"start":{"line":68,"column":6},"end":{"line":68,"column":28}},"16":{"start":{"line":69,"column":11},"end":{"line":73,"column":5}},"17":{"start":{"line":70,"column":6},"end":{"line":70,"column":27}},"18":{"start":{"line":72,"column":6},"end":{"line":72,"column":26}},"19":{"start":{"line":77,"column":4},"end":{"line":77,"column":40}},"20":{"start":{"line":81,"column":4},"end":{"line":81,"column":40}},"21":{"start":{"line":85,"column":22},"end":{"line":89,"column":10}},"22":{"start":{"line":90,"column":4},"end":{"line":90,"column":62}},"23":{"start":{"line":94,"column":4},"end":{"line":96,"column":5}},"24":{"start":{"line":95,"column":6},"end":{"line":95,"column":43}},"25":{"start":{"line":104,"column":2},"end":{"line":104,"column":41}}},"fnMap":{"0":{"name":"generateCorrelationId","decl":{"start":{"line":14,"column":16},"end":{"line":14,"column":37}},"loc":{"start":{"line":14,"column":40},"end":{"line":16,"column":1}},"line":14},"1":{"name":"setCorrelationId","decl":{"start":{"line":21,"column":16},"end":{"line":21,"column":32}},"loc":{"start":{"line":21,"column":48},"end":{"line":23,"column":1}},"line":21},"2":{"name":"getCorrelationId","decl":{"start":{"line":28,"column":16},"end":{"line":28,"column":32}},"loc":{"start":{"line":28,"column":35},"end":{"line":30,"column":1}},"line":28},"3":{"name":"correlationIdMiddleware","decl":{"start":{"line":35,"column":16},"end":{"line":35,"column":39}},"loc":{"start":{"line":35,"column":56},"end":{"line":40,"column":1}},"line":35},"4":{"name":"(anonymous_4)","decl":{"start":{"line":46,"column":2},"end":{"line":46,"column":3}},"loc":{"start":{"line":46,"column":33},"end":{"line":48,"column":3}},"line":46},"5":{"name":"(anonymous_5)","decl":{"start":{"line":50,"column":2},"end":{"line":50,"column":3}},"loc":{"start":{"line":50,"column":37},"end":{"line":61,"column":3}},"line":50},"6":{"name":"(anonymous_6)","decl":{"start":{"line":63,"column":2},"end":{"line":63,"column":3}},"loc":{"start":{"line":63,"column":37},"end":{"line":74,"column":3}},"line":63},"7":{"name":"(anonymous_7)","decl":{"start":{"line":76,"column":2},"end":{"line":76,"column":3}},"loc":{"start":{"line":76,"column":27},"end":{"line":78,"column":3}},"line":76},"8":{"name":"(anonymous_8)","decl":{"start":{"line":80,"column":2},"end":{"line":80,"column":3}},"loc":{"start":{"line":80,"column":27},"end":{"line":82,"column":3}},"line":80},"9":{"name":"(anonymous_9)","decl":{"start":{"line":84,"column":2},"end":{"line":84,"column":3}},"loc":{"start":{"line":84,"column":42},"end":{"line":91,"column":3}},"line":84},"10":{"name":"(anonymous_10)","decl":{"start":{"line":93,"column":2},"end":{"line":93,"column":3}},"loc":{"start":{"line":93,"column":28},"end":{"line":97,"column":3}},"line":93},"11":{"name":"createLogger","decl":{"start":{"line":103,"column":16},"end":{"line":103,"column":28}},"loc":{"start":{"line":103,"column":48},"end":{"line":105,"column":1}},"line":103}},"branchMap":{"0":{"loc":{"start":{"line":29,"column":9},"end":{"line":29,"column":65}},"type":"binary-expr","locations":[{"start":{"line":29,"column":9},"end":{"line":29,"column":54}},{"start":{"line":29,"column":58},"end":{"line":29,"column":65}}],"line":29},"1":{"loc":{"start":{"line":36,"column":24},"end":{"line":36,"column":82}},"type":"binary-expr","locations":[{"start":{"line":36,"column":24},"end":{"line":36,"column":55}},{"start":{"line":36,"column":59},"end":{"line":36,"column":82}}],"line":36},"2":{"loc":{"start":{"line":46,"column":14},"end":{"line":46,"column":31}},"type":"default-arg","locations":[{"start":{"line":46,"column":26},"end":{"line":46,"column":31}}],"line":46},"3":{"loc":{"start":{"line":50,"column":26},"end":{"line":50,"column":35}},"type":"default-arg","locations":[{"start":{"line":50,"column":33},"end":{"line":50,"column":35}}],"line":50},"4":{"loc":{"start":{"line":63,"column":26},"end":{"line":63,"column":35}},"type":"default-arg","locations":[{"start":{"line":63,"column":33},"end":{"line":63,"column":35}}],"line":63},"5":{"loc":{"start":{"line":67,"column":4},"end":{"line":73,"column":5}},"type":"if","locations":[{"start":{"line":67,"column":4},"end":{"line":73,"column":5}},{"start":{"line":69,"column":11},"end":{"line":73,"column":5}}],"line":67},"6":{"loc":{"start":{"line":69,"column":11},"end":{"line":73,"column":5}},"type":"if","locations":[{"start":{"line":69,"column":11},"end":{"line":73,"column":5}},{"start":{"line":71,"column":11},"end":{"line":73,"column":5}}],"line":69},"7":{"loc":{"start":{"line":76,"column":16},"end":{"line":76,"column":25}},"type":"default-arg","locations":[{"start":{"line":76,"column":23},"end":{"line":76,"column":25}}],"line":76},"8":{"loc":{"start":{"line":80,"column":16},"end":{"line":80,"column":25}},"type":"default-arg","locations":[{"start":{"line":80,"column":23},"end":{"line":80,"column":25}}],"line":80},"9":{"loc":{"start":{"line":84,"column":17},"end":{"line":84,"column":29}},"type":"default-arg","locations":[{"start":{"line":84,"column":25},"end":{"line":84,"column":29}}],"line":84},"10":{"loc":{"start":{"line":84,"column":31},"end":{"line":84,"column":40}},"type":"default-arg","locations":[{"start":{"line":84,"column":38},"end":{"line":84,"column":40}}],"line":84},"11":{"loc":{"start":{"line":85,"column":22},"end":{"line":89,"column":10}},"type":"cond-expr","locations":[{"start":{"line":85,"column":30},"end":{"line":89,"column":5}},{"start":{"line":89,"column":8},"end":{"line":89,"column":10}}],"line":85},"12":{"loc":{"start":{"line":93,"column":17},"end":{"line":93,"column":26}},"type":"default-arg","locations":[{"start":{"line":93,"column":24},"end":{"line":93,"column":26}}],"line":93},"13":{"loc":{"start":{"line":94,"column":4},"end":{"line":96,"column":5}},"type":"if","locations":[{"start":{"line":94,"column":4},"end":{"line":96,"column":5}},{"start":{},"end":{}}],"line":94},"14":{"loc":{"start":{"line":103,"column":29},"end":{"line":103,"column":46}},"type":"default-arg","locations":[{"start":{"line":103,"column":41},"end":{"line":103,"column":46}}],"line":103}},"s":{"0":0,"1":0,"2":0,"3":0,"4":0,"5":0,"6":0,"7":0,"8":0,"9":0,"10":0,"11":0,"12":0,"13":0,"14":0,"15":0,"16":0,"17":0,"18":0,"19":0,"20":0,"21":0,"22":0,"23":0,"24":0,"25":0},"f":{"0":0,"1":0,"2":0,"3":0,"4":0,"5":0,"6":0,"7":0,"8":0,"9":0,"10":0,"11":0},"b":{"0":[0,0],"1":[0,0],"2":[0],"3":[0],"4":[0],"5":[0,0],"6":[0,0],"7":[0],"8":[0],"9":[0],"10":[0],"11":[0,0],"12":[0],"13":[0,0],"14":[0]}}
,"/Users/fasihuddinahmer/Projects/hive-mind-ad-optimizer/.claude/worktrees/relaxed-wilson/src/api/utils/rateLimit.js": {"path":"/Users/fasihuddinahmer/Projects/hive-mind-ad-optimizer/.claude/worktrees/relaxed-wilson/src/api/utils/rateLimit.js","statementMap":{"0":{"start":{"line":6,"column":16},"end":{"line":6,"column":25}},"1":{"start":{"line":16,"column":14},"end":{"line":16,"column":24}},"2":{"start":{"line":17,"column":15},"end":{"line":17,"column":31}},"3":{"start":{"line":20,"column":2},"end":{"line":26,"column":3}},"4":{"start":{"line":21,"column":4},"end":{"line":24,"column":6}},"5":{"start":{"line":25,"column":4},"end":{"line":25,"column":29}},"6":{"start":{"line":28,"column":18},"end":{"line":28,"column":44}},"7":{"start":{"line":29,"column":2},"end":{"line":31,"column":3}},"8":{"start":{"line":30,"column":4},"end":{"line":30,"column":19}},"9":{"start":{"line":33,"column":20},"end":{"line":33,"column":59}},"10":{"start":{"line":34,"column":18},"end":{"line":34,"column":32}},"11":{"start":{"line":36,"column":2},"end":{"line":36,"column":41}},"12":{"start":{"line":46,"column":2},"end":{"line":65,"column":4}},"13":{"start":{"line":47,"column":16},"end":{"line":47,"column":79}},"14":{"start":{"line":48,"column":44},"end":{"line":48,"column":86}},"15":{"start":{"line":51,"column":4},"end":{"line":51,"column":57}},"16":{"start":{"line":52,"column":4},"end":{"line":52,"column":59}},"17":{"start":{"line":53,"column":4},"end":{"line":53,"column":71}},"18":{"start":{"line":55,"column":4},"end":{"line":62,"column":5}},"19":{"start":{"line":56,"column":26},"end":{"line":56,"column":66}},"20":{"start":{"line":57,"column":6},"end":{"line":61,"column":9}},"21":{"start":{"line":64,"column":4},"end":{"line":64,"column":11}},"22":{"start":{"line":73,"column":14},"end":{"line":73,"column":24}},"23":{"start":{"line":74,"column":2},"end":{"line":79,"column":3}},"24":{"start":{"line":76,"column":4},"end":{"line":78,"column":5}},"25":{"start":{"line":77,"column":6},"end":{"line":77,"column":26}},"26":{"start":{"line":83,"column":0},"end":{"line":83,"column":55}},"27":{"start":{"line":83,"column":18},"end":{"line":83,"column":37}}},"fnMap":{"0":{"name":"checkRateLimit","decl":{"start":{"line":15,"column":16},"end":{"line":15,"column":30}},"loc":{"start":{"line":15,"column":72},"end":{"line":37,"column":1}},"line":15},"1":{"name":"rateLimitMiddleware","decl":{"start":{"line":45,"column":16},"end":{"line":45,"column":35}},"loc":{"start":{"line":45,"column":86},"end":{"line":66,"column":1}},"line":45},"2":{"name":"(anonymous_2)","decl":{"start":{"line":46,"column":9},"end":{"line":46,"column":10}},"loc":{"start":{"line":46,"column":29},"end":{"line":65,"column":3}},"line":46},"3":{"name":"cleanupOldBuckets","decl":{"start":{"line":72,"column":16},"end":{"line":72,"column":33}},"loc":{"start":{"line":72,"column":52},"end":{"line":80,"column":1}},"line":72},"4":{"name":"(anonymous_4)","decl":{"start":{"line":83,"column":12},"end":{"line":83,"column":13}},"loc":{"start":{"line":83,"column":18},"end":{"line":83,"column":37}},"line":83}},"branchMap":{"0":{"loc":{"start":{"line":15,"column":36},"end":{"line":15,"column":52}},"type":"default-arg","locations":[{"start":{"line":15,"column":50},"end":{"line":15,"column":52}}],"line":15},"1":{"loc":{"start":{"line":15,"column":54},"end":{"line":15,"column":70}},"type":"default-arg","locations":[{"start":{"line":15,"column":65},"end":{"line":15,"column":70}}],"line":15},"2":{"loc":{"start":{"line":20,"column":2},"end":{"line":26,"column":3}},"type":"if","locations":[{"start":{"line":20,"column":2},"end":{"line":26,"column":3}},{"start":{},"end":{}}],"line":20},"3":{"loc":{"start":{"line":20,"column":6},"end":{"line":20,"column":37}},"type":"binary-expr","locations":[{"start":{"line":20,"column":6},"end":{"line":20,"column":13}},{"start":{"line":20,"column":17},"end":{"line":20,"column":37}}],"line":20},"4":{"loc":{"start":{"line":29,"column":2},"end":{"line":31,"column":3}},"type":"if","locations":[{"start":{"line":29,"column":2},"end":{"line":31,"column":3}},{"start":{},"end":{}}],"line":29},"5":{"loc":{"start":{"line":45,"column":36},"end":{"line":45,"column":52}},"type":"default-arg","locations":[{"start":{"line":45,"column":50},"end":{"line":45,"column":52}}],"line":45},"6":{"loc":{"start":{"line":45,"column":54},"end":{"line":45,"column":70}},"type":"default-arg","locations":[{"start":{"line":45,"column":65},"end":{"line":45,"column":70}}],"line":45},"7":{"loc":{"start":{"line":45,"column":72},"end":{"line":45,"column":84}},"type":"default-arg","locations":[{"start":{"line":45,"column":80},"end":{"line":45,"column":84}}],"line":45},"8":{"loc":{"start":{"line":47,"column":16},"end":{"line":47,"column":79}},"type":"cond-expr","locations":[{"start":{"line":47,"column":24},"end":{"line":47,"column":34}},{"start":{"line":47,"column":38},"end":{"line":47,"column":78}}],"line":47},"9":{"loc":{"start":{"line":47,"column":38},"end":{"line":47,"column":78}},"type":"binary-expr","locations":[{"start":{"line":47,"column":38},"end":{"line":47,"column":53}},{"start":{"line":47,"column":57},"end":{"line":47,"column":63}},{"start":{"line":47,"column":67},"end":{"line":47,"column":78}}],"line":47},"10":{"loc":{"start":{"line":55,"column":4},"end":{"line":62,"column":5}},"type":"if","locations":[{"start":{"line":55,"column":4},"end":{"line":62,"column":5}},{"start":{},"end":{}}],"line":55},"11":{"loc":{"start":{"line":72,"column":34},"end":{"line":72,"column":50}},"type":"default-arg","locations":[{"start":{"line":72,"column":43},"end":{"line":72,"column":50}}],"line":72},"12":{"loc":{"start":{"line":76,"column":4},"end":{"line":78,"column":5}},"type":"if","locations":[{"start":{"line":76,"column":4},"end":{"line":78,"column":5}},{"start":{},"end":{}}],"line":76}},"s":{"0":0,"1":0,"2":0,"3":0,"4":0,"5":0,"6":0,"7":0,"8":0,"9":0,"10":0,"11":0,"12":0,"13":0,"14":0,"15":0,"16":0,"17":0,"18":0,"19":0,"20":0,"21":0,"22":0,"23":0,"24":0,"25":0,"26":0,"27":0},"f":{"0":0,"1":0,"2":0,"3":0,"4":0},"b":{"0":[0],"1":[0],"2":[0,0],"3":[0,0],"4":[0,0],"5":[0],"6":[0],"7":[0],"8":[0,0],"9":[0,0,0],"10":[0,0],"11":[0],"12":[0,0]}}
,"/Users/fasihuddinahmer/Projects/hive-mind-ad-optimizer/.claude/worktrees/relaxed-wilson/src/api/utils/retry.js": {"path":"/Users/fasihuddinahmer/Projects/hive-mind-ad-optimizer/.claude/worktrees/relaxed-wilson/src/api/utils/retry.js","statementMap":{"0":{"start":{"line":28,"column":16},"end":{"line":28,"column":17}},"1":{"start":{"line":30,"column":2},"end":{"line":59,"column":3}},"2":{"start":{"line":31,"column":4},"end":{"line":58,"column":5}},"3":{"start":{"line":32,"column":6},"end":{"line":32,"column":24}},"4":{"start":{"line":34,"column":6},"end":{"line":34,"column":24}},"5":{"start":{"line":37,"column":6},"end":{"line":39,"column":7}},"6":{"start":{"line":38,"column":8},"end":{"line":38,"column":20}},"7":{"start":{"line":42,"column":6},"end":{"line":44,"column":7}},"8":{"start":{"line":43,"column":8},"end":{"line":43,"column":20}},"9":{"start":{"line":47,"column":22},"end":{"line":50,"column":7}},"10":{"start":{"line":52,"column":6},"end":{"line":54,"column":7}},"11":{"start":{"line":53,"column":8},"end":{"line":53,"column":41}},"12":{"start":{"line":56,"column":6},"end":{"line":56,"column":65}},"13":{"start":{"line":56,"column":35},"end":{"line":56,"column":63}},"14":{"start":{"line":57,"column":6},"end":{"line":57,"column":16}},"15":{"start":{"line":61,"column":2},"end":{"line":61,"column":18}},"16":{"start":{"line":68,"column":2},"end":{"line":68,"column":27}},"17":{"start":{"line":68,"column":14},"end":{"line":68,"column":27}},"18":{"start":{"line":71,"column":2},"end":{"line":73,"column":3}},"19":{"start":{"line":72,"column":4},"end":{"line":72,"column":16}},"20":{"start":{"line":76,"column":2},"end":{"line":78,"column":3}},"21":{"start":{"line":77,"column":4},"end":{"line":77,"column":16}},"22":{"start":{"line":81,"column":2},"end":{"line":83,"column":3}},"23":{"start":{"line":82,"column":4},"end":{"line":82,"column":16}},"24":{"start":{"line":85,"column":2},"end":{"line":85,"column":15}},"25":{"start":{"line":93,"column":2},"end":{"line":98,"column":4}},"26":{"start":{"line":94,"column":4},"end":{"line":97,"column":6}},"27":{"start":{"line":95,"column":12},"end":{"line":95,"column":23}}},"fnMap":{"0":{"name":"retryWithBackoff","decl":{"start":{"line":17,"column":22},"end":{"line":17,"column":38}},"loc":{"start":{"line":26,"column":2},"end":{"line":62,"column":1}},"line":26},"1":{"name":"(anonymous_1)","decl":{"start":{"line":56,"column":24},"end":{"line":56,"column":25}},"loc":{"start":{"line":56,"column":35},"end":{"line":56,"column":63}},"line":56},"2":{"name":"defaultShouldRetry","decl":{"start":{"line":67,"column":9},"end":{"line":67,"column":27}},"loc":{"start":{"line":67,"column":44},"end":{"line":86,"column":1}},"line":67},"3":{"name":"withRetry","decl":{"start":{"line":92,"column":16},"end":{"line":92,"column":25}},"loc":{"start":{"line":92,"column":44},"end":{"line":99,"column":1}},"line":92},"4":{"name":"retriedFn","decl":{"start":{"line":93,"column":24},"end":{"line":93,"column":33}},"loc":{"start":{"line":93,"column":43},"end":{"line":98,"column":3}},"line":93},"5":{"name":"(anonymous_5)","decl":{"start":{"line":95,"column":6},"end":{"line":95,"column":7}},"loc":{"start":{"line":95,"column":12},"end":{"line":95,"column":23}},"line":95}},"branchMap":{"0":{"loc":{"start":{"line":19,"column":2},"end":{"line":25,"column":8}},"type":"default-arg","locations":[{"start":{"line":25,"column":6},"end":{"line":25,"column":8}}],"line":19},"1":{"loc":{"start":{"line":20,"column":4},"end":{"line":20,"column":19}},"type":"default-arg","locations":[{"start":{"line":20,"column":18},"end":{"line":20,"column":19}}],"line":20},"2":{"loc":{"start":{"line":21,"column":4},"end":{"line":21,"column":24}},"type":"default-arg","locations":[{"start":{"line":21,"column":21},"end":{"line":21,"column":24}}],"line":21},"3":{"loc":{"start":{"line":22,"column":4},"end":{"line":22,"column":21}},"type":"default-arg","locations":[{"start":{"line":22,"column":17},"end":{"line":22,"column":21}}],"line":22},"4":{"loc":{"start":{"line":23,"column":4},"end":{"line":23,"column":36}},"type":"default-arg","locations":[{"start":{"line":23,"column":18},"end":{"line":23,"column":36}}],"line":23},"5":{"loc":{"start":{"line":24,"column":4},"end":{"line":24,"column":18}},"type":"default-arg","locations":[{"start":{"line":24,"column":14},"end":{"line":24,"column":18}}],"line":24},"6":{"loc":{"start":{"line":37,"column":6},"end":{"line":39,"column":7}},"type":"if","locations":[{"start":{"line":37,"column":6},"end":{"line":39,"column":7}},{"start":{},"end":{}}],"line":37},"7":{"loc":{"start":{"line":42,"column":6},"end":{"line":44,"column":7}},"type":"if","locations":[{"start":{"line":42,"column":6},"end":{"line":44,"column":7}},{"start":{},"end":{}}],"line":42},"8":{"loc":{"start":{"line":52,"column":6},"end":{"line":54,"column":7}},"type":"if","locations":[{"start":{"line":52,"column":6},"end":{"line":54,"column":7}},{"start":{},"end":{}}],"line":52},"9":{"loc":{"start":{"line":68,"column":2},"end":{"line":68,"column":27}},"type":"if","locations":[{"start":{"line":68,"column":2},"end":{"line":68,"column":27}},{"start":{},"end":{}}],"line":68},"10":{"loc":{"start":{"line":71,"column":2},"end":{"line":73,"column":3}},"type":"if","locations":[{"start":{"line":71,"column":2},"end":{"line":73,"column":3}},{"start":{},"end":{}}],"line":71},"11":{"loc":{"start":{"line":71,"column":6},"end":{"line":71,"column":70}},"type":"binary-expr","locations":[{"start":{"line":71,"column":6},"end":{"line":71,"column":36}},{"start":{"line":71,"column":40},"end":{"line":71,"column":70}}],"line":71},"12":{"loc":{"start":{"line":76,"column":2},"end":{"line":78,"column":3}},"type":"if","locations":[{"start":{"line":76,"column":2},"end":{"line":78,"column":3}},{"start":{},"end":{}}],"line":76},"13":{"loc":{"start":{"line":76,"column":6},"end":{"line":76,"column":96}},"type":"binary-expr","locations":[{"start":{"line":76,"column":6},"end":{"line":76,"column":35}},{"start":{"line":76,"column":39},"end":{"line":76,"column":66}},{"start":{"line":76,"column":70},"end":{"line":76,"column":96}}],"line":76},"14":{"loc":{"start":{"line":81,"column":2},"end":{"line":83,"column":3}},"type":"if","locations":[{"start":{"line":81,"column":2},"end":{"line":83,"column":3}},{"start":{},"end":{}}],"line":81},"15":{"loc":{"start":{"line":81,"column":6},"end":{"line":81,"column":70}},"type":"binary-expr","locations":[{"start":{"line":81,"column":6},"end":{"line":81,"column":32}},{"start":{"line":81,"column":36},"end":{"line":81,"column":70}}],"line":81},"16":{"loc":{"start":{"line":92,"column":30},"end":{"line":92,"column":42}},"type":"default-arg","locations":[{"start":{"line":92,"column":40},"end":{"line":92,"column":42}}],"line":92}},"s":{"0":0,"1":0,"2":0,"3":0,"4":0,"5":0,"6":0,"7":0,"8":0,"9":0,"10":0,"11":0,"12":0,"13":0,"14":0,"15":0,"16":0,"17":0,"18":0,"19":0,"20":0,"21":0,"22":0,"23":0,"24":0,"25":0,"26":0,"27":0},"f":{"0":0,"1":0,"2":0,"3":0,"4":0,"5":0},"b":{"0":[0],"1":[0],"2":[0],"3":[0],"4":[0],"5":[0],"6":[0,0],"7":[0,0],"8":[0,0],"9":[0,0],"10":[0,0],"11":[0,0],"12":[0,0],"13":[0,0,0],"14":[0,0],"15":[0,0],"16":[0]}}
[...]
line":205,"column":74}}],"line":205},"21":{"loc":{"start":{"line":206,"column":58},"end":{"line":206,"column":71}},"type":"binary-expr","locations":[{"start":{"line":206,"column":58},"end":{"line":206,"column":66}},{"start":{"line":206,"column":70},"end":{"line":206,"column":71}}],"line":206},"22":{"loc":{"start":{"line":207,"column":26},"end":{"line":207,"column":93}},"type":"cond-expr","locations":[{"start":{"line":207,"column":43},"end":{"line":207,"column":85}},{"start":{"line":207,"column":88},"end":{"line":207,"column":93}}],"line":207},"23":{"loc":{"start":{"line":208,"column":26},"end":{"line":208,"column":87}},"type":"cond-expr","locations":[{"start":{"line":208,"column":43},"end":{"line":208,"column":79}},{"start":{"line":208,"column":82},"end":{"line":208,"column":87}}],"line":208},"24":{"loc":{"start":{"line":209,"column":26},"end":{"line":209,"column":106}},"type":"cond-expr","locations":[{"start":{"line":209,"column":49},"end":{"line":209,"column":98}},{"start":{"line":209,"column":101},"end":{"line":209,"column":106}}],"line":209},"25":{"loc":{"start":{"line":210,"column":26},"end":{"line":210,"column":96}},"type":"cond-expr","locations":[{"start":{"line":210,"column":44},"end":{"line":210,"column":88}},{"start":{"line":210,"column":91},"end":{"line":210,"column":96}}],"line":210},"26":{"loc":{"start":{"line":216,"column":26},"end":{"line":216,"column":49}},"type":"binary-expr","locations":[{"start":{"line":216,"column":26},"end":{"line":216,"column":44}},{"start":{"line":216,"column":48},"end":{"line":216,"column":49}}],"line":216},"27":{"loc":{"start":{"line":217,"column":4},"end":{"line":217,"column":79}},"type":"if","locations":[{"start":{"line":217,"column":4},"end":{"line":217,"column":79}},{"start":{},"end":{}}],"line":217},"28":{"loc":{"start":{"line":217,"column":46},"end":{"line":217,"column":73}},"type":"binary-expr","locations":[{"start":{"line":217,"column":46},"end":{"line":217,"column":68}},{"start":{"line":217,"column":72},"end":{"line":217,"column":73}}],"line":217},"29":{"loc":{"start":{"line":220,"column":48},"end":{"line":220,"column":60}},"type":"binary-expr","locations":[{"start":{"line":220,"column":48},"end":{"line":220,"column":55}},{"start":{"line":220,"column":59},"end":{"line":220,"column":60}}],"line":220},"30":{"loc":{"start":{"line":220,"column":65},"end":{"line":220,"column":77}},"type":"binary-expr","locations":[{"start":{"line":220,"column":65},"end":{"line":220,"column":72}},{"start":{"line":220,"column":76},"end":{"line":220,"column":77}}],"line":220},"31":{"loc":{"start":{"line":222,"column":17},"end":{"line":222,"column":60}},"type":"binary-expr","locations":[{"start":{"line":222,"column":17},"end":{"line":222,"column":28}},{"start":{"line":222,"column":32},"end":{"line":222,"column":46}},{"start":{"line":222,"column":50},"end":{"line":222,"column":60}}],"line":222},"32":{"loc":{"start":{"line":223,"column":21},"end":{"line":223,"column":32}},"type":"binary-expr","locations":[{"start":{"line":223,"column":21},"end":{"line":223,"column":27}},{"start":{"line":223,"column":31},"end":{"line":223,"column":32}}],"line":223},"33":{"loc":{"start":{"line":223,"column":37},"end":{"line":223,"column":48}},"type":"binary-expr","locations":[{"start":{"line":223,"column":37},"end":{"line":223,"column":43}},{"start":{"line":223,"column":47},"end":{"line":223,"column":48}}],"line":223},"34":{"loc":{"start":{"line":231,"column":51},"end":{"line":231,"column":62}},"type":"binary-expr","locations":[{"start":{"line":231,"column":51},"end":{"line":231,"column":57}},{"start":{"line":231,"column":61},"end":{"line":231,"column":62}}],"line":231},"35":{"loc":{"start":{"line":233,"column":50},"end":{"line":233,"column":62}},"type":"binary-expr","locations":[{"start":{"line":233,"column":50},"end":{"line":233,"column":57}},{"start":{"line":233,"column":61},"end":{"line":233,"column":62}}],"line":233},"36":{"loc":{"start":{"line":233,"column":67},"end":{"line":233,"column":79}},"type":"binary-expr","locations":[{"start":{"line":233,"column":67},"end":{"line":233,"column":74}},{"start":{"line":233,"column":78},"end":{"line":233,"column":79}}],"line":233},"37":{"loc":{"start":{"line":234,"column":51},"end":{"line":234,"column":67}},"type":"binary-expr","locations":[{"start":{"line":234,"column":51},"end":{"line":234,"column":62}},{"start":{"line":234,"column":66},"end":{"line":234,"column":67}}],"line":234},"38":{"loc":{"start":{"line":234,"column":72},"end":{"line":234,"column":88}},"type":"binary-expr","locations":[{"start":{"line":234,"column":72},"end":{"line":234,"column":83}},{"start":{"line":234,"column":87},"end":{"line":234,"column":88}}],"line":234},"39":{"loc":{"start":{"line":235,"column":49},"end":{"line":235,"column":60}},"type":"binary-expr","locations":[{"start":{"line":235,"column":49},"end":{"line":235,"column":55}},{"start":{"line":235,"column":59},"end":{"line":235,"column":60}}],"line":235},"40":{"loc":{"start":{"line":235,"column":65},"end":{"line":235,"column":76}},"type":"binary-expr","locations":[{"start":{"line":235,"column":65},"end":{"line":235,"column":71}},{"start":{"line":235,"column":75},"end":{"line":235,"column":76}}],"line":235},"41":{"loc":{"start":{"line":245,"column":19},"end":{"line":245,"column":74}},"type":"binary-expr","locations":[{"start":{"line":245,"column":19},"end":{"line":245,"column":46}},{"start":{"line":245,"column":50},"end":{"line":245,"column":74}}],"line":245},"42":{"loc":{"start":{"line":247,"column":67},"end":{"line":247,"column":103}},"type":"binary-expr","locations":[{"start":{"line":247,"column":67},"end":{"line":247,"column":91}},{"start":{"line":247,"column":95},"end":{"line":247,"column":103}}],"line":247},"43":{"loc":{"start":{"line":250,"column":43},"end":{"line":250,"column":89}},"type":"binary-expr","locations":[{"start":{"line":250,"column":43},"end":{"line":250,"column":62}},{"start":{"line":250,"column":66},"end":{"line":250,"column":84}},{"start":{"line":250,"column":88},"end":{"line":250,"column":89}}],"line":250},"44":{"loc":{"start":{"line":250,"column":102},"end":{"line":250,"column":125}},"type":"binary-expr","locations":[{"start":{"line":250,"column":102},"end":{"line":250,"column":120}},{"start":{"line":250,"column":124},"end":{"line":250,"column":125}}],"line":250},"45":{"loc":{"start":{"line":250,"column":138},"end":{"line":250,"column":184}},"type":"binary-expr","locations":[{"start":{"line":250,"column":138},"end":{"line":250,"column":158}},{"start":{"line":250,"column":162},"end":{"line":250,"column":179}},{"start":{"line":250,"column":183},"end":{"line":250,"column":184}}],"line":250},"46":{"loc":{"start":{"line":301,"column":14},"end":{"line":303,"column":60}},"type":"cond-expr","locations":[{"start":{"line":302,"column":6},"end":{"line":302,"column":60}},{"start":{"line":303,"column":6},"end":{"line":303,"column":60}}],"line":301},"47":{"loc":{"start":{"line":319,"column":108},"end":{"line":319,"column":124}},"type":"default-arg","locations":[{"start":{"line":319,"column":116},"end":{"line":319,"column":124}}],"line":319},"48":{"loc":{"start":{"line":320,"column":23},"end":{"line":320,"column":36}},"type":"binary-expr","locations":[{"start":{"line":320,"column":23},"end":{"line":320,"column":30}},{"start":{"line":320,"column":34},"end":{"line":320,"column":36}}],"line":320},"49":{"loc":{"start":{"line":321,"column":24},"end":{"line":323,"column":8}},"type":"cond-expr","locations":[{"start":{"line":322,"column":6},"end":{"line":322,"column":144}},{"start":{"line":323,"column":6},"end":{"line":323,"column":8}}],"line":321},"50":{"loc":{"start":{"line":321,"column":25},"end":{"line":321,"column":47}},"type":"binary-expr","locations":[{"start":{"line":321,"column":25},"end":{"line":321,"column":41}},{"start":{"line":321,"column":45},"end":{"line":321,"column":47}}],"line":321},"51":{"loc":{"start":{"line":325,"column":30},"end":{"line":325,"column":43}},"type":"binary-expr","locations":[{"start":{"line":325,"column":30},"end":{"line":325,"column":34}},{"start":{"line":325,"column":38},"end":{"line":325,"column":43}}],"line":325},"52":{"loc":{"start":{"line":328,"column":2},"end":{"line":328,"column":13}},"type":"binary-expr","locations":[{"start":{"line":328,"column":2},"end":{"line":328,"column":7}},{"start":{"line":328,"column":11},"end":{"line":328,"column":13}}],"line":328},"53":{"loc":{"start":{"line":331,"column":2},"end":{"line":331,"column":34}},"type":"binary-expr","locations":[{"start":{"line":331,"column":2},"end":{"line":331,"column":13}},{"start":{"line":331,"column":17},"end":{"line":331,"column":34}}],"line":331},"54":{"loc":{"start":{"line":334,"column":2},"end":{"line":334,"column":34}},"type":"binary-expr","locations":[{"start":{"line":334,"column":2},"end":{"line":334,"column":13}},{"start":{"line":334,"column":17},"end":{"line":334,"column":34}}],"line":334},"55":{"loc":{"start":{"line":337,"column":18},"end":{"line":337,"column":35}},"type":"binary-expr","locations":[{"start":{"line":337,"column":18},"end":{"line":337,"column":29}},{"start":{"line":337,"column":33},"end":{"line":337,"column":35}}],"line":337},"56":{"loc":{"start":{"line":345,"column":47},"end":{"line":345,"column":183}},"type":"cond-expr","locations":[{"start":{"line":345,"column":85},"end":{"line":345,"column":150}},{"start":{"line":345,"column":153},"end":{"line":345,"column":183}}],"line":345},"57":{"loc":{"start":{"line":345,"column":48},"end":{"line":345,"column":70}},"type":"binary-expr","locations":[{"start":{"line":345,"column":48},"end":{"line":345,"column":64}},{"start":{"line":345,"column":68},"end":{"line":345,"column":70}}],"line":345},"58":{"loc":{"start":{"line":347,"column":14},"end":{"line":349,"column":61}},"type":"cond-expr","locations":[{"start":{"line":348,"column":6},"end":{"line":348,"column":61}},{"start":{"line":349,"column":6},"end":{"line":349,"column":61}}],"line":347}},"s":{"0":0,"1":0,"2":0,"3":0,"4":0,"5":0,"6":0,"7":0,"8":0,"9":0,"10":0,"11":0,"12":0,"13":0,"14":0,"15":0,"16":0,"17":0,"18":0,"19":0,"20":0,"21":0,"22":0,"23":0,"24":0,"25":0,"26":0,"27":0,"28":0,"29":0,"30":0,"31":0,"32":0,"33":0,"34":0,"35":0,"36":0,"37":0,"38":0,"39":0,"40":0,"41":0,"42":0,"43":0,"44":0,"45":0,"46":0,"47":0,"48":0,"49":0,"50":0,"51":0,"52":0,"53":0,"54":0,"55":0,"56":0,"57":0,"58":0,"59":0,"60":0,"61":0,"62":0,"63":0,"64":0,"65":0,"66":0,"67":0,"68":0,"69":0,"70":0,"71":0,"72":0,"73":0,"74":0,"75":0,"76":0,"77":0,"78":0,"79":0,"80":0,"81":0,"82":0,"83":0,"84":0,"85":0,"86":0,"87":0,"88":0,"89":0,"90":0,"91":0,"92":0,"93":0,"94":0,"95":0,"96":0,"97":0},"f":{"0":0,"1":0,"2":0,"3":0,"4":0,"5":0,"6":0,"7":0,"8":0,"9":0,"10":0,"11":0,"12":0,"13":0,"14":0,"15":0,"16":0,"17":0,"18":0,"19":0,"20":0,"21":0,"22":0,"23":0,"24":0,"25":0,"26":0,"27":0,"28":0,"29":0,"30":0,"31":0,"32":0,"33":0,"34":0,"35":0,"36":0},"b":{"0":[0],"1":[0],"2":[0,0],"3":[0,0],"4":[0,0],"5":[0,0],"6":[0],"7":[0],"8":[0,0],"9":[0,0],"10":[0,0],"11":[0,0],"12":[0],"13":[0],"14":[0,0],"15":[0],"16":[0,0],"17":[0,0],"18":[0,0],"19":[0,0],"20":[0,0],"21":[0,0],"22":[0,0],"23":[0,0],"24":[0,0],"25":[0,0],"26":[0,0],"27":[0,0],"28":[0,0],"29":[0,0],"30":[0,0],"31":[0,0,0],"32":[0,0],"33":[0,0],"34":[0,0],"35":[0,0],"36":[0,0],"37":[0,0],"38":[0,0],"39":[0,0],"40":[0,0],"41":[0,0],"42":[0,0],"43":[0,0,0],"44":[0,0],"45":[0,0,0],"46":[0,0],"47":[0],"48":[0,0],"49":[0,0],"50":[0,0],"51":[0,0],"52":[0,0],"53":[0,0],"54":[0,0],"55":[0,0],"56":[0,0],"57":[0,0],"58":[0,0]}}
,"/Users/fasihuddinahmer/Projects/hive-mind-ad-optimizer/.claude/worktrees/relaxed-wilson/src/services/search-term-classifier.js": {"path":"/Users/fasihuddinahmer/Projects/hive-mind-ad-optimizer/.claude/worktrees/relaxed-wilson/src/services/search-term-classifier.js","statementMap":{"0":{"start":{"line":33,"column":2},"end":{"line":69,"column":5}},"1":{"start":{"line":34,"column":22},"end":{"line":34,"column":41}},"2":{"start":{"line":35,"column":22},"end":{"line":35,"column":41}},"3":{"start":{"line":36,"column":22},"end":{"line":36,"column":41}},"4":{"start":{"line":37,"column":22},"end":{"line":37,"column":90}},"5":{"start":{"line":40,"column":4},"end":{"line":48,"column":5}},"6":{"start":{"line":41,"column":6},"end":{"line":41,"column":34}},"7":{"start":{"line":42,"column":11},"end":{"line":48,"column":5}},"8":{"start":{"line":43,"column":6},"end":{"line":43,"column":38}},"9":{"start":{"line":44,"column":11},"end":{"line":48,"column":5}},"10":{"start":{"line":45,"column":6},"end":{"line":45,"column":35}},"11":{"start":{"line":47,"column":6},"end":{"line":47,"column":31}},"12":{"start":{"line":50,"column":4},"end":{"line":68,"column":6}}},"fnMap":{"0":{"name":"classifySearchTerms","decl":{"start":{"line":32,"column":16},"end":{"line":32,"column":35}},"loc":{"start":{"line":32,"column":45},"end":{"line":70,"column":1}},"line":32},"1":{"name":"(anonymous_1)","decl":{"start":{"line":33,"column":21},"end":{"line":33,"column":22}},"loc":{"start":{"line":33,"column":26},"end":{"line":69,"column":3}},"line":33}},"branchMap":{"0":{"loc":{"start":{"line":34,"column":22},"end":{"line":34,"column":41}},"type":"binary-expr","locations":[{"start":{"line":34,"column":22},"end":{"line":34,"column":36}},{"start":{"line":34,"column":40},"end":{"line":34,"column":41}}],"line":34},"1":{"loc":{"start":{"line":35,"column":22},"end":{"line":35,"column":41}},"type":"binary-expr","locations":[{"start":{"line":35,"column":22},"end":{"line":35,"column":30}},{"start":{"line":35,"column":40},"end":{"line":35,"column":41}}],"line":35},"2":{"loc":{"start":{"line":36,"column":22},"end":{"line":36,"column":41}},"type":"binary-expr","locations":[{"start":{"line":36,"column":22},"end":{"line":36,"column":28}},{"start":{"line":36,"column":40},"end":{"line":36,"column":41}}],"line":36},"3":{"loc":{"start":{"line":37,"column":22},"end":{"line":37,"column":90}},"type":"cond-expr","locations":[{"start":{"line":37,"column":48},"end":{"line":37,"column":83}},{"start":{"line":37,"column":86},"end":{"line":37,"column":90}}],"line":37},"4":{"loc":{"start":{"line":40,"column":4},"end":{"line":48,"column":5}},"type":"if","locations":[{"start":{"line":40,"column":4},"end":{"line":48,"column":5}},{"start":{"line":42,"column":11},"end":{"line":48,"column":5}}],"line":40},"5":{"loc":{"start":{"line":40,"column":8},"end":{"line":40,"column":51}},"type":"binary-expr","locations":[{"start":{"line":40,"column":8},"end":{"line":40,"column":22}},{"start":{"line":40,"column":26},"end":{"line":40,"column":38}},{"start":{"line":40,"column":42},"end":{"line":40,"column":51}}],"line":40},"6":{"loc":{"start":{"line":42,"column":11},"end":{"line":48,"column":5}},"type":"if","locations":[{"start":{"line":42,"column":11},"end":{"line":48,"column":5}},{"start":{"line":44,"column":11},"end":{"line":48,"column":5}}],"line":42},"7":{"loc":{"start":{"line":42,"column":15},"end":{"line":42,"column":58}},"type":"binary-expr","locations":[{"start":{"line":42,"column":15},"end":{"line":42,"column":27}},{"start":{"line":42,"column":31},"end":{"line":42,"column":46}},{"start":{"line":42,"column":50},"end":{"line":42,"column":58}}],"line":42},"8":{"loc":{"start":{"line":44,"column":11},"end":{"line":48,"column":5}},"type":"if","locations":[{"start":{"line":44,"column":11},"end":{"line":48,"column":5}},{"start":{"line":46,"column":11},"end":{"line":48,"column":5}}],"line":44},"9":{"loc":{"start":{"line":44,"column":15},"end":{"line":44,"column":72}},"type":"binary-expr","locations":[{"start":{"line":44,"column":15},"end":{"line":44,"column":29}},{"start":{"line":44,"column":33},"end":{"line":44,"column":45}},{"start":{"line":44,"column":49},"end":{"line":44,"column":59}},{"start":{"line":44,"column":63},"end":{"line":44,"column":72}}],"line":44},"10":{"loc":{"start":{"line":51,"column":20},"end":{"line":51,"column":50}},"type":"binary-expr","locations":[{"start":{"line":51,"column":20},"end":{"line":51,"column":44}},{"start":{"line":51,"column":48},"end":{"line":51,"column":50}}],"line":51},"11":{"loc":{"start":{"line":52,"column":20},"end":{"line":52,"column":40}},"type":"binary-expr","locations":[{"start":{"line":52,"column":20},"end":{"line":52,"column":34}},{"start":{"line":52,"column":38},"end":{"line":52,"column":40}}],"line":52},"12":{"loc":{"start":{"line":53,"column":20},"end":{"line":53,"column":50}},"type":"binary-expr","locations":[{"start":{"line":53,"column":20},"end":{"line":53,"column":43}},{"start":{"line":53,"column":48},"end":{"line":53,"column":50}}],"line":53},"13":{"loc":{"start":{"line":54,"column":20},"end":{"line":54,"column":39}},"type":"binary-expr","locations":[{"start":{"line":54,"column":20},"end":{"line":54,"column":33}},{"start":{"line":54,"column":37},"end":{"line":54,"column":39}}],"line":54},"14":{"loc":{"start":{"line":55,"column":20},"end":{"line":55,"column":39}},"type":"binary-expr","locations":[{"start":{"line":55,"column":20},"end":{"line":55,"column":32}},{"start":{"line":55,"column":37},"end":{"line":55,"column":39}}],"line":55},"15":{"loc":{"start":{"line":56,"column":20},"end":{"line":56,"column":39}},"type":"binary-expr","locations":[{"start":{"line":56,"column":20},"end":{"line":56,"column":31}},{"start":{"line":56,"column":37},"end":{"line":56,"column":39}}],"line":56},"16":{"loc":{"start":{"line":57,"column":20},"end":{"line":57,"column":39}},"type":"binary-expr","locations":[{"start":{"line":57,"column":20},"end":{"line":57,"column":31}},{"start":{"line":57,"column":37},"end":{"line":57,"column":39}}],"line":57},"17":{"loc":{"start":{"line":58,"column":20},"end":{"line":58,"column":42}},"type":"binary-expr","locations":[{"start":{"line":58,"column":20},"end":{"line":58,"column":33}},{"start":{"line":58,"column":38},"end":{"line":58,"column":42}}],"line":58},"18":{"loc":{"start":{"line":59,"column":20},"end":{"line":59,"column":42}},"type":"binary-expr","locations":[{"start":{"line":59,"column":20},"end":{"line":59,"column":28}},{"start":{"line":59,"column":38},"end":{"line":59,"column":42}}],"line":59},"19":{"loc":{"start":{"line":60,"column":20},"end":{"line":60,"column":94}},"type":"cond-expr","locations":[{"start":{"line":60,"column":49},"end":{"line":60,"column":87}},{"start":{"line":60,"column":90},"end":{"line":60,"column":94}}],"line":60},"20":{"loc":{"start":{"line":61,"column":20},"end":{"line":61,"column":43}},"type":"binary-expr","locations":[{"start":{"line":61,"column":20},"end":{"line":61,"column":26}},{"start":{"line":61,"column":39},"end":{"line":61,"column":43}}],"line":61},"21":{"loc":{"start":{"line":62,"column":20},"end":{"line":62,"column":43}},"type":"binary-expr","locations":[{"start":{"line":62,"column":20},"end":{"line":62,"column":34}},{"start":{"line":62,"column":39},"end":{"line":62,"column":43}}],"line":62},"22":{"loc":{"start":{"line":63,"column":20},"end":{"line":63,"column":43}},"type":"binary-expr","locations":[{"start":{"line":63,"column":20},"end":{"line":63,"column":34}},{"start":{"line":63,"column":39},"end":{"line":63,"column":43}}],"line":63},"23":{"loc":{"start":{"line":64,"column":20},"end":{"line":64,"column":43}},"type":"binary-expr","locations":[{"start":{"line":64,"column":20},"end":{"line":64,"column":30}},{"start":{"line":64,"column":39},"end":{"line":64,"column":43}}],"line":64},"24":{"loc":{"start":{"line":66,"column":20},"end":{"line":66,"column":43}},"type":"binary-expr","locations":[{"start":{"line":66,"column":20},"end":{"line":66,"column":35}},{"start":{"line":66,"column":39},"end":{"line":66,"column":43}}],"line":66}},"s":{"0":22,"1":30,"2":30,"3":30,"4":30,"5":30,"6":9,"7":21,"8":4,"9":17,"10":7,"11":10,"12":30},"f":{"0":22,"1":30},"b":{"0":[30,2],"1":[30,2],"2":[30,2],"3":[20,10],"4":[9,21],"5":[30,18,18],"6":[4,17],"7":[21,13,5],"8":[7,10],"9":[17,9,9,9],"10":[30,30],"11":[30,30],"12":[30,30],"13":[30,30],"14":[30,0],"15":[30,30],"16":[30,30],"17":[30,30],"18":[30,2],"19":[0,30],"20":[30,2],"21":[30,30],"22":[30,2],"23":[30,30],"24":[30,30]},"_coverageSchema":"1a1c01bbd47fc00a2c39e90264f33305004495a9","hash":"39ed0e0616e1f27359963adab363ec93fa0f95bf"}
}
