TN:
SF:src/api/middleware/auditLog.js
FN:26,auditLogMiddleware
FN:31,(anonymous_1)
FN:45,(anonymous_2)
FN:64,logAction
FN:106,getActionDescription
FN:129,getAuditLogs
FN:158,generateAuditReport
FN:175,groupBy
FN:176,(anonymous_8)
FNF:9
FNH:0
FNDA:0,auditLogMiddleware
FNDA:0,(anonymous_1)
FNDA:0,(anonymous_2)
FNDA:0,logAction
FNDA:0,getActionDescription
FNDA:0,getAuditLogs
FNDA:0,generateAuditReport
FNDA:0,groupBy
FNDA:0,(anonymous_8)
DA:4,0
DA:28,0
DA:31,0
DA:33,0
DA:34,0
DA:35,0
DA:36,0
DA:43,0
DA:44,0
DA:45,0
DA:46,0
DA:51,0
DA:54,0
DA:65,0
DA:67,0
DA:68,0
DA:70,0
DA:73,0
DA:76,0
DA:90,0
DA:94,0
DA:107,0
DA:113,0
DA:130,0
DA:132,0
DA:133,0
DA:134,0
DA:135,0
DA:136,0
DA:137,0
DA:138,0
DA:141,0
DA:159,0
DA:161,0
DA:176,0
DA:177,0
DA:178,0
DA:179,0
DA:180,0
LF:39
LH:0
BRDA:34,0,0,0
BRDA:34,0,1,0
BRDA:44,1,0,0
BRDA:44,1,1,0
BRDA:44,2,0,0
BRDA:44,2,1,0
BRDA:44,2,2,0
BRDA:68,3,0,0
BRDA:68,3,1,0
BRDA:70,4,0,0
BRDA:70,4,1,0
BRDA:70,4,2,0
BRDA:70,4,3,0
BRDA:70,4,4,0
BRDA:83,5,0,0
BRDA:83,5,1,0
BRDA:91,6,0,0
BRDA:91,6,1,0
BRDA:113,7,0,0
BRDA:113,7,1,0
BRDA:129,8,0,0
BRDA:130,9,0,0
BRDA:133,10,0,0
BRDA:133,10,1,0
BRDA:134,11,0,0
BRDA:134,11,1,0
BRDA:135,12,0,0
BRDA:135,12,1,0
BRDA:135,13,0,0
BRDA:135,13,1,0
BRDA:137,14,0,0
BRDA:137,14,1,0
BRDA:138,15,0,0
BRDA:138,15,1,0
BRDA:178,16,0,0
BRDA:178,16,1,0
BRF:36
BRH:0
end_of_record
TN:
SF:src/api/middleware/rateLimiter.js
FN:15,onLimitReached
FN:27,(anonymous_1)
FN:41,(anonymous_2)
FN:55,(anonymous_3)
FN:59,(anonymous_4)
FNF:5
FNH:0
FNDA:0,onLimitReached
FNDA:0,(anonymous_1)
FNDA:0,(anonymous_2)
FNDA:0,(anonymous_3)
FNDA:0,(anonymous_4)
DA:13,0
DA:16,0
DA:21,0
DA:28,0
DA:29,0
DA:35,0
DA:42,0
DA:43,0
DA:49,0
DA:56,0
DA:57,0
DA:59,0
LF:12
LH:0
BRF:0
BRH:0
end_of_record
TN:
SF:src/api/middleware/requireActiveSubscription.js
FN:10,requireActiveSubscription
FNF:1
FNH:0
FNDA:0,requireActiveSubscription
DA:11,0
DA:13,0
DA:18,0
DA:19,0
DA:25,0
LF:5
LH:0
BRDA:18,0,0,0
BRDA:18,0,1,0
BRDA:18,1,0,0
BRDA:18,1,1,0
BRDA:18,1,2,0
BRF:5
BRH:0
end_of_record
TN:
SF:src/api/middleware/requireAuth.js
FN:7,(anonymous_0)
FN:31,requireAuth
FNF:2
FNH:2
FNDA:2,(anonymous_0)
FNDA:17,requireAuth
DA:5,2
DA:7,2
DA:8,2
DA:9,2
DA:10,0
DA:15,2
DA:18,2
DA:32,17
DA:33,17
DA:34,5
DA:37,12
DA:39,12
DA:42,5
DA:46,5
DA:47,1
DA:48,1
DA:52,4
DA:60,4
DA:62,7
DA:63,1
DA:65,6
DA:66,6
DA:67,6
DA:69,0
DA:70,0
LF:25
LH:22
BRDA:9,0,0,0
BRDA:9,0,1,2
BRDA:33,1,0,5
BRDA:33,1,1,12
BRDA:46,2,0,1
BRDA:46,2,1,4
BRDA:57,3,0,4
BRDA:57,3,1,4
BRDA:62,4,0,1
BRDA:62,4,1,6
BRDA:65,5,0,6
BRDA:65,5,1,0
BRF:12
BRH:10
end_of_record
TN:
SF:src/api/middleware/requireRole.js
FN:21,requireRole
FN:26,(anonymous_1)
FNF:2
FNH:2
FNDA:15,requireRole
FNDA:12,(anonymous_1)
DA:16,2
DA:22,15
DA:23,3
DA:26,12
DA:27,12
DA:29,12
DA:30,2
DA:33,10
DA:34,4
DA:39,6
LF:10
LH:10
BRDA:22,0,0,3
BRDA:22,0,1,12
BRDA:29,1,0,2
BRDA:29,1,1,10
BRDA:33,2,0,4
BRDA:33,2,1,6
BRF:6
BRH:6
end_of_record
TN:
SF:src/api/middleware/tenantFilter.js
FN:34,getTenantScope
FN:52,validateTenantAccess
FN:79,extendTenantFilter
FN:101,tenantFilterMiddleware
FN:107,(anonymous_4)
FN:108,(anonymous_5)
FN:109,(anonymous_6)
FNF:7
FNH:0
FNDA:0,getTenantScope
FNDA:0,validateTenantAccess
FNDA:0,extendTenantFilter
FNDA:0,tenantFilterMiddleware
FNDA:0,(anonymous_4)
FNDA:0,(anonymous_5)
FNDA:0,(anonymous_6)
DA:3,0
DA:35,0
DA:36,0
DA:39,0
DA:53,0
DA:54,0
DA:57,0
DA:58,0
DA:61,0
DA:64,0
DA:80,0
DA:102,0
DA:103,0
DA:107,0
DA:108,0
DA:109,0
DA:111,0
LF:17
LH:0
BRDA:35,0,0,0
BRDA:35,0,1,0
BRDA:53,1,0,0
BRDA:53,1,1,0
BRDA:57,2,0,0
BRDA:57,2,1,0
BRDA:79,3,0,0
BRDA:102,4,0,0
BRDA:102,4,1,0
BRF:9
BRH:0
end_of_record
TN:
SF:src/api/middleware/withAmazonCredentials.js
FN:24,withAmazonCredentials
FNF:1
FNH:0
FNDA:0,withAmazonCredentials
DA:22,0
DA:25,0
DA:26,0
DA:27,0
DA:29,0
DA:31,0
DA:35,0
DA:44,0
DA:53,0
DA:56,0
DA:57,0
DA:59,0
DA:62,0
DA:64,0
DA:66,0
DA:67,0
DA:68,0
LF:17
LH:0
BRDA:27,0,0,0
BRDA:27,0,1,0
BRDA:31,1,0,0
BRDA:31,1,1,0
BRDA:35,2,0,0
BRDA:35,2,1,0
BRF:6
BRH:0
end_of_record
TN:
SF:src/api/middleware/withTenant.js
FN:27,withTenant
FNF:1
FNH:1
FNDA:8,withTenant
DA:4,1
DA:28,8
DA:30,8
DA:33,8
DA:34,2
DA:39,2
DA:40,1
DA:42,1
DA:49,7
DA:57,6
DA:58,1
DA:61,1
DA:67,5
DA:74,5
DA:78,5
DA:80,1
DA:81,1
LF:17
LH:17
BRDA:30,0,0,8
BRDA:30,0,1,6
BRDA:30,0,2,5
BRDA:33,1,0,2
BRDA:33,1,1,6
BRDA:39,2,0,1
BRDA:39,2,1,1
BRDA:57,3,0,1
BRDA:57,3,1,5
BRF:9
BRH:9
end_of_record
TN:
SF:src/api/routes/auth.js
FN:37,(anonymous_0)
FN:87,(anonymous_1)
FN:88,(anonymous_2)
FN:128,(anonymous_3)
FN:201,(anonymous_4)
FN:221,(anonymous_5)
FN:233,(anonymous_6)
FN:258,(anonymous_7)
FN:271,(anonymous_8)
FN:305,(anonymous_9)
FN:345,(anonymous_10)
FN:370,(anonymous_11)
FN:383,(anonymous_12)
FN:396,(anonymous_13)
FN:404,(anonymous_14)
FN:416,(anonymous_15)
FN:426,(anonymous_16)
FN:453,(anonymous_17)
FN:461,(anonymous_18)
FN:467,(anonymous_19)
FNF:20
FNH:0
FNDA:0,(anonymous_0)
FNDA:0,(anonymous_1)
FNDA:0,(anonymous_2)
FNDA:0,(anonymous_3)
FNDA:0,(anonymous_4)
FNDA:0,(anonymous_5)
FNDA:0,(anonymous_6)
FNDA:0,(anonymous_7)
FNDA:0,(anonymous_8)
FNDA:0,(anonymous_9)
FNDA:0,(anonymous_10)
FNDA:0,(anonymous_11)
FNDA:0,(anonymous_12)
FNDA:0,(anonymous_13)
FNDA:0,(anonymous_14)
FNDA:0,(anonymous_15)
FNDA:0,(anonymous_16)
FNDA:0,(anonymous_17)
FNDA:0,(anonymous_18)
FNDA:0,(anonymous_19)
DA:13,0
DA:14,0
DA:16,0
DA:17,0
DA:18,0
DA:25,0
DA:26,0
DA:27,0
DA:37,0
DA:38,0
DA:39,0
DA:42,0
DA:43,0
DA:46,0
DA:47,0
DA:51,0
DA:52,0
DA:53,0
DA:57,0
DA:58,0
DA:59,0
DA:63,0
DA:66,0
DA:77,0
DA:80,0
DA:81,0
DA:88,0
DA:89,0
DA:93,0
DA:103,0
DA:104,0
DA:106,0
DA:116,0
DA:117,0
DA:128,0
DA:129,0
DA:130,0
DA:133,0
DA:134,0
DA:138,0
DA:139,0
DA:140,0
DA:141,0
DA:145,0
DA:146,0
DA:147,0
DA:148,0
DA:152,0
DA:157,0
DA:160,0
DA:166,0
DA:177,0
DA:178,0
DA:180,0
DA:190,0
DA:191,0
DA:201,0
DA:202,0
DA:203,0
DA:214,0
DA:215,0
DA:219,0
DA:220,0
DA:221,0
DA:224,0
DA:233,0
DA:247,0
DA:248,0
DA:258,0
DA:259,0
DA:260,0
DA:261,0
DA:262,0
DA:271,0
DA:272,0
DA:273,0
DA:275,0
DA:276,0
DA:281,0
DA:282,0
DA:285,0
DA:291,0
DA:292,0
DA:294,0
DA:295,0
DA:297,0
DA:298,0
DA:305,0
DA:306,0
DA:307,0
DA:311,0
DA:312,0
DA:316,0
DA:327,0
DA:328,0
DA:330,0
DA:332,0
DA:334,0
DA:335,0
DA:345,0
DA:346,0
DA:347,0
DA:349,0
DA:351,0
DA:352,0
DA:354,0
DA:362,0
DA:363,0
DA:370,0
DA:371,0
DA:372,0
DA:373,0
DA:376,0
DA:378,0
DA:379,0
DA:383,0
DA:384,0
DA:387,0
DA:396,0
DA:397,0
DA:398,0
DA:401,0
DA:404,0
DA:405,0
DA:406,0
DA:409,0
DA:411,0
DA:412,0
DA:416,0
DA:417,0
DA:426,0
DA:427,0
DA:428,0
DA:429,0
DA:431,0
DA:433,0
DA:434,0
DA:436,0
DA:438,0
DA:443,0
DA:444,0
DA:449,0
DA:450,0
DA:453,0
DA:454,0
DA:455,0
DA:456,0
DA:458,0
DA:461,0
DA:462,0
DA:463,0
DA:464,0
DA:467,0
DA:468,0
DA:469,0
DA:471,0
DA:472,0
DA:473,0
DA:478,0
DA:479,0
DA:483,0
DA:489,0
LF:162
LH:0
BRDA:25,0,0,0
BRDA:25,0,1,0
BRDA:39,1,0,0
BRDA:39,2,0,0
BRDA:42,3,0,0
BRDA:42,3,1,0
BRDA:42,4,0,0
BRDA:42,4,1,0
BRDA:46,5,0,0
BRDA:46,5,1,0
BRDA:52,6,0,0
BRDA:52,6,1,0
BRDA:58,7,0,0
BRDA:58,7,1,0
BRDA:133,8,0,0
BRDA:133,8,1,0
BRDA:133,9,0,0
BRDA:133,9,1,0
BRDA:139,10,0,0
BRDA:139,10,1,0
BRDA:146,11,0,0
BRDA:146,11,1,0
BRDA:170,12,0,0
BRDA:170,12,1,0
BRDA:214,13,0,0
BRDA:214,13,1,0
BRDA:220,14,0,0
BRDA:220,14,1,0
BRDA:221,15,0,0
BRDA:221,15,1,0
BRDA:231,16,0,0
BRDA:231,16,1,0
BRDA:239,17,0,0
BRDA:239,17,1,0
BRDA:273,18,0,0
BRDA:273,18,1,0
BRDA:281,19,0,0
BRDA:281,19,1,0
BRDA:311,20,0,0
BRDA:311,20,1,0
BRDA:320,21,0,0
BRDA:320,21,1,0
BRDA:347,22,0,0
BRDA:347,22,1,0
BRDA:351,23,0,0
BRDA:351,23,1,0
BRDA:352,24,0,0
BRDA:352,24,1,0
BRDA:372,25,0,0
BRDA:372,25,1,0
BRDA:373,26,0,0
BRDA:373,26,1,0
BRDA:398,27,0,0
BRDA:398,27,1,0
BRDA:406,28,0,0
BRDA:406,28,1,0
BRDA:428,29,0,0
BRDA:428,29,1,0
BRDA:428,30,0,0
BRDA:428,30,1,0
BRDA:429,31,0,0
BRDA:429,31,1,0
BRDA:433,32,0,0
BRDA:433,32,1,0
BRDA:433,33,0,0
BRDA:433,33,1,0
BRDA:434,34,0,0
BRDA:434,34,1,0
BRDA:454,35,0,0
BRDA:454,35,1,0
BRDA:454,36,0,0
BRDA:454,36,1,0
BRDA:455,37,0,0
BRDA:455,37,1,0
BRDA:469,38,0,0
BRDA:469,38,1,0
BRF:76
BRH:0
end_of_record
TN:
SF:src/api/routes/automation.js
FN:13,validateRule
FN:34,(anonymous_1)
FN:65,(anonymous_2)
FN:83,(anonymous_3)
FN:109,(anonymous_4)
FN:122,(anonymous_5)
FN:153,(anonymous_6)
FN:162,(anonymous_7)
FNF:8
FNH:0
FNDA:0,validateRule
FNDA:0,(anonymous_1)
FNDA:0,(anonymous_2)
FNDA:0,(anonymous_3)
FNDA:0,(anonymous_4)
FNDA:0,(anonymous_5)
FNDA:0,(anonymous_6)
FNDA:0,(anonymous_7)
DA:6,0
DA:7,0
DA:9,0
DA:10,0
DA:11,0
DA:14,0
DA:15,0
DA:16,0
DA:17,0
DA:18,0
DA:19,0
DA:20,0
DA:21,0
DA:22,0
DA:23,0
DA:25,0
DA:26,0
DA:28,0
DA:34,0
DA:35,0
DA:36,0
DA:38,0
DA:40,0
DA:41,0
DA:54,0
DA:55,0
DA:57,0
DA:58,0
DA:65,0
DA:66,0
DA:77,0
DA:83,0
DA:84,0
DA:87,0
DA:89,0
DA:90,0
DA:91,0
DA:92,0
DA:93,0
DA:99,0
DA:103,0
DA:109,0
DA:110,0
DA:113,0
DA:115,0
DA:116,0
DA:122,0
DA:123,0
DA:126,0
DA:128,0
DA:130,0
DA:141,0
DA:146,0
DA:147,0
DA:153,0
DA:154,0
DA:155,0
DA:156,0
DA:162,0
DA:163,0
DA:166,0
DA:168,0
DA:173,0
LF:63
LH:0
BRDA:15,0,0,0
BRDA:15,0,1,0
BRDA:16,1,0,0
BRDA:16,1,1,0
BRDA:17,2,0,0
BRDA:17,2,1,0
BRDA:18,3,0,0
BRDA:18,3,1,0
BRDA:19,4,0,0
BRDA:19,4,1,0
BRDA:19,5,0,0
BRDA:19,5,1,0
BRDA:20,6,0,0
BRDA:20,6,1,0
BRDA:21,7,0,0
BRDA:21,7,1,0
BRDA:23,8,0,0
BRDA:23,8,1,0
BRDA:23,9,0,0
BRDA:23,9,1,0
BRDA:23,9,2,0
BRDA:25,10,0,0
BRDA:25,10,1,0
BRDA:25,11,0,0
BRDA:25,11,1,0
BRDA:25,11,2,0
BRDA:25,11,3,0
BRDA:36,12,0,0
BRDA:36,12,1,0
BRDA:38,13,0,0
BRDA:38,14,0,0
BRDA:87,15,0,0
BRDA:87,15,1,0
BRDA:92,16,0,0
BRDA:92,16,1,0
BRDA:93,17,0,0
BRDA:93,17,1,0
BRDA:113,18,0,0
BRDA:113,18,1,0
BRDA:126,19,0,0
BRDA:126,19,1,0
BRDA:137,20,0,0
BRDA:137,20,1,0
BRDA:166,21,0,0
BRDA:166,21,1,0
BRF:45
BRH:0
end_of_record
TN:
SF:src/api/routes/billing.js
FN:33,razorpayRequired
FN:44,(anonymous_1)
FN:55,(anonymous_2)
FN:75,(anonymous_3)
FN:85,(anonymous_4)
FN:89,(anonymous_5)
FN:143,(anonymous_6)
FN:176,(anonymous_7)
FN:204,(anonymous_8)
FN:235,(anonymous_9)
FN:256,razorpayWebhookHandler
FNF:11
FNH:1
FNDA:0,razorpayRequired
FNDA:0,(anonymous_1)
FNDA:0,(anonymous_2)
FNDA:0,(anonymous_3)
FNDA:0,(anonymous_4)
FNDA:0,(anonymous_5)
FNDA:0,(anonymous_6)
FNDA:0,(anonymous_7)
FNDA:0,(anonymous_8)
FNDA:0,(anonymous_9)
FNDA:14,razorpayWebhookHandler
DA:30,1
DA:31,1
DA:34,0
DA:35,0
DA:37,0
DA:44,1
DA:45,0
DA:47,0
DA:56,0
DA:57,0
DA:63,0
DA:75,0
DA:85,1
DA:86,0
DA:87,0
DA:88,0
DA:89,0
DA:93,0
DA:96,0
DA:97,0
DA:98,0
DA:101,0
DA:112,0
DA:130,0
DA:131,0
DA:143,1
DA:144,0
DA:146,0
DA:147,0
DA:150,0
DA:151,0
DA:152,0
DA:153,0
DA:157,0
DA:160,0
DA:161,0
DA:167,0
DA:168,0
DA:176,1
DA:177,0
DA:179,0
DA:180,0
DA:181,0
DA:185,0
DA:187,0
DA:195,0
DA:196,0
DA:204,1
DA:205,0
DA:207,0
DA:208,0
DA:211,0
DA:212,0
DA:218,0
DA:219,0
DA:226,0
DA:227,0
DA:235,1
DA:236,0
DA:238,0
DA:239,0
DA:242,0
DA:243,0
DA:244,0
DA:245,0
DA:248,0
DA:249,0
DA:257,14
DA:258,14
DA:260,14
DA:261,1
DA:262,1
DA:265,13
DA:268,13
DA:269,13
DA:271,1
DA:274,12
DA:275,1
DA:276,1
DA:280,11
DA:281,11
DA:283,0
DA:286,11
DA:287,11
DA:289,11
DA:290,11
DA:297,8
DA:298,7
DA:301,2
DA:302,1
DA:306,1
DA:309,2
DA:310,2
DA:313,9
LF:94
LH:34
BRDA:34,0,0,0
BRDA:34,0,1,0
BRDA:64,1,0,0
BRDA:64,1,1,0
BRDA:65,2,0,0
BRDA:65,2,1,0
BRDA:87,3,0,0
BRDA:87,3,1,0
BRDA:87,4,0,0
BRDA:87,4,1,0
BRDA:97,5,0,0
BRDA:97,5,1,0
BRDA:97,6,0,0
BRDA:97,6,1,0
BRDA:146,7,0,0
BRDA:146,7,1,0
BRDA:146,8,0,0
BRDA:146,8,1,0
BRDA:146,8,2,0
BRDA:151,9,0,0
BRDA:151,9,1,0
BRDA:160,10,0,0
BRDA:160,10,1,0
BRDA:180,11,0,0
BRDA:180,11,1,0
BRDA:205,12,0,0
BRDA:207,13,0,0
BRDA:207,13,1,0
BRDA:207,14,0,0
BRDA:207,14,1,0
BRDA:215,15,0,0
BRDA:215,15,1,0
BRDA:227,16,0,0
BRDA:227,16,1,0
BRDA:238,17,0,0
BRDA:238,17,1,0
BRDA:238,18,0,0
BRDA:238,18,1,0
BRDA:238,18,2,0
BRDA:243,19,0,0
BRDA:243,19,1,0
BRDA:260,20,0,1
BRDA:260,20,1,13
BRDA:265,21,0,13
BRDA:265,21,1,0
BRDA:274,22,0,1
BRDA:274,22,1,11
BRDA:290,23,0,3
BRDA:290,23,1,4
BRDA:290,23,2,5
BRDA:290,23,3,6
BRDA:290,23,4,7
BRDA:290,23,5,8
BRDA:290,23,6,2
BRDA:290,23,7,1
BRF:55
BRH:13
end_of_record
TN:
SF:src/api/routes/campaigns.js
FN:14,resolveProfileId
FN:26,(anonymous_1)
FN:34,(anonymous_2)
FN:63,(anonymous_3)
FN:64,(anonymous_4)
FNF:5
FNH:0
FNDA:0,resolveProfileId
FNDA:0,(anonymous_1)
FNDA:0,(anonymous_2)
FNDA:0,(anonymous_3)
FNDA:0,(anonymous_4)
DA:5,0
DA:15,0
DA:17,0
DA:22,0
DA:26,0
DA:27,0
DA:28,0
DA:30,0
DA:31,0
DA:32,0
DA:34,0
DA:51,0
DA:54,0
DA:55,0
DA:57,0
DA:58,0
DA:63,0
DA:64,0
DA:65,0
DA:66,0
LF:20
LH:0
BRDA:15,0,0,0
BRDA:15,0,1,0
BRDA:22,1,0,0
BRDA:22,1,1,0
BRDA:30,2,0,0
BRDA:30,2,1,0
BRDA:38,3,0,0
BRDA:38,3,1,0
BRDA:65,4,0,0
BRDA:65,4,1,0
BRF:10
BRH:0
end_of_record
TN:
SF:src/api/routes/credentials.js
FN:17,(anonymous_0)
FN:39,(anonymous_1)
FN:63,(anonymous_2)
FNF:3
FNH:0
FNDA:0,(anonymous_0)
FNDA:0,(anonymous_1)
FNDA:0,(anonymous_2)
DA:13,0
DA:14,0
DA:17,0
DA:18,0
DA:19,0
DA:25,0
DA:33,0
DA:34,0
DA:39,0
DA:40,0
DA:41,0
DA:55,0
DA:57,0
DA:58,0
DA:63,0
DA:64,0
DA:65,0
DA:67,0
DA:68,0
DA:71,0
DA:72,0
DA:74,0
DA:75,0
LF:23
LH:0
BRDA:27,0,0,0
BRDA:27,0,1,0
BRDA:28,1,0,0
BRDA:28,1,1,0
BRDA:29,2,0,0
BRDA:29,2,1,0
BRDA:30,3,0,0
BRDA:30,3,1,0
BRDA:67,4,0,0
BRDA:67,4,1,0
BRF:10
BRH:0
end_of_record
TN:
SF:src/api/routes/index.js
FNF:0
FNH:0
DA:25,0
DA:26,0
DA:29,0
DA:33,0
DA:40,0
DA:43,0
DA:50,0
DA:58,0
DA:62,0
DA:66,0
DA:70,0
DA:76,0
DA:77,0
DA:78,0
DA:79,0
DA:80,0
DA:81,0
DA:82,0
DA:83,0
DA:84,0
DA:85,0
DA:86,0
DA:87,0
DA:89,0
LF:24
LH:0
BRF:0
BRH:0
end_of_record
TN:
SF:src/api/routes/keywords.js
FN:19,(anonymous_0)
FN:45,(anonymous_1)
FN:47,(anonymous_2)
FN:48,(anonymous_3)
FN:49,(anonymous_4)
FN:50,(anonymous_5)
FN:51,(anonymous_6)
FN:52,(anonymous_7)
FN:53,(anonymous_8)
FN:54,(anonymous_9)
FN:56,(anonymous_10)
FN:57,(anonymous_11)
FN:61,(anonymous_12)
FN:70,(anonymous_13)
FN:79,(anonymous_14)
FN:88,(anonymous_15)
FNF:16
FNH:0
FNDA:0,(anonymous_0)
FNDA:0,(anonymous_1)
FNDA:0,(anonymous_2)
FNDA:0,(anonymous_3)
FNDA:0,(anonymous_4)
FNDA:0,(anonymous_5)
FNDA:0,(anonymous_6)
FNDA:0,(anonymous_7)
FNDA:0,(anonymous_8)
FNDA:0,(anonymous_9)
FNDA:0,(anonymous_10)
FNDA:0,(anonymous_11)
FNDA:0,(anonymous_12)
FNDA:0,(anonymous_13)
FNDA:0,(anonymous_14)
FNDA:0,(anonymous_15)
DA:4,0
DA:19,0
DA:25,0
DA:27,0
DA:28,0
DA:29,0
DA:32,0
DA:33,0
DA:34,0
DA:37,0
DA:38,0
DA:40,0
DA:41,0
DA:44,0
DA:45,0
DA:47,0
DA:48,0
DA:49,0
DA:50,0
DA:51,0
DA:52,0
DA:53,0
DA:54,0
DA:56,0
DA:57,0
DA:60,0
DA:61,0
DA:70,0
DA:79,0
DA:88,0
DA:99,0
LF:31
LH:0
BRDA:24,0,0,0
BRDA:27,1,0,0
BRDA:27,1,1,0
BRDA:27,1,2,0
BRDA:28,2,0,0
BRDA:28,2,1,0
BRDA:32,3,0,0
BRDA:32,3,1,0
BRDA:33,4,0,0
BRDA:33,4,1,0
BRDA:34,5,0,0
BRDA:34,5,1,0
BRDA:45,6,0,0
BRDA:45,6,1,0
BRDA:48,7,0,0
BRDA:48,7,1,0
BRDA:48,8,0,0
BRDA:48,8,1,0
BRDA:50,9,0,0
BRDA:50,9,1,0
BRDA:50,10,0,0
BRDA:50,10,1,0
BRDA:52,11,0,0
BRDA:52,11,1,0
BRDA:52,12,0,0
BRDA:52,12,1,0
BRDA:54,13,0,0
BRDA:54,13,1,0
BRDA:54,14,0,0
BRDA:54,14,1,0
BRDA:56,15,0,0
BRDA:56,15,1,0
BRDA:57,16,0,0
BRDA:57,16,1,0
BRF:34
BRH:0
end_of_record
TN:
SF:src/api/routes/listings.js
FN:14,(anonymous_0)
FN:48,(anonymous_1)
FN:74,(anonymous_2)
FN:104,(anonymous_3)
FN:110,(anonymous_4)
FN:124,(anonymous_5)
FN:194,(anonymous_6)
FN:212,(anonymous_7)
FN:233,(anonymous_8)
FN:239,(anonymous_9)
FN:253,(anonymous_10)
FN:263,(anonymous_11)
FN:304,(anonymous_12)
FN:325,scoreListing
FN:352,(anonymous_14)
FN:392,(anonymous_15)
FN:393,(anonymous_16)
FNF:17
FNH:0
FNDA:0,(anonymous_0)
FNDA:0,(anonymous_1)
FNDA:0,(anonymous_2)
FNDA:0,(anonymous_3)
FNDA:0,(anonymous_4)
FNDA:0,(anonymous_5)
FNDA:0,(anonymous_6)
FNDA:0,(anonymous_7)
FNDA:0,(anonymous_8)
FNDA:0,(anonymous_9)
FNDA:0,(anonymous_10)
FNDA:0,(anonymous_11)
FNDA:0,(anonymous_12)
FNDA:0,scoreListing
FNDA:0,(anonymous_14)
FNDA:0,(anonymous_15)
FNDA:0,(anonymous_16)
DA:9,0
DA:14,0
DA:15,0
DA:16,0
DA:18,0
DA:19,0
DA:23,0
DA:24,0
DA:25,0
DA:26,0
DA:27,0
DA:28,0
DA:29,0
DA:32,0
DA:36,0
DA:38,0
DA:39,0
DA:48,0
DA:49,0
DA:50,0
DA:51,0
DA:52,0
DA:53,0
DA:55,0
DA:61,0
DA:63,0
DA:64,0
DA:74,0
DA:75,0
DA:77,0
DA:78,0
DA:81,0
DA:82,0
DA:88,0
DA:89,0
DA:106,0
DA:110,0
DA:111,0
DA:113,0
DA:114,0
DA:124,0
DA:125,0
DA:126,0
DA:128,0
DA:129,0
DA:130,0
DA:132,0
DA:133,0
DA:134,0
DA:135,0
DA:136,0
DA:137,0
DA:138,0
DA:144,0
DA:146,0
DA:147,0
DA:148,0
DA:149,0
DA:150,0
DA:151,0
DA:152,0
DA:153,0
DA:156,0
DA:157,0
DA:159,0
DA:160,0
DA:168,0
DA:169,0
DA:171,0
DA:175,0
DA:176,0
DA:179,0
DA:180,0
DA:183,0
DA:184,0
DA:195,0
DA:199,0
DA:201,0
DA:202,0
DA:212,0
DA:213,0
DA:215,0
DA:216,0
DA:218,0
DA:219,0
DA:222,0
DA:225,0
DA:234,0
DA:235,0
DA:239,0
DA:251,0
DA:253,0
DA:254,0
DA:255,0
DA:263,0
DA:264,0
DA:266,0
DA:270,0
DA:272,0
DA:287,0
DA:304,0
DA:305,0
DA:306,0
DA:308,0
DA:309,0
DA:313,0
DA:314,0
DA:316,0
DA:317,0
DA:326,0
DA:327,0
DA:328,0
DA:330,0
DA:333,0
DA:336,0
DA:337,0
DA:338,0
DA:339,0
DA:340,0
DA:341,0
DA:344,0
DA:347,0
DA:348,0
DA:349,0
DA:350,0
DA:352,0
DA:353,0
DA:354,0
DA:355,0
DA:357,0
DA:360,0
DA:363,0
DA:364,0
DA:365,0
DA:366,0
DA:367,0
DA:368,0
DA:371,0
DA:372,0
DA:375,0
DA:376,0
DA:377,0
DA:378,0
DA:379,0
DA:382,0
DA:385,0
DA:386,0
DA:387,0
DA:388,0
DA:389,0
DA:392,0
DA:393,0
DA:394,0
DA:396,0
DA:402,0
LF:155
LH:0
BRDA:16,0,0,0
BRDA:16,0,1,0
BRDA:16,1,0,0
BRDA:16,1,1,0
BRDA:19,2,0,0
BRDA:19,2,1,0
BRDA:23,3,0,0
BRDA:23,3,1,0
BRDA:23,4,0,0
BRDA:23,4,1,0
BRDA:27,5,0,0
BRDA:27,5,1,0
BRDA:50,6,0,0
BRDA:52,7,0,0
BRDA:52,7,1,0
BRDA:53,8,0,0
BRDA:53,8,1,0
BRDA:58,9,0,0
BRDA:58,9,1,0
BRDA:77,10,0,0
BRDA:77,10,1,0
BRDA:77,11,0,0
BRDA:77,11,1,0
BRDA:77,11,2,0
BRDA:84,12,0,0
BRDA:84,12,1,0
BRDA:88,13,0,0
BRDA:88,13,1,0
BRDA:88,14,0,0
BRDA:88,14,1,0
BRDA:92,15,0,0
BRDA:92,15,1,0
BRDA:93,16,0,0
BRDA:93,16,1,0
BRDA:94,17,0,0
BRDA:94,17,1,0
BRDA:95,18,0,0
BRDA:95,18,1,0
BRDA:96,19,0,0
BRDA:96,19,1,0
BRDA:97,20,0,0
BRDA:97,20,1,0
BRDA:98,21,0,0
BRDA:98,21,1,0
BRDA:99,22,0,0
BRDA:99,22,1,0
BRDA:100,23,0,0
BRDA:100,23,1,0
BRDA:100,23,2,0
BRDA:101,24,0,0
BRDA:101,24,1,0
BRDA:128,25,0,0
BRDA:128,25,1,0
BRDA:129,26,0,0
BRDA:129,26,1,0
BRDA:129,27,0,0
BRDA:129,27,1,0
BRDA:129,27,2,0
BRDA:133,28,0,0
BRDA:133,28,1,0
BRDA:146,29,0,0
BRDA:146,29,1,0
BRDA:146,30,0,0
BRDA:146,30,1,0
BRDA:150,31,0,0
BRDA:150,31,1,0
BRDA:152,32,0,0
BRDA:152,32,1,0
BRDA:156,33,0,0
BRDA:156,33,1,0
BRDA:168,34,0,0
BRDA:168,34,1,0
BRDA:169,35,0,0
BRDA:169,35,1,0
BRDA:183,36,0,0
BRDA:183,36,1,0
BRDA:213,37,0,0
BRDA:215,38,0,0
BRDA:215,38,1,0
BRDA:215,39,0,0
BRDA:215,39,1,0
BRDA:218,40,0,0
BRDA:218,40,1,0
BRDA:270,41,0,0
BRDA:270,41,1,0
BRDA:306,42,0,0
BRDA:306,42,1,0
BRDA:306,43,0,0
BRDA:306,43,1,0
BRDA:309,44,0,0
BRDA:309,44,1,0
BRDA:326,45,0,0
BRDA:326,45,1,0
BRDA:327,46,0,0
BRDA:327,46,1,0
BRDA:328,47,0,0
BRDA:328,47,1,0
BRDA:336,48,0,0
BRDA:336,48,1,0
BRDA:337,49,0,0
BRDA:337,49,1,0
BRDA:338,50,0,0
BRDA:338,50,1,0
BRDA:339,51,0,0
BRDA:339,51,1,0
BRDA:347,52,0,0
BRDA:347,52,1,0
BRDA:348,53,0,0
BRDA:348,53,1,0
BRDA:349,54,0,0
BRDA:349,54,1,0
BRDA:353,55,0,0
BRDA:353,55,1,0
BRDA:353,56,0,0
BRDA:353,56,1,0
BRDA:363,57,0,0
BRDA:363,57,1,0
BRDA:364,58,0,0
BRDA:364,58,1,0
BRDA:365,59,0,0
BRDA:365,59,1,0
BRDA:366,60,0,0
BRDA:366,60,1,0
BRDA:371,61,0,0
BRDA:371,61,1,0
BRDA:375,62,0,0
BRDA:375,62,1,0
BRDA:376,63,0,0
BRDA:376,63,1,0
BRDA:377,64,0,0
BRDA:377,64,1,0
BRDA:382,65,0,0
BRDA:382,65,1,0
BRDA:382,66,0,0
BRDA:382,66,1,0
BRDA:385,67,0,0
BRDA:385,67,1,0
BRDA:386,68,0,0
BRDA:386,68,1,0
BRDA:387,69,0,0
BRDA:387,69,1,0
BRDA:396,70,0,0
BRDA:396,70,1,0
BRDA:397,71,0,0
BRDA:397,71,1,0
BRDA:398,72,0,0
BRDA:398,72,1,0
BRDA:399,73,0,0
BRDA:399,73,1,0
BRF:149
BRH:0
end_of_record
TN:
SF:src/api/routes/mcp.js
FN:10,(anonymous_0)
FN:24,(anonymous_1)
FNF:2
FNH:0
FNDA:0,(anonymous_0)
FNDA:0,(anonymous_1)
DA:6,0
DA:10,0
DA:24,0
DA:25,0
DA:27,0
DA:28,0
DA:31,0
DA:32,0
DA:33,0
DA:35,0
DA:36,0
LF:11
LH:0
BRDA:10,0,0,0
BRDA:10,0,1,0
BRDA:27,1,0,0
BRDA:27,1,1,0
BRDA:32,2,0,0
BRDA:32,2,1,0
BRDA:32,3,0,0
BRDA:32,3,1,0
BRF:8
BRH:0
end_of_record
TN:
SF:src/api/routes/onboarding.js
FN:20,(anonymous_0)
FNF:1
FNH:1
FNDA:21,(anonymous_0)
DA:18,1
DA:20,1
DA:21,21
DA:22,21
DA:24,21
DA:32,21
DA:40,21
DA:41,21
DA:43,21
LF:9
LH:9
BRDA:48,0,0,21
BRDA:48,0,1,3
BRDA:48,0,2,18
BRDA:48,0,3,10
BRDA:48,0,4,8
BRDA:48,0,5,2
BRDA:48,0,6,6
BRDA:48,0,7,2
BRDA:48,0,8,4
BRDA:48,0,9,1
BRDA:48,0,10,3
BRF:11
BRH:11
end_of_record
TN:
SF:src/api/routes/orgs.js
FN:13,toSlug
FN:23,uniqueSlug
FN:38,getAccess
FN:54,(anonymous_3)
FN:64,(anonymous_4)
FN:96,(anonymous_5)
FN:104,(anonymous_6)
FN:120,(anonymous_7)
FN:135,(anonymous_8)
FN:164,(anonymous_9)
FN:178,(anonymous_10)
FN:194,(anonymous_11)
FN:249,(anonymous_12)
FN:292,(anonymous_13)
FNF:14
FNH:0
FNDA:0,toSlug
FNDA:0,uniqueSlug
FNDA:0,getAccess
FNDA:0,(anonymous_3)
FNDA:0,(anonymous_4)
FNDA:0,(anonymous_5)
FNDA:0,(anonymous_6)
FNDA:0,(anonymous_7)
FNDA:0,(anonymous_8)
FNDA:0,(anonymous_9)
FNDA:0,(anonymous_10)
FNDA:0,(anonymous_11)
FNDA:0,(anonymous_12)
FNDA:0,(anonymous_13)
DA:5,0
DA:6,0
DA:14,0
DA:24,0
DA:25,0
DA:26,0
DA:27,0
DA:28,0
DA:29,0
DA:30,0
DA:39,0
DA:40,0
DA:44,0
DA:45,0
DA:46,0
DA:54,0
DA:55,0
DA:57,0
DA:58,0
DA:61,0
DA:62,0
DA:64,0
DA:65,0
DA:73,0
DA:81,0
DA:84,0
DA:85,0
DA:87,0
DA:88,0
DA:96,0
DA:97,0
DA:98,0
DA:104,0
DA:110,0
DA:112,0
DA:113,0
DA:120,0
DA:121,0
DA:122,0
DA:123,0
DA:125,0
DA:127,0
DA:128,0
DA:135,0
DA:136,0
DA:137,0
DA:138,0
DA:140,0
DA:141,0
DA:142,0
DA:143,0
DA:145,0
DA:146,0
DA:149,0
DA:154,0
DA:156,0
DA:157,0
DA:164,0
DA:165,0
DA:166,0
DA:167,0
DA:169,0
DA:177,0
DA:178,0
DA:186,0
DA:187,0
DA:194,0
DA:195,0
DA:196,0
DA:197,0
DA:199,0
DA:200,0
DA:201,0
DA:202,0
DA:205,0
DA:206,0
DA:207,0
DA:212,0
DA:215,0
DA:216,0
DA:219,0
DA:232,0
DA:241,0
DA:242,0
DA:249,0
DA:250,0
DA:251,0
DA:252,0
DA:254,0
DA:255,0
DA:256,0
DA:260,0
DA:261,0
DA:264,0
DA:265,0
DA:271,0
DA:274,0
DA:276,0
DA:281,0
DA:283,0
DA:284,0
DA:292,0
DA:293,0
DA:294,0
DA:295,0
DA:297,0
DA:298,0
DA:300,0
DA:303,0
DA:306,0
DA:307,0
DA:310,0
DA:311,0
DA:317,0
DA:318,0
DA:320,0
DA:321,0
LF:117
LH:0
BRDA:28,0,0,0
BRDA:28,0,1,0
BRDA:38,1,0,0
BRDA:44,2,0,0
BRDA:44,2,1,0
BRDA:45,3,0,0
BRDA:45,3,1,0
BRDA:57,4,0,0
BRDA:57,4,1,0
BRDA:69,5,0,0
BRDA:69,5,1,0
BRDA:123,6,0,0
BRDA:123,6,1,0
BRDA:138,7,0,0
BRDA:138,7,1,0
BRDA:142,8,0,0
BRDA:142,8,1,0
BRDA:143,9,0,0
BRDA:143,9,1,0
BRDA:143,10,0,0
BRDA:143,10,1,0
BRDA:145,11,0,0
BRDA:145,11,1,0
BRDA:167,12,0,0
BRDA:167,12,1,0
BRDA:197,13,0,0
BRDA:197,13,1,0
BRDA:199,14,0,0
BRDA:200,15,0,0
BRDA:200,15,1,0
BRDA:201,16,0,0
BRDA:201,16,1,0
BRDA:206,17,0,0
BRDA:206,17,1,0
BRDA:215,18,0,0
BRDA:215,18,1,0
BRDA:252,19,0,0
BRDA:252,19,1,0
BRDA:255,20,0,0
BRDA:255,20,1,0
BRDA:260,21,0,0
BRDA:260,21,1,0
BRDA:260,22,0,0
BRDA:260,22,1,0
BRDA:264,23,0,0
BRDA:264,23,1,0
BRDA:274,24,0,0
BRDA:274,24,1,0
BRDA:295,25,0,0
BRDA:295,25,1,0
BRDA:298,26,0,0
BRDA:298,26,1,0
BRDA:303,27,0,0
BRDA:303,27,1,0
BRDA:306,28,0,0
BRDA:306,28,1,0
BRDA:310,29,0,0
BRDA:310,29,1,0
BRF:58
BRH:0
end_of_record
TN:
SF:src/api/routes/profiles.js
FN:15,(anonymous_0)
FN:35,(anonymous_1)
FN:49,(anonymous_2)
FN:88,(anonymous_3)
FNF:4
FNH:0
FNDA:0,(anonymous_0)
FNDA:0,(anonymous_1)
FNDA:0,(anonymous_2)
FNDA:0,(anonymous_3)
DA:6,0
DA:7,0
DA:15,0
DA:16,0
DA:17,0
DA:22,0
DA:24,0
DA:25,0
DA:35,0
DA:36,0
DA:37,0
DA:39,0
DA:40,0
DA:44,0
DA:48,0
DA:50,0
DA:51,0
DA:53,0
DA:74,0
DA:75,0
DA:77,0
DA:78,0
DA:79,0
DA:88,0
DA:89,0
DA:90,0
DA:94,0
DA:95,0
DA:99,0
DA:110,0
DA:112,0
DA:113,0
LF:32
LH:0
BRDA:39,0,0,0
BRDA:39,0,1,0
BRDA:50,1,0,0
BRDA:50,1,1,0
BRDA:51,2,0,0
BRDA:51,2,1,0
BRDA:58,3,0,0
BRDA:58,3,1,0
BRDA:58,3,2,0
BRDA:59,4,0,0
BRDA:59,4,1,0
BRDA:60,5,0,0
BRDA:60,5,1,0
BRDA:65,6,0,0
BRDA:65,6,1,0
BRDA:65,6,2,0
BRDA:66,7,0,0
BRDA:66,7,1,0
BRDA:67,8,0,0
BRDA:67,8,1,0
BRDA:77,9,0,0
BRDA:77,9,1,0
BRDA:94,10,0,0
BRDA:94,10,1,0
BRF:24
BRH:0
end_of_record
TN:
SF:src/api/routes/reporting-agent.js
FN:15,resolveProfileId
FN:38,(anonymous_1)
FN:83,(anonymous_2)
FN:92,(anonymous_3)
FN:132,(anonymous_4)
FNF:5
FNH:0
FNDA:0,resolveProfileId
FNDA:0,(anonymous_1)
FNDA:0,(anonymous_2)
FNDA:0,(anonymous_3)
FNDA:0,(anonymous_4)
DA:8,0
DA:9,0
DA:16,0
DA:18,0
DA:23,0
DA:26,0
DA:38,0
DA:39,0
DA:41,0
DA:43,0
DA:44,0
DA:45,0
DA:48,0
DA:49,0
DA:51,0
DA:52,0
DA:55,0
DA:68,0
DA:83,0
DA:84,0
DA:85,0
DA:92,0
DA:93,0
DA:94,0
DA:96,0
DA:100,0
DA:102,0
DA:110,0
DA:118,0
DA:132,0
DA:133,0
DA:148,0
LF:32
LH:0
BRDA:16,0,0,0
BRDA:16,0,1,0
BRDA:23,1,0,0
BRDA:23,1,1,0
BRDA:39,2,0,0
BRDA:41,3,0,0
BRDA:41,3,1,0
BRDA:44,4,0,0
BRDA:44,4,1,0
BRDA:48,5,0,0
BRDA:48,5,1,0
BRDA:49,6,0,0
BRDA:49,6,1,0
BRDA:52,7,0,0
BRDA:52,7,1,0
BRDA:94,8,0,0
BRDA:94,8,1,0
BRDA:100,9,0,0
BRDA:100,9,1,0
BRDA:119,10,0,0
BRDA:119,10,1,0
BRDA:120,11,0,0
BRDA:120,11,1,0
BRDA:121,12,0,0
BRDA:121,12,1,0
BRDA:122,13,0,0
BRDA:122,13,1,0
BRDA:124,14,0,0
BRDA:124,14,1,0
BRDA:125,15,0,0
BRDA:125,15,1,0
BRF:31
BRH:0
end_of_record
TN:
SF:src/api/routes/reports.js
FN:6,validateDates
FN:26,resolveProfileId
FN:40,(anonymous_2)
FN:64,(anonymous_3)
FNF:4
FNH:0
FNDA:0,validateDates
FNDA:0,resolveProfileId
FNDA:0,(anonymous_2)
FNDA:0,(anonymous_3)
DA:4,0
DA:7,0
DA:8,0
DA:9,0
DA:10,0
DA:12,0
DA:13,0
DA:14,0
DA:15,0
DA:17,0
DA:27,0
DA:29,0
DA:34,0
DA:40,0
DA:41,0
DA:42,0
DA:44,0
DA:45,0
DA:47,0
DA:49,0
DA:50,0
DA:54,0
DA:56,0
DA:57,0
DA:64,0
DA:65,0
DA:66,0
DA:68,0
DA:69,0
DA:71,0
DA:72,0
DA:73,0
DA:75,0
DA:76,0
LF:34
LH:0
BRDA:8,0,0,0
BRDA:8,0,1,0
BRDA:13,1,0,0
BRDA:13,1,1,0
BRDA:27,2,0,0
BRDA:27,2,1,0
BRDA:34,3,0,0
BRDA:34,3,1,0
BRDA:42,4,0,0
BRDA:42,4,1,0
BRDA:44,5,0,0
BRDA:44,5,1,0
BRDA:45,6,0,0
BRDA:45,6,1,0
BRDA:47,7,0,0
BRDA:47,7,1,0
BRDA:66,8,0,0
BRDA:66,8,1,0
BRDA:69,9,0,0
BRDA:69,9,1,0
BRF:20
BRH:0
end_of_record
TN:
SF:src/api/routes/search-terms.js
FN:14,resolveProfileId
FN:28,(anonymous_1)
FNF:2
FNH:0
FNDA:0,resolveProfileId
FNDA:0,(anonymous_1)
DA:6,0
DA:15,0
DA:17,0
DA:22,0
DA:28,0
DA:29,0
DA:30,0
DA:32,0
DA:33,0
DA:34,0
DA:36,0
DA:37,0
DA:39,0
DA:40,0
DA:41,0
DA:44,0
DA:45,0
DA:46,0
DA:49,0
DA:50,0
DA:51,0
DA:53,0
DA:54,0
DA:55,0
DA:58,0
DA:59,0
DA:61,0
DA:62,0
DA:63,0
DA:64,0
DA:65,0
DA:66,0
DA:68,0
DA:71,0
DA:72,0
DA:76,0
DA:77,0
DA:79,0
DA:86,0
DA:87,0
LF:40
LH:0
BRDA:15,0,0,0
BRDA:15,0,1,0
BRDA:22,1,0,0
BRDA:22,1,1,0
BRDA:30,2,0,0
BRDA:30,2,1,0
BRDA:32,3,0,0
BRDA:32,3,1,0
BRDA:33,4,0,0
BRDA:33,4,1,0
BRDA:37,5,0,0
BRDA:37,5,1,0
BRDA:40,6,0,0
BRDA:40,6,1,0
BRDA:45,7,0,0
BRDA:45,7,1,0
BRDA:49,8,0,0
BRDA:49,8,1,0
BRDA:51,9,0,0
BRDA:51,9,1,0
BRDA:53,10,0,0
BRDA:53,10,1,0
BRDA:55,11,0,0
BRDA:55,11,1,0
BRDA:61,12,0,0
BRDA:61,12,1,0
BRDA:61,13,0,0
BRDA:61,13,1,0
BRDA:62,14,0,0
BRDA:62,14,1,0
BRDA:65,15,0,0
BRDA:65,15,1,0
BRDA:66,16,0,0
BRDA:66,16,1,0
BRDA:83,17,0,0
BRDA:83,17,1,0
BRDA:83,18,0,0
BRDA:83,18,1,0
BRF:38
BRH:0
end_of_record
TN:
SF:src/api/routes/sp-oauth.js
FN:32,cfg
FN:45,storeState
FN:53,consumeState
FN:64,(anonymous_3)
FN:80,(anonymous_4)
FN:103,(anonymous_5)
FN:174,baseStyle
FN:187,successPage
FN:209,errorPage
FNF:9
FNH:8
FNDA:16,cfg
FNDA:7,storeState
FNDA:6,consumeState
FNDA:2,(anonymous_3)
FNDA:10,(anonymous_4)
FNDA:7,(anonymous_5)
FNDA:4,baseStyle
FNDA:0,successPage
FNDA:4,errorPage
DA:24,1
DA:26,1
DA:27,1
DA:30,1
DA:33,16
DA:43,1
DA:46,7
DA:48,7
DA:49,22
DA:54,6
DA:55,6
DA:56,4
DA:57,4
DA:58,4
DA:64,1
DA:65,2
DA:66,2
DA:80,1
DA:81,10
DA:82,10
DA:83,9
DA:85,8
DA:86,8
DA:88,7
DA:89,7
DA:91,7
DA:92,7
DA:93,7
DA:94,7
DA:96,7
DA:97,7
DA:103,1
DA:104,7
DA:106,7
DA:112,7
DA:113,1
DA:122,6
DA:123,6
DA:124,2
DA:131,4
DA:132,4
DA:133,4
DA:145,3
DA:146,3
DA:149,3
DA:153,3
DA:155,3
DA:156,3
DA:159,1
DA:160,1
DA:161,1
DA:175,4
DA:188,0
DA:210,4
LF:54
LH:53
BRDA:30,0,0,1
BRDA:30,0,1,0
BRDA:36,1,0,16
BRDA:36,1,1,0
BRDA:49,2,0,0
BRDA:49,2,1,22
BRDA:55,3,0,2
BRDA:55,3,1,4
BRDA:57,4,0,0
BRDA:57,4,1,4
BRDA:71,5,0,2
BRDA:71,5,1,0
BRDA:82,6,0,1
BRDA:82,6,1,9
BRDA:83,7,0,1
BRDA:83,7,1,8
BRDA:86,8,0,1
BRDA:86,8,1,7
BRDA:112,9,0,1
BRDA:112,9,1,6
BRDA:123,10,0,2
BRDA:123,10,1,4
BRDA:155,11,0,3
BRDA:155,11,1,0
BRDA:159,12,0,1
BRDA:159,12,1,0
BRF:26
BRH:19
end_of_record
TN:
SF:src/api/utils/dates.js
FN:13,getTodayISO
FN:20,getDaysAgoISO
FN:27,getDefaultDateRange
FN:36,getOldestAllowedDate
FN:43,getDaysDifference
FNF:5
FNH:5
FNDA:5,getTodayISO
FNDA:8,getDaysAgoISO
FNDA:3,getDefaultDateRange
FNDA:1,getOldestAllowedDate
FNDA:6,getDaysDifference
DA:6,1
DA:7,1
DA:8,1
DA:14,5
DA:21,8
DA:28,3
DA:29,3
DA:30,3
DA:37,1
DA:44,6
LF:10
LH:10
BRF:0
BRH:0
end_of_record
TN:
SF:src/api/utils/logger.js
FN:14,generateCorrelationId
FN:21,setCorrelationId
FN:28,getCorrelationId
FN:35,correlationIdMiddleware
FN:46,(anonymous_4)
FN:50,(anonymous_5)
FN:63,(anonymous_6)
FN:76,(anonymous_7)
FN:80,(anonymous_8)
FN:84,(anonymous_9)
FN:93,(anonymous_10)
FN:103,createLogger
FNF:12
FNH:9
FNDA:0,generateCorrelationId
FNDA:0,setCorrelationId
FNDA:99,getCorrelationId
FNDA:0,correlationIdMiddleware
FNDA:49,(anonymous_4)
FNDA:99,(anonymous_5)
FNDA:99,(anonymous_6)
FNDA:64,(anonymous_7)
FNDA:26,(anonymous_8)
FNDA:9,(anonymous_9)
FNDA:5,(anonymous_10)
FNDA:49,createLogger
DA:9,24
DA:15,0
DA:22,0
DA:29,99
DA:36,0
DA:37,0
DA:38,0
DA:39,0
DA:47,49
DA:51,99
DA:52,99
DA:53,99
DA:64,99
DA:65,99
DA:67,99
DA:68,9
DA:69,90
DA:70,26
DA:72,64
DA:77,64
DA:81,26
DA:85,9
DA:90,9
DA:94,5
DA:95,0
DA:104,49
LF:26
LH:19
BRDA:29,0,0,99
BRDA:29,0,1,99
BRDA:36,1,0,0
BRDA:36,1,1,0
BRDA:46,2,0,0
BRDA:50,3,0,0
BRDA:63,4,0,0
BRDA:67,5,0,9
BRDA:67,5,1,90
BRDA:69,6,0,26
BRDA:69,6,1,64
BRDA:76,7,0,57
BRDA:80,8,0,26
BRDA:84,9,0,8
BRDA:84,10,0,9
BRDA:85,11,0,1
BRDA:85,11,1,8
BRDA:93,12,0,5
BRDA:94,13,0,0
BRDA:94,13,1,5
BRDA:103,14,0,0
BRF:21
BRH:14
end_of_record
TN:
SF:src/api/utils/rateLimit.js
FN:15,checkRateLimit
FN:45,rateLimitMiddleware
FN:46,(anonymous_2)
FN:72,cleanupOldBuckets
FN:83,(anonymous_4)
FNF:5
FNH:0
FNDA:0,checkRateLimit
FNDA:0,rateLimitMiddleware
FNDA:0,(anonymous_2)
FNDA:0,cleanupOldBuckets
FNDA:0,(anonymous_4)
DA:6,0
DA:16,0
DA:17,0
DA:20,0
DA:21,0
DA:25,0
DA:28,0
DA:29,0
DA:30,0
DA:33,0
DA:34,0
DA:36,0
DA:46,0
DA:47,0
DA:48,0
DA:51,0
DA:52,0
DA:53,0
DA:55,0
DA:56,0
DA:57,0
DA:64,0
DA:73,0
DA:74,0
DA:76,0
DA:77,0
DA:83,0
LF:27
LH:0
BRDA:15,0,0,0
BRDA:15,1,0,0
BRDA:20,2,0,0
BRDA:20,2,1,0
BRDA:20,3,0,0
BRDA:20,3,1,0
BRDA:29,4,0,0
BRDA:29,4,1,0
BRDA:45,5,0,0
BRDA:45,6,0,0
BRDA:45,7,0,0
BRDA:47,8,0,0
BRDA:47,8,1,0
BRDA:47,9,0,0
BRDA:47,9,1,0
BRDA:47,9,2,0
BRDA:55,10,0,0
BRDA:55,10,1,0
BRDA:72,11,0,0
BRDA:76,12,0,0
BRDA:76,12,1,0
BRF:21
BRH:0
end_of_record
TN:
SF:src/api/utils/retry.js
FN:17,retryWithBackoff
FN:56,(anonymous_1)
FN:67,defaultShouldRetry
FN:92,withRetry
FN:93,retriedFn
FN:95,(anonymous_5)
FNF:6
FNH:6
FNDA:17,retryWithBackoff
FNDA:15,(anonymous_1)
FNDA:23,defaultShouldRetry
FNDA:2,withRetry
FNDA:2,retriedFn
FNDA:3,(anonymous_5)
DA:28,17
DA:30,17
DA:31,32
DA:32,32
DA:34,25
DA:37,25
DA:38,4
DA:42,21
DA:43,6
DA:47,15
DA:52,15
DA:53,1
DA:56,15
DA:57,15
DA:61,0
DA:68,23
DA:71,23
DA:72,14
DA:76,9
DA:77,4
DA:81,5
DA:82,2
DA:85,3
DA:93,2
DA:94,2
DA:95,3
LF:26
LH:25
BRDA:19,0,0,0
BRDA:20,1,0,3
BRDA:21,2,0,0
BRDA:22,3,0,0
BRDA:23,4,0,15
BRDA:24,5,0,16
BRDA:37,6,0,4
BRDA:37,6,1,21
BRDA:42,7,0,6
BRDA:42,7,1,15
BRDA:52,8,0,1
BRDA:52,8,1,14
BRDA:68,9,0,0
BRDA:68,9,1,23
BRDA:71,10,0,14
BRDA:71,10,1,9
BRDA:71,11,0,23
BRDA:71,11,1,18
BRDA:76,12,0,4
BRDA:76,12,1,5
BRDA:76,13,0,9
BRDA:76,13,1,7
BRDA:76,13,2,7
BRDA:81,14,0,2
BRDA:81,14,1,3
BRDA:81,15,0,5
BRDA:81,15,1,5
BRDA:92,16,0,0
BRF:28
BRH:23
end_of_record
TN:
SF:src/api/utils/validation.js
FN:10,isValidDateFormat
FN:24,isValidDateRange
FN:48,isValidString
FN:61,isValidPositiveInt
FN:74,isValidASIN
FN:87,isRequired
FNF:6
FNH:6
FNDA:21,isValidDateFormat
FNDA:5,isValidDateRange
FNDA:7,isValidString
FNDA:8,isValidPositiveInt
FNDA:9,isValidASIN
FNDA:8,isRequired
DA:11,21
DA:12,18
DA:13,18
DA:14,12
DA:15,12
DA:25,5
DA:26,1
DA:28,4
DA:29,1
DA:32,3
DA:33,3
DA:35,3
DA:36,1
DA:39,2
DA:49,7
DA:50,5
DA:52,2
DA:62,8
DA:63,8
DA:64,5
DA:66,3
DA:75,9
DA:76,6
DA:78,3
DA:88,8
DA:89,4
DA:91,4
LF:27
LH:27
BRDA:11,0,0,3
BRDA:11,0,1,18
BRDA:13,1,0,6
BRDA:13,1,1,12
BRDA:25,2,0,1
BRDA:25,2,1,4
BRDA:28,3,0,1
BRDA:28,3,1,3
BRDA:35,4,0,1
BRDA:35,4,1,2
BRDA:48,5,0,6
BRDA:49,6,0,5
BRDA:49,6,1,2
BRDA:49,7,0,7
BRDA:49,7,1,5
BRDA:61,8,0,7
BRDA:63,9,0,5
BRDA:63,9,1,3
BRDA:63,10,0,8
BRDA:63,10,1,6
BRDA:75,11,0,6
BRDA:75,11,1,3
BRDA:75,12,0,9
BRDA:75,12,1,7
BRDA:87,13,0,4
BRDA:88,14,0,4
BRDA:88,14,1,4
BRDA:88,15,0,8
BRDA:88,15,1,6
BRDA:88,15,2,5
BRF:30
BRH:30
end_of_record
TN:
SF:src/services/amazon-ads.js
FN:21,createAdsClient
FN:24,getAccessToken
FN:29,adsHeaders
FN:38,getProfiles
FN:47,getCampaigns
FN:56,getProductAdCampaigns
FN:84,(anonymous_6)
FN:90,(anonymous_7)
FN:95,startCampaignMetricsReport
FN:152,checkReportStatus
FN:178,getCampaignMetrics
FN:181,(anonymous_11)
FN:188,getSearchTermReport
FN:252,(anonymous_13)
FN:282,updateCampaigns
FN:284,(anonymous_15)
FNF:16
FNH:5
FNDA:1,createAdsClient
FNDA:17,getAccessToken
FNDA:10,adsHeaders
FNDA:14,getProfiles
FNDA:3,getCampaigns
FNDA:0,getProductAdCampaigns
FNDA:0,(anonymous_6)
FNDA:0,(anonymous_7)
FNDA:0,startCampaignMetricsReport
FNDA:0,checkReportStatus
FNDA:0,getCampaignMetrics
FNDA:0,(anonymous_11)
FNDA:0,getSearchTermReport
FNDA:0,(anonymous_13)
FNDA:0,updateCampaigns
FNDA:0,(anonymous_15)
DA:6,1
DA:22,1
DA:25,17
DA:26,17
DA:30,10
DA:39,14
DA:40,7
DA:43,6
DA:44,6
DA:48,3
DA:49,3
DA:52,2
DA:53,2
DA:57,0
DA:58,0
DA:59,0
DA:60,0
DA:61,0
DA:63,0
DA:64,0
DA:65,0
DA:66,0
DA:67,0
DA:68,0
DA:69,0
DA:70,0
DA:71,0
DA:72,0
DA:73,0
DA:74,0
DA:77,0
DA:78,0
DA:79,0
DA:80,0
DA:83,0
DA:84,0
DA:85,0
DA:86,0
DA:87,0
DA:90,0
DA:91,0
DA:92,0
DA:96,0
DA:97,0
DA:99,0
DA:101,0
DA:102,0
DA:134,0
DA:135,0
DA:136,0
DA:137,0
DA:138,0
DA:139,0
DA:141,0
DA:143,0
DA:144,0
DA:147,0
DA:148,0
DA:149,0
DA:153,0
DA:154,0
DA:157,0
DA:158,0
DA:160,0
DA:163,0
DA:164,0
DA:166,0
DA:167,0
DA:168,0
DA:169,0
DA:170,0
DA:172,0
DA:173,0
DA:174,0
DA:179,0
DA:180,0
DA:181,0
DA:182,0
DA:183,0
DA:185,0
DA:189,0
DA:190,0
DA:192,0
DA:193,0
DA:195,0
DA:210,0
DA:211,0
DA:215,0
DA:216,0
DA:233,0
DA:234,0
DA:235,0
DA:236,0
DA:237,0
DA:238,0
DA:240,0
DA:243,0
DA:244,0
DA:248,0
DA:249,0
DA:251,0
DA:252,0
DA:254,0
DA:255,0
DA:257,0
DA:259,0
DA:260,0
DA:262,0
DA:263,0
DA:264,0
DA:265,0
DA:266,0
DA:268,0
DA:269,0
DA:272,0
DA:283,0
DA:284,0
DA:285,0
DA:286,0
DA:287,0
DA:288,0
DA:291,0
DA:296,0
DA:297,0
DA:300,1
DA:316,1
DA:323,1
DA:324,1
DA:325,1
DA:326,1
DA:327,1
DA:328,1
DA:329,1
DA:330,1
LF:134
LH:23
BRDA:22,0,0,1
BRDA:22,0,1,0
BRDA:22,1,0,0
BRDA:22,1,1,0
BRDA:29,2,0,10
BRDA:33,3,0,3
BRDA:33,3,1,7
BRDA:56,4,0,0
BRDA:71,5,0,0
BRDA:71,5,1,0
BRDA:73,6,0,0
BRDA:73,6,1,0
BRDA:80,7,0,0
BRDA:80,7,1,0
BRDA:80,7,2,0
BRDA:83,8,0,0
BRDA:83,8,1,0
BRDA:85,9,0,0
BRDA:85,9,1,0
BRDA:86,10,0,0
BRDA:86,10,1,0
BRDA:91,11,0,0
BRDA:91,11,1,0
BRDA:134,12,0,0
BRDA:134,12,1,0
BRDA:135,13,0,0
BRDA:135,13,1,0
BRDA:137,14,0,0
BRDA:137,14,1,0
BRDA:166,15,0,0
BRDA:166,15,1,0
BRDA:172,16,0,0
BRDA:172,16,1,0
BRDA:172,17,0,0
BRDA:172,17,1,0
BRDA:173,18,0,0
BRDA:173,18,1,0
BRDA:183,19,0,0
BRDA:183,19,1,0
BRDA:188,20,0,0
BRDA:192,21,0,0
BRDA:192,21,1,0
BRDA:210,22,0,0
BRDA:210,22,1,0
BRDA:233,23,0,0
BRDA:233,23,1,0
BRDA:234,24,0,0
BRDA:234,24,1,0
BRDA:236,25,0,0
BRDA:236,25,1,0
BRDA:262,26,0,0
BRDA:262,26,1,0
BRDA:268,27,0,0
BRDA:268,27,1,0
BRDA:268,28,0,0
BRDA:268,28,1,0
BRDA:269,29,0,0
BRDA:269,29,1,0
BRDA:286,30,0,0
BRDA:286,30,1,0
BRDA:287,31,0,0
BRDA:287,31,1,0
BRDA:317,32,0,1
BRDA:317,32,1,1
BRDA:318,33,0,1
BRDA:318,33,1,1
BRDA:319,34,0,1
BRDA:319,34,1,1
BRF:68
BRH:10
end_of_record
TN:
SF:src/services/amazon-sp-api.js
FN:22,createSpApiClient
FN:33,getSPToken
FN:38,spHeaders
FN:49,extractListingFields
FN:57,(anonymous_4)
FN:91,getProductBySku
FN:119,getProductByAsin
FN:171,updateListingBySku
FN:178,(anonymous_8)
FN:193,(anonymous_9)
FN:200,getProductTypeByAsin
FNF:11
FNH:0
FNDA:0,createSpApiClient
FNDA:0,getSPToken
FNDA:0,spHeaders
FNDA:0,extractListingFields
FNDA:0,(anonymous_4)
FNDA:0,getProductBySku
FNDA:0,getProductByAsin
FNDA:0,updateListingBySku
FNDA:0,(anonymous_8)
FNDA:0,(anonymous_9)
FNDA:0,getProductTypeByAsin
DA:5,0
DA:30,0
DA:31,0
DA:34,0
DA:35,0
DA:39,0
DA:50,0
DA:52,0
DA:57,0
DA:59,0
DA:63,0
DA:69,0
DA:77,0
DA:92,0
DA:93,0
DA:94,0
DA:96,0
DA:97,0
DA:104,0
DA:105,0
DA:106,0
DA:107,0
DA:108,0
DA:109,0
DA:111,0
DA:112,0
DA:113,0
DA:114,0
DA:115,0
DA:120,0
DA:121,0
DA:124,0
DA:125,0
DA:137,0
DA:138,0
DA:139,0
DA:140,0
DA:141,0
DA:143,0
DA:144,0
DA:145,0
DA:149,0
DA:150,0
DA:157,0
DA:158,0
DA:160,0
DA:161,0
DA:162,0
DA:167,0
DA:172,0
DA:173,0
DA:174,0
DA:176,0
DA:177,0
DA:178,0
DA:179,0
DA:181,0
DA:182,0
DA:191,0
DA:192,0
DA:193,0
DA:194,0
DA:196,0
DA:197,0
DA:201,0
DA:202,0
DA:204,0
DA:205,0
DA:213,0
DA:214,0
DA:215,0
DA:216,0
DA:218,0
DA:219,0
DA:221,0
DA:222,0
DA:223,0
DA:224,0
DA:228,0
DA:235,0
DA:244,0
DA:245,0
DA:246,0
DA:247,0
LF:84
LH:0
BRDA:27,0,0,0
BRDA:31,1,0,0
BRDA:31,1,1,0
BRDA:31,2,0,0
BRDA:31,2,1,0
BRDA:50,3,0,0
BRDA:50,3,1,0
BRDA:52,4,0,0
BRDA:52,4,1,0
BRDA:52,4,2,0
BRDA:52,4,3,0
BRDA:57,5,0,0
BRDA:57,5,1,0
BRDA:57,6,0,0
BRDA:57,6,1,0
BRDA:59,7,0,0
BRDA:59,7,1,0
BRDA:59,7,2,0
BRDA:63,8,0,0
BRDA:63,8,1,0
BRDA:63,8,2,0
BRDA:63,8,3,0
BRDA:63,8,4,0
BRDA:66,9,0,0
BRDA:66,9,1,0
BRDA:66,10,0,0
BRDA:66,10,1,0
BRDA:79,11,0,0
BRDA:79,11,1,0
BRDA:80,12,0,0
BRDA:80,12,1,0
BRDA:80,12,2,0
BRDA:80,12,3,0
BRDA:80,12,4,0
BRDA:92,13,0,0
BRDA:92,13,1,0
BRDA:106,14,0,0
BRDA:106,14,1,0
BRDA:107,15,0,0
BRDA:107,15,1,0
BRDA:108,16,0,0
BRDA:108,16,1,0
BRDA:112,17,0,0
BRDA:112,17,1,0
BRDA:112,17,2,0
BRDA:137,18,0,0
BRDA:137,18,1,0
BRDA:138,19,0,0
BRDA:138,19,1,0
BRDA:139,20,0,0
BRDA:139,20,1,0
BRDA:141,21,0,0
BRDA:141,21,1,0
BRDA:144,22,0,0
BRDA:144,22,1,0
BRDA:160,23,0,0
BRDA:160,23,1,0
BRDA:161,24,0,0
BRDA:161,24,1,0
BRDA:172,25,0,0
BRDA:172,25,1,0
BRDA:173,26,0,0
BRDA:173,26,1,0
BRDA:177,27,0,0
BRDA:177,27,1,0
BRDA:178,28,0,0
BRDA:178,28,1,0
BRDA:179,29,0,0
BRDA:179,29,1,0
BRDA:192,30,0,0
BRDA:192,30,1,0
BRDA:193,31,0,0
BRDA:193,31,1,0
BRDA:197,32,0,0
BRDA:197,32,1,0
BRDA:214,33,0,0
BRDA:214,33,1,0
BRDA:222,34,0,0
BRDA:222,34,1,0
BRDA:236,35,0,0
BRDA:236,35,1,0
BRDA:237,36,0,0
BRDA:237,36,1,0
BRDA:238,37,0,0
BRDA:238,37,1,0
BRDA:239,38,0,0
BRDA:239,38,1,0
BRDA:240,39,0,0
BRDA:240,39,1,0
BRF:89
BRH:0
end_of_record
TN:
SF:src/services/auth-utils.js
FN:12,createTokenManager
FN:18,(anonymous_1)
FN:29,(anonymous_2)
FN:55,(anonymous_3)
FN:80,getOrCreateTokenManager
FN:93,invalidateTokenManager
FNF:6
FNH:6
FNDA:16,createTokenManager
FNDA:17,(anonymous_1)
FNDA:16,(anonymous_2)
FNDA:15,(anonymous_3)
FNDA:17,getOrCreateTokenManager
FNDA:16,invalidateTokenManager
DA:13,16
DA:14,16
DA:15,16
DA:17,16
DA:20,17
DA:21,1
DA:25,16
DA:26,0
DA:29,16
DA:30,16
DA:31,16
DA:42,9
DA:44,9
DA:45,9
DA:46,9
DA:48,16
DA:52,16
DA:56,15
DA:57,15
DA:69,1
DA:81,17
DA:82,16
DA:87,17
DA:94,16
DA:95,16
DA:96,15
DA:97,15
LF:27
LH:26
BRDA:12,0,0,0
BRDA:20,1,0,1
BRDA:20,1,1,16
BRDA:20,2,0,17
BRDA:20,2,1,1
BRDA:20,2,2,1
BRDA:25,3,0,0
BRDA:25,3,1,16
BRDA:80,4,0,0
BRDA:81,5,0,16
BRDA:81,5,1,1
BRDA:95,6,0,15
BRDA:95,6,1,1
BRF:13
BRH:10
end_of_record
TN:
SF:src/services/claude-mcp.js
FN:39,callGemini
FN:41,(anonymous_1)
FN:42,(anonymous_2)
FN:63,(anonymous_3)
FN:68,(anonymous_4)
FN:71,callClaude
FN:74,(anonymous_6)
FN:75,(anonymous_7)
FN:97,(anonymous_8)
FN:105,(anonymous_9)
FN:111,executeMCPCommand
FN:202,generateAmazonReport
FN:204,(anonymous_12)
FN:205,(anonymous_13)
FN:206,(anonymous_14)
FN:207,(anonymous_15)
FN:208,(anonymous_16)
FN:209,(anonymous_17)
FN:223,(anonymous_18)
FN:225,(anonymous_19)
FN:226,(anonymous_20)
FN:230,(anonymous_21)
FN:231,(anonymous_22)
FN:232,(anonymous_23)
FN:233,(anonymous_24)
FN:234,(anonymous_25)
FN:236,(anonymous_26)
FN:237,(anonymous_27)
FN:238,(anonymous_28)
FN:272,(anonymous_29)
FN:282,(anonymous_30)
FN:289,(anonymous_31)
FN:292,(anonymous_32)
FN:295,(anonymous_33)
FN:322,optimizeListing
FN:323,(anonymous_35)
FN:343,(anonymous_36)
FNF:37
FNH:0
FNDA:0,callGemini
FNDA:0,(anonymous_1)
FNDA:0,(anonymous_2)
FNDA:0,(anonymous_3)
FNDA:0,(anonymous_4)
FNDA:0,callClaude
FNDA:0,(anonymous_6)
FNDA:0,(anonymous_7)
FNDA:0,(anonymous_8)
FNDA:0,(anonymous_9)
FNDA:0,executeMCPCommand
FNDA:0,generateAmazonReport
FNDA:0,(anonymous_12)
FNDA:0,(anonymous_13)
FNDA:0,(anonymous_14)
FNDA:0,(anonymous_15)
FNDA:0,(anonymous_16)
FNDA:0,(anonymous_17)
FNDA:0,(anonymous_18)
FNDA:0,(anonymous_19)
FNDA:0,(anonymous_20)
FNDA:0,(anonymous_21)
FNDA:0,(anonymous_22)
FNDA:0,(anonymous_23)
FNDA:0,(anonymous_24)
FNDA:0,(anonymous_25)
FNDA:0,(anonymous_26)
FNDA:0,(anonymous_27)
FNDA:0,(anonymous_28)
FNDA:0,(anonymous_29)
FNDA:0,(anonymous_30)
FNDA:0,(anonymous_31)
FNDA:0,(anonymous_32)
FNDA:0,(anonymous_33)
FNDA:0,optimizeListing
FNDA:0,(anonymous_35)
FNDA:0,(anonymous_36)
DA:3,0
DA:5,0
DA:6,0
DA:8,0
DA:10,0
DA:26,0
DA:40,0
DA:41,0
DA:42,0
DA:47,0
DA:56,0
DA:62,0
DA:63,0
DA:64,0
DA:67,0
DA:68,0
DA:72,0
DA:74,0
DA:75,0
DA:79,0
DA:86,0
DA:96,0
DA:97,0
DA:98,0
DA:101,0
DA:102,0
DA:103,0
DA:105,0
DA:112,0
DA:116,0
DA:122,0
DA:129,0
DA:143,0
DA:204,0
DA:205,0
DA:206,0
DA:207,0
DA:208,0
DA:209,0
DA:210,0
DA:211,0
DA:212,0
DA:213,0
DA:216,0
DA:217,0
DA:218,0
DA:219,0
DA:220,0
DA:223,0
DA:224,0
DA:225,0
DA:226,0
DA:230,0
DA:231,0
DA:232,0
DA:233,0
DA:234,0
DA:236,0
DA:237,0
DA:238,0
DA:240,0
DA:248,0
DA:250,0
DA:272,0
DA:282,0
DA:289,0
DA:292,0
DA:295,0
DA:304,0
DA:308,0
DA:323,0
DA:324,0
DA:329,0
DA:331,0
DA:343,0
DA:356,0
DA:363,0
DA:367,0
DA:368,0
DA:369,0
DA:371,0
DA:372,0
DA:374,0
DA:375,0
DA:377,0
DA:379,0
DA:380,0
DA:381,0
DA:384,0
DA:385,0
LF:90
LH:0
BRDA:39,0,0,0
BRDA:39,1,0,0
BRDA:39,2,0,0
BRDA:43,3,0,0
BRDA:43,3,1,0
BRDA:62,4,0,0
BRDA:62,4,1,0
BRDA:64,5,0,0
BRDA:64,5,1,0
BRDA:68,6,0,0
BRDA:68,6,1,0
BRDA:71,7,0,0
BRDA:71,8,0,0
BRDA:71,9,0,0
BRDA:75,10,0,0
BRDA:75,10,1,0
BRDA:96,11,0,0
BRDA:96,11,1,0
BRDA:98,12,0,0
BRDA:98,12,1,0
BRDA:102,13,0,0
BRDA:102,13,1,0
BRDA:105,14,0,0
BRDA:105,14,1,0
BRDA:111,15,0,0
BRDA:111,16,0,0
BRDA:112,17,0,0
BRDA:112,17,1,0
BRDA:202,18,0,0
BRDA:204,19,0,0
BRDA:204,19,1,0
BRDA:205,20,0,0
BRDA:205,20,1,0
BRDA:206,21,0,0
BRDA:206,21,1,0
BRDA:207,22,0,0
BRDA:207,22,1,0
BRDA:208,23,0,0
BRDA:208,23,1,0
BRDA:209,24,0,0
BRDA:209,24,1,0
BRDA:210,25,0,0
BRDA:210,25,1,0
BRDA:211,26,0,0
BRDA:211,26,1,0
BRDA:212,27,0,0
BRDA:212,27,1,0
BRDA:213,28,0,0
BRDA:213,28,1,0
BRDA:219,29,0,0
BRDA:219,29,1,0
BRDA:220,30,0,0
BRDA:220,30,1,0
BRDA:220,31,0,0
BRDA:220,31,1,0
BRDA:223,32,0,0
BRDA:223,32,1,0
BRDA:223,33,0,0
BRDA:223,33,1,0
BRDA:225,34,0,0
BRDA:225,34,1,0
BRDA:225,34,2,0
BRDA:226,35,0,0
BRDA:226,35,1,0
BRDA:226,36,0,0
BRDA:226,36,1,0
BRDA:234,37,0,0
BRDA:234,37,1,0
BRDA:236,38,0,0
BRDA:236,38,1,0
BRDA:236,39,0,0
BRDA:236,39,1,0
BRDA:237,40,0,0
BRDA:237,40,1,0
BRDA:237,41,0,0
BRDA:237,41,1,0
BRDA:238,42,0,0
BRDA:238,42,1,0
BRDA:238,43,0,0
BRDA:238,43,1,0
BRDA:248,44,0,0
BRDA:248,44,1,0
BRDA:250,45,0,0
BRDA:250,45,1,0
BRDA:253,46,0,0
BRDA:253,46,1,0
BRDA:253,46,2,0
BRDA:253,47,0,0
BRDA:253,47,1,0
BRDA:253,48,0,0
BRDA:253,48,1,0
BRDA:253,48,2,0
BRDA:304,49,0,0
BRDA:304,49,1,0
BRDA:322,50,0,0
BRDA:323,51,0,0
BRDA:323,51,1,0
BRDA:324,52,0,0
BRDA:324,52,1,0
BRDA:324,53,0,0
BRDA:324,53,1,0
BRDA:329,54,0,0
BRDA:329,54,1,0
BRDA:331,55,0,0
BRDA:331,55,1,0
BRDA:334,56,0,0
BRDA:334,56,1,0
BRDA:337,57,0,0
BRDA:337,57,1,0
BRDA:340,58,0,0
BRDA:340,58,1,0
BRDA:351,59,0,0
BRDA:351,59,1,0
BRDA:351,60,0,0
BRDA:351,60,1,0
BRDA:356,61,0,0
BRDA:356,61,1,0
BRDA:369,62,0,0
BRDA:369,62,1,0
BRDA:369,63,0,0
BRDA:369,63,1,0
BRDA:374,64,0,0
BRDA:374,64,1,0
BRDA:374,65,0,0
BRDA:374,65,1,0
BRDA:374,65,2,0
BRDA:380,66,0,0
BRDA:380,66,1,0
BRDA:381,67,0,0
BRDA:381,67,1,0
BRF:130
BRH:0
end_of_record
TN:
SF:src/services/credentials.js
FN:35,saveOrgCredential
FN:99,loadOrgCredential
FN:134,(anonymous_2)
FN:159,revokeOrgCredential
FNF:4
FNH:3
FNDA:7,saveOrgCredential
FNDA:7,loadOrgCredential
FNDA:0,(anonymous_2)
FNDA:3,revokeOrgCredential
DA:41,7
DA:43,7
DA:45,7
DA:46,1
DA:48,7
DA:50,7
DA:70,7
DA:71,7
DA:73,7
DA:100,7
DA:105,7
DA:109,6
DA:110,6
DA:112,1
DA:113,1
DA:117,5
DA:118,5
DA:120,5
DA:121,5
DA:122,5
DA:123,4
DA:124,4
DA:126,1
DA:131,5
DA:136,5
DA:160,3
DA:163,3
DA:165,2
DA:170,2
DA:171,2
DA:173,2
LF:31
LH:31
BRDA:39,0,0,7
BRDA:45,1,0,1
BRDA:45,1,1,6
BRDA:45,2,0,7
BRDA:45,2,1,2
BRDA:105,3,0,1
BRDA:105,3,1,6
BRDA:117,4,0,5
BRDA:117,4,1,5
BRDA:120,5,0,5
BRDA:120,5,1,0
BRDA:123,6,0,4
BRDA:123,6,1,0
BRDA:124,7,0,1
BRDA:124,7,1,3
BRDA:140,8,0,5
BRDA:140,8,1,5
BRDA:141,9,0,5
BRDA:141,9,1,5
BRDA:146,10,0,5
BRDA:146,10,1,5
BRDA:146,10,2,5
BRDA:147,11,0,5
BRDA:147,11,1,5
BRDA:147,11,2,5
BRDA:163,12,0,1
BRDA:163,12,1,2
BRF:27
BRH:25
end_of_record
TN:
SF:src/services/email.js
FN:23,getTransporter
FN:53,(anonymous_1)
FN:59,send
FN:78,sendVerificationEmail
FN:96,sendPasswordResetEmail
FNF:5
FNH:5
FNDA:21,getTransporter
FNDA:21,(anonymous_1)
FNDA:21,send
FNDA:13,sendVerificationEmail
FNDA:8,sendPasswordResetEmail
DA:19,19
DA:21,19
DA:24,21
DA:26,19
DA:27,2
DA:36,2
DA:39,17
DA:40,17
DA:45,17
DA:48,19
DA:51,19
DA:52,19
DA:53,21
DA:60,21
DA:61,21
DA:64,19
DA:65,19
DA:66,1
DA:68,18
DA:71,19
DA:79,13
DA:80,13
DA:97,8
DA:98,8
LF:24
LH:24
BRDA:24,0,0,2
BRDA:24,0,1,19
BRDA:26,1,0,2
BRDA:26,1,1,17
BRDA:29,2,0,2
BRDA:29,2,1,0
BRDA:51,3,0,19
BRDA:51,3,1,19
BRDA:53,4,0,21
BRDA:53,4,1,17
BRDA:65,5,0,1
BRDA:65,5,1,18
BRF:12
BRH:11
end_of_record
TN:
SF:src/services/queue.js
FN:33,makeRedisConnection
FN:40,(anonymous_1)
FN:41,(anonymous_2)
FN:71,createReportingWorker
FN:77,(anonymous_4)
FN:81,(anonymous_5)
FN:85,(anonymous_6)
FN:111,createBulkListingWorker
FN:117,(anonymous_8)
FN:121,(anonymous_9)
FN:125,(anonymous_10)
FN:151,createTokenCleanupWorker
FN:157,(anonymous_12)
FN:161,(anonymous_13)
FN:173,closeQueue
FNF:15
FNH:0
FNDA:0,makeRedisConnection
FNDA:0,(anonymous_1)
FNDA:0,(anonymous_2)
FNDA:0,createReportingWorker
FNDA:0,(anonymous_4)
FNDA:0,(anonymous_5)
FNDA:0,(anonymous_6)
FNDA:0,createBulkListingWorker
FNDA:0,(anonymous_8)
FNDA:0,(anonymous_9)
FNDA:0,(anonymous_10)
FNDA:0,createTokenCleanupWorker
FNDA:0,(anonymous_12)
FNDA:0,(anonymous_13)
FNDA:0,closeQueue
DA:21,0
DA:23,0
DA:24,0
DA:25,0
DA:26,0
DA:34,0
DA:40,0
DA:41,0
DA:43,0
DA:50,0
DA:72,0
DA:77,0
DA:78,0
DA:81,0
DA:82,0
DA:85,0
DA:86,0
DA:89,0
DA:90,0
DA:97,0
DA:112,0
DA:117,0
DA:118,0
DA:121,0
DA:122,0
DA:125,0
DA:126,0
DA:129,0
DA:130,0
DA:137,0
DA:152,0
DA:157,0
DA:158,0
DA:161,0
DA:162,0
DA:165,0
DA:166,0
DA:174,0
LF:38
LH:0
BRDA:23,0,0,0
BRDA:23,0,1,0
BRF:2
BRH:0
end_of_record
TN:
SF:src/services/razorpay.js
FN:39,tierFromPlanId
FN:40,(anonymous_1)
FN:51,verifyWebhookSignature
FN:63,verifyOrderSignature
FN:76,verifyPaymentSignature
FN:89,trackUsage
FN:99,(anonymous_6)
FN:122,syncSubscriptionFromRazorpay
FN:151,(anonymous_8)
FN:157,syncPaymentFromRazorpay
FN:183,(anonymous_10)
FNF:11
FNH:0
FNDA:0,tierFromPlanId
FNDA:0,(anonymous_1)
FNDA:0,verifyWebhookSignature
FNDA:0,verifyOrderSignature
FNDA:0,verifyPaymentSignature
FNDA:0,trackUsage
FNDA:0,(anonymous_6)
FNDA:0,syncSubscriptionFromRazorpay
FNDA:0,(anonymous_8)
FNDA:0,syncPaymentFromRazorpay
FNDA:0,(anonymous_10)
DA:19,0
DA:21,0
DA:22,0
DA:25,0
DA:33,0
DA:40,0
DA:52,0
DA:56,0
DA:64,0
DA:65,0
DA:69,0
DA:77,0
DA:78,0
DA:82,0
DA:90,0
DA:91,0
DA:92,0
DA:93,0
DA:95,0
DA:100,0
DA:108,0
DA:123,0
DA:125,0
DA:128,0
DA:129,0
DA:130,0
DA:133,0
DA:134,0
DA:136,0
DA:138,0
DA:141,0
DA:151,0
DA:158,0
DA:160,0
DA:163,0
DA:164,0
DA:165,0
DA:168,0
DA:183,0
LF:39
LH:0
BRDA:21,0,0,0
BRDA:21,0,1,0
BRDA:21,1,0,0
BRDA:21,1,1,0
BRDA:25,2,0,0
BRDA:25,2,1,0
BRDA:25,3,0,0
BRDA:25,3,1,0
BRDA:40,4,0,0
BRDA:40,4,1,0
BRDA:89,5,0,0
BRDA:90,6,0,0
BRDA:90,6,1,0
BRDA:90,7,0,0
BRDA:90,7,1,0
BRDA:123,8,0,0
BRDA:123,8,1,0
BRDA:128,9,0,0
BRDA:128,9,1,0
BRDA:134,10,0,0
BRDA:134,10,1,0
BRDA:136,11,0,0
BRDA:136,11,1,0
BRDA:138,12,0,0
BRDA:138,12,1,0
BRDA:145,13,0,0
BRDA:145,13,1,0
BRDA:149,14,0,0
BRDA:149,14,1,0
BRDA:158,15,0,0
BRDA:158,15,1,0
BRDA:163,16,0,0
BRDA:163,16,1,0
BRDA:174,17,0,0
BRDA:174,17,1,0
BRF:35
BRH:0
end_of_record
TN:
SF:src/services/rule-engine.js
FN:31,getMetricValue
FN:38,evaluateCondition
FN:49,buildChange
FN:81,executeRule
FN:105,(anonymous_4)
FN:117,(anonymous_5)
FN:143,executeAllRules
FNF:7
FNH:0
FNDA:0,getMetricValue
FNDA:0,evaluateCondition
FNDA:0,buildChange
FNDA:0,executeRule
FNDA:0,(anonymous_4)
FNDA:0,(anonymous_5)
FNDA:0,executeAllRules
DA:19,0
DA:28,0
DA:29,0
DA:32,0
DA:33,0
DA:34,0
DA:35,0
DA:39,0
DA:40,0
DA:41,0
DA:42,0
DA:43,0
DA:44,0
DA:45,0
DA:50,0
DA:51,0
DA:52,0
DA:54,0
DA:56,0
DA:57,0
DA:58,0
DA:61,0
DA:62,0
DA:63,0
DA:66,0
DA:68,0
DA:70,0
DA:83,0
DA:92,0
DA:93,0
DA:101,0
DA:104,0
DA:106,0
DA:107,0
DA:108,0
DA:112,0
DA:113,0
DA:117,0
DA:123,0
DA:124,0
DA:125,0
DA:127,0
DA:144,0
DA:148,0
DA:150,0
DA:151,0
DA:154,0
DA:166,0
DA:171,0
DA:180,0
LF:50
LH:0
BRDA:33,0,0,0
BRDA:33,0,1,0
BRDA:35,1,0,0
BRDA:35,1,1,0
BRDA:39,2,0,0
BRDA:39,2,1,0
BRDA:40,3,0,0
BRDA:40,3,1,0
BRDA:40,3,2,0
BRDA:40,3,3,0
BRDA:40,3,4,0
BRDA:51,4,0,0
BRDA:51,4,1,0
BRDA:52,5,0,0
BRDA:52,5,1,0
BRDA:54,6,0,0
BRDA:54,6,1,0
BRDA:54,6,2,0
BRDA:54,6,3,0
BRDA:54,6,4,0
BRDA:66,7,0,0
BRDA:66,7,1,0
BRDA:68,8,0,0
BRDA:68,8,1,0
BRDA:92,9,0,0
BRDA:92,9,1,0
BRDA:101,10,0,0
BRDA:101,10,1,0
BRDA:107,11,0,0
BRDA:107,11,1,0
BRDA:112,12,0,0
BRDA:112,12,1,0
BRDA:119,13,0,0
BRDA:119,13,1,0
BRDA:120,14,0,0
BRDA:120,14,1,0
BRDA:161,15,0,0
BRDA:161,15,1,0
BRDA:176,16,0,0
BRDA:176,16,1,0
BRF:40
BRH:0
end_of_record
TN:
SF:src/services/search-term-classifier.js
FN:32,classifySearchTerms
FN:33,(anonymous_1)
FNF:2
FNH:2
FNDA:22,classifySearchTerms
FNDA:30,(anonymous_1)
DA:33,22
DA:34,30
DA:35,30
DA:36,30
DA:37,30
DA:40,30
DA:41,9
DA:42,21
DA:43,4
DA:44,17
DA:45,7
DA:47,10
DA:50,30
LF:13
LH:13
BRDA:34,0,0,30
BRDA:34,0,1,2
BRDA:35,1,0,30
BRDA:35,1,1,2
BRDA:36,2,0,30
BRDA:36,2,1,2
BRDA:37,3,0,20
BRDA:37,3,1,10
BRDA:40,4,0,9
BRDA:40,4,1,21
BRDA:40,5,0,30
BRDA:40,5,1,18
BRDA:40,5,2,18
BRDA:42,6,0,4
BRDA:42,6,1,17
BRDA:42,7,0,21
BRDA:42,7,1,13
BRDA:42,7,2,5
BRDA:44,8,0,7
BRDA:44,8,1,10
BRDA:44,9,0,17
BRDA:44,9,1,9
BRDA:44,9,2,9
BRDA:44,9,3,9
BRDA:51,10,0,30
BRDA:51,10,1,30
BRDA:52,11,0,30
BRDA:52,11,1,30
BRDA:53,12,0,30
BRDA:53,12,1,30
BRDA:54,13,0,30
BRDA:54,13,1,30
BRDA:55,14,0,30
BRDA:55,14,1,0
BRDA:56,15,0,30
BRDA:56,15,1,30
BRDA:57,16,0,30
BRDA:57,16,1,30
BRDA:58,17,0,30
BRDA:58,17,1,30
BRDA:59,18,0,30
BRDA:59,18,1,2
BRDA:60,19,0,0
BRDA:60,19,1,30
BRDA:61,20,0,30
BRDA:61,20,1,2
BRDA:62,21,0,30
BRDA:62,21,1,30
BRDA:63,22,0,30
BRDA:63,22,1,2
BRDA:64,23,0,30
BRDA:64,23,1,30
BRDA:66,24,0,30
BRDA:66,24,1,30
BRF:54
BRH:52
end_of_record
TN:
SF:src/workers/bulk-listing.worker.js
FN:20,incrementBatchCounter
FN:24,(anonymous_1)
FN:29,maybeCompleteBatch
FN:39,(anonymous_3)
FN:44,bulkListingProcessor
FN:81,(anonymous_5)
FNF:6
FNH:3
FNDA:11,incrementBatchCounter
FNDA:0,(anonymous_1)
FNDA:7,maybeCompleteBatch
FNDA:0,(anonymous_3)
FNDA:11,bulkListingProcessor
FNDA:0,(anonymous_5)
DA:18,1
DA:21,11
DA:25,0
DA:30,7
DA:31,7
DA:32,7
DA:33,1
DA:36,1
DA:39,0
DA:40,1
DA:45,11
DA:46,11
DA:48,11
DA:50,11
DA:51,11
DA:53,11
DA:54,11
DA:59,4
DA:60,4
DA:64,11
DA:82,0
DA:86,11
DA:87,7
DA:89,4
DA:91,4
DA:95,7
LF:26
LH:23
BRDA:31,0,0,0
BRDA:31,0,1,7
BRDA:32,1,0,1
BRDA:32,1,1,6
BRDA:33,2,0,0
BRDA:33,2,1,1
BRDA:34,3,0,0
BRDA:34,3,1,1
BRDA:48,4,0,11
BRDA:48,4,1,1
BRDA:48,5,0,11
BRDA:48,5,1,1
BRDA:56,6,0,11
BRDA:56,6,1,0
BRDA:68,7,0,11
BRDA:68,7,1,1
BRDA:69,8,0,11
BRDA:69,8,1,1
BRDA:70,9,0,11
BRDA:70,9,1,0
BRDA:71,10,0,11
BRDA:71,10,1,4
BRDA:72,11,0,11
BRDA:72,11,1,0
BRDA:73,12,0,11
BRDA:73,12,1,4
BRDA:74,13,0,11
BRDA:74,13,1,0
BRDA:75,14,0,11
BRDA:75,14,1,4
BRDA:76,15,0,11
BRDA:76,15,1,1
BRDA:76,15,2,0
BRDA:77,16,0,11
BRDA:77,16,1,0
BRDA:78,17,0,7
BRDA:78,17,1,4
BRDA:79,18,0,11
BRDA:79,18,1,7
BRDA:86,19,0,7
BRDA:86,19,1,4
BRDA:91,20,0,4
BRDA:91,20,1,0
BRF:43
BRH:33
end_of_record
TN:
SF:src/workers/reporting.worker.js
FN:31,mergeMetrics
FN:33,(anonymous_1)
FN:36,(anonymous_2)
FN:63,patch
FN:64,(anonymous_4)
FN:73,reportingProcessor
FN:102,(anonymous_6)
FN:107,(anonymous_7)
FNF:8
FNH:0
FNDA:0,mergeMetrics
FNDA:0,(anonymous_1)
FNDA:0,(anonymous_2)
FNDA:0,patch
FNDA:0,(anonymous_4)
FNDA:0,reportingProcessor
FNDA:0,(anonymous_6)
FNDA:0,(anonymous_7)
DA:25,0
DA:32,0
DA:33,0
DA:36,0
DA:37,0
DA:38,0
DA:39,0
DA:64,0
DA:65,0
DA:74,0
DA:76,0
DA:78,0
DA:79,0
DA:82,0
DA:83,0
DA:84,0
DA:85,0
DA:91,0
DA:93,0
DA:97,0
DA:99,0
DA:103,0
DA:104,0
DA:108,0
DA:109,0
DA:113,0
DA:114,0
DA:117,0
DA:118,0
DA:121,0
DA:122,0
DA:132,0
DA:138,0
DA:139,0
LF:34
LH:0
BRDA:37,0,0,0
BRDA:37,0,1,0
BRDA:37,0,2,0
BRDA:38,1,0,0
BRDA:38,1,1,0
BRDA:41,2,0,0
BRDA:41,2,1,0
BRDA:41,2,2,0
BRDA:42,3,0,0
BRDA:42,3,1,0
BRDA:42,3,2,0
BRDA:45,4,0,0
BRDA:45,4,1,0
BRDA:45,4,2,0
BRDA:46,5,0,0
BRDA:46,5,1,0
BRDA:46,5,2,0
BRDA:47,6,0,0
BRDA:47,6,1,0
BRDA:47,6,2,0
BRDA:48,7,0,0
BRDA:48,7,1,0
BRDA:48,7,2,0
BRDA:49,8,0,0
BRDA:49,8,1,0
BRDA:51,9,0,0
BRDA:51,9,1,0
BRDA:51,9,2,0
BRDA:52,10,0,0
BRDA:52,10,1,0
BRDA:52,10,2,0
BRDA:53,11,0,0
BRDA:53,11,1,0
BRDA:53,11,2,0
BRDA:54,12,0,0
BRDA:54,12,1,0
BRDA:54,12,2,0
BRDA:55,13,0,0
BRDA:55,13,1,0
BRDA:57,14,0,0
BRDA:57,14,1,0
BRDA:57,14,2,0
BRDA:58,15,0,0
BRDA:58,15,1,0
BRDA:84,16,0,0
BRDA:84,16,1,0
BRF:46
BRH:0
end_of_record
TN:
SF:src/workers/token-cleanup.worker.js
FN:6,tokenCleanupProcessor
FNF:1
FNH:0
FNDA:0,tokenCleanupProcessor
DA:4,0
DA:7,0
DA:9,0
DA:24,0
LF:4
LH:0
BRF:0
BRH:0
end_of_record
