TN:
SF:src/api/middleware/requireAuth.js
FN:3,(anonymous_0)
FN:21,requireAuth
FNF:2
FNH:0
FNDA:0,(anonymous_0)
FNDA:0,requireAuth
DA:3,0
DA:4,0
DA:5,0
DA:6,0
DA:11,0
DA:14,0
DA:22,0
DA:23,0
DA:25,0
DA:26,0
DA:27,0
DA:29,0
LF:12
LH:0
BRDA:5,0,0,0
BRDA:5,0,1,0
BRDA:23,1,0,0
BRDA:23,1,1,0
BRF:4
BRH:0
end_of_record
TN:
SF:src/api/routes/auth.js
FN:23,(anonymous_0)
FN:46,(anonymous_1)
FN:62,(anonymous_2)
FN:73,(anonymous_3)
FN:81,(anonymous_4)
FN:87,(anonymous_5)
FNF:6
FNH:0
FNDA:0,(anonymous_0)
FNDA:0,(anonymous_1)
FNDA:0,(anonymous_2)
FNDA:0,(anonymous_3)
FNDA:0,(anonymous_4)
FNDA:0,(anonymous_5)
DA:5,0
DA:7,0
DA:8,0
DA:9,0
DA:23,0
DA:24,0
DA:25,0
DA:26,0
DA:28,0
DA:29,0
DA:32,0
DA:33,0
DA:34,0
DA:35,0
DA:36,0
DA:39,0
DA:46,0
DA:47,0
DA:48,0
DA:50,0
DA:51,0
DA:52,0
DA:54,0
DA:62,0
DA:63,0
DA:64,0
DA:69,0
DA:70,0
DA:73,0
DA:74,0
DA:75,0
DA:76,0
DA:78,0
DA:81,0
DA:82,0
DA:83,0
DA:84,0
DA:87,0
DA:88,0
DA:89,0
DA:91,0
DA:92,0
DA:93,0
DA:98,0
DA:99,0
DA:103,0
DA:109,0
LF:47
LH:0
BRDA:7,0,0,0
BRDA:7,0,1,0
BRDA:28,1,0,0
BRDA:28,1,1,0
BRDA:28,2,0,0
BRDA:28,2,1,0
BRDA:32,3,0,0
BRDA:32,3,1,0
BRDA:32,4,0,0
BRDA:32,4,1,0
BRDA:48,5,0,0
BRDA:48,5,1,0
BRDA:74,6,0,0
BRDA:74,6,1,0
BRDA:74,7,0,0
BRDA:74,7,1,0
BRDA:75,8,0,0
BRDA:75,8,1,0
BRDA:89,9,0,0
BRDA:89,9,1,0
BRF:20
BRH:0
end_of_record
TN:
SF:src/api/routes/campaigns.js
FN:8,(anonymous_0)
FN:16,(anonymous_1)
FN:51,(anonymous_2)
FN:52,(anonymous_3)
FNF:4
FNH:0
FNDA:0,(anonymous_0)
FNDA:0,(anonymous_1)
FNDA:0,(anonymous_2)
FNDA:0,(anonymous_3)
DA:5,0
DA:8,0
DA:9,0
DA:11,0
DA:12,0
DA:13,0
DA:14,0
DA:16,0
DA:34,0
DA:38,0
DA:39,0
DA:42,0
DA:43,0
DA:51,0
DA:52,0
DA:54,0
DA:55,0
DA:58,0
LF:18
LH:0
BRDA:9,0,0,0
BRDA:9,0,1,0
BRDA:12,1,0,0
BRDA:12,1,1,0
BRDA:20,2,0,0
BRDA:20,2,1,0
BRDA:54,3,0,0
BRDA:54,3,1,0
BRF:8
BRH:0
end_of_record
TN:
SF:src/api/routes/index.js
FNF:0
FNH:0
DA:13,0
DA:14,0
DA:17,0
DA:20,0
DA:22,0
DA:23,0
DA:24,0
DA:25,0
DA:26,0
DA:27,0
DA:28,0
DA:29,0
DA:31,0
LF:13
LH:0
BRF:0
BRH:0
end_of_record
TN:
SF:src/api/routes/listings.js
FN:13,(anonymous_0)
FN:34,(anonymous_1)
FN:59,(anonymous_2)
FNF:3
FNH:0
FNDA:0,(anonymous_0)
FNDA:0,(anonymous_1)
FNDA:0,(anonymous_2)
DA:5,0
DA:13,0
DA:14,0
DA:15,0
DA:17,0
DA:18,0
DA:21,0
DA:23,0
DA:24,0
DA:34,0
DA:35,0
DA:37,0
DA:38,0
DA:41,0
DA:42,0
DA:46,0
DA:48,0
DA:49,0
DA:59,0
DA:60,0
DA:61,0
DA:63,0
DA:64,0
DA:65,0
DA:70,0
DA:71,0
DA:72,0
DA:73,0
DA:74,0
DA:75,0
DA:77,0
DA:81,0
DA:82,0
DA:85,0
DA:86,0
DA:87,0
DA:89,0
DA:90,0
LF:38
LH:0
BRDA:15,0,0,0
BRDA:15,0,1,0
BRDA:15,1,0,0
BRDA:15,1,1,0
BRDA:18,2,0,0
BRDA:18,2,1,0
BRDA:37,3,0,0
BRDA:37,3,1,0
BRDA:37,4,0,0
BRDA:37,4,1,0
BRDA:37,4,2,0
BRDA:44,5,0,0
BRDA:44,5,1,0
BRDA:63,6,0,0
BRDA:63,6,1,0
BRDA:64,7,0,0
BRDA:64,7,1,0
BRDA:64,8,0,0
BRDA:64,8,1,0
BRDA:64,8,2,0
BRDA:70,9,0,0
BRDA:70,9,1,0
BRDA:81,10,0,0
BRDA:81,10,1,0
BRF:24
BRH:0
end_of_record
TN:
SF:src/api/routes/mcp.js
FN:10,(anonymous_0)
FN:24,(anonymous_1)
FNF:2
FNH:0
FNDA:0,(anonymous_0)
FNDA:0,(anonymous_1)
DA:6,0
DA:10,0
DA:24,0
DA:25,0
DA:27,0
DA:28,0
DA:31,0
DA:32,0
DA:33,0
DA:35,0
DA:36,0
LF:11
LH:0
BRDA:10,0,0,0
BRDA:10,0,1,0
BRDA:27,1,0,0
BRDA:27,1,1,0
BRDA:32,2,0,0
BRDA:32,2,1,0
BRDA:32,3,0,0
BRDA:32,3,1,0
BRF:8
BRH:0
end_of_record
TN:
SF:src/api/routes/profiles.js
FN:7,(anonymous_0)
FNF:1
FNH:0
FNDA:0,(anonymous_0)
DA:4,0
DA:7,0
DA:8,0
DA:9,0
DA:10,0
DA:12,0
DA:13,0
LF:7
LH:0
BRF:0
BRH:0
end_of_record
TN:
SF:src/api/routes/reporting-agent.js
FN:15,updateJob
FN:25,executeJob
FN:35,(anonymous_2)
FN:40,(anonymous_3)
FN:53,(anonymous_4)
FN:56,(anonymous_5)
FN:116,(anonymous_6)
FN:152,(anonymous_7)
FNF:8
FNH:0
FNDA:0,updateJob
FNDA:0,executeJob
FNDA:0,(anonymous_2)
FNDA:0,(anonymous_3)
FNDA:0,(anonymous_4)
FNDA:0,(anonymous_5)
FNDA:0,(anonymous_6)
FNDA:0,(anonymous_7)
DA:7,0
DA:13,0
DA:16,0
DA:17,0
DA:26,0
DA:27,0
DA:32,0
DA:36,0
DA:37,0
DA:41,0
DA:42,0
DA:46,0
DA:52,0
DA:53,0
DA:56,0
DA:57,0
DA:58,0
DA:59,0
DA:81,0
DA:83,0
DA:88,0
DA:97,0
DA:106,0
DA:107,0
DA:116,0
DA:117,0
DA:119,0
DA:121,0
DA:122,0
DA:124,0
DA:125,0
DA:127,0
DA:128,0
DA:138,0
DA:139,0
DA:143,0
DA:145,0
DA:152,0
DA:153,0
DA:154,0
DA:156,0
DA:157,0
DA:159,0
LF:43
LH:0
BRDA:17,0,0,0
BRDA:17,0,1,0
BRDA:57,1,0,0
BRDA:57,1,1,0
BRDA:57,1,2,0
BRDA:58,2,0,0
BRDA:58,2,1,0
BRDA:61,3,0,0
BRDA:61,3,1,0
BRDA:61,3,2,0
BRDA:62,4,0,0
BRDA:62,4,1,0
BRDA:62,4,2,0
BRDA:64,5,0,0
BRDA:64,5,1,0
BRDA:64,5,2,0
BRDA:65,6,0,0
BRDA:65,6,1,0
BRDA:65,6,2,0
BRDA:66,7,0,0
BRDA:66,7,1,0
BRDA:66,7,2,0
BRDA:67,8,0,0
BRDA:67,8,1,0
BRDA:67,8,2,0
BRDA:68,9,0,0
BRDA:68,9,1,0
BRDA:70,10,0,0
BRDA:70,10,1,0
BRDA:70,10,2,0
BRDA:71,11,0,0
BRDA:71,11,1,0
BRDA:71,11,2,0
BRDA:72,12,0,0
BRDA:72,12,1,0
BRDA:72,12,2,0
BRDA:73,13,0,0
BRDA:73,13,1,0
BRDA:73,13,2,0
BRDA:74,14,0,0
BRDA:74,14,1,0
BRDA:76,15,0,0
BRDA:76,15,1,0
BRDA:76,15,2,0
BRDA:77,16,0,0
BRDA:77,16,1,0
BRDA:117,17,0,0
BRDA:119,18,0,0
BRDA:119,18,1,0
BRDA:121,19,0,0
BRDA:121,19,1,0
BRDA:122,20,0,0
BRDA:122,20,1,0
BRDA:124,21,0,0
BRDA:124,21,1,0
BRDA:125,22,0,0
BRDA:125,22,1,0
BRDA:139,23,0,0
BRDA:139,23,1,0
BRDA:154,24,0,0
BRDA:154,24,1,0
BRDA:157,25,0,0
BRDA:157,25,1,0
BRDA:163,26,0,0
BRDA:163,26,1,0
BRDA:164,27,0,0
BRDA:164,27,1,0
BRF:67
BRH:0
end_of_record
TN:
SF:src/api/routes/reports.js
FN:6,validateDates
FN:26,(anonymous_1)
FN:54,(anonymous_2)
FNF:3
FNH:0
FNDA:0,validateDates
FNDA:0,(anonymous_1)
FNDA:0,(anonymous_2)
DA:4,0
DA:7,0
DA:8,0
DA:9,0
DA:10,0
DA:12,0
DA:13,0
DA:14,0
DA:15,0
DA:17,0
DA:26,0
DA:27,0
DA:28,0
DA:30,0
DA:31,0
DA:33,0
DA:35,0
DA:36,0
DA:40,0
DA:42,0
DA:43,0
DA:54,0
DA:55,0
DA:56,0
DA:57,0
DA:58,0
DA:60,0
DA:61,0
DA:62,0
DA:64,0
DA:65,0
LF:31
LH:0
BRDA:8,0,0,0
BRDA:8,0,1,0
BRDA:13,1,0,0
BRDA:13,1,1,0
BRDA:27,2,0,0
BRDA:27,2,1,0
BRDA:28,3,0,0
BRDA:28,3,1,0
BRDA:30,4,0,0
BRDA:30,4,1,0
BRDA:31,5,0,0
BRDA:31,5,1,0
BRDA:33,6,0,0
BRDA:33,6,1,0
BRDA:56,7,0,0
BRDA:56,7,1,0
BRDA:57,8,0,0
BRDA:57,8,1,0
BRDA:58,9,0,0
BRDA:58,9,1,0
BRF:20
BRH:0
end_of_record
TN:
SF:src/api/routes/search-terms.js
FN:21,(anonymous_0)
FNF:1
FNH:0
FNDA:0,(anonymous_0)
DA:6,0
DA:21,0
DA:22,0
DA:23,0
DA:25,0
DA:26,0
DA:27,0
DA:30,0
DA:31,0
DA:32,0
DA:36,0
DA:37,0
DA:38,0
DA:42,0
DA:43,0
DA:44,0
DA:48,0
DA:49,0
DA:50,0
DA:52,0
DA:53,0
DA:54,0
DA:57,0
DA:58,0
DA:61,0
DA:62,0
DA:63,0
DA:64,0
DA:65,0
DA:66,0
DA:68,0
DA:72,0
DA:73,0
DA:77,0
DA:78,0
DA:79,0
DA:86,0
DA:87,0
LF:38
LH:0
BRDA:22,0,0,0
BRDA:22,0,1,0
BRDA:23,1,0,0
BRDA:23,1,1,0
BRDA:25,2,0,0
BRDA:25,2,1,0
BRDA:26,3,0,0
BRDA:26,3,1,0
BRDA:31,4,0,0
BRDA:31,4,1,0
BRDA:37,5,0,0
BRDA:37,5,1,0
BRDA:43,6,0,0
BRDA:43,6,1,0
BRDA:48,7,0,0
BRDA:48,7,1,0
BRDA:50,8,0,0
BRDA:50,8,1,0
BRDA:52,9,0,0
BRDA:52,9,1,0
BRDA:54,10,0,0
BRDA:54,10,1,0
BRDA:61,11,0,0
BRDA:61,11,1,0
BRDA:61,12,0,0
BRDA:61,12,1,0
BRDA:62,13,0,0
BRDA:62,13,1,0
BRDA:65,14,0,0
BRDA:65,14,1,0
BRDA:66,15,0,0
BRDA:66,15,1,0
BRDA:83,16,0,0
BRDA:83,16,1,0
BRDA:83,17,0,0
BRDA:83,17,1,0
BRF:36
BRH:0
end_of_record
TN:
SF:src/api/routes/sp-oauth.js
FN:32,cfg
FN:41,(anonymous_1)
FN:54,(anonymous_2)
FN:73,(anonymous_3)
FNF:4
FNH:0
FNDA:0,cfg
FNDA:0,(anonymous_1)
FNDA:0,(anonymous_2)
FNDA:0,(anonymous_3)
DA:23,0
DA:25,0
DA:29,0
DA:33,0
DA:41,0
DA:42,0
DA:43,0
DA:54,0
DA:55,0
DA:56,0
DA:57,0
DA:59,0
DA:60,0
DA:61,0
DA:62,0
DA:63,0
DA:65,0
DA:66,0
DA:67,0
DA:68,0
DA:73,0
DA:74,0
DA:76,0
DA:82,0
DA:83,0
DA:100,0
DA:101,0
DA:103,0
DA:115,0
DA:116,0
DA:118,0
DA:120,0
DA:169,0
DA:170,0
DA:171,0
LF:35
LH:0
BRDA:29,0,0,0
BRDA:29,0,1,0
BRDA:36,1,0,0
BRDA:36,1,1,0
BRDA:56,2,0,0
BRDA:56,2,1,0
BRDA:57,3,0,0
BRDA:57,3,1,0
BRDA:82,4,0,0
BRDA:82,4,1,0
BRDA:169,5,0,0
BRDA:169,5,1,0
BRF:12
BRH:0
end_of_record
TN:
SF:src/api/utils/dates.js
FN:13,getTodayISO
FN:20,getDaysAgoISO
FN:27,getDefaultDateRange
FN:36,getOldestAllowedDate
FN:43,getDaysDifference
FNF:5
FNH:0
FNDA:0,getTodayISO
FNDA:0,getDaysAgoISO
FNDA:0,getDefaultDateRange
FNDA:0,getOldestAllowedDate
FNDA:0,getDaysDifference
DA:6,0
DA:7,0
DA:8,0
DA:14,0
DA:21,0
DA:28,0
DA:29,0
DA:30,0
DA:37,0
DA:44,0
LF:10
LH:0
BRF:0
BRH:0
end_of_record
TN:
SF:src/api/utils/logger.js
FN:14,generateCorrelationId
FN:21,setCorrelationId
FN:28,getCorrelationId
FN:35,correlationIdMiddleware
FN:46,(anonymous_4)
FN:50,(anonymous_5)
FN:63,(anonymous_6)
FN:76,(anonymous_7)
FN:80,(anonymous_8)
FN:84,(anonymous_9)
FN:93,(anonymous_10)
FN:103,createLogger
FNF:12
FNH:0
FNDA:0,generateCorrelationId
FNDA:0,setCorrelationId
FNDA:0,getCorrelationId
FNDA:0,correlationIdMiddleware
FNDA:0,(anonymous_4)
FNDA:0,(anonymous_5)
FNDA:0,(anonymous_6)
FNDA:0,(anonymous_7)
FNDA:0,(anonymous_8)
FNDA:0,(anonymous_9)
FNDA:0,(anonymous_10)
FNDA:0,createLogger
DA:9,0
DA:15,0
DA:22,0
DA:29,0
DA:36,0
DA:37,0
DA:38,0
DA:39,0
DA:47,0
DA:51,0
DA:52,0
DA:53,0
DA:64,0
DA:65,0
DA:67,0
DA:68,0
DA:69,0
DA:70,0
DA:72,0
DA:77,0
DA:81,0
DA:85,0
DA:90,0
DA:94,0
DA:95,0
DA:104,0
LF:26
LH:0
BRDA:29,0,0,0
BRDA:29,0,1,0
BRDA:36,1,0,0
BRDA:36,1,1,0
BRDA:46,2,0,0
BRDA:50,3,0,0
BRDA:63,4,0,0
BRDA:67,5,0,0
BRDA:67,5,1,0
BRDA:69,6,0,0
BRDA:69,6,1,0
BRDA:76,7,0,0
BRDA:80,8,0,0
BRDA:84,9,0,0
BRDA:84,10,0,0
BRDA:85,11,0,0
BRDA:85,11,1,0
BRDA:93,12,0,0
BRDA:94,13,0,0
BRDA:94,13,1,0
BRDA:103,14,0,0
BRF:21
BRH:0
end_of_record
TN:
SF:src/api/utils/rateLimit.js
FN:15,checkRateLimit
FN:45,rateLimitMiddleware
FN:46,(anonymous_2)
FN:72,cleanupOldBuckets
FN:83,(anonymous_4)
FNF:5
FNH:0
FNDA:0,checkRateLimit
FNDA:0,rateLimitMiddleware
FNDA:0,(anonymous_2)
FNDA:0,cleanupOldBuckets
FNDA:0,(anonymous_4)
DA:6,0
DA:16,0
DA:17,0
DA:20,0
DA:21,0
DA:25,0
DA:28,0
DA:29,0
DA:30,0
DA:33,0
DA:34,0
DA:36,0
DA:46,0
DA:47,0
DA:48,0
DA:51,0
DA:52,0
DA:53,0
DA:55,0
DA:56,0
DA:57,0
DA:64,0
DA:73,0
DA:74,0
DA:76,0
DA:77,0
DA:83,0
LF:27
LH:0
BRDA:15,0,0,0
BRDA:15,1,0,0
BRDA:20,2,0,0
BRDA:20,2,1,0
BRDA:20,3,0,0
BRDA:20,3,1,0
BRDA:29,4,0,0
BRDA:29,4,1,0
BRDA:45,5,0,0
BRDA:45,6,0,0
BRDA:45,7,0,0
BRDA:47,8,0,0
BRDA:47,8,1,0
BRDA:47,9,0,0
BRDA:47,9,1,0
BRDA:47,9,2,0
BRDA:55,10,0,0
BRDA:55,10,1,0
BRDA:72,11,0,0
BRDA:76,12,0,0
BRDA:76,12,1,0
BRF:21
BRH:0
end_of_record
TN:
SF:src/api/utils/retry.js
FN:17,retryWithBackoff
FN:56,(anonymous_1)
FN:67,defaultShouldRetry
FN:92,withRetry
FN:93,retriedFn
FN:95,(anonymous_5)
FNF:6
FNH:0
FNDA:0,retryWithBackoff
FNDA:0,(anonymous_1)
FNDA:0,defaultShouldRetry
FNDA:0,withRetry
FNDA:0,retriedFn
FNDA:0,(anonymous_5)
DA:28,0
DA:30,0
DA:31,0
DA:32,0
DA:34,0
DA:37,0
DA:38,0
DA:42,0
DA:43,0
DA:47,0
DA:52,0
DA:53,0
DA:56,0
DA:57,0
DA:61,0
DA:68,0
DA:71,0
DA:72,0
DA:76,0
DA:77,0
DA:81,0
DA:82,0
DA:85,0
DA:93,0
DA:94,0
DA:95,0
LF:26
LH:0
BRDA:19,0,0,0
BRDA:20,1,0,0
BRDA:21,2,0,0
BRDA:22,3,0,0
BRDA:23,4,0,0
BRDA:24,5,0,0
BRDA:37,6,0,0
BRDA:37,6,1,0
BRDA:42,7,0,0
BRDA:42,7,1,0
BRDA:52,8,0,0
BRDA:52,8,1,0
BRDA:68,9,0,0
BRDA:68,9,1,0
BRDA:71,10,0,0
BRDA:71,10,1,0
BRDA:71,11,0,0
BRDA:71,11,1,0
BRDA:76,12,0,0
BRDA:76,12,1,0
BRDA:76,13,0,0
BRDA:76,13,1,0
BRDA:76,13,2,0
BRDA:81,14,0,0
BRDA:81,14,1,0
BRDA:81,15,0,0
BRDA:81,15,1,0
BRDA:92,16,0,0
BRF:28
BRH:0
end_of_record
TN:
SF:src/api/utils/validation.js
FN:10,isValidDateFormat
FN:24,isValidDateRange
FN:48,isValidString
FN:61,isValidPositiveInt
FN:74,isValidASIN
FN:87,isRequired
FNF:6
FNH:0
FNDA:0,isValidDateFormat
FNDA:0,isValidDateRange
FNDA:0,isValidString
FNDA:0,isValidPositiveInt
FNDA:0,isValidASIN
FNDA:0,isRequired
DA:11,0
DA:12,0
DA:13,0
DA:14,0
DA:15,0
DA:25,0
DA:26,0
DA:28,0
DA:29,0
DA:32,0
DA:33,0
DA:35,0
DA:36,0
DA:39,0
DA:49,0
DA:50,0
DA:52,0
DA:62,0
DA:63,0
DA:64,0
DA:66,0
DA:75,0
DA:76,0
DA:78,0
DA:88,0
DA:89,0
DA:91,0
LF:27
LH:0
BRDA:11,0,0,0
BRDA:11,0,1,0
BRDA:13,1,0,0
BRDA:13,1,1,0
BRDA:25,2,0,0
BRDA:25,2,1,0
BRDA:28,3,0,0
BRDA:28,3,1,0
BRDA:35,4,0,0
BRDA:35,4,1,0
BRDA:48,5,0,0
BRDA:49,6,0,0
BRDA:49,6,1,0
BRDA:49,7,0,0
BRDA:49,7,1,0
BRDA:61,8,0,0
BRDA:63,9,0,0
BRDA:63,9,1,0
BRDA:63,10,0,0
BRDA:63,10,1,0
BRDA:75,11,0,0
BRDA:75,11,1,0
BRDA:75,12,0,0
BRDA:75,12,1,0
BRDA:87,13,0,0
BRDA:88,14,0,0
BRDA:88,14,1,0
BRDA:88,15,0,0
BRDA:88,15,1,0
BRDA:88,15,2,0
BRF:30
BRH:0
end_of_record
TN:
SF:src/services/amazon-ads.js
FN:15,getAccessToken
FN:19,adsHeaders
FN:28,getProfiles
FN:37,getCampaigns
FN:55,getProductAdCampaigns
FN:87,(anonymous_5)
FN:93,(anonymous_6)
FN:102,startCampaignMetricsReport
FN:165,checkReportStatus
FN:194,getCampaignMetrics
FN:197,(anonymous_10)
FN:211,getSearchTermReport
FN:275,(anonymous_12)
FNF:13
FNH:2
FNDA:1,getAccessToken
FNDA:0,adsHeaders
FNDA:1,getProfiles
FNDA:0,getCampaigns
FNDA:0,getProductAdCampaigns
FNDA:0,(anonymous_5)
FNDA:0,(anonymous_6)
FNDA:0,startCampaignMetricsReport
FNDA:0,checkReportStatus
FNDA:0,getCampaignMetrics
FNDA:0,(anonymous_10)
FNDA:0,getSearchTermReport
FNDA:0,(anonymous_12)
DA:6,1
DA:8,1
DA:9,1
DA:10,1
DA:13,1
DA:16,1
DA:20,0
DA:29,1
DA:30,0
DA:33,0
DA:34,0
DA:38,0
DA:39,0
DA:42,0
DA:43,0
DA:56,0
DA:57,0
DA:58,0
DA:59,0
DA:60,0
DA:62,0
DA:63,0
DA:65,0
DA:66,0
DA:67,0
DA:68,0
DA:69,0
DA:70,0
DA:71,0
DA:72,0
DA:73,0
DA:74,0
DA:77,0
DA:78,0
DA:79,0
DA:80,0
DA:81,0
DA:84,0
DA:87,0
DA:88,0
DA:89,0
DA:90,0
DA:93,0
DA:94,0
DA:95,0
DA:103,0
DA:104,0
DA:106,0
DA:108,0
DA:109,0
DA:141,0
DA:142,0
DA:143,0
DA:144,0
DA:145,0
DA:146,0
DA:148,0
DA:150,0
DA:151,0
DA:154,0
DA:155,0
DA:156,0
DA:166,0
DA:167,0
DA:170,0
DA:171,0
DA:173,0
DA:176,0
DA:177,0
DA:179,0
DA:180,0
DA:181,0
DA:182,0
DA:183,0
DA:185,0
DA:186,0
DA:187,0
DA:195,0
DA:196,0
DA:197,0
DA:198,0
DA:199,0
DA:201,0
DA:212,0
DA:213,0
DA:215,0
DA:216,0
DA:219,0
DA:234,0
DA:235,0
DA:238,0
DA:239,0
DA:256,0
DA:257,0
DA:258,0
DA:259,0
DA:260,0
DA:261,0
DA:263,0
DA:266,0
DA:267,0
DA:271,0
DA:272,0
DA:274,0
DA:275,0
DA:277,0
DA:278,0
DA:280,0
DA:282,0
DA:283,0
DA:285,0
DA:286,0
DA:287,0
DA:288,0
DA:289,0
DA:291,0
DA:292,0
DA:295,0
LF:118
LH:7
BRDA:19,0,0,0
BRDA:23,1,0,0
BRDA:23,1,1,0
BRDA:55,2,0,0
BRDA:71,3,0,0
BRDA:71,3,1,0
BRDA:73,4,0,0
BRDA:73,4,1,0
BRDA:81,5,0,0
BRDA:81,5,1,0
BRDA:81,5,2,0
BRDA:84,6,0,0
BRDA:84,6,1,0
BRDA:88,7,0,0
BRDA:88,7,1,0
BRDA:89,8,0,0
BRDA:89,8,1,0
BRDA:94,9,0,0
BRDA:94,9,1,0
BRDA:141,10,0,0
BRDA:141,10,1,0
BRDA:142,11,0,0
BRDA:142,11,1,0
BRDA:144,12,0,0
BRDA:144,12,1,0
BRDA:179,13,0,0
BRDA:179,13,1,0
BRDA:185,14,0,0
BRDA:185,14,1,0
BRDA:185,15,0,0
BRDA:185,15,1,0
BRDA:186,16,0,0
BRDA:186,16,1,0
BRDA:199,17,0,0
BRDA:199,17,1,0
BRDA:211,18,0,0
BRDA:215,19,0,0
BRDA:215,19,1,0
BRDA:234,20,0,0
BRDA:234,20,1,0
BRDA:256,21,0,0
BRDA:256,21,1,0
BRDA:257,22,0,0
BRDA:257,22,1,0
BRDA:259,23,0,0
BRDA:259,23,1,0
BRDA:285,24,0,0
BRDA:285,24,1,0
BRDA:291,25,0,0
BRDA:291,25,1,0
BRDA:291,26,0,0
BRDA:291,26,1,0
BRDA:292,27,0,0
BRDA:292,27,1,0
BRF:54
BRH:0
end_of_record
TN:
SF:src/services/amazon-sp-api.js
FN:17,getSPToken
FN:21,spHeaders
FN:33,extractListingFields
FN:43,(anonymous_3)
FN:63,getProductBySku
FN:96,getProductByAsin
FN:158,updateListingBySku
FN:165,(anonymous_7)
FN:180,(anonymous_8)
FNF:9
FNH:0
FNDA:0,getSPToken
FNDA:0,spHeaders
FNDA:0,extractListingFields
FNDA:0,(anonymous_3)
FNDA:0,getProductBySku
FNDA:0,getProductByAsin
FNDA:0,updateListingBySku
FNDA:0,(anonymous_7)
FNDA:0,(anonymous_8)
DA:5,0
DA:7,0
DA:8,0
DA:9,0
DA:10,0
DA:11,0
DA:12,0
DA:15,0
DA:18,0
DA:22,0
DA:36,0
DA:38,0
DA:43,0
DA:45,0
DA:49,0
DA:64,0
DA:65,0
DA:66,0
DA:68,0
DA:69,0
DA:79,0
DA:80,0
DA:82,0
DA:83,0
DA:84,0
DA:85,0
DA:86,0
DA:97,0
DA:98,0
DA:101,0
DA:102,0
DA:114,0
DA:115,0
DA:116,0
DA:117,0
DA:118,0
DA:120,0
DA:121,0
DA:122,0
DA:126,0
DA:127,0
DA:137,0
DA:138,0
DA:140,0
DA:141,0
DA:142,0
DA:147,0
DA:159,0
DA:160,0
DA:161,0
DA:163,0
DA:164,0
DA:165,0
DA:166,0
DA:168,0
DA:169,0
DA:178,0
DA:179,0
DA:180,0
DA:181,0
DA:183,0
DA:184,0
LF:62
LH:0
BRDA:10,0,0,0
BRDA:10,0,1,0
BRDA:36,1,0,0
BRDA:36,1,1,0
BRDA:38,2,0,0
BRDA:38,2,1,0
BRDA:38,2,2,0
BRDA:38,2,3,0
BRDA:43,3,0,0
BRDA:43,3,1,0
BRDA:43,4,0,0
BRDA:43,4,1,0
BRDA:45,5,0,0
BRDA:45,5,1,0
BRDA:45,5,2,0
BRDA:50,6,0,0
BRDA:50,6,1,0
BRDA:50,6,2,0
BRDA:51,7,0,0
BRDA:51,7,1,0
BRDA:52,8,0,0
BRDA:52,8,1,0
BRDA:64,9,0,0
BRDA:64,9,1,0
BRDA:83,10,0,0
BRDA:83,10,1,0
BRDA:83,10,2,0
BRDA:114,11,0,0
BRDA:114,11,1,0
BRDA:115,12,0,0
BRDA:115,12,1,0
BRDA:116,13,0,0
BRDA:116,13,1,0
BRDA:118,14,0,0
BRDA:118,14,1,0
BRDA:121,15,0,0
BRDA:121,15,1,0
BRDA:140,16,0,0
BRDA:140,16,1,0
BRDA:141,17,0,0
BRDA:141,17,1,0
BRDA:159,18,0,0
BRDA:159,18,1,0
BRDA:160,19,0,0
BRDA:160,19,1,0
BRDA:164,20,0,0
BRDA:164,20,1,0
BRDA:165,21,0,0
BRDA:165,21,1,0
BRDA:166,22,0,0
BRDA:166,22,1,0
BRDA:179,23,0,0
BRDA:179,23,1,0
BRDA:180,24,0,0
BRDA:180,24,1,0
BRDA:184,25,0,0
BRDA:184,25,1,0
BRF:57
BRH:0
end_of_record
TN:
SF:src/services/auth-utils.js
FN:12,createTokenManager
FN:18,(anonymous_1)
FN:29,(anonymous_2)
FN:55,(anonymous_3)
FNF:4
FNH:3
FNDA:1,createTokenManager
FNDA:1,(anonymous_1)
FNDA:1,(anonymous_2)
FNDA:0,(anonymous_3)
DA:13,1
DA:14,1
DA:15,1
DA:17,1
DA:20,1
DA:21,0
DA:25,1
DA:26,0
DA:29,1
DA:30,1
DA:31,1
DA:42,0
DA:44,0
DA:45,0
DA:46,0
DA:48,1
DA:52,1
DA:56,0
DA:57,0
LF:19
LH:11
BRDA:12,0,0,0
BRDA:20,1,0,0
BRDA:20,1,1,1
BRDA:20,2,0,1
BRDA:20,2,1,0
BRDA:20,2,2,0
BRDA:25,3,0,0
BRDA:25,3,1,1
BRF:8
BRH:3
end_of_record
TN:
SF:src/services/claude-mcp.js
FN:39,callGemini
FN:41,(anonymous_1)
FN:42,(anonymous_2)
FN:63,(anonymous_3)
FN:68,(anonymous_4)
FN:71,callClaude
FN:74,(anonymous_6)
FN:75,(anonymous_7)
FN:97,(anonymous_8)
FN:102,(anonymous_9)
FN:108,executeMCPCommand
FN:199,generateAmazonReport
FN:201,(anonymous_12)
FN:202,(anonymous_13)
FN:203,(anonymous_14)
FN:204,(anonymous_15)
FN:205,(anonymous_16)
FN:206,(anonymous_17)
FN:220,(anonymous_18)
FN:222,(anonymous_19)
FN:223,(anonymous_20)
FN:227,(anonymous_21)
FN:228,(anonymous_22)
FN:229,(anonymous_23)
FN:230,(anonymous_24)
FN:231,(anonymous_25)
FN:233,(anonymous_26)
FN:234,(anonymous_27)
FN:235,(anonymous_28)
FN:269,(anonymous_29)
FN:279,(anonymous_30)
FN:286,(anonymous_31)
FN:289,(anonymous_32)
FN:292,(anonymous_33)
FN:319,optimizeListing
FN:320,(anonymous_35)
FN:337,(anonymous_36)
FNF:37
FNH:0
FNDA:0,callGemini
FNDA:0,(anonymous_1)
FNDA:0,(anonymous_2)
FNDA:0,(anonymous_3)
FNDA:0,(anonymous_4)
FNDA:0,callClaude
FNDA:0,(anonymous_6)
FNDA:0,(anonymous_7)
FNDA:0,(anonymous_8)
FNDA:0,(anonymous_9)
FNDA:0,executeMCPCommand
FNDA:0,generateAmazonReport
FNDA:0,(anonymous_12)
FNDA:0,(anonymous_13)
FNDA:0,(anonymous_14)
FNDA:0,(anonymous_15)
FNDA:0,(anonymous_16)
FNDA:0,(anonymous_17)
FNDA:0,(anonymous_18)
FNDA:0,(anonymous_19)
FNDA:0,(anonymous_20)
FNDA:0,(anonymous_21)
FNDA:0,(anonymous_22)
FNDA:0,(anonymous_23)
FNDA:0,(anonymous_24)
FNDA:0,(anonymous_25)
FNDA:0,(anonymous_26)
FNDA:0,(anonymous_27)
FNDA:0,(anonymous_28)
FNDA:0,(anonymous_29)
FNDA:0,(anonymous_30)
FNDA:0,(anonymous_31)
FNDA:0,(anonymous_32)
FNDA:0,(anonymous_33)
FNDA:0,optimizeListing
FNDA:0,(anonymous_35)
FNDA:0,(anonymous_36)
DA:3,0
DA:5,0
DA:6,0
DA:8,0
DA:10,0
DA:26,0
DA:40,0
DA:41,0
DA:42,0
DA:47,0
DA:56,0
DA:62,0
DA:63,0
DA:64,0
DA:67,0
DA:68,0
DA:72,0
DA:74,0
DA:75,0
DA:79,0
DA:86,0
DA:96,0
DA:97,0
DA:98,0
DA:101,0
DA:102,0
DA:109,0
DA:113,0
DA:119,0
DA:126,0
DA:140,0
DA:201,0
DA:202,0
DA:203,0
DA:204,0
DA:205,0
DA:206,0
DA:207,0
DA:208,0
DA:209,0
DA:210,0
DA:213,0
DA:214,0
DA:215,0
DA:216,0
DA:217,0
DA:220,0
DA:221,0
DA:222,0
DA:223,0
DA:227,0
DA:228,0
DA:229,0
DA:230,0
DA:231,0
DA:233,0
DA:234,0
DA:235,0
DA:237,0
DA:245,0
DA:247,0
DA:269,0
DA:279,0
DA:286,0
DA:289,0
DA:292,0
DA:301,0
DA:305,0
DA:320,0
DA:321,0
DA:325,0
DA:337,0
DA:347,0
DA:352,0
DA:353,0
DA:354,0
DA:356,0
LF:77
LH:0
BRDA:39,0,0,0
BRDA:39,1,0,0
BRDA:43,2,0,0
BRDA:43,2,1,0
BRDA:62,3,0,0
BRDA:62,3,1,0
BRDA:64,4,0,0
BRDA:64,4,1,0
BRDA:68,5,0,0
BRDA:68,5,1,0
BRDA:71,6,0,0
BRDA:71,7,0,0
BRDA:75,8,0,0
BRDA:75,8,1,0
BRDA:96,9,0,0
BRDA:96,9,1,0
BRDA:98,10,0,0
BRDA:98,10,1,0
BRDA:102,11,0,0
BRDA:102,11,1,0
BRDA:108,12,0,0
BRDA:108,13,0,0
BRDA:109,14,0,0
BRDA:109,14,1,0
BRDA:199,15,0,0
BRDA:201,16,0,0
BRDA:201,16,1,0
BRDA:202,17,0,0
BRDA:202,17,1,0
BRDA:203,18,0,0
BRDA:203,18,1,0
BRDA:204,19,0,0
BRDA:204,19,1,0
BRDA:205,20,0,0
BRDA:205,20,1,0
BRDA:206,21,0,0
BRDA:206,21,1,0
BRDA:207,22,0,0
BRDA:207,22,1,0
BRDA:208,23,0,0
BRDA:208,23,1,0
BRDA:209,24,0,0
BRDA:209,24,1,0
BRDA:210,25,0,0
BRDA:210,25,1,0
BRDA:216,26,0,0
BRDA:216,26,1,0
BRDA:217,27,0,0
BRDA:217,27,1,0
BRDA:217,28,0,0
BRDA:217,28,1,0
BRDA:220,29,0,0
BRDA:220,29,1,0
BRDA:220,30,0,0
BRDA:220,30,1,0
BRDA:222,31,0,0
BRDA:222,31,1,0
BRDA:222,31,2,0
BRDA:223,32,0,0
BRDA:223,32,1,0
BRDA:223,33,0,0
BRDA:223,33,1,0
BRDA:231,34,0,0
BRDA:231,34,1,0
BRDA:233,35,0,0
BRDA:233,35,1,0
BRDA:233,36,0,0
BRDA:233,36,1,0
BRDA:234,37,0,0
BRDA:234,37,1,0
BRDA:234,38,0,0
BRDA:234,38,1,0
BRDA:235,39,0,0
BRDA:235,39,1,0
BRDA:235,40,0,0
BRDA:235,40,1,0
BRDA:245,41,0,0
BRDA:245,41,1,0
BRDA:247,42,0,0
BRDA:247,42,1,0
BRDA:250,43,0,0
BRDA:250,43,1,0
BRDA:250,43,2,0
BRDA:250,44,0,0
BRDA:250,44,1,0
BRDA:250,45,0,0
BRDA:250,45,1,0
BRDA:250,45,2,0
BRDA:301,46,0,0
BRDA:301,46,1,0
BRDA:319,47,0,0
BRDA:320,48,0,0
BRDA:320,48,1,0
BRDA:321,49,0,0
BRDA:321,49,1,0
BRDA:321,50,0,0
BRDA:321,50,1,0
BRDA:325,51,0,0
BRDA:325,51,1,0
BRDA:328,52,0,0
BRDA:328,52,1,0
BRDA:331,53,0,0
BRDA:331,53,1,0
BRDA:334,54,0,0
BRDA:334,54,1,0
BRDA:337,55,0,0
BRDA:337,55,1,0
BRDA:345,56,0,0
BRDA:345,56,1,0
BRDA:345,57,0,0
BRDA:345,57,1,0
BRDA:347,58,0,0
BRDA:347,58,1,0
BRF:113
BRH:0
end_of_record
TN:
SF:src/services/search-term-classifier.js
FN:10,classifySearchTerms
FN:11,(anonymous_1)
FNF:2
FNH:0
FNDA:0,classifySearchTerms
FNDA:0,(anonymous_1)
DA:11,0
DA:12,0
DA:13,0
DA:14,0
DA:15,0
DA:18,0
DA:19,0
DA:20,0
DA:21,0
DA:22,0
DA:23,0
DA:25,0
DA:28,0
LF:13
LH:0
BRDA:12,0,0,0
BRDA:12,0,1,0
BRDA:13,1,0,0
BRDA:13,1,1,0
BRDA:14,2,0,0
BRDA:14,2,1,0
BRDA:15,3,0,0
BRDA:15,3,1,0
BRDA:18,4,0,0
BRDA:18,4,1,0
BRDA:18,5,0,0
BRDA:18,5,1,0
BRDA:18,5,2,0
BRDA:20,6,0,0
BRDA:20,6,1,0
BRDA:20,7,0,0
BRDA:20,7,1,0
BRDA:20,7,2,0
BRDA:22,8,0,0
BRDA:22,8,1,0
BRDA:22,9,0,0
BRDA:22,9,1,0
BRDA:22,9,2,0
BRDA:22,9,3,0
BRDA:29,10,0,0
BRDA:29,10,1,0
BRDA:30,11,0,0
BRDA:30,11,1,0
BRDA:31,12,0,0
BRDA:31,12,1,0
BRDA:32,13,0,0
BRDA:32,13,1,0
BRDA:33,14,0,0
BRDA:33,14,1,0
BRDA:34,15,0,0
BRDA:34,15,1,0
BRDA:35,16,0,0
BRDA:35,16,1,0
BRDA:36,17,0,0
BRDA:36,17,1,0
BRDA:37,18,0,0
BRDA:37,18,1,0
BRDA:38,19,0,0
BRDA:38,19,1,0
BRDA:39,20,0,0
BRDA:39,20,1,0
BRDA:40,21,0,0
BRDA:40,21,1,0
BRDA:41,22,0,0
BRDA:41,22,1,0
BRDA:42,23,0,0
BRDA:42,23,1,0
BRDA:44,24,0,0
BRDA:44,24,1,0
BRF:54
BRH:0
end_of_record
